[ 2023-03-17 20:47:49,429 ] 26 root - INFO - Entered the data ingestion method or components
[ 2023-03-17 20:47:49,579 ] 29 root - INFO - Exported Read The Dataset as DataFrame
[ 2023-03-17 20:47:49,682 ] 35 root - INFO - Train Test Split Inititated
[ 2023-03-17 20:47:49,824 ] 41 root - INFO - Ingestion of Data is completed
[ 2023-03-17 20:47:49,835 ] 84 root - INFO - Read train and test data completed
[ 2023-03-17 20:47:49,835 ] 86 root - INFO - Obtaining preprocessing object
[ 2023-03-17 20:47:49,835 ] 43 root - INFO - Categorical columns: ['gender', 'race_ethnicity', 'parental_level_of_education', 'lunch', 'test_preparation_course']
[ 2023-03-17 20:47:49,835 ] 44 root - INFO - Numerical columns: ['writing_score', 'reading_score']
[ 2023-03-17 20:47:49,857 ] 60 root - INFO - Categorical Pipeline: Pipeline(steps=[('imputer', SimpleImputer(strategy='most_frequent')),
                ('one_hot_encoder', OneHotEncoder()),
                ('scaler', StandardScaler(with_mean=False))])
[ 2023-03-17 20:47:49,859 ] 61 root - INFO - Numerical Pipline: Pipeline(steps=[('imputer', SimpleImputer(strategy='median')),
                ('scaler', StandardScaler(with_mean=False))])
[ 2023-03-17 20:47:49,859 ] 70 root - INFO - Categorical Pipline &Numerical Pipeline Excueted Scuceesully
[ 2023-03-17 20:47:49,872 ] 71 root - INFO - Preprocesssor is returned ColumnTransformer(transformers=[('num_pipeline',
                                 Pipeline(steps=[('imputer',
                                                  SimpleImputer(strategy='median')),
                                                 ('scaler',
                                                  StandardScaler(with_mean=False))]),
                                 ['writing_score', 'reading_score']),
                                ('cat_pipeline',
                                 Pipeline(steps=[('imputer',
                                                  SimpleImputer(strategy='most_frequent')),
                                                 ('one_hot_encoder',
                                                  OneHotEncoder()),
                                                 ('scaler',
                                                  StandardScaler(with_mean=False))]),
                                 ['gender', 'race_ethnicity',
                                  'parental_level_of_education', 'lunch',
                                  'test_preparation_course'])])
[ 2023-03-17 20:47:49,872 ] 102 root - INFO - Categorical columns: ['gender', 'race_ethnicity', 'parental_level_of_education', 'lunch', 'test_preparation_course']
[ 2023-03-17 20:47:49,872 ] 103 root - INFO - Numerical columns: ['writing_score', 'reading_score']
[ 2023-03-17 20:47:49,872 ] 104 root - INFO - Target columns: math_score
[ 2023-03-17 20:47:49,872 ] 106 root - INFO - Removing Target Columns from Train and Test Set
[ 2023-03-17 20:47:49,876 ] 115 root - INFO - Applying preprocessing object on training dataframe and testing dataframe.
[ 2023-03-17 20:47:49,978 ] 130 root - INFO - Data Transformation Complted.
[ 2023-03-17 20:47:50,009 ] 140 root - INFO - Saved preprocessing object.
