[ 2023-03-18 13:24:18,595 ] 26 root - INFO - Entered the data ingestion method or components
[ 2023-03-18 13:24:18,752 ] 29 root - INFO - Exported Read The Dataset as DataFrame
[ 2023-03-18 13:24:18,830 ] 35 root - INFO - Train Test Split Inititated
[ 2023-03-18 13:24:18,930 ] 41 root - INFO - Ingestion of Data is completed
[ 2023-03-18 13:24:18,930 ] 62 root - INFO - Train Data : artifact\train.csv, Test Data : artifact\test.csv
[ 2023-03-18 13:24:18,936 ] 85 root - INFO - Read train and test data completed
[ 2023-03-18 13:24:18,936 ] 87 root - INFO - Obtaining preprocessing object
[ 2023-03-18 13:24:18,936 ] 34 root - INFO - Entered the data transfomation method or components
[ 2023-03-18 13:24:18,936 ] 44 root - INFO - Categorical columns: ['gender', 'race_ethnicity', 'parental_level_of_education', 'lunch', 'test_preparation_course']
[ 2023-03-18 13:24:18,937 ] 45 root - INFO - Numerical columns: ['writing_score', 'reading_score']
[ 2023-03-18 13:24:18,970 ] 61 root - INFO - Categorical Pipeline: Pipeline(steps=[('imputer', SimpleImputer(strategy='most_frequent')),
                ('one_hot_encoder', OneHotEncoder()),
                ('scaler', StandardScaler(with_mean=False))])
[ 2023-03-18 13:24:18,971 ] 62 root - INFO - Numerical Pipline: Pipeline(steps=[('imputer', SimpleImputer(strategy='median')),
                ('scaler', StandardScaler(with_mean=False))])
[ 2023-03-18 13:24:18,971 ] 71 root - INFO - Categorical Pipline &Numerical Pipeline Excueted Scuceesully
[ 2023-03-18 13:24:18,983 ] 72 root - INFO - Preprocesssor is returned ColumnTransformer(transformers=[('num_pipeline',
                                 Pipeline(steps=[('imputer',
                                                  SimpleImputer(strategy='median')),
                                                 ('scaler',
                                                  StandardScaler(with_mean=False))]),
                                 ['writing_score', 'reading_score']),
                                ('cat_pipeline',
                                 Pipeline(steps=[('imputer',
                                                  SimpleImputer(strategy='most_frequent')),
                                                 ('one_hot_encoder',
                                                  OneHotEncoder()),
                                                 ('scaler',
                                                  StandardScaler(with_mean=False))]),
                                 ['gender', 'race_ethnicity',
                                  'parental_level_of_education', 'lunch',
                                  'test_preparation_course'])])
[ 2023-03-18 13:24:18,983 ] 103 root - INFO - Categorical columns: ['gender', 'race_ethnicity', 'parental_level_of_education', 'lunch', 'test_preparation_course']
[ 2023-03-18 13:24:18,983 ] 104 root - INFO - Numerical columns: ['writing_score', 'reading_score']
[ 2023-03-18 13:24:18,983 ] 105 root - INFO - Target columns: math_score
[ 2023-03-18 13:24:18,983 ] 107 root - INFO - Removing Target Columns from Train and Test Set
[ 2023-03-18 13:24:18,987 ] 116 root - INFO - Applying preprocessing object on training dataframe and testing dataframe.
[ 2023-03-18 13:24:19,073 ] 131 root - INFO - Data Transformation Complted.
[ 2023-03-18 13:24:19,073 ] 15 root - INFO - Saving object {obj} on file: {file_path} Started.
[ 2023-03-18 13:24:19,074 ] 18 root - INFO - Making Directory :artifact
[ 2023-03-18 13:24:19,074 ] 20 root - INFO - Directory Made
[ 2023-03-18 13:24:19,085 ] 21 root - INFO - Dumping object : ColumnTransformer(transformers=[('num_pipeline',
                                 Pipeline(steps=[('imputer',
                                                  SimpleImputer(strategy='median')),
                                                 ('scaler',
                                                  StandardScaler(with_mean=False))]),
                                 ['writing_score', 'reading_score']),
                                ('cat_pipeline',
                                 Pipeline(steps=[('imputer',
                                                  SimpleImputer(strategy='most_frequent')),
                                                 ('one_hot_encoder',
                                                  OneHotEncoder()),
                                                 ('scaler',
                                                  StandardScaler(with_mean=False))]),
                                 ['gender', 'race_ethnicity',
                                  'parental_level_of_education', 'lunch',
                                  'test_preparation_course'])])
[ 2023-03-18 13:24:19,102 ] 25 root - INFO - Dumping of obj ColumnTransformer(transformers=[('num_pipeline',
                                 Pipeline(steps=[('imputer',
                                                  SimpleImputer(strategy='median')),
                                                 ('scaler',
                                                  StandardScaler(with_mean=False))]),
                                 ['writing_score', 'reading_score']),
                                ('cat_pipeline',
                                 Pipeline(steps=[('imputer',
                                                  SimpleImputer(strategy='most_frequent')),
                                                 ('one_hot_encoder',
                                                  OneHotEncoder()),
                                                 ('scaler',
                                                  StandardScaler(with_mean=False))]),
                                 ['gender', 'race_ethnicity',
                                  'parental_level_of_education', 'lunch',
                                  'test_preparation_course'])]) Successfull <_io.BufferedWriter name='artifact\\preprocessor.pkl'>
[ 2023-03-18 13:24:19,102 ] 141 root - INFO - Saved preprocessing object as Pickle File.
[ 2023-03-18 13:24:19,103 ] 66 root - INFO - Train Array : [[ 4.30533129  4.62062258  0.         ...  0.          2.09830697
  73.        ]
 [ 4.37056358  4.75652325  2.0025047  ...  0.          2.09830697
  58.        ]
 [ 2.80498857  3.12571528  0.         ...  0.          2.09830697
  55.        ]
 ...
 [ 4.56626046  4.96037424  2.0025047  ...  0.          2.09830697
  62.        ]
 [ 5.47951255  5.36807623  2.0025047  ...  2.09830697  0.
  67.        ]
 [ 3.71824066  4.34882125  0.         ...  0.          2.09830697
  73.        ]],Test Array : [[ 3.00068544  3.32956627  0.         ...  2.09830697  0.
  52.        ]
 [ 3.32684691  4.00906959  2.0025047  ...  0.          2.09830697
  40.        ]
 [ 4.56626046  4.68857291  2.0025047  ...  0.          2.09830697
  65.        ]
 ...
 [ 5.21858338  5.23217557  0.         ...  2.09830697  0.
  78.        ]
 [ 3.78347295  3.66931793  2.0025047  ...  2.09830697  0.
  46.        ]
 [ 4.1748667   3.94111926  2.0025047  ...  2.09830697  0.
  57.        ]],Preprocessor Array : artifact\preprocessor.pkl
[ 2023-03-18 13:24:19,103 ] 39 root - INFO - Entered the Model Traineer method or components
[ 2023-03-18 13:24:19,103 ] 41 root - INFO - Split training and test input data
[ 2023-03-18 13:24:19,177 ] 31 root - INFO - Evaluting Model Started
[ 2023-03-18 13:24:19,178 ] 39 root - INFO - Evaluting Model: RandomForestRegressor() on Params; {'n_estimators': [8, 16, 32, 64, 128, 256]}
[ 2023-03-18 13:24:19,178 ] 43 root - INFO - GridSearchCV(cv=3, estimator=RandomForestRegressor(),
             param_grid={'n_estimators': [8, 16, 32, 64, 128, 256]})
[ 2023-03-18 13:24:24,708 ] 45 root - INFO - Doing Grid Search CV
[ 2023-03-18 13:24:25,684 ] 50 root - INFO - Model Trained With Hyper Parameter Tunning
[ 2023-03-18 13:24:25,778 ] 57 root - INFO - Real Train Data [ 73.  58.  55.  37.  74.  79.  53.  75.  47.  66.  53.  66.  38.  64.
  57.  85.  90.  68.  76.  64.  62.  62.  76.  63.  54.  81.  66.  62.
  67.  74.  77.  85.  55.  52.  62.  74.  38.  48.  92.  76.  50.  48.
  50.  75.  45.  75.  60.  73.  81.  79.  75.  57.  79.  57.  68.  70.
  59.  47.  59.  68.  65.  58.  86.  76.  57.  67.  80.  61.  62.  65.
  39.  81.  81.  79.  91.  74.  75.  61.  54.  52.  66.  81.  97.  53.
  74.  57.  38.  69.  69.  84.  91.  36.  72.  79.  53.  65.  83.  87.
  47.  59.  68.  52.  58.  68.  64.  35.  69.  73.  79.  65.  69.  29.
  65.  80.  42.  44.  65.  73.  53.  65.  72.  80.  71.  63.  53.  83.
  71.  62.  59.  72.  62.  46.  67.  85.  91.  59.  76.  66.  59.  79.
  98.  27.  73.  88.  73.  68.  69.  72.  62.  86.  69.  82.  87.  58.
  89.  84.  35.  77.  51.  63.  84.  64.  54.  42.  56.  94.  80.  70.
  49.  69.   8.  58.  73.  61.  47.  59.  65.  26.  64.  59.  76.  82.
  77.  91.  69.  74.  62.  69.  73.  69.  62.  80.  48.  86.  43.  50.
  49.  65.  55.  51.  73.  52.  43.  75.  44.  81.  64.  65.  71.  65.
  30.  83.  85.  66.  76.  58.  92.  37.  75.  60.  55.  66.  76.  96.
  50.  49.  83.  92.  96.  73.  82.  67.  67.  48.  22.  70.  77.  56.
  53.  65.  58.  89.  66.  74.  83.  62.  73.  81.  47.  87.  80.  62.
  53. 100.  63.   0.  85.  68.  61.  34.  58.  78.  70.  61.  79.  68.
  70.  51.  73.  74.  82.  62.  19.  67.  70.  87.  63.  65.  61.  62.
  65.  49.  54.  46.  50.  45.  86.  67.  64.  55.  64.  71.  80.  71.
  66.  82.  50.  33.  40.  70.  63.  86.  48.  92.  59.  65.  62.  93.
  53.  58.  71.  77.  74.  78.  71.  46.  53.  62.  64.  62.  88.  62.
  69.  90.  53.  88.  69.  81.  65.  61.  99.  71.  62.  52.  79.  90.
  72.  61.  63.  89.  35.  54.  74.  78.  76.  53.  68.  75.  67.  69.
  81.  63.  41.  57.  61.  84.  61.  59.  49.  49.  41.  58.  76.  76.
  53.  49.  48.  55.  32.  61.  68.  72.  44.  63.  60.  90.  77.  61.
  58.  49.  64.  98.  55.  94.  71.  53.  63.  55.  46.  63.  76.  58.
  90.  72.  76.  32.  64.  36.  61.  81.  55.  85.  60.  60.  59.  80.
  82.  50.  35.  52.  96.  77.  82.  71.  83.  85.  69.  62.  69.  44.
  50.  54.  67.  59.  47.  54.  80.  61.  64.  49.  62.  44.  89.  81.
  68.  77.  65.  77.  88.  83.  73.  69.  68.  69.  58.  46.  61.  57.
  49.  61.  49.  56.  75.  58.  63.  78.  41.  46.  54.  73.  64. 100.
  57.  50.  67.  49.  70.  84.  42.  75.  61.  59.  99.  78.  78.  40.
  74.  74.  82.  62.  58.  75.  63.  34.  69.  52.  63.  69. 100.  75.
  68.  58.  65.  94.  76.  84.  65.  72.  63.  76.  69.  78.  81. 100.
  70.  44.  30.  84.  68.  84.  50.  81.  70.  84.  59.  98.  67.  73.
  88.  50.  77.  40.  75.  77.  54.  90.  64.  41.  49.  85.  77.  57.
  39.  94.  71. 100.  71.  58.  45.  67.  81.  82.  71.  70.  51.  66.
  79.  50.  72.  63.  84.  59.  91.  47.  97.  65.  58.  63.  54.  60.
  39.  68.  58.  57.  82.  91.  65.  57.  99.  56.  70.  59.  52.  82.
  53.  70.  67.  71.  50.  74.  66.  47.  59.  66.  52.  81.  75.  90.
  69.  82.  65.  62.  62.  62.  28.  61.  40.  52.  72.  45.  68.  94.
  44.  55.  74.  71.  79.  80.  46.  41.  52.  48.  77.  55.  45.  65.
  71.  65.  49.  45.  75.  69.  60.  81.  42.  68.  75.  62.  64.  82.
  74.  66.  81.  40.  60.  75.  49.  61.  87.  79.  87.  53.  77.  59.
  76.  52.  95.  91.  54.  55.  65.  93.  53.  67.  53.  68.  71.  41.
  57.  45.  88.  60.  81.  77.  66.  49.  53.  61.  47.  89.  71.  94.
  59.  59.  58.  85.  74.  65.  54.  59.  66.  77.  71.  93.  55.  52.
  73.  71.  60.  69.  40.  76.  52.  47.  77.  45.  63.  51.  48.  60.
  59.  72.  55.  76.  73.  72.  56.  82.  63.  67.  62.  87.  44.  55.
  66.  63.  85.  57.  60.  88.  53.  87.  64.  77.  67.  65.  50.  40.
  57.  57.  23.  67.  79.  81.  77.  70.  78.  51.  54.  63.  35.  64.
  67.  92.  65.  46.  46.  37.  80.  42.  68.  58.  45.  75.  80.  49.
  74.  67.  61.  63.  77.  60.  56.  77.  60.  73.  73.  78.  73.  73.
  87.  62.  57.  46.  74.  92.  61.  81.  73.  72.  66.  73.  32.  82.
  68.  97.  51.  59. 100.  87.  62.  69.  51.  88.  58.  59.  61.  62.
  67.  73.] and Predicted Train Data [52.1953125  46.95703125 61.26953125 58.29296875 91.9921875  60.48046875
 92.84960938 59.5859375  83.32721354 49.4609375  52.93359375 84.35611979
 60.21875    75.41796875 47.5546875  51.46875    68.9609375  60.921875
 73.4140625  56.23046875 71.4140625  58.2578125  57.85546875 58.0078125
 80.74609375 70.70703125 60.7421875  92.71875    68.5078125  51.296875
 60.64453125 84.12109375 70.4375     85.078125   73.1875     68.2734375
 62.625      62.5234375  68.8515625  40.015625   55.875      50.5546875
 51.0859375  83.59765625 67.11328125 49.78125    67.41796875 95.78515625
 59.16015625 52.23828125 73.1015625  89.65234375 45.45703125 86.41015625
 86.38606771 70.64453125 56.24609375 86.15625    73.1328125  63.5703125
 55.8125     72.15234375 72.46484375 67.5078125  51.32421875 79.19101563
 68.47265625 53.6796875  91.44921875 50.23828125 62.40625    79.95703125
 51.140625   62.8515625  60.6015625  96.76953125 85.65885417 67.890625
 64.65234375 91.0764974  83.3046875  77.84375    42.05078125 85.41796875
 50.34765625 58.8984375  86.3828125  80.1875     67.00390625 78.91015625
 81.265625   76.96875    52.46875    70.69921875 77.046875   65.8984375
 82.91015625 67.28125    49.46875    65.453125   51.4921875  56.75390625
 68.98828125 76.82382813 94.0703125  83.76953125 53.9609375  84.99921875
 64.6171875  84.00390625 20.98632812 54.7421875  57.109375   75.234375
 78.1015625  55.265625   23.76367188 65.1171875  71.58203125 62.22265625
 84.         65.8359375  73.00390625 50.69921875 70.4609375  85.0703125
 77.3984375  60.6953125  59.01953125 72.125      51.69140625 47.90234375
 66.4375     61.0078125  79.03515625 87.6328125  46.30859375 62.26953125
 63.4609375  77.08203125 70.984375   95.8046875  66.62109375 92.25390625
 65.75390625 56.9921875  90.42903646 62.4765625  46.10286458 90.984375
 89.196875   51.6796875  78.56640625 72.5078125  60.8515625  52.44140625
 69.1015625  71.53515625 70.93359375 75.28515625 80.92578125 69.1796875
 55.67578125 64.54296875 62.3515625  74.15625    67.56640625 56.23046875
 67.859375   76.1953125  72.2421875  56.25       81.46614583 82.3515625
 80.7265625  73.890625   53.36328125 56.12890625 84.         76.7265625
 89.88541667 69.96484375 65.44140625 65.0234375  78.89453125 33.93880208
 64.6953125  84.28515625 71.51171875 62.375      53.875      65.3671875
 51.98828125 90.91015625 76.390625   63.21484375 76.1796875  80.26171875
 48.59765625 53.96875   ]
[ 2023-03-18 13:24:25,780 ] 58 root - INFO - Real Train Data [ 52.  40.  65.  63.  93.  66.  84.  65.  86.  51.  50.  76.  53.  79.
  43.  57.  62.  51.  74.  54.  65.  53.  51.  68.  79.  67.  60.  97.
  68.  59.  67.  85.  71.  88.  85.  74.  62.  55.  74.  37.  68.  53.
  63.  87.  65.  43.  69.  91.  59.  59.  67.  79.  40.  87.  86.  71.
  65.  82.  69.  71.  62.  72.  66.  72.  44.  82.  66.  42.  97.  59.
  55.  71.  59.  64.  55. 100.  88.  62.  64.  88.  95.  75.  29.  88.
  39.  66.  85.  80.  72.  79.  79.  80.  52.  68.  75.  66.  78.  74.
  61.  69.  40.  48.  72.  79.  87.  88.  54.  81.  68.  78.  24.  54.
  63.  69.  88.  54.  18.  67.  61.  61.  87.  65.  76.  48.  65.  82.
  74.  68.  53.  71.  47.  61.  67.  58.  69.  87.  43.  70.  66.  88.
  73.  91.  69.  90.  60.  59.  97.  77.  27.  94.  85.  56.  77.  72.
  56.  64.  80.  81.  79.  70.  79.  73.  56.  66.  59.  78.  63.  58.
  69.  83.  70.  54.  86.  80.  79.  69.  58.  52.  78.  76.  77.  74.
  70.  74.  80.  29.  73.  87.  59.  62.  52.  71.  48.  89.  65.  67.
  75.  78.  46.  57.] and Predicted Train Data [52.1953125  46.95703125 61.26953125 58.29296875 91.9921875  60.48046875
 92.84960938 59.5859375  83.32721354 49.4609375  52.93359375 84.35611979
 60.21875    75.41796875 47.5546875  51.46875    68.9609375  60.921875
 73.4140625  56.23046875 71.4140625  58.2578125  57.85546875 58.0078125
 80.74609375 70.70703125 60.7421875  92.71875    68.5078125  51.296875
 60.64453125 84.12109375 70.4375     85.078125   73.1875     68.2734375
 62.625      62.5234375  68.8515625  40.015625   55.875      50.5546875
 51.0859375  83.59765625 67.11328125 49.78125    67.41796875 95.78515625
 59.16015625 52.23828125 73.1015625  89.65234375 45.45703125 86.41015625
 86.38606771 70.64453125 56.24609375 86.15625    73.1328125  63.5703125
 55.8125     72.15234375 72.46484375 67.5078125  51.32421875 79.19101563
 68.47265625 53.6796875  91.44921875 50.23828125 62.40625    79.95703125
 51.140625   62.8515625  60.6015625  96.76953125 85.65885417 67.890625
 64.65234375 91.0764974  83.3046875  77.84375    42.05078125 85.41796875
 50.34765625 58.8984375  86.3828125  80.1875     67.00390625 78.91015625
 81.265625   76.96875    52.46875    70.69921875 77.046875   65.8984375
 82.91015625 67.28125    49.46875    65.453125   51.4921875  56.75390625
 68.98828125 76.82382813 94.0703125  83.76953125 53.9609375  84.99921875
 64.6171875  84.00390625 20.98632812 54.7421875  57.109375   75.234375
 78.1015625  55.265625   23.76367188 65.1171875  71.58203125 62.22265625
 84.         65.8359375  73.00390625 50.69921875 70.4609375  85.0703125
 77.3984375  60.6953125  59.01953125 72.125      51.69140625 47.90234375
 66.4375     61.0078125  79.03515625 87.6328125  46.30859375 62.26953125
 63.4609375  77.08203125 70.984375   95.8046875  66.62109375 92.25390625
 65.75390625 56.9921875  90.42903646 62.4765625  46.10286458 90.984375
 89.196875   51.6796875  78.56640625 72.5078125  60.8515625  52.44140625
 69.1015625  71.53515625 70.93359375 75.28515625 80.92578125 69.1796875
 55.67578125 64.54296875 62.3515625  74.15625    67.56640625 56.23046875
 67.859375   76.1953125  72.2421875  56.25       81.46614583 82.3515625
 80.7265625  73.890625   53.36328125 56.12890625 84.         76.7265625
 89.88541667 69.96484375 65.44140625 65.0234375  78.89453125 33.93880208
 64.6953125  84.28515625 71.51171875 62.375      53.875      65.3671875
 51.98828125 90.91015625 76.390625   63.21484375 76.1796875  80.26171875
 48.59765625 53.96875   ]
[ 2023-03-18 13:24:25,781 ] 65 root - INFO - Test model score : 0.9768984994230309 \n Test Model Score: 0.8437437526388556
[ 2023-03-18 13:24:25,781 ] 67 root - INFO - Report Addded : {'Random Forest': 0.8437437526388556}
[ 2023-03-18 13:24:25,782 ] 39 root - INFO - Evaluting Model: DecisionTreeRegressor() on Params; {'criterion': ['squared_error', 'friedman_mse', 'absolute_error', 'poisson']}
[ 2023-03-18 13:24:25,783 ] 43 root - INFO - GridSearchCV(cv=3, estimator=DecisionTreeRegressor(),
             param_grid={'criterion': ['squared_error', 'friedman_mse',
                                       'absolute_error', 'poisson']})
[ 2023-03-18 13:24:25,930 ] 45 root - INFO - Doing Grid Search CV
[ 2023-03-18 13:24:25,934 ] 50 root - INFO - Model Trained With Hyper Parameter Tunning
[ 2023-03-18 13:24:25,939 ] 57 root - INFO - Real Train Data [ 73.  58.  55.  37.  74.  79.  53.  75.  47.  66.  53.  66.  38.  64.
  57.  85.  90.  68.  76.  64.  62.  62.  76.  63.  54.  81.  66.  62.
  67.  74.  77.  85.  55.  52.  62.  74.  38.  48.  92.  76.  50.  48.
  50.  75.  45.  75.  60.  73.  81.  79.  75.  57.  79.  57.  68.  70.
  59.  47.  59.  68.  65.  58.  86.  76.  57.  67.  80.  61.  62.  65.
  39.  81.  81.  79.  91.  74.  75.  61.  54.  52.  66.  81.  97.  53.
  74.  57.  38.  69.  69.  84.  91.  36.  72.  79.  53.  65.  83.  87.
  47.  59.  68.  52.  58.  68.  64.  35.  69.  73.  79.  65.  69.  29.
  65.  80.  42.  44.  65.  73.  53.  65.  72.  80.  71.  63.  53.  83.
  71.  62.  59.  72.  62.  46.  67.  85.  91.  59.  76.  66.  59.  79.
  98.  27.  73.  88.  73.  68.  69.  72.  62.  86.  69.  82.  87.  58.
  89.  84.  35.  77.  51.  63.  84.  64.  54.  42.  56.  94.  80.  70.
  49.  69.   8.  58.  73.  61.  47.  59.  65.  26.  64.  59.  76.  82.
  77.  91.  69.  74.  62.  69.  73.  69.  62.  80.  48.  86.  43.  50.
  49.  65.  55.  51.  73.  52.  43.  75.  44.  81.  64.  65.  71.  65.
  30.  83.  85.  66.  76.  58.  92.  37.  75.  60.  55.  66.  76.  96.
  50.  49.  83.  92.  96.  73.  82.  67.  67.  48.  22.  70.  77.  56.
  53.  65.  58.  89.  66.  74.  83.  62.  73.  81.  47.  87.  80.  62.
  53. 100.  63.   0.  85.  68.  61.  34.  58.  78.  70.  61.  79.  68.
  70.  51.  73.  74.  82.  62.  19.  67.  70.  87.  63.  65.  61.  62.
  65.  49.  54.  46.  50.  45.  86.  67.  64.  55.  64.  71.  80.  71.
  66.  82.  50.  33.  40.  70.  63.  86.  48.  92.  59.  65.  62.  93.
  53.  58.  71.  77.  74.  78.  71.  46.  53.  62.  64.  62.  88.  62.
  69.  90.  53.  88.  69.  81.  65.  61.  99.  71.  62.  52.  79.  90.
  72.  61.  63.  89.  35.  54.  74.  78.  76.  53.  68.  75.  67.  69.
  81.  63.  41.  57.  61.  84.  61.  59.  49.  49.  41.  58.  76.  76.
  53.  49.  48.  55.  32.  61.  68.  72.  44.  63.  60.  90.  77.  61.
  58.  49.  64.  98.  55.  94.  71.  53.  63.  55.  46.  63.  76.  58.
  90.  72.  76.  32.  64.  36.  61.  81.  55.  85.  60.  60.  59.  80.
  82.  50.  35.  52.  96.  77.  82.  71.  83.  85.  69.  62.  69.  44.
  50.  54.  67.  59.  47.  54.  80.  61.  64.  49.  62.  44.  89.  81.
  68.  77.  65.  77.  88.  83.  73.  69.  68.  69.  58.  46.  61.  57.
  49.  61.  49.  56.  75.  58.  63.  78.  41.  46.  54.  73.  64. 100.
  57.  50.  67.  49.  70.  84.  42.  75.  61.  59.  99.  78.  78.  40.
  74.  74.  82.  62.  58.  75.  63.  34.  69.  52.  63.  69. 100.  75.
  68.  58.  65.  94.  76.  84.  65.  72.  63.  76.  69.  78.  81. 100.
  70.  44.  30.  84.  68.  84.  50.  81.  70.  84.  59.  98.  67.  73.
  88.  50.  77.  40.  75.  77.  54.  90.  64.  41.  49.  85.  77.  57.
  39.  94.  71. 100.  71.  58.  45.  67.  81.  82.  71.  70.  51.  66.
  79.  50.  72.  63.  84.  59.  91.  47.  97.  65.  58.  63.  54.  60.
  39.  68.  58.  57.  82.  91.  65.  57.  99.  56.  70.  59.  52.  82.
  53.  70.  67.  71.  50.  74.  66.  47.  59.  66.  52.  81.  75.  90.
  69.  82.  65.  62.  62.  62.  28.  61.  40.  52.  72.  45.  68.  94.
  44.  55.  74.  71.  79.  80.  46.  41.  52.  48.  77.  55.  45.  65.
  71.  65.  49.  45.  75.  69.  60.  81.  42.  68.  75.  62.  64.  82.
  74.  66.  81.  40.  60.  75.  49.  61.  87.  79.  87.  53.  77.  59.
  76.  52.  95.  91.  54.  55.  65.  93.  53.  67.  53.  68.  71.  41.
  57.  45.  88.  60.  81.  77.  66.  49.  53.  61.  47.  89.  71.  94.
  59.  59.  58.  85.  74.  65.  54.  59.  66.  77.  71.  93.  55.  52.
  73.  71.  60.  69.  40.  76.  52.  47.  77.  45.  63.  51.  48.  60.
  59.  72.  55.  76.  73.  72.  56.  82.  63.  67.  62.  87.  44.  55.
  66.  63.  85.  57.  60.  88.  53.  87.  64.  77.  67.  65.  50.  40.
  57.  57.  23.  67.  79.  81.  77.  70.  78.  51.  54.  63.  35.  64.
  67.  92.  65.  46.  46.  37.  80.  42.  68.  58.  45.  75.  80.  49.
  74.  67.  61.  63.  77.  60.  56.  77.  60.  73.  73.  78.  73.  73.
  87.  62.  57.  46.  74.  92.  61.  81.  73.  72.  66.  73.  32.  82.
  68.  97.  51.  59. 100.  87.  62.  69.  51.  88.  58.  59.  61.  62.
  67.  73.] and Predicted Train Data [ 54.  49.  65.  55.  98.  62.  98.  59.  86.  51.  60.  84.  62.  77.
  44.  60.  61.  57.  77.  65.  77.  60.  55.  60.  78.  75.  57.  92.
  62.  53.  40.  82.  73. 100.  80.  62.  68.  62.  77.  41.  59.  58.
  49.  86.  72.  52.  73. 100.  60.  51.  73.  94.  45.  81.  83.  75.
  65.  87.  76.  57.  58.  73.  71.  61.  54.  80.  65.  59. 100.  53.
  69.  89.  40.  61.  60.  87.  92.  69.  69.  93.  87.  80.  43.  91.
  49.  59.  88.  81.  59.  82.  78.  81.  55.  69.  74.  68.  85.  63.
  45.  63.  53.  51.  65.  75.  99.  82.  53.  82.  69.  89.  19.  65.
  54.  77.  88.  56.  19.  63.  71.  66.  86.  67.  70.  54.  65.  87.
  80.  67.  61.  65.  49.  48.  65.  60.  90.  89.  48.  59.  69.  82.
  63.  97.  72.  93.  65.  69.  88.  65.  45.  99.  82.  49.  82.  81.
  60.  49.  72.  72.  69.  68.  86.  69.  59.  44.  61.  78.  67.  64.
  54.  77.  72.  59.  81.  89.  78.  76.  64.  53.  84.  82. 100.  61.
  65.  57.  86.  32.  62.  91.  70.  66.  58.  71.  45.  94.  78.  59.
  74.  80.  47.  62.]
[ 2023-03-18 13:24:25,942 ] 58 root - INFO - Real Train Data [ 52.  40.  65.  63.  93.  66.  84.  65.  86.  51.  50.  76.  53.  79.
  43.  57.  62.  51.  74.  54.  65.  53.  51.  68.  79.  67.  60.  97.
  68.  59.  67.  85.  71.  88.  85.  74.  62.  55.  74.  37.  68.  53.
  63.  87.  65.  43.  69.  91.  59.  59.  67.  79.  40.  87.  86.  71.
  65.  82.  69.  71.  62.  72.  66.  72.  44.  82.  66.  42.  97.  59.
  55.  71.  59.  64.  55. 100.  88.  62.  64.  88.  95.  75.  29.  88.
  39.  66.  85.  80.  72.  79.  79.  80.  52.  68.  75.  66.  78.  74.
  61.  69.  40.  48.  72.  79.  87.  88.  54.  81.  68.  78.  24.  54.
  63.  69.  88.  54.  18.  67.  61.  61.  87.  65.  76.  48.  65.  82.
  74.  68.  53.  71.  47.  61.  67.  58.  69.  87.  43.  70.  66.  88.
  73.  91.  69.  90.  60.  59.  97.  77.  27.  94.  85.  56.  77.  72.
  56.  64.  80.  81.  79.  70.  79.  73.  56.  66.  59.  78.  63.  58.
  69.  83.  70.  54.  86.  80.  79.  69.  58.  52.  78.  76.  77.  74.
  70.  74.  80.  29.  73.  87.  59.  62.  52.  71.  48.  89.  65.  67.
  75.  78.  46.  57.] and Predicted Train Data [ 54.  49.  65.  55.  98.  62.  98.  59.  86.  51.  60.  84.  62.  77.
  44.  60.  61.  57.  77.  65.  77.  60.  55.  60.  78.  75.  57.  92.
  62.  53.  40.  82.  73. 100.  80.  62.  68.  62.  77.  41.  59.  58.
  49.  86.  72.  52.  73. 100.  60.  51.  73.  94.  45.  81.  83.  75.
  65.  87.  76.  57.  58.  73.  71.  61.  54.  80.  65.  59. 100.  53.
  69.  89.  40.  61.  60.  87.  92.  69.  69.  93.  87.  80.  43.  91.
  49.  59.  88.  81.  59.  82.  78.  81.  55.  69.  74.  68.  85.  63.
  45.  63.  53.  51.  65.  75.  99.  82.  53.  82.  69.  89.  19.  65.
  54.  77.  88.  56.  19.  63.  71.  66.  86.  67.  70.  54.  65.  87.
  80.  67.  61.  65.  49.  48.  65.  60.  90.  89.  48.  59.  69.  82.
  63.  97.  72.  93.  65.  69.  88.  65.  45.  99.  82.  49.  82.  81.
  60.  49.  72.  72.  69.  68.  86.  69.  59.  44.  61.  78.  67.  64.
  54.  77.  72.  59.  81.  89.  78.  76.  64.  53.  84.  82. 100.  61.
  65.  57.  86.  32.  62.  91.  70.  66.  58.  71.  45.  94.  78.  59.
  74.  80.  47.  62.]
[ 2023-03-18 13:24:25,942 ] 65 root - INFO - Test model score : 0.9989538037152753 \n Test Model Score: 0.7118133192452938
[ 2023-03-18 13:24:25,943 ] 67 root - INFO - Report Addded : {'Random Forest': 0.8437437526388556, 'Decision Tree': 0.7118133192452938}
[ 2023-03-18 13:24:25,943 ] 39 root - INFO - Evaluting Model: GradientBoostingRegressor() on Params; {'learning_rate': [0.1, 0.01, 0.05, 0.001], 'subsample': [0.6, 0.7, 0.75, 0.8, 0.85, 0.9], 'n_estimators': [8, 16, 32, 64, 128, 256]}
[ 2023-03-18 13:24:25,943 ] 43 root - INFO - GridSearchCV(cv=3, estimator=GradientBoostingRegressor(),
             param_grid={'learning_rate': [0.1, 0.01, 0.05, 0.001],
                         'n_estimators': [8, 16, 32, 64, 128, 256],
                         'subsample': [0.6, 0.7, 0.75, 0.8, 0.85, 0.9]})
[ 2023-03-18 13:25:11,463 ] 45 root - INFO - Doing Grid Search CV
[ 2023-03-18 13:25:11,622 ] 50 root - INFO - Model Trained With Hyper Parameter Tunning
[ 2023-03-18 13:25:11,632 ] 57 root - INFO - Real Train Data [ 73.  58.  55.  37.  74.  79.  53.  75.  47.  66.  53.  66.  38.  64.
  57.  85.  90.  68.  76.  64.  62.  62.  76.  63.  54.  81.  66.  62.
  67.  74.  77.  85.  55.  52.  62.  74.  38.  48.  92.  76.  50.  48.
  50.  75.  45.  75.  60.  73.  81.  79.  75.  57.  79.  57.  68.  70.
  59.  47.  59.  68.  65.  58.  86.  76.  57.  67.  80.  61.  62.  65.
  39.  81.  81.  79.  91.  74.  75.  61.  54.  52.  66.  81.  97.  53.
  74.  57.  38.  69.  69.  84.  91.  36.  72.  79.  53.  65.  83.  87.
  47.  59.  68.  52.  58.  68.  64.  35.  69.  73.  79.  65.  69.  29.
  65.  80.  42.  44.  65.  73.  53.  65.  72.  80.  71.  63.  53.  83.
  71.  62.  59.  72.  62.  46.  67.  85.  91.  59.  76.  66.  59.  79.
  98.  27.  73.  88.  73.  68.  69.  72.  62.  86.  69.  82.  87.  58.
  89.  84.  35.  77.  51.  63.  84.  64.  54.  42.  56.  94.  80.  70.
  49.  69.   8.  58.  73.  61.  47.  59.  65.  26.  64.  59.  76.  82.
  77.  91.  69.  74.  62.  69.  73.  69.  62.  80.  48.  86.  43.  50.
  49.  65.  55.  51.  73.  52.  43.  75.  44.  81.  64.  65.  71.  65.
  30.  83.  85.  66.  76.  58.  92.  37.  75.  60.  55.  66.  76.  96.
  50.  49.  83.  92.  96.  73.  82.  67.  67.  48.  22.  70.  77.  56.
  53.  65.  58.  89.  66.  74.  83.  62.  73.  81.  47.  87.  80.  62.
  53. 100.  63.   0.  85.  68.  61.  34.  58.  78.  70.  61.  79.  68.
  70.  51.  73.  74.  82.  62.  19.  67.  70.  87.  63.  65.  61.  62.
  65.  49.  54.  46.  50.  45.  86.  67.  64.  55.  64.  71.  80.  71.
  66.  82.  50.  33.  40.  70.  63.  86.  48.  92.  59.  65.  62.  93.
  53.  58.  71.  77.  74.  78.  71.  46.  53.  62.  64.  62.  88.  62.
  69.  90.  53.  88.  69.  81.  65.  61.  99.  71.  62.  52.  79.  90.
  72.  61.  63.  89.  35.  54.  74.  78.  76.  53.  68.  75.  67.  69.
  81.  63.  41.  57.  61.  84.  61.  59.  49.  49.  41.  58.  76.  76.
  53.  49.  48.  55.  32.  61.  68.  72.  44.  63.  60.  90.  77.  61.
  58.  49.  64.  98.  55.  94.  71.  53.  63.  55.  46.  63.  76.  58.
  90.  72.  76.  32.  64.  36.  61.  81.  55.  85.  60.  60.  59.  80.
  82.  50.  35.  52.  96.  77.  82.  71.  83.  85.  69.  62.  69.  44.
  50.  54.  67.  59.  47.  54.  80.  61.  64.  49.  62.  44.  89.  81.
  68.  77.  65.  77.  88.  83.  73.  69.  68.  69.  58.  46.  61.  57.
  49.  61.  49.  56.  75.  58.  63.  78.  41.  46.  54.  73.  64. 100.
  57.  50.  67.  49.  70.  84.  42.  75.  61.  59.  99.  78.  78.  40.
  74.  74.  82.  62.  58.  75.  63.  34.  69.  52.  63.  69. 100.  75.
  68.  58.  65.  94.  76.  84.  65.  72.  63.  76.  69.  78.  81. 100.
  70.  44.  30.  84.  68.  84.  50.  81.  70.  84.  59.  98.  67.  73.
  88.  50.  77.  40.  75.  77.  54.  90.  64.  41.  49.  85.  77.  57.
  39.  94.  71. 100.  71.  58.  45.  67.  81.  82.  71.  70.  51.  66.
  79.  50.  72.  63.  84.  59.  91.  47.  97.  65.  58.  63.  54.  60.
  39.  68.  58.  57.  82.  91.  65.  57.  99.  56.  70.  59.  52.  82.
  53.  70.  67.  71.  50.  74.  66.  47.  59.  66.  52.  81.  75.  90.
  69.  82.  65.  62.  62.  62.  28.  61.  40.  52.  72.  45.  68.  94.
  44.  55.  74.  71.  79.  80.  46.  41.  52.  48.  77.  55.  45.  65.
  71.  65.  49.  45.  75.  69.  60.  81.  42.  68.  75.  62.  64.  82.
  74.  66.  81.  40.  60.  75.  49.  61.  87.  79.  87.  53.  77.  59.
  76.  52.  95.  91.  54.  55.  65.  93.  53.  67.  53.  68.  71.  41.
  57.  45.  88.  60.  81.  77.  66.  49.  53.  61.  47.  89.  71.  94.
  59.  59.  58.  85.  74.  65.  54.  59.  66.  77.  71.  93.  55.  52.
  73.  71.  60.  69.  40.  76.  52.  47.  77.  45.  63.  51.  48.  60.
  59.  72.  55.  76.  73.  72.  56.  82.  63.  67.  62.  87.  44.  55.
  66.  63.  85.  57.  60.  88.  53.  87.  64.  77.  67.  65.  50.  40.
  57.  57.  23.  67.  79.  81.  77.  70.  78.  51.  54.  63.  35.  64.
  67.  92.  65.  46.  46.  37.  80.  42.  68.  58.  45.  75.  80.  49.
  74.  67.  61.  63.  77.  60.  56.  77.  60.  73.  73.  78.  73.  73.
  87.  62.  57.  46.  74.  92.  61.  81.  73.  72.  66.  73.  32.  82.
  68.  97.  51.  59. 100.  87.  62.  69.  51.  88.  58.  59.  61.  62.
  67.  73.] and Predicted Train Data [ 51.81586471  50.10826851  61.26886362  58.38320673  89.09410731
  61.25541114  89.21062434  60.03785452  82.5344574   50.49894889
  52.96964665  82.15124052  58.00270208  76.84451324  51.40228999
  52.42625423  68.17916674  62.31315492  70.18938409  53.520962
  69.6906638   57.97813612  56.31207471  58.76861522  79.66145389
  66.43131019  61.44519193  94.5854823   69.57520333  51.57423029
  60.61425242  84.53664082  71.3528553   85.09230285  73.48279443
  68.25429193  63.43712984  60.2879208   70.51073639  41.63648898
  53.89258178  53.22745494  49.72665277  85.28602232  70.5803291
  48.77525873  68.80383858  96.48085952  58.26519387  53.22980547
  72.43757794  87.84564509  45.09545292  83.35623163  87.2721324
  68.38296306  58.065219    82.55688444  68.06658416  66.27751487
  56.00473831  71.56948017  71.68583779  66.67890446  50.48871055
  81.99847386  68.0923741   54.50417665  89.85149194  51.58123678
  61.88282911  78.22158086  54.99513848  63.43563446  60.95057459
 102.38529341  83.79510033  65.29184031  60.81479959  90.68369722
  86.55446397  78.17925725  40.83609197  80.58489602  53.11120163
  62.22799829  82.82067896  80.09693737  66.26569819  79.81182167
  80.17841088  74.93663102  52.41798391  68.33350315  78.10837224
  66.07079031  83.98293798  69.5489696   51.43668844  67.56430829
  51.82278271  57.77204841  67.37582786  78.88057465  93.98234497
  83.52632617  55.1302424   86.79690013  61.65992462  77.47426
  24.27473941  55.81950273  59.14420043  78.52604634  77.56835725
  58.06906259  22.82719739  63.06666801  68.63798423  63.15374231
  82.38313707  64.11850779  70.50775198  48.61432638  70.58753265
  84.33616588  76.00565385  62.77976804  59.06054924  71.8918285
  51.59339838  51.1025861   70.05419703  63.61347981  79.03737532
  86.30953561  45.68042393  63.71125007  61.86045526  76.00446131
  69.35880747  96.19851504  64.32385072  93.1877061   66.8455065
  57.06120132  89.98637794  64.75548105  42.87929573  91.18069459
  88.36033039  54.00139811  79.46706571  69.72175307  62.28766143
  51.87232064  69.39455942  73.36816048  68.42821413  73.50254205
  78.46631604  65.29180902  54.54245325  64.3171642   63.65511717
  73.12781947  67.05967251  56.91755045  70.87701998  78.35978287
  73.81425605  53.537782    82.4838906   81.17407992  80.38787213
  70.89161512  57.33878779  56.14416055  87.12451715  76.05951044
  85.45375891  72.99891441  63.73664803  67.72429999  79.05444096
  34.89680368  65.47239711  84.15081069  71.42742446  63.77791766
  54.24357076  67.2916492   49.54908802  86.80437982  73.72060679
  63.9504065   76.53319951  78.20367449  46.61697613  54.81547198]
[ 2023-03-18 13:25:11,634 ] 58 root - INFO - Real Train Data [ 52.  40.  65.  63.  93.  66.  84.  65.  86.  51.  50.  76.  53.  79.
  43.  57.  62.  51.  74.  54.  65.  53.  51.  68.  79.  67.  60.  97.
  68.  59.  67.  85.  71.  88.  85.  74.  62.  55.  74.  37.  68.  53.
  63.  87.  65.  43.  69.  91.  59.  59.  67.  79.  40.  87.  86.  71.
  65.  82.  69.  71.  62.  72.  66.  72.  44.  82.  66.  42.  97.  59.
  55.  71.  59.  64.  55. 100.  88.  62.  64.  88.  95.  75.  29.  88.
  39.  66.  85.  80.  72.  79.  79.  80.  52.  68.  75.  66.  78.  74.
  61.  69.  40.  48.  72.  79.  87.  88.  54.  81.  68.  78.  24.  54.
  63.  69.  88.  54.  18.  67.  61.  61.  87.  65.  76.  48.  65.  82.
  74.  68.  53.  71.  47.  61.  67.  58.  69.  87.  43.  70.  66.  88.
  73.  91.  69.  90.  60.  59.  97.  77.  27.  94.  85.  56.  77.  72.
  56.  64.  80.  81.  79.  70.  79.  73.  56.  66.  59.  78.  63.  58.
  69.  83.  70.  54.  86.  80.  79.  69.  58.  52.  78.  76.  77.  74.
  70.  74.  80.  29.  73.  87.  59.  62.  52.  71.  48.  89.  65.  67.
  75.  78.  46.  57.] and Predicted Train Data [ 51.81586471  50.10826851  61.26886362  58.38320673  89.09410731
  61.25541114  89.21062434  60.03785452  82.5344574   50.49894889
  52.96964665  82.15124052  58.00270208  76.84451324  51.40228999
  52.42625423  68.17916674  62.31315492  70.18938409  53.520962
  69.6906638   57.97813612  56.31207471  58.76861522  79.66145389
  66.43131019  61.44519193  94.5854823   69.57520333  51.57423029
  60.61425242  84.53664082  71.3528553   85.09230285  73.48279443
  68.25429193  63.43712984  60.2879208   70.51073639  41.63648898
  53.89258178  53.22745494  49.72665277  85.28602232  70.5803291
  48.77525873  68.80383858  96.48085952  58.26519387  53.22980547
  72.43757794  87.84564509  45.09545292  83.35623163  87.2721324
  68.38296306  58.065219    82.55688444  68.06658416  66.27751487
  56.00473831  71.56948017  71.68583779  66.67890446  50.48871055
  81.99847386  68.0923741   54.50417665  89.85149194  51.58123678
  61.88282911  78.22158086  54.99513848  63.43563446  60.95057459
 102.38529341  83.79510033  65.29184031  60.81479959  90.68369722
  86.55446397  78.17925725  40.83609197  80.58489602  53.11120163
  62.22799829  82.82067896  80.09693737  66.26569819  79.81182167
  80.17841088  74.93663102  52.41798391  68.33350315  78.10837224
  66.07079031  83.98293798  69.5489696   51.43668844  67.56430829
  51.82278271  57.77204841  67.37582786  78.88057465  93.98234497
  83.52632617  55.1302424   86.79690013  61.65992462  77.47426
  24.27473941  55.81950273  59.14420043  78.52604634  77.56835725
  58.06906259  22.82719739  63.06666801  68.63798423  63.15374231
  82.38313707  64.11850779  70.50775198  48.61432638  70.58753265
  84.33616588  76.00565385  62.77976804  59.06054924  71.8918285
  51.59339838  51.1025861   70.05419703  63.61347981  79.03737532
  86.30953561  45.68042393  63.71125007  61.86045526  76.00446131
  69.35880747  96.19851504  64.32385072  93.1877061   66.8455065
  57.06120132  89.98637794  64.75548105  42.87929573  91.18069459
  88.36033039  54.00139811  79.46706571  69.72175307  62.28766143
  51.87232064  69.39455942  73.36816048  68.42821413  73.50254205
  78.46631604  65.29180902  54.54245325  64.3171642   63.65511717
  73.12781947  67.05967251  56.91755045  70.87701998  78.35978287
  73.81425605  53.537782    82.4838906   81.17407992  80.38787213
  70.89161512  57.33878779  56.14416055  87.12451715  76.05951044
  85.45375891  72.99891441  63.73664803  67.72429999  79.05444096
  34.89680368  65.47239711  84.15081069  71.42742446  63.77791766
  54.24357076  67.2916492   49.54908802  86.80437982  73.72060679
  63.9504065   76.53319951  78.20367449  46.61697613  54.81547198]
[ 2023-03-18 13:25:11,635 ] 65 root - INFO - Test model score : 0.901107322683094 \n Test Model Score: 0.8572584872715662
[ 2023-03-18 13:25:11,635 ] 67 root - INFO - Report Addded : {'Random Forest': 0.8437437526388556, 'Decision Tree': 0.7118133192452938, 'Gradient Boosting': 0.8572584872715662}
[ 2023-03-18 13:25:11,635 ] 39 root - INFO - Evaluting Model: LinearRegression() on Params; {}
[ 2023-03-18 13:25:11,635 ] 43 root - INFO - GridSearchCV(cv=3, estimator=LinearRegression(), param_grid={})
[ 2023-03-18 13:25:11,950 ] 45 root - INFO - Doing Grid Search CV
[ 2023-03-18 13:25:11,954 ] 50 root - INFO - Model Trained With Hyper Parameter Tunning
[ 2023-03-18 13:25:11,960 ] 57 root - INFO - Real Train Data [ 73.  58.  55.  37.  74.  79.  53.  75.  47.  66.  53.  66.  38.  64.
  57.  85.  90.  68.  76.  64.  62.  62.  76.  63.  54.  81.  66.  62.
  67.  74.  77.  85.  55.  52.  62.  74.  38.  48.  92.  76.  50.  48.
  50.  75.  45.  75.  60.  73.  81.  79.  75.  57.  79.  57.  68.  70.
  59.  47.  59.  68.  65.  58.  86.  76.  57.  67.  80.  61.  62.  65.
  39.  81.  81.  79.  91.  74.  75.  61.  54.  52.  66.  81.  97.  53.
  74.  57.  38.  69.  69.  84.  91.  36.  72.  79.  53.  65.  83.  87.
  47.  59.  68.  52.  58.  68.  64.  35.  69.  73.  79.  65.  69.  29.
  65.  80.  42.  44.  65.  73.  53.  65.  72.  80.  71.  63.  53.  83.
  71.  62.  59.  72.  62.  46.  67.  85.  91.  59.  76.  66.  59.  79.
  98.  27.  73.  88.  73.  68.  69.  72.  62.  86.  69.  82.  87.  58.
  89.  84.  35.  77.  51.  63.  84.  64.  54.  42.  56.  94.  80.  70.
  49.  69.   8.  58.  73.  61.  47.  59.  65.  26.  64.  59.  76.  82.
  77.  91.  69.  74.  62.  69.  73.  69.  62.  80.  48.  86.  43.  50.
  49.  65.  55.  51.  73.  52.  43.  75.  44.  81.  64.  65.  71.  65.
  30.  83.  85.  66.  76.  58.  92.  37.  75.  60.  55.  66.  76.  96.
  50.  49.  83.  92.  96.  73.  82.  67.  67.  48.  22.  70.  77.  56.
  53.  65.  58.  89.  66.  74.  83.  62.  73.  81.  47.  87.  80.  62.
  53. 100.  63.   0.  85.  68.  61.  34.  58.  78.  70.  61.  79.  68.
  70.  51.  73.  74.  82.  62.  19.  67.  70.  87.  63.  65.  61.  62.
  65.  49.  54.  46.  50.  45.  86.  67.  64.  55.  64.  71.  80.  71.
  66.  82.  50.  33.  40.  70.  63.  86.  48.  92.  59.  65.  62.  93.
  53.  58.  71.  77.  74.  78.  71.  46.  53.  62.  64.  62.  88.  62.
  69.  90.  53.  88.  69.  81.  65.  61.  99.  71.  62.  52.  79.  90.
  72.  61.  63.  89.  35.  54.  74.  78.  76.  53.  68.  75.  67.  69.
  81.  63.  41.  57.  61.  84.  61.  59.  49.  49.  41.  58.  76.  76.
  53.  49.  48.  55.  32.  61.  68.  72.  44.  63.  60.  90.  77.  61.
  58.  49.  64.  98.  55.  94.  71.  53.  63.  55.  46.  63.  76.  58.
  90.  72.  76.  32.  64.  36.  61.  81.  55.  85.  60.  60.  59.  80.
  82.  50.  35.  52.  96.  77.  82.  71.  83.  85.  69.  62.  69.  44.
  50.  54.  67.  59.  47.  54.  80.  61.  64.  49.  62.  44.  89.  81.
  68.  77.  65.  77.  88.  83.  73.  69.  68.  69.  58.  46.  61.  57.
  49.  61.  49.  56.  75.  58.  63.  78.  41.  46.  54.  73.  64. 100.
  57.  50.  67.  49.  70.  84.  42.  75.  61.  59.  99.  78.  78.  40.
  74.  74.  82.  62.  58.  75.  63.  34.  69.  52.  63.  69. 100.  75.
  68.  58.  65.  94.  76.  84.  65.  72.  63.  76.  69.  78.  81. 100.
  70.  44.  30.  84.  68.  84.  50.  81.  70.  84.  59.  98.  67.  73.
  88.  50.  77.  40.  75.  77.  54.  90.  64.  41.  49.  85.  77.  57.
  39.  94.  71. 100.  71.  58.  45.  67.  81.  82.  71.  70.  51.  66.
  79.  50.  72.  63.  84.  59.  91.  47.  97.  65.  58.  63.  54.  60.
  39.  68.  58.  57.  82.  91.  65.  57.  99.  56.  70.  59.  52.  82.
  53.  70.  67.  71.  50.  74.  66.  47.  59.  66.  52.  81.  75.  90.
  69.  82.  65.  62.  62.  62.  28.  61.  40.  52.  72.  45.  68.  94.
  44.  55.  74.  71.  79.  80.  46.  41.  52.  48.  77.  55.  45.  65.
  71.  65.  49.  45.  75.  69.  60.  81.  42.  68.  75.  62.  64.  82.
  74.  66.  81.  40.  60.  75.  49.  61.  87.  79.  87.  53.  77.  59.
  76.  52.  95.  91.  54.  55.  65.  93.  53.  67.  53.  68.  71.  41.
  57.  45.  88.  60.  81.  77.  66.  49.  53.  61.  47.  89.  71.  94.
  59.  59.  58.  85.  74.  65.  54.  59.  66.  77.  71.  93.  55.  52.
  73.  71.  60.  69.  40.  76.  52.  47.  77.  45.  63.  51.  48.  60.
  59.  72.  55.  76.  73.  72.  56.  82.  63.  67.  62.  87.  44.  55.
  66.  63.  85.  57.  60.  88.  53.  87.  64.  77.  67.  65.  50.  40.
  57.  57.  23.  67.  79.  81.  77.  70.  78.  51.  54.  63.  35.  64.
  67.  92.  65.  46.  46.  37.  80.  42.  68.  58.  45.  75.  80.  49.
  74.  67.  61.  63.  77.  60.  56.  77.  60.  73.  73.  78.  73.  73.
  87.  62.  57.  46.  74.  92.  61.  81.  73.  72.  66.  73.  32.  82.
  68.  97.  51.  59. 100.  87.  62.  69.  51.  88.  58.  59.  61.  62.
  67.  73.] and Predicted Train Data [ 51.10961914  46.51635742  62.21484375  60.03405762  90.67407227
  64.4119873   86.86999512  61.45068359  82.953125    51.1640625
  52.17346191  82.63891602  56.8848877   76.58947754  50.87316895
  52.84020996  70.87512207  61.14135742  72.07543945  54.72253418
  72.39733887  60.12634277  54.47167969  60.32348633  81.01403809
  67.78625488  62.41638184  94.37182617  69.68029785  49.22827148
  60.04614258  81.95593262  71.68029785  82.1394043   74.82580566
  69.33679199  64.34655762  59.75463867  72.70275879  40.84375
  54.54785156  53.53320312  52.08227539  88.2980957   71.39624023
  48.42614746  70.47583008  95.17199707  60.51806641  53.48425293
  73.91699219  88.76586914  44.20373535  85.81555176  90.05566406
  69.18920898  58.48876953  82.06787109  67.3203125   66.92687988
  57.94506836  72.54248047  71.30737305  68.25195312  52.95227051
  80.49475098  68.2890625   55.08166504  88.93115234  54.64941406
  60.66577148  76.72180176  54.10375977  63.97436523  59.87390137
 105.64697266  86.42468262  64.26330566  60.24560547  87.98510742
  84.32861328  78.83251953  35.21789551  82.75268555  52.04040527
  65.390625    82.97363281  81.95336914  64.72338867  80.51306152
  79.22094727  76.41699219  50.52001953  67.83679199  78.82080078
  67.55444336  85.05737305  73.2331543   52.94238281  67.27026367
  51.98474121  58.62109375  70.27526855  75.30578613  91.21899414
  82.25390625  54.16723633  89.38708496  62.0904541   76.46081543
  22.50744629  54.91564941  59.5703125   77.85986328  78.4005127
  58.36657715  21.53112793  62.74755859  68.56689453  64.03918457
  81.93066406  65.9296875   72.23095703  51.0579834   69.85083008
  84.51196289  74.59033203  65.38391113  58.33605957  72.85583496
  52.39453125  48.4822998   70.55737305  64.0246582   78.48754883
  85.91821289  44.11682129  64.44213867  61.1184082   77.47729492
  71.70361328  97.40551758  62.94995117  91.375       66.79138184
  57.87658691  88.82714844  67.57397461  40.13586426  89.42602539
  91.38989258  53.26086426  79.03173828  68.03735352  61.93212891
  52.11523438  68.82507324  75.64245605  70.83984375  74.4440918
  78.0871582   66.46203613  55.51477051  65.36376953  63.75646973
  73.25598145  66.37597656  56.86755371  70.48693848  79.70629883
  74.9732666   52.45812988  82.7220459   79.60473633  80.3795166
  73.5357666   57.66796875  57.99890137  85.37963867  78.47973633
  79.39916992  75.81604004  64.59094238  67.84448242  78.33422852
  30.72497559  67.19458008  82.47790527  70.65637207  63.77783203
  57.38989258  72.41540527  51.90307617  86.18920898  74.31201172
  65.48522949  76.92041016  78.64953613  44.65026855  52.26269531]
[ 2023-03-18 13:25:11,962 ] 58 root - INFO - Real Train Data [ 52.  40.  65.  63.  93.  66.  84.  65.  86.  51.  50.  76.  53.  79.
  43.  57.  62.  51.  74.  54.  65.  53.  51.  68.  79.  67.  60.  97.
  68.  59.  67.  85.  71.  88.  85.  74.  62.  55.  74.  37.  68.  53.
  63.  87.  65.  43.  69.  91.  59.  59.  67.  79.  40.  87.  86.  71.
  65.  82.  69.  71.  62.  72.  66.  72.  44.  82.  66.  42.  97.  59.
  55.  71.  59.  64.  55. 100.  88.  62.  64.  88.  95.  75.  29.  88.
  39.  66.  85.  80.  72.  79.  79.  80.  52.  68.  75.  66.  78.  74.
  61.  69.  40.  48.  72.  79.  87.  88.  54.  81.  68.  78.  24.  54.
  63.  69.  88.  54.  18.  67.  61.  61.  87.  65.  76.  48.  65.  82.
  74.  68.  53.  71.  47.  61.  67.  58.  69.  87.  43.  70.  66.  88.
  73.  91.  69.  90.  60.  59.  97.  77.  27.  94.  85.  56.  77.  72.
  56.  64.  80.  81.  79.  70.  79.  73.  56.  66.  59.  78.  63.  58.
  69.  83.  70.  54.  86.  80.  79.  69.  58.  52.  78.  76.  77.  74.
  70.  74.  80.  29.  73.  87.  59.  62.  52.  71.  48.  89.  65.  67.
  75.  78.  46.  57.] and Predicted Train Data [ 51.10961914  46.51635742  62.21484375  60.03405762  90.67407227
  64.4119873   86.86999512  61.45068359  82.953125    51.1640625
  52.17346191  82.63891602  56.8848877   76.58947754  50.87316895
  52.84020996  70.87512207  61.14135742  72.07543945  54.72253418
  72.39733887  60.12634277  54.47167969  60.32348633  81.01403809
  67.78625488  62.41638184  94.37182617  69.68029785  49.22827148
  60.04614258  81.95593262  71.68029785  82.1394043   74.82580566
  69.33679199  64.34655762  59.75463867  72.70275879  40.84375
  54.54785156  53.53320312  52.08227539  88.2980957   71.39624023
  48.42614746  70.47583008  95.17199707  60.51806641  53.48425293
  73.91699219  88.76586914  44.20373535  85.81555176  90.05566406
  69.18920898  58.48876953  82.06787109  67.3203125   66.92687988
  57.94506836  72.54248047  71.30737305  68.25195312  52.95227051
  80.49475098  68.2890625   55.08166504  88.93115234  54.64941406
  60.66577148  76.72180176  54.10375977  63.97436523  59.87390137
 105.64697266  86.42468262  64.26330566  60.24560547  87.98510742
  84.32861328  78.83251953  35.21789551  82.75268555  52.04040527
  65.390625    82.97363281  81.95336914  64.72338867  80.51306152
  79.22094727  76.41699219  50.52001953  67.83679199  78.82080078
  67.55444336  85.05737305  73.2331543   52.94238281  67.27026367
  51.98474121  58.62109375  70.27526855  75.30578613  91.21899414
  82.25390625  54.16723633  89.38708496  62.0904541   76.46081543
  22.50744629  54.91564941  59.5703125   77.85986328  78.4005127
  58.36657715  21.53112793  62.74755859  68.56689453  64.03918457
  81.93066406  65.9296875   72.23095703  51.0579834   69.85083008
  84.51196289  74.59033203  65.38391113  58.33605957  72.85583496
  52.39453125  48.4822998   70.55737305  64.0246582   78.48754883
  85.91821289  44.11682129  64.44213867  61.1184082   77.47729492
  71.70361328  97.40551758  62.94995117  91.375       66.79138184
  57.87658691  88.82714844  67.57397461  40.13586426  89.42602539
  91.38989258  53.26086426  79.03173828  68.03735352  61.93212891
  52.11523438  68.82507324  75.64245605  70.83984375  74.4440918
  78.0871582   66.46203613  55.51477051  65.36376953  63.75646973
  73.25598145  66.37597656  56.86755371  70.48693848  79.70629883
  74.9732666   52.45812988  82.7220459   79.60473633  80.3795166
  73.5357666   57.66796875  57.99890137  85.37963867  78.47973633
  79.39916992  75.81604004  64.59094238  67.84448242  78.33422852
  30.72497559  67.19458008  82.47790527  70.65637207  63.77783203
  57.38989258  72.41540527  51.90307617  86.18920898  74.31201172
  65.48522949  76.92041016  78.64953613  44.65026855  52.26269531]
[ 2023-03-18 13:25:11,963 ] 65 root - INFO - Test model score : 0.877359822837107 \n Test Model Score: 0.8704023080124457
[ 2023-03-18 13:25:11,963 ] 67 root - INFO - Report Addded : {'Random Forest': 0.8437437526388556, 'Decision Tree': 0.7118133192452938, 'Gradient Boosting': 0.8572584872715662, 'Linear Regression': 0.8704023080124457}
[ 2023-03-18 13:25:11,963 ] 18 root - INFO - 'K-Neighbors Regression'
[ 2023-03-18 13:25:11,963 ] 18 root - INFO - Error Occured in Python Script name [d:\mlproject\src\utils.py] line numer [37] error message ['K-Neighbors Regression']
[ 2023-03-18 13:25:11,963 ] 18 root - INFO - Error Occured in Python Script name [d:\mlproject\src\components\model_trainer.py] line numer [100] error message [Error Occured in Python Script name [d:\mlproject\src\utils.py] line numer [37] error message ['K-Neighbors Regression']]
