[ 2023-03-18 13:26:52,206 ] 26 root - INFO - Entered the data ingestion method or components
[ 2023-03-18 13:26:52,242 ] 29 root - INFO - Exported Read The Dataset as DataFrame
[ 2023-03-18 13:26:52,312 ] 35 root - INFO - Train Test Split Inititated
[ 2023-03-18 13:26:52,347 ] 41 root - INFO - Ingestion of Data is completed
[ 2023-03-18 13:26:52,348 ] 62 root - INFO - Train Data : artifact\train.csv, Test Data : artifact\test.csv
[ 2023-03-18 13:26:52,358 ] 85 root - INFO - Read train and test data completed
[ 2023-03-18 13:26:52,358 ] 87 root - INFO - Obtaining preprocessing object
[ 2023-03-18 13:26:52,358 ] 34 root - INFO - Entered the data transfomation method or components
[ 2023-03-18 13:26:52,358 ] 44 root - INFO - Categorical columns: ['gender', 'race_ethnicity', 'parental_level_of_education', 'lunch', 'test_preparation_course']
[ 2023-03-18 13:26:52,358 ] 45 root - INFO - Numerical columns: ['writing_score', 'reading_score']
[ 2023-03-18 13:26:52,398 ] 61 root - INFO - Categorical Pipeline: Pipeline(steps=[('imputer', SimpleImputer(strategy='most_frequent')),
                ('one_hot_encoder', OneHotEncoder()),
                ('scaler', StandardScaler(with_mean=False))])
[ 2023-03-18 13:26:52,400 ] 62 root - INFO - Numerical Pipline: Pipeline(steps=[('imputer', SimpleImputer(strategy='median')),
                ('scaler', StandardScaler(with_mean=False))])
[ 2023-03-18 13:26:52,400 ] 71 root - INFO - Categorical Pipline &Numerical Pipeline Excueted Scuceesully
[ 2023-03-18 13:26:52,418 ] 72 root - INFO - Preprocesssor is returned ColumnTransformer(transformers=[('num_pipeline',
                                 Pipeline(steps=[('imputer',
                                                  SimpleImputer(strategy='median')),
                                                 ('scaler',
                                                  StandardScaler(with_mean=False))]),
                                 ['writing_score', 'reading_score']),
                                ('cat_pipeline',
                                 Pipeline(steps=[('imputer',
                                                  SimpleImputer(strategy='most_frequent')),
                                                 ('one_hot_encoder',
                                                  OneHotEncoder()),
                                                 ('scaler',
                                                  StandardScaler(with_mean=False))]),
                                 ['gender', 'race_ethnicity',
                                  'parental_level_of_education', 'lunch',
                                  'test_preparation_course'])])
[ 2023-03-18 13:26:52,418 ] 103 root - INFO - Categorical columns: ['gender', 'race_ethnicity', 'parental_level_of_education', 'lunch', 'test_preparation_course']
[ 2023-03-18 13:26:52,418 ] 104 root - INFO - Numerical columns: ['writing_score', 'reading_score']
[ 2023-03-18 13:26:52,418 ] 105 root - INFO - Target columns: math_score
[ 2023-03-18 13:26:52,418 ] 107 root - INFO - Removing Target Columns from Train and Test Set
[ 2023-03-18 13:26:52,420 ] 116 root - INFO - Applying preprocessing object on training dataframe and testing dataframe.
[ 2023-03-18 13:26:52,522 ] 131 root - INFO - Data Transformation Complted.
[ 2023-03-18 13:26:52,523 ] 15 root - INFO - Saving object {obj} on file: {file_path} Started.
[ 2023-03-18 13:26:52,523 ] 18 root - INFO - Making Directory :artifact
[ 2023-03-18 13:26:52,523 ] 20 root - INFO - Directory Made
[ 2023-03-18 13:26:52,539 ] 21 root - INFO - Dumping object : ColumnTransformer(transformers=[('num_pipeline',
                                 Pipeline(steps=[('imputer',
                                                  SimpleImputer(strategy='median')),
                                                 ('scaler',
                                                  StandardScaler(with_mean=False))]),
                                 ['writing_score', 'reading_score']),
                                ('cat_pipeline',
                                 Pipeline(steps=[('imputer',
                                                  SimpleImputer(strategy='most_frequent')),
                                                 ('one_hot_encoder',
                                                  OneHotEncoder()),
                                                 ('scaler',
                                                  StandardScaler(with_mean=False))]),
                                 ['gender', 'race_ethnicity',
                                  'parental_level_of_education', 'lunch',
                                  'test_preparation_course'])])
[ 2023-03-18 13:26:52,568 ] 25 root - INFO - Dumping of obj ColumnTransformer(transformers=[('num_pipeline',
                                 Pipeline(steps=[('imputer',
                                                  SimpleImputer(strategy='median')),
                                                 ('scaler',
                                                  StandardScaler(with_mean=False))]),
                                 ['writing_score', 'reading_score']),
                                ('cat_pipeline',
                                 Pipeline(steps=[('imputer',
                                                  SimpleImputer(strategy='most_frequent')),
                                                 ('one_hot_encoder',
                                                  OneHotEncoder()),
                                                 ('scaler',
                                                  StandardScaler(with_mean=False))]),
                                 ['gender', 'race_ethnicity',
                                  'parental_level_of_education', 'lunch',
                                  'test_preparation_course'])]) Successfull <_io.BufferedWriter name='artifact\\preprocessor.pkl'>
[ 2023-03-18 13:26:52,568 ] 141 root - INFO - Saved preprocessing object as Pickle File.
[ 2023-03-18 13:26:52,570 ] 66 root - INFO - Train Array : [[ 4.30533129  4.62062258  0.         ...  0.          2.09830697
  73.        ]
 [ 4.37056358  4.75652325  2.0025047  ...  0.          2.09830697
  58.        ]
 [ 2.80498857  3.12571528  0.         ...  0.          2.09830697
  55.        ]
 ...
 [ 4.56626046  4.96037424  2.0025047  ...  0.          2.09830697
  62.        ]
 [ 5.47951255  5.36807623  2.0025047  ...  2.09830697  0.
  67.        ]
 [ 3.71824066  4.34882125  0.         ...  0.          2.09830697
  73.        ]],Test Array : [[ 3.00068544  3.32956627  0.         ...  2.09830697  0.
  52.        ]
 [ 3.32684691  4.00906959  2.0025047  ...  0.          2.09830697
  40.        ]
 [ 4.56626046  4.68857291  2.0025047  ...  0.          2.09830697
  65.        ]
 ...
 [ 5.21858338  5.23217557  0.         ...  2.09830697  0.
  78.        ]
 [ 3.78347295  3.66931793  2.0025047  ...  2.09830697  0.
  46.        ]
 [ 4.1748667   3.94111926  2.0025047  ...  2.09830697  0.
  57.        ]],Preprocessor Array : artifact\preprocessor.pkl
[ 2023-03-18 13:26:52,570 ] 38 root - INFO - Entered the Model Traineer method or components
[ 2023-03-18 13:26:52,570 ] 40 root - INFO - Split training and test input data
[ 2023-03-18 13:26:52,588 ] 31 root - INFO - Evaluting Model Started
[ 2023-03-18 13:26:52,589 ] 39 root - INFO - Evaluting Model: RandomForestRegressor() on Params; {'n_estimators': [8, 16, 32, 64, 128, 256]}
[ 2023-03-18 13:26:52,589 ] 43 root - INFO - GridSearchCV(cv=3, estimator=RandomForestRegressor(),
             param_grid={'n_estimators': [8, 16, 32, 64, 128, 256]})
[ 2023-03-18 13:27:00,013 ] 45 root - INFO - Doing Grid Search CV
[ 2023-03-18 13:27:01,080 ] 50 root - INFO - Model Trained With Hyper Parameter Tunning
[ 2023-03-18 13:27:01,169 ] 57 root - INFO - Real Train Data [ 73.  58.  55.  37.  74.  79.  53.  75.  47.  66.  53.  66.  38.  64.
  57.  85.  90.  68.  76.  64.  62.  62.  76.  63.  54.  81.  66.  62.
  67.  74.  77.  85.  55.  52.  62.  74.  38.  48.  92.  76.  50.  48.
  50.  75.  45.  75.  60.  73.  81.  79.  75.  57.  79.  57.  68.  70.
  59.  47.  59.  68.  65.  58.  86.  76.  57.  67.  80.  61.  62.  65.
  39.  81.  81.  79.  91.  74.  75.  61.  54.  52.  66.  81.  97.  53.
  74.  57.  38.  69.  69.  84.  91.  36.  72.  79.  53.  65.  83.  87.
  47.  59.  68.  52.  58.  68.  64.  35.  69.  73.  79.  65.  69.  29.
  65.  80.  42.  44.  65.  73.  53.  65.  72.  80.  71.  63.  53.  83.
  71.  62.  59.  72.  62.  46.  67.  85.  91.  59.  76.  66.  59.  79.
  98.  27.  73.  88.  73.  68.  69.  72.  62.  86.  69.  82.  87.  58.
  89.  84.  35.  77.  51.  63.  84.  64.  54.  42.  56.  94.  80.  70.
  49.  69.   8.  58.  73.  61.  47.  59.  65.  26.  64.  59.  76.  82.
  77.  91.  69.  74.  62.  69.  73.  69.  62.  80.  48.  86.  43.  50.
  49.  65.  55.  51.  73.  52.  43.  75.  44.  81.  64.  65.  71.  65.
  30.  83.  85.  66.  76.  58.  92.  37.  75.  60.  55.  66.  76.  96.
  50.  49.  83.  92.  96.  73.  82.  67.  67.  48.  22.  70.  77.  56.
  53.  65.  58.  89.  66.  74.  83.  62.  73.  81.  47.  87.  80.  62.
  53. 100.  63.   0.  85.  68.  61.  34.  58.  78.  70.  61.  79.  68.
  70.  51.  73.  74.  82.  62.  19.  67.  70.  87.  63.  65.  61.  62.
  65.  49.  54.  46.  50.  45.  86.  67.  64.  55.  64.  71.  80.  71.
  66.  82.  50.  33.  40.  70.  63.  86.  48.  92.  59.  65.  62.  93.
  53.  58.  71.  77.  74.  78.  71.  46.  53.  62.  64.  62.  88.  62.
  69.  90.  53.  88.  69.  81.  65.  61.  99.  71.  62.  52.  79.  90.
  72.  61.  63.  89.  35.  54.  74.  78.  76.  53.  68.  75.  67.  69.
  81.  63.  41.  57.  61.  84.  61.  59.  49.  49.  41.  58.  76.  76.
  53.  49.  48.  55.  32.  61.  68.  72.  44.  63.  60.  90.  77.  61.
  58.  49.  64.  98.  55.  94.  71.  53.  63.  55.  46.  63.  76.  58.
  90.  72.  76.  32.  64.  36.  61.  81.  55.  85.  60.  60.  59.  80.
  82.  50.  35.  52.  96.  77.  82.  71.  83.  85.  69.  62.  69.  44.
  50.  54.  67.  59.  47.  54.  80.  61.  64.  49.  62.  44.  89.  81.
  68.  77.  65.  77.  88.  83.  73.  69.  68.  69.  58.  46.  61.  57.
  49.  61.  49.  56.  75.  58.  63.  78.  41.  46.  54.  73.  64. 100.
  57.  50.  67.  49.  70.  84.  42.  75.  61.  59.  99.  78.  78.  40.
  74.  74.  82.  62.  58.  75.  63.  34.  69.  52.  63.  69. 100.  75.
  68.  58.  65.  94.  76.  84.  65.  72.  63.  76.  69.  78.  81. 100.
  70.  44.  30.  84.  68.  84.  50.  81.  70.  84.  59.  98.  67.  73.
  88.  50.  77.  40.  75.  77.  54.  90.  64.  41.  49.  85.  77.  57.
  39.  94.  71. 100.  71.  58.  45.  67.  81.  82.  71.  70.  51.  66.
  79.  50.  72.  63.  84.  59.  91.  47.  97.  65.  58.  63.  54.  60.
  39.  68.  58.  57.  82.  91.  65.  57.  99.  56.  70.  59.  52.  82.
  53.  70.  67.  71.  50.  74.  66.  47.  59.  66.  52.  81.  75.  90.
  69.  82.  65.  62.  62.  62.  28.  61.  40.  52.  72.  45.  68.  94.
  44.  55.  74.  71.  79.  80.  46.  41.  52.  48.  77.  55.  45.  65.
  71.  65.  49.  45.  75.  69.  60.  81.  42.  68.  75.  62.  64.  82.
  74.  66.  81.  40.  60.  75.  49.  61.  87.  79.  87.  53.  77.  59.
  76.  52.  95.  91.  54.  55.  65.  93.  53.  67.  53.  68.  71.  41.
  57.  45.  88.  60.  81.  77.  66.  49.  53.  61.  47.  89.  71.  94.
  59.  59.  58.  85.  74.  65.  54.  59.  66.  77.  71.  93.  55.  52.
  73.  71.  60.  69.  40.  76.  52.  47.  77.  45.  63.  51.  48.  60.
  59.  72.  55.  76.  73.  72.  56.  82.  63.  67.  62.  87.  44.  55.
  66.  63.  85.  57.  60.  88.  53.  87.  64.  77.  67.  65.  50.  40.
  57.  57.  23.  67.  79.  81.  77.  70.  78.  51.  54.  63.  35.  64.
  67.  92.  65.  46.  46.  37.  80.  42.  68.  58.  45.  75.  80.  49.
  74.  67.  61.  63.  77.  60.  56.  77.  60.  73.  73.  78.  73.  73.
  87.  62.  57.  46.  74.  92.  61.  81.  73.  72.  66.  73.  32.  82.
  68.  97.  51.  59. 100.  87.  62.  69.  51.  88.  58.  59.  61.  62.
  67.  73.] and Predicted Train Data [51.84375    46.9609375  61.01171875 58.6796875  92.33203125 60.46875
 93.60546875 59.8125     82.96940104 49.375      51.640625   84.27929688
 60.59765625 75.68359375 47.76953125 52.44921875 68.55078125 60.91015625
 73.01953125 56.94921875 71.484375   58.484375   57.703125   57.84765625
 80.1015625  70.890625   61.23828125 92.140625   69.109375   51.4609375
 60.48828125 83.921875   71.30078125 85.47265625 73.45703125 68.55859375
 62.75390625 62.2265625  69.5546875  39.94140625 55.51953125 50.55859375
 51.06640625 84.0390625  67.546875   49.78515625 67.3671875  95.66015625
 58.96484375 51.78515625 73.4375     89.94140625 45.40234375 86.4921875
 86.06302083 70.65625    56.109375   86.1953125  73.375      63.390625
 55.5859375  71.5390625  72.41015625 67.3125     51.0859375  79.99544271
 68.28125    53.3828125  91.7421875  50.37890625 63.1328125  79.46875
 51.3828125  63.71484375 60.60546875 96.4453125  85.26432292 68.53515625
 64.12109375 91.70117188 83.5859375  78.3984375  42.         84.8984375
 50.09765625 58.6953125  86.28515625 79.53125    66.05859375 78.6953125
 81.25651042 76.8203125  52.859375   71.29296875 76.5234375  66.12890625
 82.57226562 66.60546875 49.9296875  65.15234375 51.71484375 56.546875
 68.88671875 76.87630208 93.91796875 83.9140625  54.30078125 84.77200521
 64.4765625  83.78125    21.88476562 55.66796875 56.765625   74.93359375
 78.71875    56.04296875 23.64908854 65.6015625  71.77734375 62.171875
 84.40625    65.2265625  73.125      50.5078125  70.59375    85.59375
 77.546875   60.96484375 59.1015625  72.9296875  51.8828125  47.671875
 66.38671875 61.02734375 78.4453125  87.515625   46.4140625  62.09765625
 64.4609375  76.66015625 68.1015625  95.5234375  66.96484375 92.26953125
 65.79296875 57.55859375 90.07063802 62.7421875  46.05859375 90.6015625
 89.59440104 51.51171875 78.68359375 72.09375    60.953125   52.890625
 69.296875   72.         71.02734375 75.3671875  81.6640625  68.8359375
 55.5703125  64.33203125 62.16796875 74.59765625 67.18359375 56.23828125
 68.07421875 75.75       72.6015625  55.63671875 81.14127604 82.015625
 80.67578125 74.02734375 53.515625   55.55078125 84.4453125  76.4453125
 90.79622396 71.         65.10546875 64.453125   78.2109375  33.60807292
 64.37890625 84.6953125  70.71875    62.78125    54.02734375 65.07421875
 52.34375    91.3671875  76.94921875 62.8046875  76.5        80.5859375
 48.92578125 54.23828125]
[ 2023-03-18 13:27:01,171 ] 58 root - INFO - Real Train Data [ 52.  40.  65.  63.  93.  66.  84.  65.  86.  51.  50.  76.  53.  79.
  43.  57.  62.  51.  74.  54.  65.  53.  51.  68.  79.  67.  60.  97.
  68.  59.  67.  85.  71.  88.  85.  74.  62.  55.  74.  37.  68.  53.
  63.  87.  65.  43.  69.  91.  59.  59.  67.  79.  40.  87.  86.  71.
  65.  82.  69.  71.  62.  72.  66.  72.  44.  82.  66.  42.  97.  59.
  55.  71.  59.  64.  55. 100.  88.  62.  64.  88.  95.  75.  29.  88.
  39.  66.  85.  80.  72.  79.  79.  80.  52.  68.  75.  66.  78.  74.
  61.  69.  40.  48.  72.  79.  87.  88.  54.  81.  68.  78.  24.  54.
  63.  69.  88.  54.  18.  67.  61.  61.  87.  65.  76.  48.  65.  82.
  74.  68.  53.  71.  47.  61.  67.  58.  69.  87.  43.  70.  66.  88.
  73.  91.  69.  90.  60.  59.  97.  77.  27.  94.  85.  56.  77.  72.
  56.  64.  80.  81.  79.  70.  79.  73.  56.  66.  59.  78.  63.  58.
  69.  83.  70.  54.  86.  80.  79.  69.  58.  52.  78.  76.  77.  74.
  70.  74.  80.  29.  73.  87.  59.  62.  52.  71.  48.  89.  65.  67.
  75.  78.  46.  57.] and Predicted Train Data [51.84375    46.9609375  61.01171875 58.6796875  92.33203125 60.46875
 93.60546875 59.8125     82.96940104 49.375      51.640625   84.27929688
 60.59765625 75.68359375 47.76953125 52.44921875 68.55078125 60.91015625
 73.01953125 56.94921875 71.484375   58.484375   57.703125   57.84765625
 80.1015625  70.890625   61.23828125 92.140625   69.109375   51.4609375
 60.48828125 83.921875   71.30078125 85.47265625 73.45703125 68.55859375
 62.75390625 62.2265625  69.5546875  39.94140625 55.51953125 50.55859375
 51.06640625 84.0390625  67.546875   49.78515625 67.3671875  95.66015625
 58.96484375 51.78515625 73.4375     89.94140625 45.40234375 86.4921875
 86.06302083 70.65625    56.109375   86.1953125  73.375      63.390625
 55.5859375  71.5390625  72.41015625 67.3125     51.0859375  79.99544271
 68.28125    53.3828125  91.7421875  50.37890625 63.1328125  79.46875
 51.3828125  63.71484375 60.60546875 96.4453125  85.26432292 68.53515625
 64.12109375 91.70117188 83.5859375  78.3984375  42.         84.8984375
 50.09765625 58.6953125  86.28515625 79.53125    66.05859375 78.6953125
 81.25651042 76.8203125  52.859375   71.29296875 76.5234375  66.12890625
 82.57226562 66.60546875 49.9296875  65.15234375 51.71484375 56.546875
 68.88671875 76.87630208 93.91796875 83.9140625  54.30078125 84.77200521
 64.4765625  83.78125    21.88476562 55.66796875 56.765625   74.93359375
 78.71875    56.04296875 23.64908854 65.6015625  71.77734375 62.171875
 84.40625    65.2265625  73.125      50.5078125  70.59375    85.59375
 77.546875   60.96484375 59.1015625  72.9296875  51.8828125  47.671875
 66.38671875 61.02734375 78.4453125  87.515625   46.4140625  62.09765625
 64.4609375  76.66015625 68.1015625  95.5234375  66.96484375 92.26953125
 65.79296875 57.55859375 90.07063802 62.7421875  46.05859375 90.6015625
 89.59440104 51.51171875 78.68359375 72.09375    60.953125   52.890625
 69.296875   72.         71.02734375 75.3671875  81.6640625  68.8359375
 55.5703125  64.33203125 62.16796875 74.59765625 67.18359375 56.23828125
 68.07421875 75.75       72.6015625  55.63671875 81.14127604 82.015625
 80.67578125 74.02734375 53.515625   55.55078125 84.4453125  76.4453125
 90.79622396 71.         65.10546875 64.453125   78.2109375  33.60807292
 64.37890625 84.6953125  70.71875    62.78125    54.02734375 65.07421875
 52.34375    91.3671875  76.94921875 62.8046875  76.5        80.5859375
 48.92578125 54.23828125]
[ 2023-03-18 13:27:01,173 ] 65 root - INFO - Test model score : 0.9760811742642562 \n Test Model Score: 0.8424630376466407
[ 2023-03-18 13:27:01,173 ] 67 root - INFO - Report Addded : {'Random Forest': 0.8424630376466407}
[ 2023-03-18 13:27:01,174 ] 39 root - INFO - Evaluting Model: DecisionTreeRegressor() on Params; {'criterion': ['squared_error', 'friedman_mse', 'absolute_error', 'poisson']}
[ 2023-03-18 13:27:01,175 ] 43 root - INFO - GridSearchCV(cv=3, estimator=DecisionTreeRegressor(),
             param_grid={'criterion': ['squared_error', 'friedman_mse',
                                       'absolute_error', 'poisson']})
[ 2023-03-18 13:27:01,356 ] 45 root - INFO - Doing Grid Search CV
[ 2023-03-18 13:27:01,361 ] 50 root - INFO - Model Trained With Hyper Parameter Tunning
[ 2023-03-18 13:27:01,367 ] 57 root - INFO - Real Train Data [ 73.  58.  55.  37.  74.  79.  53.  75.  47.  66.  53.  66.  38.  64.
  57.  85.  90.  68.  76.  64.  62.  62.  76.  63.  54.  81.  66.  62.
  67.  74.  77.  85.  55.  52.  62.  74.  38.  48.  92.  76.  50.  48.
  50.  75.  45.  75.  60.  73.  81.  79.  75.  57.  79.  57.  68.  70.
  59.  47.  59.  68.  65.  58.  86.  76.  57.  67.  80.  61.  62.  65.
  39.  81.  81.  79.  91.  74.  75.  61.  54.  52.  66.  81.  97.  53.
  74.  57.  38.  69.  69.  84.  91.  36.  72.  79.  53.  65.  83.  87.
  47.  59.  68.  52.  58.  68.  64.  35.  69.  73.  79.  65.  69.  29.
  65.  80.  42.  44.  65.  73.  53.  65.  72.  80.  71.  63.  53.  83.
  71.  62.  59.  72.  62.  46.  67.  85.  91.  59.  76.  66.  59.  79.
  98.  27.  73.  88.  73.  68.  69.  72.  62.  86.  69.  82.  87.  58.
  89.  84.  35.  77.  51.  63.  84.  64.  54.  42.  56.  94.  80.  70.
  49.  69.   8.  58.  73.  61.  47.  59.  65.  26.  64.  59.  76.  82.
  77.  91.  69.  74.  62.  69.  73.  69.  62.  80.  48.  86.  43.  50.
  49.  65.  55.  51.  73.  52.  43.  75.  44.  81.  64.  65.  71.  65.
  30.  83.  85.  66.  76.  58.  92.  37.  75.  60.  55.  66.  76.  96.
  50.  49.  83.  92.  96.  73.  82.  67.  67.  48.  22.  70.  77.  56.
  53.  65.  58.  89.  66.  74.  83.  62.  73.  81.  47.  87.  80.  62.
  53. 100.  63.   0.  85.  68.  61.  34.  58.  78.  70.  61.  79.  68.
  70.  51.  73.  74.  82.  62.  19.  67.  70.  87.  63.  65.  61.  62.
  65.  49.  54.  46.  50.  45.  86.  67.  64.  55.  64.  71.  80.  71.
  66.  82.  50.  33.  40.  70.  63.  86.  48.  92.  59.  65.  62.  93.
  53.  58.  71.  77.  74.  78.  71.  46.  53.  62.  64.  62.  88.  62.
  69.  90.  53.  88.  69.  81.  65.  61.  99.  71.  62.  52.  79.  90.
  72.  61.  63.  89.  35.  54.  74.  78.  76.  53.  68.  75.  67.  69.
  81.  63.  41.  57.  61.  84.  61.  59.  49.  49.  41.  58.  76.  76.
  53.  49.  48.  55.  32.  61.  68.  72.  44.  63.  60.  90.  77.  61.
  58.  49.  64.  98.  55.  94.  71.  53.  63.  55.  46.  63.  76.  58.
  90.  72.  76.  32.  64.  36.  61.  81.  55.  85.  60.  60.  59.  80.
  82.  50.  35.  52.  96.  77.  82.  71.  83.  85.  69.  62.  69.  44.
  50.  54.  67.  59.  47.  54.  80.  61.  64.  49.  62.  44.  89.  81.
  68.  77.  65.  77.  88.  83.  73.  69.  68.  69.  58.  46.  61.  57.
  49.  61.  49.  56.  75.  58.  63.  78.  41.  46.  54.  73.  64. 100.
  57.  50.  67.  49.  70.  84.  42.  75.  61.  59.  99.  78.  78.  40.
  74.  74.  82.  62.  58.  75.  63.  34.  69.  52.  63.  69. 100.  75.
  68.  58.  65.  94.  76.  84.  65.  72.  63.  76.  69.  78.  81. 100.
  70.  44.  30.  84.  68.  84.  50.  81.  70.  84.  59.  98.  67.  73.
  88.  50.  77.  40.  75.  77.  54.  90.  64.  41.  49.  85.  77.  57.
  39.  94.  71. 100.  71.  58.  45.  67.  81.  82.  71.  70.  51.  66.
  79.  50.  72.  63.  84.  59.  91.  47.  97.  65.  58.  63.  54.  60.
  39.  68.  58.  57.  82.  91.  65.  57.  99.  56.  70.  59.  52.  82.
  53.  70.  67.  71.  50.  74.  66.  47.  59.  66.  52.  81.  75.  90.
  69.  82.  65.  62.  62.  62.  28.  61.  40.  52.  72.  45.  68.  94.
  44.  55.  74.  71.  79.  80.  46.  41.  52.  48.  77.  55.  45.  65.
  71.  65.  49.  45.  75.  69.  60.  81.  42.  68.  75.  62.  64.  82.
  74.  66.  81.  40.  60.  75.  49.  61.  87.  79.  87.  53.  77.  59.
  76.  52.  95.  91.  54.  55.  65.  93.  53.  67.  53.  68.  71.  41.
  57.  45.  88.  60.  81.  77.  66.  49.  53.  61.  47.  89.  71.  94.
  59.  59.  58.  85.  74.  65.  54.  59.  66.  77.  71.  93.  55.  52.
  73.  71.  60.  69.  40.  76.  52.  47.  77.  45.  63.  51.  48.  60.
  59.  72.  55.  76.  73.  72.  56.  82.  63.  67.  62.  87.  44.  55.
  66.  63.  85.  57.  60.  88.  53.  87.  64.  77.  67.  65.  50.  40.
  57.  57.  23.  67.  79.  81.  77.  70.  78.  51.  54.  63.  35.  64.
  67.  92.  65.  46.  46.  37.  80.  42.  68.  58.  45.  75.  80.  49.
  74.  67.  61.  63.  77.  60.  56.  77.  60.  73.  73.  78.  73.  73.
  87.  62.  57.  46.  74.  92.  61.  81.  73.  72.  66.  73.  32.  82.
  68.  97.  51.  59. 100.  87.  62.  69.  51.  88.  58.  59.  61.  62.
  67.  73.] and Predicted Train Data [ 58.  49.  65.  58.  98.  66.  91.  55.  85.  49.  57.  84.  62.  77.
  44.  60.  61.  57.  73.  58.  63.  60.  55.  60.  81.  76.  57.  92.
  62.  53.  40.  82.  73.  88.  80.  67.  68.  62.  75.  44.  50.  53.
  50.  86.  65.  52.  73. 100.  60.  53.  73.  94.  45.  81.  83.  75.
  58.  88.  76.  57.  53.  73.  70.  61.  54.  80.  69.  50.  87.  53.
  69.  89.  40.  66.  60.  87.  92.  69.  71.  93.  85.  80.  44.  91.
  49.  59.  88.  81.  74.  82.  78.  81.  56.  69.  74.  69.  85.  81.
  45.  63.  49.  51.  69.  80.  99.  82.  54.  82.  69.  89.  19.  65.
  54.  81.  79.  55.  19.  63.  69.  66.  77.  67.  71.  59.  65.  83.
  80.  67.  61.  65.  49.  47.  65.  60.  90.  89.  48.  59.  69.  82.
  73. 100.  72.  93.  65.  71.  88.  60.  45.  99.  82.  49.  82.  81.
  60.  49.  72.  72.  66.  61.  85.  69.  50.  44.  61.  78.  67.  64.
  61.  77.  72.  59.  81.  86.  78.  80.  64.  53.  84.  79. 100.  61.
  71.  57.  80.  34.  62.  90.  70.  68.  53.  71.  45.  94.  78.  59.
  74.  78.  47.  62.]
[ 2023-03-18 13:27:01,369 ] 58 root - INFO - Real Train Data [ 52.  40.  65.  63.  93.  66.  84.  65.  86.  51.  50.  76.  53.  79.
  43.  57.  62.  51.  74.  54.  65.  53.  51.  68.  79.  67.  60.  97.
  68.  59.  67.  85.  71.  88.  85.  74.  62.  55.  74.  37.  68.  53.
  63.  87.  65.  43.  69.  91.  59.  59.  67.  79.  40.  87.  86.  71.
  65.  82.  69.  71.  62.  72.  66.  72.  44.  82.  66.  42.  97.  59.
  55.  71.  59.  64.  55. 100.  88.  62.  64.  88.  95.  75.  29.  88.
  39.  66.  85.  80.  72.  79.  79.  80.  52.  68.  75.  66.  78.  74.
  61.  69.  40.  48.  72.  79.  87.  88.  54.  81.  68.  78.  24.  54.
  63.  69.  88.  54.  18.  67.  61.  61.  87.  65.  76.  48.  65.  82.
  74.  68.  53.  71.  47.  61.  67.  58.  69.  87.  43.  70.  66.  88.
  73.  91.  69.  90.  60.  59.  97.  77.  27.  94.  85.  56.  77.  72.
  56.  64.  80.  81.  79.  70.  79.  73.  56.  66.  59.  78.  63.  58.
  69.  83.  70.  54.  86.  80.  79.  69.  58.  52.  78.  76.  77.  74.
  70.  74.  80.  29.  73.  87.  59.  62.  52.  71.  48.  89.  65.  67.
  75.  78.  46.  57.] and Predicted Train Data [ 58.  49.  65.  58.  98.  66.  91.  55.  85.  49.  57.  84.  62.  77.
  44.  60.  61.  57.  73.  58.  63.  60.  55.  60.  81.  76.  57.  92.
  62.  53.  40.  82.  73.  88.  80.  67.  68.  62.  75.  44.  50.  53.
  50.  86.  65.  52.  73. 100.  60.  53.  73.  94.  45.  81.  83.  75.
  58.  88.  76.  57.  53.  73.  70.  61.  54.  80.  69.  50.  87.  53.
  69.  89.  40.  66.  60.  87.  92.  69.  71.  93.  85.  80.  44.  91.
  49.  59.  88.  81.  74.  82.  78.  81.  56.  69.  74.  69.  85.  81.
  45.  63.  49.  51.  69.  80.  99.  82.  54.  82.  69.  89.  19.  65.
  54.  81.  79.  55.  19.  63.  69.  66.  77.  67.  71.  59.  65.  83.
  80.  67.  61.  65.  49.  47.  65.  60.  90.  89.  48.  59.  69.  82.
  73. 100.  72.  93.  65.  71.  88.  60.  45.  99.  82.  49.  82.  81.
  60.  49.  72.  72.  66.  61.  85.  69.  50.  44.  61.  78.  67.  64.
  61.  77.  72.  59.  81.  86.  78.  80.  64.  53.  84.  79. 100.  61.
  71.  57.  80.  34.  62.  90.  70.  68.  53.  71.  45.  94.  78.  59.
  74.  78.  47.  62.]
[ 2023-03-18 13:27:01,370 ] 65 root - INFO - Test model score : 0.9989538037152753 \n Test Model Score: 0.7211297469311375
[ 2023-03-18 13:27:01,370 ] 67 root - INFO - Report Addded : {'Random Forest': 0.8424630376466407, 'Decision Tree': 0.7211297469311375}
[ 2023-03-18 13:27:01,371 ] 39 root - INFO - Evaluting Model: GradientBoostingRegressor() on Params; {'learning_rate': [0.1, 0.01, 0.05, 0.001], 'subsample': [0.6, 0.7, 0.75, 0.8, 0.85, 0.9], 'n_estimators': [8, 16, 32, 64, 128, 256]}
[ 2023-03-18 13:27:01,371 ] 43 root - INFO - GridSearchCV(cv=3, estimator=GradientBoostingRegressor(),
             param_grid={'learning_rate': [0.1, 0.01, 0.05, 0.001],
                         'n_estimators': [8, 16, 32, 64, 128, 256],
                         'subsample': [0.6, 0.7, 0.75, 0.8, 0.85, 0.9]})
[ 2023-03-18 13:27:41,852 ] 45 root - INFO - Doing Grid Search CV
[ 2023-03-18 13:27:41,942 ] 50 root - INFO - Model Trained With Hyper Parameter Tunning
[ 2023-03-18 13:27:41,951 ] 57 root - INFO - Real Train Data [ 73.  58.  55.  37.  74.  79.  53.  75.  47.  66.  53.  66.  38.  64.
  57.  85.  90.  68.  76.  64.  62.  62.  76.  63.  54.  81.  66.  62.
  67.  74.  77.  85.  55.  52.  62.  74.  38.  48.  92.  76.  50.  48.
  50.  75.  45.  75.  60.  73.  81.  79.  75.  57.  79.  57.  68.  70.
  59.  47.  59.  68.  65.  58.  86.  76.  57.  67.  80.  61.  62.  65.
  39.  81.  81.  79.  91.  74.  75.  61.  54.  52.  66.  81.  97.  53.
  74.  57.  38.  69.  69.  84.  91.  36.  72.  79.  53.  65.  83.  87.
  47.  59.  68.  52.  58.  68.  64.  35.  69.  73.  79.  65.  69.  29.
  65.  80.  42.  44.  65.  73.  53.  65.  72.  80.  71.  63.  53.  83.
  71.  62.  59.  72.  62.  46.  67.  85.  91.  59.  76.  66.  59.  79.
  98.  27.  73.  88.  73.  68.  69.  72.  62.  86.  69.  82.  87.  58.
  89.  84.  35.  77.  51.  63.  84.  64.  54.  42.  56.  94.  80.  70.
  49.  69.   8.  58.  73.  61.  47.  59.  65.  26.  64.  59.  76.  82.
  77.  91.  69.  74.  62.  69.  73.  69.  62.  80.  48.  86.  43.  50.
  49.  65.  55.  51.  73.  52.  43.  75.  44.  81.  64.  65.  71.  65.
  30.  83.  85.  66.  76.  58.  92.  37.  75.  60.  55.  66.  76.  96.
  50.  49.  83.  92.  96.  73.  82.  67.  67.  48.  22.  70.  77.  56.
  53.  65.  58.  89.  66.  74.  83.  62.  73.  81.  47.  87.  80.  62.
  53. 100.  63.   0.  85.  68.  61.  34.  58.  78.  70.  61.  79.  68.
  70.  51.  73.  74.  82.  62.  19.  67.  70.  87.  63.  65.  61.  62.
  65.  49.  54.  46.  50.  45.  86.  67.  64.  55.  64.  71.  80.  71.
  66.  82.  50.  33.  40.  70.  63.  86.  48.  92.  59.  65.  62.  93.
  53.  58.  71.  77.  74.  78.  71.  46.  53.  62.  64.  62.  88.  62.
  69.  90.  53.  88.  69.  81.  65.  61.  99.  71.  62.  52.  79.  90.
  72.  61.  63.  89.  35.  54.  74.  78.  76.  53.  68.  75.  67.  69.
  81.  63.  41.  57.  61.  84.  61.  59.  49.  49.  41.  58.  76.  76.
  53.  49.  48.  55.  32.  61.  68.  72.  44.  63.  60.  90.  77.  61.
  58.  49.  64.  98.  55.  94.  71.  53.  63.  55.  46.  63.  76.  58.
  90.  72.  76.  32.  64.  36.  61.  81.  55.  85.  60.  60.  59.  80.
  82.  50.  35.  52.  96.  77.  82.  71.  83.  85.  69.  62.  69.  44.
  50.  54.  67.  59.  47.  54.  80.  61.  64.  49.  62.  44.  89.  81.
  68.  77.  65.  77.  88.  83.  73.  69.  68.  69.  58.  46.  61.  57.
  49.  61.  49.  56.  75.  58.  63.  78.  41.  46.  54.  73.  64. 100.
  57.  50.  67.  49.  70.  84.  42.  75.  61.  59.  99.  78.  78.  40.
  74.  74.  82.  62.  58.  75.  63.  34.  69.  52.  63.  69. 100.  75.
  68.  58.  65.  94.  76.  84.  65.  72.  63.  76.  69.  78.  81. 100.
  70.  44.  30.  84.  68.  84.  50.  81.  70.  84.  59.  98.  67.  73.
  88.  50.  77.  40.  75.  77.  54.  90.  64.  41.  49.  85.  77.  57.
  39.  94.  71. 100.  71.  58.  45.  67.  81.  82.  71.  70.  51.  66.
  79.  50.  72.  63.  84.  59.  91.  47.  97.  65.  58.  63.  54.  60.
  39.  68.  58.  57.  82.  91.  65.  57.  99.  56.  70.  59.  52.  82.
  53.  70.  67.  71.  50.  74.  66.  47.  59.  66.  52.  81.  75.  90.
  69.  82.  65.  62.  62.  62.  28.  61.  40.  52.  72.  45.  68.  94.
  44.  55.  74.  71.  79.  80.  46.  41.  52.  48.  77.  55.  45.  65.
  71.  65.  49.  45.  75.  69.  60.  81.  42.  68.  75.  62.  64.  82.
  74.  66.  81.  40.  60.  75.  49.  61.  87.  79.  87.  53.  77.  59.
  76.  52.  95.  91.  54.  55.  65.  93.  53.  67.  53.  68.  71.  41.
  57.  45.  88.  60.  81.  77.  66.  49.  53.  61.  47.  89.  71.  94.
  59.  59.  58.  85.  74.  65.  54.  59.  66.  77.  71.  93.  55.  52.
  73.  71.  60.  69.  40.  76.  52.  47.  77.  45.  63.  51.  48.  60.
  59.  72.  55.  76.  73.  72.  56.  82.  63.  67.  62.  87.  44.  55.
  66.  63.  85.  57.  60.  88.  53.  87.  64.  77.  67.  65.  50.  40.
  57.  57.  23.  67.  79.  81.  77.  70.  78.  51.  54.  63.  35.  64.
  67.  92.  65.  46.  46.  37.  80.  42.  68.  58.  45.  75.  80.  49.
  74.  67.  61.  63.  77.  60.  56.  77.  60.  73.  73.  78.  73.  73.
  87.  62.  57.  46.  74.  92.  61.  81.  73.  72.  66.  73.  32.  82.
  68.  97.  51.  59. 100.  87.  62.  69.  51.  88.  58.  59.  61.  62.
  67.  73.] and Predicted Train Data [ 52.11910441  48.45413753  61.97460569  58.18244004  88.3988477
  61.94007702  88.50688686  60.29610012  82.40525248  47.77196177
  52.82531468  82.02309539  58.20619159  76.48450227  50.24075209
  53.2562483   69.52336116  61.53720421  70.33691169  53.53674858
  69.75827555  57.78763094  54.38374484  59.09912142  79.24463421
  66.17366722  61.01529027  94.11044766  68.21170746  51.07215438
  58.83862437  83.58857684  72.94207358  84.28055095  74.1715869
  66.36704878  62.80861187  61.11812911  69.43962956  40.46513556
  54.37928905  53.39976363  51.66345328  85.75987213  69.61457138
  48.8120679   68.54180873  97.82485101  57.2355522   53.41451101
  73.42727479  87.17760977  45.57205945  85.25850233  87.81213369
  66.51296579  56.14646194  81.4456447   66.41441638  66.31448095
  56.64862592  71.73060143  72.91119383  66.22660837  52.5843538
  82.52633307  68.75208648  53.92204717  90.57299704  52.01368781
  60.78129079  79.3634101   55.57467639  63.52301497  59.14433319
 103.94883046  83.27058778  65.68425384  58.39951478  90.18078811
  86.64491268  79.43139604  38.49781213  81.66735225  53.03940168
  61.22822516  81.4456447   80.03968762  64.77534838  79.93741884
  79.38664871  75.49985903  53.59023785  68.52938242  77.453236
  65.40105925  86.04316741  69.12103189  50.92084961  65.79072316
  51.93294416  58.35713169  68.3783024   77.20890946  92.88683042
  84.42752169  54.75871194  87.25206376  61.72064901  76.95459582
  23.05875099  56.74632837  58.35426364  76.51529238  78.5874384
  58.17044778  20.91382493  64.83971593  68.65299378  63.3239142
  82.80186591  63.63066442  70.44627092  49.1853422   71.35954716
  84.79764357  74.84134802  63.17328011  57.91298775  72.91442547
  53.44337191  50.65137336  70.84443462  63.35725189  79.25678107
  85.81875519  44.74817553  63.15995972  60.90387164  77.15361971
  68.70113762  96.30642452  63.56255313  90.37241107  65.76827915
  57.78809931  90.52495378  65.14972828  42.01389238  91.01718632
  88.15560005  54.35627212  78.88758794  70.89672081  62.04431938
  52.16600509  69.80901707  74.01986335  68.73493874  73.05764102
  79.52338165  64.83219663  54.76712458  63.21917194  63.6111364
  73.76109005  67.67787537  56.35482108  70.10901944  77.50787447
  72.96908426  54.39309186  83.00702257  81.05206191  79.92717052
  69.90452012  57.47560064  56.59807859  85.90733523  76.73068325
  83.21574839  72.27876236  62.15645169  67.01656005  78.40485947
  31.81964617  65.99176537  82.37840727  72.55228958  65.4843861
  54.87453835  67.72757563  50.5700685   87.63087127  75.38359736
  63.97395168  77.98240442  77.37391351  46.38115189  56.68849331]
[ 2023-03-18 13:27:41,954 ] 58 root - INFO - Real Train Data [ 52.  40.  65.  63.  93.  66.  84.  65.  86.  51.  50.  76.  53.  79.
  43.  57.  62.  51.  74.  54.  65.  53.  51.  68.  79.  67.  60.  97.
  68.  59.  67.  85.  71.  88.  85.  74.  62.  55.  74.  37.  68.  53.
  63.  87.  65.  43.  69.  91.  59.  59.  67.  79.  40.  87.  86.  71.
  65.  82.  69.  71.  62.  72.  66.  72.  44.  82.  66.  42.  97.  59.
  55.  71.  59.  64.  55. 100.  88.  62.  64.  88.  95.  75.  29.  88.
  39.  66.  85.  80.  72.  79.  79.  80.  52.  68.  75.  66.  78.  74.
  61.  69.  40.  48.  72.  79.  87.  88.  54.  81.  68.  78.  24.  54.
  63.  69.  88.  54.  18.  67.  61.  61.  87.  65.  76.  48.  65.  82.
  74.  68.  53.  71.  47.  61.  67.  58.  69.  87.  43.  70.  66.  88.
  73.  91.  69.  90.  60.  59.  97.  77.  27.  94.  85.  56.  77.  72.
  56.  64.  80.  81.  79.  70.  79.  73.  56.  66.  59.  78.  63.  58.
  69.  83.  70.  54.  86.  80.  79.  69.  58.  52.  78.  76.  77.  74.
  70.  74.  80.  29.  73.  87.  59.  62.  52.  71.  48.  89.  65.  67.
  75.  78.  46.  57.] and Predicted Train Data [ 52.11910441  48.45413753  61.97460569  58.18244004  88.3988477
  61.94007702  88.50688686  60.29610012  82.40525248  47.77196177
  52.82531468  82.02309539  58.20619159  76.48450227  50.24075209
  53.2562483   69.52336116  61.53720421  70.33691169  53.53674858
  69.75827555  57.78763094  54.38374484  59.09912142  79.24463421
  66.17366722  61.01529027  94.11044766  68.21170746  51.07215438
  58.83862437  83.58857684  72.94207358  84.28055095  74.1715869
  66.36704878  62.80861187  61.11812911  69.43962956  40.46513556
  54.37928905  53.39976363  51.66345328  85.75987213  69.61457138
  48.8120679   68.54180873  97.82485101  57.2355522   53.41451101
  73.42727479  87.17760977  45.57205945  85.25850233  87.81213369
  66.51296579  56.14646194  81.4456447   66.41441638  66.31448095
  56.64862592  71.73060143  72.91119383  66.22660837  52.5843538
  82.52633307  68.75208648  53.92204717  90.57299704  52.01368781
  60.78129079  79.3634101   55.57467639  63.52301497  59.14433319
 103.94883046  83.27058778  65.68425384  58.39951478  90.18078811
  86.64491268  79.43139604  38.49781213  81.66735225  53.03940168
  61.22822516  81.4456447   80.03968762  64.77534838  79.93741884
  79.38664871  75.49985903  53.59023785  68.52938242  77.453236
  65.40105925  86.04316741  69.12103189  50.92084961  65.79072316
  51.93294416  58.35713169  68.3783024   77.20890946  92.88683042
  84.42752169  54.75871194  87.25206376  61.72064901  76.95459582
  23.05875099  56.74632837  58.35426364  76.51529238  78.5874384
  58.17044778  20.91382493  64.83971593  68.65299378  63.3239142
  82.80186591  63.63066442  70.44627092  49.1853422   71.35954716
  84.79764357  74.84134802  63.17328011  57.91298775  72.91442547
  53.44337191  50.65137336  70.84443462  63.35725189  79.25678107
  85.81875519  44.74817553  63.15995972  60.90387164  77.15361971
  68.70113762  96.30642452  63.56255313  90.37241107  65.76827915
  57.78809931  90.52495378  65.14972828  42.01389238  91.01718632
  88.15560005  54.35627212  78.88758794  70.89672081  62.04431938
  52.16600509  69.80901707  74.01986335  68.73493874  73.05764102
  79.52338165  64.83219663  54.76712458  63.21917194  63.6111364
  73.76109005  67.67787537  56.35482108  70.10901944  77.50787447
  72.96908426  54.39309186  83.00702257  81.05206191  79.92717052
  69.90452012  57.47560064  56.59807859  85.90733523  76.73068325
  83.21574839  72.27876236  62.15645169  67.01656005  78.40485947
  31.81964617  65.99176537  82.37840727  72.55228958  65.4843861
  54.87453835  67.72757563  50.5700685   87.63087127  75.38359736
  63.97395168  77.98240442  77.37391351  46.38115189  56.68849331]
[ 2023-03-18 13:27:41,954 ] 65 root - INFO - Test model score : 0.8980486937152912 \n Test Model Score: 0.8591628172377538
[ 2023-03-18 13:27:41,954 ] 67 root - INFO - Report Addded : {'Random Forest': 0.8424630376466407, 'Decision Tree': 0.7211297469311375, 'Gradient Boosting': 0.8591628172377538}
[ 2023-03-18 13:27:41,956 ] 39 root - INFO - Evaluting Model: LinearRegression() on Params; {}
[ 2023-03-18 13:27:41,956 ] 43 root - INFO - GridSearchCV(cv=3, estimator=LinearRegression(), param_grid={})
[ 2023-03-18 13:27:42,404 ] 45 root - INFO - Doing Grid Search CV
[ 2023-03-18 13:27:42,408 ] 50 root - INFO - Model Trained With Hyper Parameter Tunning
[ 2023-03-18 13:27:42,416 ] 57 root - INFO - Real Train Data [ 73.  58.  55.  37.  74.  79.  53.  75.  47.  66.  53.  66.  38.  64.
  57.  85.  90.  68.  76.  64.  62.  62.  76.  63.  54.  81.  66.  62.
  67.  74.  77.  85.  55.  52.  62.  74.  38.  48.  92.  76.  50.  48.
  50.  75.  45.  75.  60.  73.  81.  79.  75.  57.  79.  57.  68.  70.
  59.  47.  59.  68.  65.  58.  86.  76.  57.  67.  80.  61.  62.  65.
  39.  81.  81.  79.  91.  74.  75.  61.  54.  52.  66.  81.  97.  53.
  74.  57.  38.  69.  69.  84.  91.  36.  72.  79.  53.  65.  83.  87.
  47.  59.  68.  52.  58.  68.  64.  35.  69.  73.  79.  65.  69.  29.
  65.  80.  42.  44.  65.  73.  53.  65.  72.  80.  71.  63.  53.  83.
  71.  62.  59.  72.  62.  46.  67.  85.  91.  59.  76.  66.  59.  79.
  98.  27.  73.  88.  73.  68.  69.  72.  62.  86.  69.  82.  87.  58.
  89.  84.  35.  77.  51.  63.  84.  64.  54.  42.  56.  94.  80.  70.
  49.  69.   8.  58.  73.  61.  47.  59.  65.  26.  64.  59.  76.  82.
  77.  91.  69.  74.  62.  69.  73.  69.  62.  80.  48.  86.  43.  50.
  49.  65.  55.  51.  73.  52.  43.  75.  44.  81.  64.  65.  71.  65.
  30.  83.  85.  66.  76.  58.  92.  37.  75.  60.  55.  66.  76.  96.
  50.  49.  83.  92.  96.  73.  82.  67.  67.  48.  22.  70.  77.  56.
  53.  65.  58.  89.  66.  74.  83.  62.  73.  81.  47.  87.  80.  62.
  53. 100.  63.   0.  85.  68.  61.  34.  58.  78.  70.  61.  79.  68.
  70.  51.  73.  74.  82.  62.  19.  67.  70.  87.  63.  65.  61.  62.
  65.  49.  54.  46.  50.  45.  86.  67.  64.  55.  64.  71.  80.  71.
  66.  82.  50.  33.  40.  70.  63.  86.  48.  92.  59.  65.  62.  93.
  53.  58.  71.  77.  74.  78.  71.  46.  53.  62.  64.  62.  88.  62.
  69.  90.  53.  88.  69.  81.  65.  61.  99.  71.  62.  52.  79.  90.
  72.  61.  63.  89.  35.  54.  74.  78.  76.  53.  68.  75.  67.  69.
  81.  63.  41.  57.  61.  84.  61.  59.  49.  49.  41.  58.  76.  76.
  53.  49.  48.  55.  32.  61.  68.  72.  44.  63.  60.  90.  77.  61.
  58.  49.  64.  98.  55.  94.  71.  53.  63.  55.  46.  63.  76.  58.
  90.  72.  76.  32.  64.  36.  61.  81.  55.  85.  60.  60.  59.  80.
  82.  50.  35.  52.  96.  77.  82.  71.  83.  85.  69.  62.  69.  44.
  50.  54.  67.  59.  47.  54.  80.  61.  64.  49.  62.  44.  89.  81.
  68.  77.  65.  77.  88.  83.  73.  69.  68.  69.  58.  46.  61.  57.
  49.  61.  49.  56.  75.  58.  63.  78.  41.  46.  54.  73.  64. 100.
  57.  50.  67.  49.  70.  84.  42.  75.  61.  59.  99.  78.  78.  40.
  74.  74.  82.  62.  58.  75.  63.  34.  69.  52.  63.  69. 100.  75.
  68.  58.  65.  94.  76.  84.  65.  72.  63.  76.  69.  78.  81. 100.
  70.  44.  30.  84.  68.  84.  50.  81.  70.  84.  59.  98.  67.  73.
  88.  50.  77.  40.  75.  77.  54.  90.  64.  41.  49.  85.  77.  57.
  39.  94.  71. 100.  71.  58.  45.  67.  81.  82.  71.  70.  51.  66.
  79.  50.  72.  63.  84.  59.  91.  47.  97.  65.  58.  63.  54.  60.
  39.  68.  58.  57.  82.  91.  65.  57.  99.  56.  70.  59.  52.  82.
  53.  70.  67.  71.  50.  74.  66.  47.  59.  66.  52.  81.  75.  90.
  69.  82.  65.  62.  62.  62.  28.  61.  40.  52.  72.  45.  68.  94.
  44.  55.  74.  71.  79.  80.  46.  41.  52.  48.  77.  55.  45.  65.
  71.  65.  49.  45.  75.  69.  60.  81.  42.  68.  75.  62.  64.  82.
  74.  66.  81.  40.  60.  75.  49.  61.  87.  79.  87.  53.  77.  59.
  76.  52.  95.  91.  54.  55.  65.  93.  53.  67.  53.  68.  71.  41.
  57.  45.  88.  60.  81.  77.  66.  49.  53.  61.  47.  89.  71.  94.
  59.  59.  58.  85.  74.  65.  54.  59.  66.  77.  71.  93.  55.  52.
  73.  71.  60.  69.  40.  76.  52.  47.  77.  45.  63.  51.  48.  60.
  59.  72.  55.  76.  73.  72.  56.  82.  63.  67.  62.  87.  44.  55.
  66.  63.  85.  57.  60.  88.  53.  87.  64.  77.  67.  65.  50.  40.
  57.  57.  23.  67.  79.  81.  77.  70.  78.  51.  54.  63.  35.  64.
  67.  92.  65.  46.  46.  37.  80.  42.  68.  58.  45.  75.  80.  49.
  74.  67.  61.  63.  77.  60.  56.  77.  60.  73.  73.  78.  73.  73.
  87.  62.  57.  46.  74.  92.  61.  81.  73.  72.  66.  73.  32.  82.
  68.  97.  51.  59. 100.  87.  62.  69.  51.  88.  58.  59.  61.  62.
  67.  73.] and Predicted Train Data [ 51.10961914  46.51635742  62.21484375  60.03405762  90.67407227
  64.4119873   86.86999512  61.45068359  82.953125    51.1640625
  52.17346191  82.63891602  56.8848877   76.58947754  50.87316895
  52.84020996  70.87512207  61.14135742  72.07543945  54.72253418
  72.39733887  60.12634277  54.47167969  60.32348633  81.01403809
  67.78625488  62.41638184  94.37182617  69.68029785  49.22827148
  60.04614258  81.95593262  71.68029785  82.1394043   74.82580566
  69.33679199  64.34655762  59.75463867  72.70275879  40.84375
  54.54785156  53.53320312  52.08227539  88.2980957   71.39624023
  48.42614746  70.47583008  95.17199707  60.51806641  53.48425293
  73.91699219  88.76586914  44.20373535  85.81555176  90.05566406
  69.18920898  58.48876953  82.06787109  67.3203125   66.92687988
  57.94506836  72.54248047  71.30737305  68.25195312  52.95227051
  80.49475098  68.2890625   55.08166504  88.93115234  54.64941406
  60.66577148  76.72180176  54.10375977  63.97436523  59.87390137
 105.64697266  86.42468262  64.26330566  60.24560547  87.98510742
  84.32861328  78.83251953  35.21789551  82.75268555  52.04040527
  65.390625    82.97363281  81.95336914  64.72338867  80.51306152
  79.22094727  76.41699219  50.52001953  67.83679199  78.82080078
  67.55444336  85.05737305  73.2331543   52.94238281  67.27026367
  51.98474121  58.62109375  70.27526855  75.30578613  91.21899414
  82.25390625  54.16723633  89.38708496  62.0904541   76.46081543
  22.50744629  54.91564941  59.5703125   77.85986328  78.4005127
  58.36657715  21.53112793  62.74755859  68.56689453  64.03918457
  81.93066406  65.9296875   72.23095703  51.0579834   69.85083008
  84.51196289  74.59033203  65.38391113  58.33605957  72.85583496
  52.39453125  48.4822998   70.55737305  64.0246582   78.48754883
  85.91821289  44.11682129  64.44213867  61.1184082   77.47729492
  71.70361328  97.40551758  62.94995117  91.375       66.79138184
  57.87658691  88.82714844  67.57397461  40.13586426  89.42602539
  91.38989258  53.26086426  79.03173828  68.03735352  61.93212891
  52.11523438  68.82507324  75.64245605  70.83984375  74.4440918
  78.0871582   66.46203613  55.51477051  65.36376953  63.75646973
  73.25598145  66.37597656  56.86755371  70.48693848  79.70629883
  74.9732666   52.45812988  82.7220459   79.60473633  80.3795166
  73.5357666   57.66796875  57.99890137  85.37963867  78.47973633
  79.39916992  75.81604004  64.59094238  67.84448242  78.33422852
  30.72497559  67.19458008  82.47790527  70.65637207  63.77783203
  57.38989258  72.41540527  51.90307617  86.18920898  74.31201172
  65.48522949  76.92041016  78.64953613  44.65026855  52.26269531]
[ 2023-03-18 13:27:42,419 ] 58 root - INFO - Real Train Data [ 52.  40.  65.  63.  93.  66.  84.  65.  86.  51.  50.  76.  53.  79.
  43.  57.  62.  51.  74.  54.  65.  53.  51.  68.  79.  67.  60.  97.
  68.  59.  67.  85.  71.  88.  85.  74.  62.  55.  74.  37.  68.  53.
  63.  87.  65.  43.  69.  91.  59.  59.  67.  79.  40.  87.  86.  71.
  65.  82.  69.  71.  62.  72.  66.  72.  44.  82.  66.  42.  97.  59.
  55.  71.  59.  64.  55. 100.  88.  62.  64.  88.  95.  75.  29.  88.
  39.  66.  85.  80.  72.  79.  79.  80.  52.  68.  75.  66.  78.  74.
  61.  69.  40.  48.  72.  79.  87.  88.  54.  81.  68.  78.  24.  54.
  63.  69.  88.  54.  18.  67.  61.  61.  87.  65.  76.  48.  65.  82.
  74.  68.  53.  71.  47.  61.  67.  58.  69.  87.  43.  70.  66.  88.
  73.  91.  69.  90.  60.  59.  97.  77.  27.  94.  85.  56.  77.  72.
  56.  64.  80.  81.  79.  70.  79.  73.  56.  66.  59.  78.  63.  58.
  69.  83.  70.  54.  86.  80.  79.  69.  58.  52.  78.  76.  77.  74.
  70.  74.  80.  29.  73.  87.  59.  62.  52.  71.  48.  89.  65.  67.
  75.  78.  46.  57.] and Predicted Train Data [ 51.10961914  46.51635742  62.21484375  60.03405762  90.67407227
  64.4119873   86.86999512  61.45068359  82.953125    51.1640625
  52.17346191  82.63891602  56.8848877   76.58947754  50.87316895
  52.84020996  70.87512207  61.14135742  72.07543945  54.72253418
  72.39733887  60.12634277  54.47167969  60.32348633  81.01403809
  67.78625488  62.41638184  94.37182617  69.68029785  49.22827148
  60.04614258  81.95593262  71.68029785  82.1394043   74.82580566
  69.33679199  64.34655762  59.75463867  72.70275879  40.84375
  54.54785156  53.53320312  52.08227539  88.2980957   71.39624023
  48.42614746  70.47583008  95.17199707  60.51806641  53.48425293
  73.91699219  88.76586914  44.20373535  85.81555176  90.05566406
  69.18920898  58.48876953  82.06787109  67.3203125   66.92687988
  57.94506836  72.54248047  71.30737305  68.25195312  52.95227051
  80.49475098  68.2890625   55.08166504  88.93115234  54.64941406
  60.66577148  76.72180176  54.10375977  63.97436523  59.87390137
 105.64697266  86.42468262  64.26330566  60.24560547  87.98510742
  84.32861328  78.83251953  35.21789551  82.75268555  52.04040527
  65.390625    82.97363281  81.95336914  64.72338867  80.51306152
  79.22094727  76.41699219  50.52001953  67.83679199  78.82080078
  67.55444336  85.05737305  73.2331543   52.94238281  67.27026367
  51.98474121  58.62109375  70.27526855  75.30578613  91.21899414
  82.25390625  54.16723633  89.38708496  62.0904541   76.46081543
  22.50744629  54.91564941  59.5703125   77.85986328  78.4005127
  58.36657715  21.53112793  62.74755859  68.56689453  64.03918457
  81.93066406  65.9296875   72.23095703  51.0579834   69.85083008
  84.51196289  74.59033203  65.38391113  58.33605957  72.85583496
  52.39453125  48.4822998   70.55737305  64.0246582   78.48754883
  85.91821289  44.11682129  64.44213867  61.1184082   77.47729492
  71.70361328  97.40551758  62.94995117  91.375       66.79138184
  57.87658691  88.82714844  67.57397461  40.13586426  89.42602539
  91.38989258  53.26086426  79.03173828  68.03735352  61.93212891
  52.11523438  68.82507324  75.64245605  70.83984375  74.4440918
  78.0871582   66.46203613  55.51477051  65.36376953  63.75646973
  73.25598145  66.37597656  56.86755371  70.48693848  79.70629883
  74.9732666   52.45812988  82.7220459   79.60473633  80.3795166
  73.5357666   57.66796875  57.99890137  85.37963867  78.47973633
  79.39916992  75.81604004  64.59094238  67.84448242  78.33422852
  30.72497559  67.19458008  82.47790527  70.65637207  63.77783203
  57.38989258  72.41540527  51.90307617  86.18920898  74.31201172
  65.48522949  76.92041016  78.64953613  44.65026855  52.26269531]
[ 2023-03-18 13:27:42,420 ] 65 root - INFO - Test model score : 0.877359822837107 \n Test Model Score: 0.8704023080124457
[ 2023-03-18 13:27:42,420 ] 67 root - INFO - Report Addded : {'Random Forest': 0.8424630376466407, 'Decision Tree': 0.7211297469311375, 'Gradient Boosting': 0.8591628172377538, 'Linear Regression': 0.8704023080124457}
[ 2023-03-18 13:27:42,420 ] 39 root - INFO - Evaluting Model: KNeighborsRegressor() on Params; {}
[ 2023-03-18 13:27:42,420 ] 43 root - INFO - GridSearchCV(cv=3, estimator=KNeighborsRegressor(), param_grid={})
[ 2023-03-18 13:27:42,745 ] 45 root - INFO - Doing Grid Search CV
[ 2023-03-18 13:27:42,747 ] 50 root - INFO - Model Trained With Hyper Parameter Tunning
[ 2023-03-18 13:27:42,786 ] 57 root - INFO - Real Train Data [ 73.  58.  55.  37.  74.  79.  53.  75.  47.  66.  53.  66.  38.  64.
  57.  85.  90.  68.  76.  64.  62.  62.  76.  63.  54.  81.  66.  62.
  67.  74.  77.  85.  55.  52.  62.  74.  38.  48.  92.  76.  50.  48.
  50.  75.  45.  75.  60.  73.  81.  79.  75.  57.  79.  57.  68.  70.
  59.  47.  59.  68.  65.  58.  86.  76.  57.  67.  80.  61.  62.  65.
  39.  81.  81.  79.  91.  74.  75.  61.  54.  52.  66.  81.  97.  53.
  74.  57.  38.  69.  69.  84.  91.  36.  72.  79.  53.  65.  83.  87.
  47.  59.  68.  52.  58.  68.  64.  35.  69.  73.  79.  65.  69.  29.
  65.  80.  42.  44.  65.  73.  53.  65.  72.  80.  71.  63.  53.  83.
  71.  62.  59.  72.  62.  46.  67.  85.  91.  59.  76.  66.  59.  79.
  98.  27.  73.  88.  73.  68.  69.  72.  62.  86.  69.  82.  87.  58.
  89.  84.  35.  77.  51.  63.  84.  64.  54.  42.  56.  94.  80.  70.
  49.  69.   8.  58.  73.  61.  47.  59.  65.  26.  64.  59.  76.  82.
  77.  91.  69.  74.  62.  69.  73.  69.  62.  80.  48.  86.  43.  50.
  49.  65.  55.  51.  73.  52.  43.  75.  44.  81.  64.  65.  71.  65.
  30.  83.  85.  66.  76.  58.  92.  37.  75.  60.  55.  66.  76.  96.
  50.  49.  83.  92.  96.  73.  82.  67.  67.  48.  22.  70.  77.  56.
  53.  65.  58.  89.  66.  74.  83.  62.  73.  81.  47.  87.  80.  62.
  53. 100.  63.   0.  85.  68.  61.  34.  58.  78.  70.  61.  79.  68.
  70.  51.  73.  74.  82.  62.  19.  67.  70.  87.  63.  65.  61.  62.
  65.  49.  54.  46.  50.  45.  86.  67.  64.  55.  64.  71.  80.  71.
  66.  82.  50.  33.  40.  70.  63.  86.  48.  92.  59.  65.  62.  93.
  53.  58.  71.  77.  74.  78.  71.  46.  53.  62.  64.  62.  88.  62.
  69.  90.  53.  88.  69.  81.  65.  61.  99.  71.  62.  52.  79.  90.
  72.  61.  63.  89.  35.  54.  74.  78.  76.  53.  68.  75.  67.  69.
  81.  63.  41.  57.  61.  84.  61.  59.  49.  49.  41.  58.  76.  76.
  53.  49.  48.  55.  32.  61.  68.  72.  44.  63.  60.  90.  77.  61.
  58.  49.  64.  98.  55.  94.  71.  53.  63.  55.  46.  63.  76.  58.
  90.  72.  76.  32.  64.  36.  61.  81.  55.  85.  60.  60.  59.  80.
  82.  50.  35.  52.  96.  77.  82.  71.  83.  85.  69.  62.  69.  44.
  50.  54.  67.  59.  47.  54.  80.  61.  64.  49.  62.  44.  89.  81.
  68.  77.  65.  77.  88.  83.  73.  69.  68.  69.  58.  46.  61.  57.
  49.  61.  49.  56.  75.  58.  63.  78.  41.  46.  54.  73.  64. 100.
  57.  50.  67.  49.  70.  84.  42.  75.  61.  59.  99.  78.  78.  40.
  74.  74.  82.  62.  58.  75.  63.  34.  69.  52.  63.  69. 100.  75.
  68.  58.  65.  94.  76.  84.  65.  72.  63.  76.  69.  78.  81. 100.
  70.  44.  30.  84.  68.  84.  50.  81.  70.  84.  59.  98.  67.  73.
  88.  50.  77.  40.  75.  77.  54.  90.  64.  41.  49.  85.  77.  57.
  39.  94.  71. 100.  71.  58.  45.  67.  81.  82.  71.  70.  51.  66.
  79.  50.  72.  63.  84.  59.  91.  47.  97.  65.  58.  63.  54.  60.
  39.  68.  58.  57.  82.  91.  65.  57.  99.  56.  70.  59.  52.  82.
  53.  70.  67.  71.  50.  74.  66.  47.  59.  66.  52.  81.  75.  90.
  69.  82.  65.  62.  62.  62.  28.  61.  40.  52.  72.  45.  68.  94.
  44.  55.  74.  71.  79.  80.  46.  41.  52.  48.  77.  55.  45.  65.
  71.  65.  49.  45.  75.  69.  60.  81.  42.  68.  75.  62.  64.  82.
  74.  66.  81.  40.  60.  75.  49.  61.  87.  79.  87.  53.  77.  59.
  76.  52.  95.  91.  54.  55.  65.  93.  53.  67.  53.  68.  71.  41.
  57.  45.  88.  60.  81.  77.  66.  49.  53.  61.  47.  89.  71.  94.
  59.  59.  58.  85.  74.  65.  54.  59.  66.  77.  71.  93.  55.  52.
  73.  71.  60.  69.  40.  76.  52.  47.  77.  45.  63.  51.  48.  60.
  59.  72.  55.  76.  73.  72.  56.  82.  63.  67.  62.  87.  44.  55.
  66.  63.  85.  57.  60.  88.  53.  87.  64.  77.  67.  65.  50.  40.
  57.  57.  23.  67.  79.  81.  77.  70.  78.  51.  54.  63.  35.  64.
  67.  92.  65.  46.  46.  37.  80.  42.  68.  58.  45.  75.  80.  49.
  74.  67.  61.  63.  77.  60.  56.  77.  60.  73.  73.  78.  73.  73.
  87.  62.  57.  46.  74.  92.  61.  81.  73.  72.  66.  73.  32.  82.
  68.  97.  51.  59. 100.  87.  62.  69.  51.  88.  58.  59.  61.  62.
  67.  73.] and Predicted Train Data [70.8 50.8 69.4 69.  79.4 57.  69.8 72.2 68.4 60.4 63.6 80.6 48.  67.
 56.8 60.8 68.4 77.6 57.6 53.2 75.6 55.2 52.6 60.8 73.4 68.  69.  79.4
 55.2 57.2 56.6 73.4 71.8 77.4 73.6 79.4 70.6 59.8 66.6 59.2 67.  62.6
 46.6 74.6 76.6 45.2 64.6 75.4 65.4 66.8 64.8 73.4 54.6 75.4 79.2 65.8
 52.8 76.  58.8 65.2 62.8 70.4 70.4 68.4 61.8 83.6 57.  61.2 73.6 60.8
 64.6 73.6 56.2 62.8 60.  87.  67.8 67.6 58.4 80.4 83.2 67.2 56.  77.2
 52.8 76.6 73.4 77.8 67.6 73.8 70.8 77.6 60.8 63.8 69.8 68.4 72.  64.6
 68.  60.  67.8 58.4 76.6 70.  83.8 74.  71.6 77.2 69.  74.2 32.2 57.8
 63.2 77.4 68.6 60.6 25.  73.4 72.4 64.6 68.  66.8 72.4 63.  68.2 63.
 66.  64.6 55.2 67.  59.6 62.8 65.6 67.6 77.4 79.  52.  60.8 61.2 72.4
 72.6 73.8 66.  79.2 67.6 57.6 69.8 68.8 61.2 73.6 83.6 45.2 75.6 68.8
 71.4 55.2 73.6 69.8 60.2 74.2 77.  74.2 67.  63.4 67.6 58.8 61.  62.6
 67.6 69.6 75.8 56.4 77.4 79.  63.2 72.4 56.8 63.2 84.8 76.4 64.2 66.
 68.  58.4 67.4 47.2 69.8 77.8 75.2 64.6 62.8 66.8 61.4 72.4 70.6 75.6
 75.2 68.6 54.2 63.2]
[ 2023-03-18 13:27:42,790 ] 58 root - INFO - Real Train Data [ 52.  40.  65.  63.  93.  66.  84.  65.  86.  51.  50.  76.  53.  79.
  43.  57.  62.  51.  74.  54.  65.  53.  51.  68.  79.  67.  60.  97.
  68.  59.  67.  85.  71.  88.  85.  74.  62.  55.  74.  37.  68.  53.
  63.  87.  65.  43.  69.  91.  59.  59.  67.  79.  40.  87.  86.  71.
  65.  82.  69.  71.  62.  72.  66.  72.  44.  82.  66.  42.  97.  59.
  55.  71.  59.  64.  55. 100.  88.  62.  64.  88.  95.  75.  29.  88.
  39.  66.  85.  80.  72.  79.  79.  80.  52.  68.  75.  66.  78.  74.
  61.  69.  40.  48.  72.  79.  87.  88.  54.  81.  68.  78.  24.  54.
  63.  69.  88.  54.  18.  67.  61.  61.  87.  65.  76.  48.  65.  82.
  74.  68.  53.  71.  47.  61.  67.  58.  69.  87.  43.  70.  66.  88.
  73.  91.  69.  90.  60.  59.  97.  77.  27.  94.  85.  56.  77.  72.
  56.  64.  80.  81.  79.  70.  79.  73.  56.  66.  59.  78.  63.  58.
  69.  83.  70.  54.  86.  80.  79.  69.  58.  52.  78.  76.  77.  74.
  70.  74.  80.  29.  73.  87.  59.  62.  52.  71.  48.  89.  65.  67.
  75.  78.  46.  57.] and Predicted Train Data [70.8 50.8 69.4 69.  79.4 57.  69.8 72.2 68.4 60.4 63.6 80.6 48.  67.
 56.8 60.8 68.4 77.6 57.6 53.2 75.6 55.2 52.6 60.8 73.4 68.  69.  79.4
 55.2 57.2 56.6 73.4 71.8 77.4 73.6 79.4 70.6 59.8 66.6 59.2 67.  62.6
 46.6 74.6 76.6 45.2 64.6 75.4 65.4 66.8 64.8 73.4 54.6 75.4 79.2 65.8
 52.8 76.  58.8 65.2 62.8 70.4 70.4 68.4 61.8 83.6 57.  61.2 73.6 60.8
 64.6 73.6 56.2 62.8 60.  87.  67.8 67.6 58.4 80.4 83.2 67.2 56.  77.2
 52.8 76.6 73.4 77.8 67.6 73.8 70.8 77.6 60.8 63.8 69.8 68.4 72.  64.6
 68.  60.  67.8 58.4 76.6 70.  83.8 74.  71.6 77.2 69.  74.2 32.2 57.8
 63.2 77.4 68.6 60.6 25.  73.4 72.4 64.6 68.  66.8 72.4 63.  68.2 63.
 66.  64.6 55.2 67.  59.6 62.8 65.6 67.6 77.4 79.  52.  60.8 61.2 72.4
 72.6 73.8 66.  79.2 67.6 57.6 69.8 68.8 61.2 73.6 83.6 45.2 75.6 68.8
 71.4 55.2 73.6 69.8 60.2 74.2 77.  74.2 67.  63.4 67.6 58.8 61.  62.6
 67.6 69.6 75.8 56.4 77.4 79.  63.2 72.4 56.8 63.2 84.8 76.4 64.2 66.
 68.  58.4 67.4 47.2 69.8 77.8 75.2 64.6 62.8 66.8 61.4 72.4 70.6 75.6
 75.2 68.6 54.2 63.2]
[ 2023-03-18 13:27:42,792 ] 65 root - INFO - Test model score : 0.6895078557486356 \n Test Model Score: 0.4981420508414579
[ 2023-03-18 13:27:42,792 ] 67 root - INFO - Report Addded : {'Random Forest': 0.8424630376466407, 'Decision Tree': 0.7211297469311375, 'Gradient Boosting': 0.8591628172377538, 'Linear Regression': 0.8704023080124457, 'K-Neighbors Regression': 0.4981420508414579}
[ 2023-03-18 13:27:42,793 ] 18 root - INFO - 'XGBRegression'
[ 2023-03-18 13:27:42,793 ] 18 root - INFO - Error Occured in Python Script name [d:\mlproject\src\utils.py] line numer [37] error message ['XGBRegression']
[ 2023-03-18 13:27:42,793 ] 18 root - INFO - Error Occured in Python Script name [d:\mlproject\src\components\model_trainer.py] line numer [101] error message [Error Occured in Python Script name [d:\mlproject\src\utils.py] line numer [37] error message ['XGBRegression']]
