[ 2023-03-17 20:58:24,409 ] 26 root - INFO - Entered the data ingestion method or components
[ 2023-03-17 20:58:24,520 ] 29 root - INFO - Exported Read The Dataset as DataFrame
[ 2023-03-17 20:58:24,578 ] 35 root - INFO - Train Test Split Inititated
[ 2023-03-17 20:58:24,678 ] 41 root - INFO - Ingestion of Data is completed
[ 2023-03-17 20:58:24,683 ] 84 root - INFO - Read train and test data completed
[ 2023-03-17 20:58:24,684 ] 86 root - INFO - Obtaining preprocessing object
[ 2023-03-17 20:58:24,684 ] 43 root - INFO - Categorical columns: ['gender', 'race_ethnicity', 'parental_level_of_education', 'lunch', 'test_preparation_course']
[ 2023-03-17 20:58:24,684 ] 44 root - INFO - Numerical columns: ['writing_score', 'reading_score']
[ 2023-03-17 20:58:24,722 ] 60 root - INFO - Categorical Pipeline: Pipeline(steps=[('imputer', SimpleImputer(strategy='most_frequent')),
                ('one_hot_encoder', OneHotEncoder()),
                ('scaler', StandardScaler(with_mean=False))])
[ 2023-03-17 20:58:24,723 ] 61 root - INFO - Numerical Pipline: Pipeline(steps=[('imputer', SimpleImputer(strategy='median')),
                ('scaler', StandardScaler(with_mean=False))])
[ 2023-03-17 20:58:24,724 ] 70 root - INFO - Categorical Pipline &Numerical Pipeline Excueted Scuceesully
[ 2023-03-17 20:58:24,733 ] 71 root - INFO - Preprocesssor is returned ColumnTransformer(transformers=[('num_pipeline',
                                 Pipeline(steps=[('imputer',
                                                  SimpleImputer(strategy='median')),
                                                 ('scaler',
                                                  StandardScaler(with_mean=False))]),
                                 ['writing_score', 'reading_score']),
                                ('cat_pipeline',
                                 Pipeline(steps=[('imputer',
                                                  SimpleImputer(strategy='most_frequent')),
                                                 ('one_hot_encoder',
                                                  OneHotEncoder()),
                                                 ('scaler',
                                                  StandardScaler(with_mean=False))]),
                                 ['gender', 'race_ethnicity',
                                  'parental_level_of_education', 'lunch',
                                  'test_preparation_course'])])
[ 2023-03-17 20:58:24,733 ] 102 root - INFO - Categorical columns: ['gender', 'race_ethnicity', 'parental_level_of_education', 'lunch', 'test_preparation_course']
[ 2023-03-17 20:58:24,734 ] 103 root - INFO - Numerical columns: ['writing_score', 'reading_score']
[ 2023-03-17 20:58:24,734 ] 104 root - INFO - Target columns: math_score
[ 2023-03-17 20:58:24,734 ] 106 root - INFO - Removing Target Columns from Train and Test Set
[ 2023-03-17 20:58:24,737 ] 115 root - INFO - Applying preprocessing object on training dataframe and testing dataframe.
[ 2023-03-17 20:58:24,811 ] 130 root - INFO - Data Transformation Complted.
[ 2023-03-17 20:58:24,818 ] 140 root - INFO - Saved preprocessing object.
[ 2023-03-17 20:58:24,818 ] 39 root - INFO - Split training and test input data
[ 2023-03-17 20:58:28,548 ] 61 root - INFO - Model Report Genrated : {'Radom Forest': 0.8420188223981053, 'Decision Tree': 0.7502352453577953, 'Gradient Boosting': 0.8525831658168388, 'Linear Regression': 0.8704023080124457, 'K-Neighbors Regression': 0.4981420508414579, 'XGBRegression': 0.8399685131498817, 'CatBoosting Regression': 0.8476986775457768, 'AdaBoost Regression': 0.8363761428508135}
[ 2023-03-17 20:58:28,548 ] 18 root - INFO - name 'get_key' is not defined
