[ 2023-03-18 22:10:45,849 ] 44 root - INFO - Reading Custom Data
[ 2023-03-18 22:10:45,857 ] 224 werkzeug - WARNING -  * Debugger is active!
[ 2023-03-18 22:10:45,863 ] 224 werkzeug - INFO -  * Debugger PIN: 979-828-584
[ 2023-03-18 22:10:49,407 ] 224 werkzeug - INFO - 127.0.0.1 - - [18/Mar/2023 22:10:49] "GET / HTTP/1.1" 200 -
[ 2023-03-18 22:10:49,506 ] 224 werkzeug - INFO - 127.0.0.1 - - [18/Mar/2023 22:10:49] "GET / HTTP/1.1" 200 -
[ 2023-03-18 22:10:52,514 ] 224 werkzeug - INFO - 127.0.0.1 - - [18/Mar/2023 22:10:52] "GET /predictdata HTTP/1.1" 200 -
[ 2023-03-18 22:10:52,618 ] 224 werkzeug - INFO - 127.0.0.1 - - [18/Mar/2023 22:10:52] "GET /predictdata HTTP/1.1" 200 -
[ 2023-03-18 22:11:12,393 ] 36 root - INFO - DataFram:   gender race_ethnicity parental_level_of_education     lunch test_preparation_course  reading_score  writing_score
0   male        group A           bachelor's degree  standard               completed          100.0          100.0
[ 2023-03-18 22:11:12,393 ] 20 root - INFO - Model Path: artifact\model.pkl
[ 2023-03-18 22:11:12,394 ] 24 root - INFO - Preprocessor Path: artifact\preprocessor.pkl
[ 2023-03-18 22:11:12,394 ] 76 root - INFO - Loading Object from artifact\model.pkl
[ 2023-03-18 22:11:12,432 ] 81 root - INFO - Object LinearRegression() loaded from artifact\model.pkl Scucessfully
[ 2023-03-18 22:11:12,432 ] 76 root - INFO - Loading Object from artifact\preprocessor.pkl
[ 2023-03-18 22:11:12,457 ] 81 root - INFO - Object ColumnTransformer(transformers=[('num_pipeline',
                                 Pipeline(steps=[('imputer',
                                                  SimpleImputer(strategy='median')),
                                                 ('scaler',
                                                  StandardScaler(with_mean=False))]),
                                 ['writing_score', 'reading_score']),
                                ('cat_pipeline',
                                 Pipeline(steps=[('imputer',
                                                  SimpleImputer(strategy='most_frequent')),
                                                 ('one_hot_encoder',
                                                  OneHotEncoder()),
                                                 ('scaler',
                                                  StandardScaler(with_mean=False))]),
                                 ['gender', 'race_ethnicity',
                                  'parental_level_of_education', 'lunch',
                                  'test_preparation_course'])]) loaded from artifact\preprocessor.pkl Scucessfully
[ 2023-03-18 22:11:12,457 ] 29 root - INFO - Transforming The Data
[ 2023-03-18 22:11:12,542 ] 31 root - INFO - Transformed  Data: [[6.52322923 6.79503321 0.         2.0025047  3.49428279 0.
  0.         0.         0.         0.         3.16475109 0.
  0.         0.         0.         0.         2.07268493 2.09830697
  0.        ]]
[ 2023-03-18 22:11:12,543 ] 34 root - INFO - Predicting the Result
[ 2023-03-18 22:11:12,558 ] 36 root - INFO - Predicted the Result: [100.45141602]
[ 2023-03-18 22:11:12,558 ] 40 root - INFO - Predicted Score: [100.45141602]
[ 2023-03-18 22:11:12,559 ] 224 werkzeug - INFO - 127.0.0.1 - - [18/Mar/2023 22:11:12] "POST /predictdata HTTP/1.1" 200 -
[ 2023-03-18 22:11:12,656 ] 224 werkzeug - INFO - 127.0.0.1 - - [18/Mar/2023 22:11:12] "GET /predictdata HTTP/1.1" 200 -
[ 2023-03-18 22:12:46,027 ] 224 werkzeug - INFO -  * Detected change in 'd:\\mlproject\\app.py', reloading
