[ 2023-03-17 18:26:42,117 ] 24 root - INFO - Entered the data ingestion method or components
[ 2023-03-17 18:26:42,122 ] 27 root - INFO - Exported Read The Dataset as DataFrame
[ 2023-03-17 18:26:42,130 ] 33 root - INFO - Train Test Split Inititated
[ 2023-03-17 18:26:42,139 ] 39 root - INFO - Ingestion of Data is completed
[ 2023-03-17 18:26:42,145 ] 84 root - INFO - Read train and test data completed
[ 2023-03-17 18:26:42,145 ] 86 root - INFO - Obtaining preprocessing object
[ 2023-03-17 18:26:42,145 ] 43 root - INFO - Categorical columns: ['gender', 'race_ethnicity', 'parental_level_of_education', 'lunch', 'test_preparation_course']
[ 2023-03-17 18:26:42,145 ] 44 root - INFO - Numerical columns: ['writing_score', 'reading_score']
[ 2023-03-17 18:26:42,148 ] 60 root - INFO - Categorical Pipeline: Pipeline(steps=[('imputer', SimpleImputer(strategy='most_frequent')),
                ('one_hot_encoder', OneHotEncoder()),
                ('scaler', StandardScaler(with_mean=False))])
[ 2023-03-17 18:26:42,149 ] 61 root - INFO - Numerical Pipline: Pipeline(steps=[('imputer', SimpleImputer(strategy='median')),
                ('scaler', StandardScaler(with_mean=False))])
[ 2023-03-17 18:26:42,149 ] 70 root - INFO - Categorical Pipline &Numerical Pipeline Excueted Scuceesully
[ 2023-03-17 18:26:42,159 ] 71 root - INFO - Preprocesssor is returned ColumnTransformer(transformers=[('num_pipeline',
                                 Pipeline(steps=[('imputer',
                                                  SimpleImputer(strategy='median')),
                                                 ('scaler',
                                                  StandardScaler(with_mean=False))]),
                                 ['writing_score', 'reading_score']),
                                ('cat_pipeline',
                                 Pipeline(steps=[('imputer',
                                                  SimpleImputer(strategy='most_frequent')),
                                                 ('one_hot_encoder',
                                                  OneHotEncoder()),
                                                 ('scaler',
                                                  StandardScaler(with_mean=False))]),
                                 ['gender', 'race_ethnicity',
                                  'parental_level_of_education', 'lunch',
                                  'test_preparation_course'])])
[ 2023-03-17 18:26:42,159 ] 102 root - INFO - Categorical columns: ['gender', 'race_ethnicity', 'parental_level_of_education', 'lunch', 'test_preparation_course']
[ 2023-03-17 18:26:42,159 ] 103 root - INFO - Numerical columns: ['writing_score', 'reading_score']
[ 2023-03-17 18:26:42,159 ] 104 root - INFO - Target columns: math_score
[ 2023-03-17 18:26:42,159 ] 106 root - INFO - Removing Target Columns from Train and Test Set
[ 2023-03-17 18:26:42,160 ] 115 root - INFO - Applying preprocessing object on training dataframe and testing dataframe.
[ 2023-03-17 18:26:42,176 ] 130 root - INFO - Data Transformation Complted.
[ 2023-03-17 18:26:42,182 ] 140 root - INFO - Saved preprocessing object.
