[ 2023-03-18 13:28:34,647 ] 26 root - INFO - Entered the data ingestion method or components
[ 2023-03-18 13:28:34,653 ] 29 root - INFO - Exported Read The Dataset as DataFrame
[ 2023-03-18 13:28:34,662 ] 35 root - INFO - Train Test Split Inititated
[ 2023-03-18 13:28:34,674 ] 41 root - INFO - Ingestion of Data is completed
[ 2023-03-18 13:28:34,674 ] 62 root - INFO - Train Data : artifact\train.csv, Test Data : artifact\test.csv
[ 2023-03-18 13:28:34,681 ] 85 root - INFO - Read train and test data completed
[ 2023-03-18 13:28:34,682 ] 87 root - INFO - Obtaining preprocessing object
[ 2023-03-18 13:28:34,682 ] 34 root - INFO - Entered the data transfomation method or components
[ 2023-03-18 13:28:34,682 ] 44 root - INFO - Categorical columns: ['gender', 'race_ethnicity', 'parental_level_of_education', 'lunch', 'test_preparation_course']
[ 2023-03-18 13:28:34,683 ] 45 root - INFO - Numerical columns: ['writing_score', 'reading_score']
[ 2023-03-18 13:28:34,686 ] 61 root - INFO - Categorical Pipeline: Pipeline(steps=[('imputer', SimpleImputer(strategy='most_frequent')),
                ('one_hot_encoder', OneHotEncoder()),
                ('scaler', StandardScaler(with_mean=False))])
[ 2023-03-18 13:28:34,687 ] 62 root - INFO - Numerical Pipline: Pipeline(steps=[('imputer', SimpleImputer(strategy='median')),
                ('scaler', StandardScaler(with_mean=False))])
[ 2023-03-18 13:28:34,687 ] 71 root - INFO - Categorical Pipline &Numerical Pipeline Excueted Scuceesully
[ 2023-03-18 13:28:34,701 ] 72 root - INFO - Preprocesssor is returned ColumnTransformer(transformers=[('num_pipeline',
                                 Pipeline(steps=[('imputer',
                                                  SimpleImputer(strategy='median')),
                                                 ('scaler',
                                                  StandardScaler(with_mean=False))]),
                                 ['writing_score', 'reading_score']),
                                ('cat_pipeline',
                                 Pipeline(steps=[('imputer',
                                                  SimpleImputer(strategy='most_frequent')),
                                                 ('one_hot_encoder',
                                                  OneHotEncoder()),
                                                 ('scaler',
                                                  StandardScaler(with_mean=False))]),
                                 ['gender', 'race_ethnicity',
                                  'parental_level_of_education', 'lunch',
                                  'test_preparation_course'])])
[ 2023-03-18 13:28:34,701 ] 103 root - INFO - Categorical columns: ['gender', 'race_ethnicity', 'parental_level_of_education', 'lunch', 'test_preparation_course']
[ 2023-03-18 13:28:34,701 ] 104 root - INFO - Numerical columns: ['writing_score', 'reading_score']
[ 2023-03-18 13:28:34,701 ] 105 root - INFO - Target columns: math_score
[ 2023-03-18 13:28:34,701 ] 107 root - INFO - Removing Target Columns from Train and Test Set
[ 2023-03-18 13:28:34,703 ] 116 root - INFO - Applying preprocessing object on training dataframe and testing dataframe.
[ 2023-03-18 13:28:34,725 ] 131 root - INFO - Data Transformation Complted.
[ 2023-03-18 13:28:34,726 ] 15 root - INFO - Saving object {obj} on file: {file_path} Started.
[ 2023-03-18 13:28:34,726 ] 18 root - INFO - Making Directory :artifact
[ 2023-03-18 13:28:34,726 ] 20 root - INFO - Directory Made
[ 2023-03-18 13:28:34,739 ] 21 root - INFO - Dumping object : ColumnTransformer(transformers=[('num_pipeline',
                                 Pipeline(steps=[('imputer',
                                                  SimpleImputer(strategy='median')),
                                                 ('scaler',
                                                  StandardScaler(with_mean=False))]),
                                 ['writing_score', 'reading_score']),
                                ('cat_pipeline',
                                 Pipeline(steps=[('imputer',
                                                  SimpleImputer(strategy='most_frequent')),
                                                 ('one_hot_encoder',
                                                  OneHotEncoder()),
                                                 ('scaler',
                                                  StandardScaler(with_mean=False))]),
                                 ['gender', 'race_ethnicity',
                                  'parental_level_of_education', 'lunch',
                                  'test_preparation_course'])])
[ 2023-03-18 13:28:34,759 ] 25 root - INFO - Dumping of obj ColumnTransformer(transformers=[('num_pipeline',
                                 Pipeline(steps=[('imputer',
                                                  SimpleImputer(strategy='median')),
                                                 ('scaler',
                                                  StandardScaler(with_mean=False))]),
                                 ['writing_score', 'reading_score']),
                                ('cat_pipeline',
                                 Pipeline(steps=[('imputer',
                                                  SimpleImputer(strategy='most_frequent')),
                                                 ('one_hot_encoder',
                                                  OneHotEncoder()),
                                                 ('scaler',
                                                  StandardScaler(with_mean=False))]),
                                 ['gender', 'race_ethnicity',
                                  'parental_level_of_education', 'lunch',
                                  'test_preparation_course'])]) Successfull <_io.BufferedWriter name='artifact\\preprocessor.pkl'>
[ 2023-03-18 13:28:34,759 ] 141 root - INFO - Saved preprocessing object as Pickle File.
[ 2023-03-18 13:28:34,760 ] 66 root - INFO - Train Array : [[ 4.30533129  4.62062258  0.         ...  0.          2.09830697
  73.        ]
 [ 4.37056358  4.75652325  2.0025047  ...  0.          2.09830697
  58.        ]
 [ 2.80498857  3.12571528  0.         ...  0.          2.09830697
  55.        ]
 ...
 [ 4.56626046  4.96037424  2.0025047  ...  0.          2.09830697
  62.        ]
 [ 5.47951255  5.36807623  2.0025047  ...  2.09830697  0.
  67.        ]
 [ 3.71824066  4.34882125  0.         ...  0.          2.09830697
  73.        ]],Test Array : [[ 3.00068544  3.32956627  0.         ...  2.09830697  0.
  52.        ]
 [ 3.32684691  4.00906959  2.0025047  ...  0.          2.09830697
  40.        ]
 [ 4.56626046  4.68857291  2.0025047  ...  0.          2.09830697
  65.        ]
 ...
 [ 5.21858338  5.23217557  0.         ...  2.09830697  0.
  78.        ]
 [ 3.78347295  3.66931793  2.0025047  ...  2.09830697  0.
  46.        ]
 [ 4.1748667   3.94111926  2.0025047  ...  2.09830697  0.
  57.        ]],Preprocessor Array : artifact\preprocessor.pkl
[ 2023-03-18 13:28:34,760 ] 38 root - INFO - Entered the Model Traineer method or components
[ 2023-03-18 13:28:34,760 ] 40 root - INFO - Split training and test input data
[ 2023-03-18 13:28:34,761 ] 31 root - INFO - Evaluting Model Started
[ 2023-03-18 13:28:34,761 ] 39 root - INFO - Evaluting Model: RandomForestRegressor() on Params; {'n_estimators': [8, 16, 32, 64, 128, 256]}
[ 2023-03-18 13:28:34,761 ] 43 root - INFO - GridSearchCV(cv=3, estimator=RandomForestRegressor(),
             param_grid={'n_estimators': [8, 16, 32, 64, 128, 256]})
[ 2023-03-18 13:28:40,953 ] 45 root - INFO - Doing Grid Search CV
[ 2023-03-18 13:28:41,214 ] 50 root - INFO - Model Trained With Hyper Parameter Tunning
[ 2023-03-18 13:28:41,240 ] 57 root - INFO - Real Train Data [ 73.  58.  55.  37.  74.  79.  53.  75.  47.  66.  53.  66.  38.  64.
  57.  85.  90.  68.  76.  64.  62.  62.  76.  63.  54.  81.  66.  62.
  67.  74.  77.  85.  55.  52.  62.  74.  38.  48.  92.  76.  50.  48.
  50.  75.  45.  75.  60.  73.  81.  79.  75.  57.  79.  57.  68.  70.
  59.  47.  59.  68.  65.  58.  86.  76.  57.  67.  80.  61.  62.  65.
  39.  81.  81.  79.  91.  74.  75.  61.  54.  52.  66.  81.  97.  53.
  74.  57.  38.  69.  69.  84.  91.  36.  72.  79.  53.  65.  83.  87.
  47.  59.  68.  52.  58.  68.  64.  35.  69.  73.  79.  65.  69.  29.
  65.  80.  42.  44.  65.  73.  53.  65.  72.  80.  71.  63.  53.  83.
  71.  62.  59.  72.  62.  46.  67.  85.  91.  59.  76.  66.  59.  79.
  98.  27.  73.  88.  73.  68.  69.  72.  62.  86.  69.  82.  87.  58.
  89.  84.  35.  77.  51.  63.  84.  64.  54.  42.  56.  94.  80.  70.
  49.  69.   8.  58.  73.  61.  47.  59.  65.  26.  64.  59.  76.  82.
  77.  91.  69.  74.  62.  69.  73.  69.  62.  80.  48.  86.  43.  50.
  49.  65.  55.  51.  73.  52.  43.  75.  44.  81.  64.  65.  71.  65.
  30.  83.  85.  66.  76.  58.  92.  37.  75.  60.  55.  66.  76.  96.
  50.  49.  83.  92.  96.  73.  82.  67.  67.  48.  22.  70.  77.  56.
  53.  65.  58.  89.  66.  74.  83.  62.  73.  81.  47.  87.  80.  62.
  53. 100.  63.   0.  85.  68.  61.  34.  58.  78.  70.  61.  79.  68.
  70.  51.  73.  74.  82.  62.  19.  67.  70.  87.  63.  65.  61.  62.
  65.  49.  54.  46.  50.  45.  86.  67.  64.  55.  64.  71.  80.  71.
  66.  82.  50.  33.  40.  70.  63.  86.  48.  92.  59.  65.  62.  93.
  53.  58.  71.  77.  74.  78.  71.  46.  53.  62.  64.  62.  88.  62.
  69.  90.  53.  88.  69.  81.  65.  61.  99.  71.  62.  52.  79.  90.
  72.  61.  63.  89.  35.  54.  74.  78.  76.  53.  68.  75.  67.  69.
  81.  63.  41.  57.  61.  84.  61.  59.  49.  49.  41.  58.  76.  76.
  53.  49.  48.  55.  32.  61.  68.  72.  44.  63.  60.  90.  77.  61.
  58.  49.  64.  98.  55.  94.  71.  53.  63.  55.  46.  63.  76.  58.
  90.  72.  76.  32.  64.  36.  61.  81.  55.  85.  60.  60.  59.  80.
  82.  50.  35.  52.  96.  77.  82.  71.  83.  85.  69.  62.  69.  44.
  50.  54.  67.  59.  47.  54.  80.  61.  64.  49.  62.  44.  89.  81.
  68.  77.  65.  77.  88.  83.  73.  69.  68.  69.  58.  46.  61.  57.
  49.  61.  49.  56.  75.  58.  63.  78.  41.  46.  54.  73.  64. 100.
  57.  50.  67.  49.  70.  84.  42.  75.  61.  59.  99.  78.  78.  40.
  74.  74.  82.  62.  58.  75.  63.  34.  69.  52.  63.  69. 100.  75.
  68.  58.  65.  94.  76.  84.  65.  72.  63.  76.  69.  78.  81. 100.
  70.  44.  30.  84.  68.  84.  50.  81.  70.  84.  59.  98.  67.  73.
  88.  50.  77.  40.  75.  77.  54.  90.  64.  41.  49.  85.  77.  57.
  39.  94.  71. 100.  71.  58.  45.  67.  81.  82.  71.  70.  51.  66.
  79.  50.  72.  63.  84.  59.  91.  47.  97.  65.  58.  63.  54.  60.
  39.  68.  58.  57.  82.  91.  65.  57.  99.  56.  70.  59.  52.  82.
  53.  70.  67.  71.  50.  74.  66.  47.  59.  66.  52.  81.  75.  90.
  69.  82.  65.  62.  62.  62.  28.  61.  40.  52.  72.  45.  68.  94.
  44.  55.  74.  71.  79.  80.  46.  41.  52.  48.  77.  55.  45.  65.
  71.  65.  49.  45.  75.  69.  60.  81.  42.  68.  75.  62.  64.  82.
  74.  66.  81.  40.  60.  75.  49.  61.  87.  79.  87.  53.  77.  59.
  76.  52.  95.  91.  54.  55.  65.  93.  53.  67.  53.  68.  71.  41.
  57.  45.  88.  60.  81.  77.  66.  49.  53.  61.  47.  89.  71.  94.
  59.  59.  58.  85.  74.  65.  54.  59.  66.  77.  71.  93.  55.  52.
  73.  71.  60.  69.  40.  76.  52.  47.  77.  45.  63.  51.  48.  60.
  59.  72.  55.  76.  73.  72.  56.  82.  63.  67.  62.  87.  44.  55.
  66.  63.  85.  57.  60.  88.  53.  87.  64.  77.  67.  65.  50.  40.
  57.  57.  23.  67.  79.  81.  77.  70.  78.  51.  54.  63.  35.  64.
  67.  92.  65.  46.  46.  37.  80.  42.  68.  58.  45.  75.  80.  49.
  74.  67.  61.  63.  77.  60.  56.  77.  60.  73.  73.  78.  73.  73.
  87.  62.  57.  46.  74.  92.  61.  81.  73.  72.  66.  73.  32.  82.
  68.  97.  51.  59. 100.  87.  62.  69.  51.  88.  58.  59.  61.  62.
  67.  73.] and Predicted Train Data [52.96875    47.015625   61.40625    58.328125   92.40625    61.6875
 92.265625   59.3125     83.09375    49.328125   51.296875   83.8125
 59.875      75.765625   47.125      51.171875   67.875      60.765625
 73.609375   56.78125    72.         59.921875   59.71875    57.8125
 79.453125   70.6875     59.296875   92.09375    69.46875    52.0625
 57.515625   83.796875   70.4375     83.78125    71.53125    69.703125
 62.40625    62.125      68.65625    39.09375    56.265625   50.546875
 51.046875   83.46875    66.8125     49.4375     69.078125   96.03125
 59.046875   52.515625   73.890625   89.625      46.171875   86.484375
 85.796875   70.25       54.90625    86.015625   73.421875   61.921875
 55.75       71.375      72.828125   65.34375    51.28125    80.02083333
 67.859375   54.421875   92.078125   50.34375    60.0625     80.765625
 51.84375    64.375      60.25       97.3125     85.60416667 68.21875
 64.84375    91.86681548 83.53125    77.78125    42.265625   84.953125
 50.140625   59.859375   85.90625    80.9375     67.109375   79.40625
 81.40625    76.796875   52.484375   70.859375   76.703125   65.796875
 83.234375   68.234375   49.6875     64.515625   51.90625    57.015625
 70.15625    77.75520833 94.328125   83.828125   55.46875    84.54166667
 65.09375    84.921875   20.48958333 55.9375     57.5        75.203125
 80.75       57.59375    24.125      65.453125   72.046875   62.
 85.5625     65.828125   72.953125   49.484375   69.625      85.453125
 78.4375     60.796875   60.015625   72.53125    52.890625   48.65625
 65.765625   61.703125   78.40625    88.28125    45.953125   62.125
 62.671875   77.953125   69.859375   95.59375    67.34375    92.03125
 65.75       60.03125    90.140625   62.578125   45.65625    90.8125
 88.59895833 52.59375    80.15625    72.515625   60.734375   52.59375
 69.265625   70.953125   70.90625    76.578125   80.828125   68.46875
 56.015625   64.015625   62.265625   75.1875     67.5625     56.5625
 69.21875    75.359375   73.375      56.515625   82.140625   83.953125
 80.4375     74.609375   54.375      56.4375     84.484375   76.890625
 89.77083333 73.671875   65.359375   63.796875   79.078125   34.4375
 63.265625   85.40625    70.40625    62.09375    53.328125   65.5
 51.90625    90.953125   77.328125   62.984375   76.265625   81.5625
 48.859375   53.75      ]
[ 2023-03-18 13:28:41,244 ] 58 root - INFO - Real Train Data [ 52.  40.  65.  63.  93.  66.  84.  65.  86.  51.  50.  76.  53.  79.
  43.  57.  62.  51.  74.  54.  65.  53.  51.  68.  79.  67.  60.  97.
  68.  59.  67.  85.  71.  88.  85.  74.  62.  55.  74.  37.  68.  53.
  63.  87.  65.  43.  69.  91.  59.  59.  67.  79.  40.  87.  86.  71.
  65.  82.  69.  71.  62.  72.  66.  72.  44.  82.  66.  42.  97.  59.
  55.  71.  59.  64.  55. 100.  88.  62.  64.  88.  95.  75.  29.  88.
  39.  66.  85.  80.  72.  79.  79.  80.  52.  68.  75.  66.  78.  74.
  61.  69.  40.  48.  72.  79.  87.  88.  54.  81.  68.  78.  24.  54.
  63.  69.  88.  54.  18.  67.  61.  61.  87.  65.  76.  48.  65.  82.
  74.  68.  53.  71.  47.  61.  67.  58.  69.  87.  43.  70.  66.  88.
  73.  91.  69.  90.  60.  59.  97.  77.  27.  94.  85.  56.  77.  72.
  56.  64.  80.  81.  79.  70.  79.  73.  56.  66.  59.  78.  63.  58.
  69.  83.  70.  54.  86.  80.  79.  69.  58.  52.  78.  76.  77.  74.
  70.  74.  80.  29.  73.  87.  59.  62.  52.  71.  48.  89.  65.  67.
  75.  78.  46.  57.] and Predicted Train Data [52.96875    47.015625   61.40625    58.328125   92.40625    61.6875
 92.265625   59.3125     83.09375    49.328125   51.296875   83.8125
 59.875      75.765625   47.125      51.171875   67.875      60.765625
 73.609375   56.78125    72.         59.921875   59.71875    57.8125
 79.453125   70.6875     59.296875   92.09375    69.46875    52.0625
 57.515625   83.796875   70.4375     83.78125    71.53125    69.703125
 62.40625    62.125      68.65625    39.09375    56.265625   50.546875
 51.046875   83.46875    66.8125     49.4375     69.078125   96.03125
 59.046875   52.515625   73.890625   89.625      46.171875   86.484375
 85.796875   70.25       54.90625    86.015625   73.421875   61.921875
 55.75       71.375      72.828125   65.34375    51.28125    80.02083333
 67.859375   54.421875   92.078125   50.34375    60.0625     80.765625
 51.84375    64.375      60.25       97.3125     85.60416667 68.21875
 64.84375    91.86681548 83.53125    77.78125    42.265625   84.953125
 50.140625   59.859375   85.90625    80.9375     67.109375   79.40625
 81.40625    76.796875   52.484375   70.859375   76.703125   65.796875
 83.234375   68.234375   49.6875     64.515625   51.90625    57.015625
 70.15625    77.75520833 94.328125   83.828125   55.46875    84.54166667
 65.09375    84.921875   20.48958333 55.9375     57.5        75.203125
 80.75       57.59375    24.125      65.453125   72.046875   62.
 85.5625     65.828125   72.953125   49.484375   69.625      85.453125
 78.4375     60.796875   60.015625   72.53125    52.890625   48.65625
 65.765625   61.703125   78.40625    88.28125    45.953125   62.125
 62.671875   77.953125   69.859375   95.59375    67.34375    92.03125
 65.75       60.03125    90.140625   62.578125   45.65625    90.8125
 88.59895833 52.59375    80.15625    72.515625   60.734375   52.59375
 69.265625   70.953125   70.90625    76.578125   80.828125   68.46875
 56.015625   64.015625   62.265625   75.1875     67.5625     56.5625
 69.21875    75.359375   73.375      56.515625   82.140625   83.953125
 80.4375     74.609375   54.375      56.4375     84.484375   76.890625
 89.77083333 73.671875   65.359375   63.796875   79.078125   34.4375
 63.265625   85.40625    70.40625    62.09375    53.328125   65.5
 51.90625    90.953125   77.328125   62.984375   76.265625   81.5625
 48.859375   53.75      ]
[ 2023-03-18 13:28:41,245 ] 65 root - INFO - Test model score : 0.9760147164132246 \n Test Model Score: 0.8402534022357209
[ 2023-03-18 13:28:41,245 ] 67 root - INFO - Report Addded : {'Random Forest': 0.8402534022357209}
[ 2023-03-18 13:28:41,246 ] 39 root - INFO - Evaluting Model: DecisionTreeRegressor() on Params; {'criterion': ['squared_error', 'friedman_mse', 'absolute_error', 'poisson']}
[ 2023-03-18 13:28:41,246 ] 43 root - INFO - GridSearchCV(cv=3, estimator=DecisionTreeRegressor(),
             param_grid={'criterion': ['squared_error', 'friedman_mse',
                                       'absolute_error', 'poisson']})
[ 2023-03-18 13:28:41,372 ] 45 root - INFO - Doing Grid Search CV
[ 2023-03-18 13:28:41,377 ] 50 root - INFO - Model Trained With Hyper Parameter Tunning
[ 2023-03-18 13:28:41,385 ] 57 root - INFO - Real Train Data [ 73.  58.  55.  37.  74.  79.  53.  75.  47.  66.  53.  66.  38.  64.
  57.  85.  90.  68.  76.  64.  62.  62.  76.  63.  54.  81.  66.  62.
  67.  74.  77.  85.  55.  52.  62.  74.  38.  48.  92.  76.  50.  48.
  50.  75.  45.  75.  60.  73.  81.  79.  75.  57.  79.  57.  68.  70.
  59.  47.  59.  68.  65.  58.  86.  76.  57.  67.  80.  61.  62.  65.
  39.  81.  81.  79.  91.  74.  75.  61.  54.  52.  66.  81.  97.  53.
  74.  57.  38.  69.  69.  84.  91.  36.  72.  79.  53.  65.  83.  87.
  47.  59.  68.  52.  58.  68.  64.  35.  69.  73.  79.  65.  69.  29.
  65.  80.  42.  44.  65.  73.  53.  65.  72.  80.  71.  63.  53.  83.
  71.  62.  59.  72.  62.  46.  67.  85.  91.  59.  76.  66.  59.  79.
  98.  27.  73.  88.  73.  68.  69.  72.  62.  86.  69.  82.  87.  58.
  89.  84.  35.  77.  51.  63.  84.  64.  54.  42.  56.  94.  80.  70.
  49.  69.   8.  58.  73.  61.  47.  59.  65.  26.  64.  59.  76.  82.
  77.  91.  69.  74.  62.  69.  73.  69.  62.  80.  48.  86.  43.  50.
  49.  65.  55.  51.  73.  52.  43.  75.  44.  81.  64.  65.  71.  65.
  30.  83.  85.  66.  76.  58.  92.  37.  75.  60.  55.  66.  76.  96.
  50.  49.  83.  92.  96.  73.  82.  67.  67.  48.  22.  70.  77.  56.
  53.  65.  58.  89.  66.  74.  83.  62.  73.  81.  47.  87.  80.  62.
  53. 100.  63.   0.  85.  68.  61.  34.  58.  78.  70.  61.  79.  68.
  70.  51.  73.  74.  82.  62.  19.  67.  70.  87.  63.  65.  61.  62.
  65.  49.  54.  46.  50.  45.  86.  67.  64.  55.  64.  71.  80.  71.
  66.  82.  50.  33.  40.  70.  63.  86.  48.  92.  59.  65.  62.  93.
  53.  58.  71.  77.  74.  78.  71.  46.  53.  62.  64.  62.  88.  62.
  69.  90.  53.  88.  69.  81.  65.  61.  99.  71.  62.  52.  79.  90.
  72.  61.  63.  89.  35.  54.  74.  78.  76.  53.  68.  75.  67.  69.
  81.  63.  41.  57.  61.  84.  61.  59.  49.  49.  41.  58.  76.  76.
  53.  49.  48.  55.  32.  61.  68.  72.  44.  63.  60.  90.  77.  61.
  58.  49.  64.  98.  55.  94.  71.  53.  63.  55.  46.  63.  76.  58.
  90.  72.  76.  32.  64.  36.  61.  81.  55.  85.  60.  60.  59.  80.
  82.  50.  35.  52.  96.  77.  82.  71.  83.  85.  69.  62.  69.  44.
  50.  54.  67.  59.  47.  54.  80.  61.  64.  49.  62.  44.  89.  81.
  68.  77.  65.  77.  88.  83.  73.  69.  68.  69.  58.  46.  61.  57.
  49.  61.  49.  56.  75.  58.  63.  78.  41.  46.  54.  73.  64. 100.
  57.  50.  67.  49.  70.  84.  42.  75.  61.  59.  99.  78.  78.  40.
  74.  74.  82.  62.  58.  75.  63.  34.  69.  52.  63.  69. 100.  75.
  68.  58.  65.  94.  76.  84.  65.  72.  63.  76.  69.  78.  81. 100.
  70.  44.  30.  84.  68.  84.  50.  81.  70.  84.  59.  98.  67.  73.
  88.  50.  77.  40.  75.  77.  54.  90.  64.  41.  49.  85.  77.  57.
  39.  94.  71. 100.  71.  58.  45.  67.  81.  82.  71.  70.  51.  66.
  79.  50.  72.  63.  84.  59.  91.  47.  97.  65.  58.  63.  54.  60.
  39.  68.  58.  57.  82.  91.  65.  57.  99.  56.  70.  59.  52.  82.
  53.  70.  67.  71.  50.  74.  66.  47.  59.  66.  52.  81.  75.  90.
  69.  82.  65.  62.  62.  62.  28.  61.  40.  52.  72.  45.  68.  94.
  44.  55.  74.  71.  79.  80.  46.  41.  52.  48.  77.  55.  45.  65.
  71.  65.  49.  45.  75.  69.  60.  81.  42.  68.  75.  62.  64.  82.
  74.  66.  81.  40.  60.  75.  49.  61.  87.  79.  87.  53.  77.  59.
  76.  52.  95.  91.  54.  55.  65.  93.  53.  67.  53.  68.  71.  41.
  57.  45.  88.  60.  81.  77.  66.  49.  53.  61.  47.  89.  71.  94.
  59.  59.  58.  85.  74.  65.  54.  59.  66.  77.  71.  93.  55.  52.
  73.  71.  60.  69.  40.  76.  52.  47.  77.  45.  63.  51.  48.  60.
  59.  72.  55.  76.  73.  72.  56.  82.  63.  67.  62.  87.  44.  55.
  66.  63.  85.  57.  60.  88.  53.  87.  64.  77.  67.  65.  50.  40.
  57.  57.  23.  67.  79.  81.  77.  70.  78.  51.  54.  63.  35.  64.
  67.  92.  65.  46.  46.  37.  80.  42.  68.  58.  45.  75.  80.  49.
  74.  67.  61.  63.  77.  60.  56.  77.  60.  73.  73.  78.  73.  73.
  87.  62.  57.  46.  74.  92.  61.  81.  73.  72.  66.  73.  32.  82.
  68.  97.  51.  59. 100.  87.  62.  69.  51.  88.  58.  59.  61.  62.
  67.  73.] and Predicted Train Data [ 54.  49.  65.  58.  98.  66.  91.  59.  85.  51.  49.  84.  62.  77.
  44.  60.  61.  57.  63.  65.  63.  60.  56.  60.  78.  75.  57.  92.
  62.  46.  40.  82.  75. 100.  80.  67.  68.  62.  75.  44.  59.  58.
  49.  86.  65.  52.  73. 100.  60.  51.  74.  94.  45.  81.  83.  75.
  65.  89.  74.  57.  58.  73.  71.  61.  54.  80.  69.  45. 100.  53.
  71.  89.  52.  59.  60.  87.  90.  69.  71.  93.  87.  80.  43.  91.
  49.  59.  89.  80.  76.  82.  78.  81.  55.  71.  73.  68.  82.  63.
  45.  62.  49.  52.  69.  75.  99.  82.  54.  82.  71.  89.  23.  65.
  54.  77.  76.  56.  23.  63.  71.  66.  81.  67.  70.  54.  61.  83.
  80.  67.  61.  65.  49.  48.  65.  60.  90.  89.  48.  59.  71.  82.
  73.  97.  72.  93.  67.  71.  89.  60.  45.  99.  82.  55.  82.  81.
  60.  49.  72.  73.  71.  61.  85.  69.  59.  44.  61.  82.  67.  58.
  61.  72.  72.  63.  81.  89.  78.  80.  64.  53.  84.  69. 100.  61.
  71.  57.  80.  34.  62.  91.  70.  68.  58.  71.  45.  94.  82.  59.
  74.  80.  47.  62.]
[ 2023-03-18 13:28:41,387 ] 58 root - INFO - Real Train Data [ 52.  40.  65.  63.  93.  66.  84.  65.  86.  51.  50.  76.  53.  79.
  43.  57.  62.  51.  74.  54.  65.  53.  51.  68.  79.  67.  60.  97.
  68.  59.  67.  85.  71.  88.  85.  74.  62.  55.  74.  37.  68.  53.
  63.  87.  65.  43.  69.  91.  59.  59.  67.  79.  40.  87.  86.  71.
  65.  82.  69.  71.  62.  72.  66.  72.  44.  82.  66.  42.  97.  59.
  55.  71.  59.  64.  55. 100.  88.  62.  64.  88.  95.  75.  29.  88.
  39.  66.  85.  80.  72.  79.  79.  80.  52.  68.  75.  66.  78.  74.
  61.  69.  40.  48.  72.  79.  87.  88.  54.  81.  68.  78.  24.  54.
  63.  69.  88.  54.  18.  67.  61.  61.  87.  65.  76.  48.  65.  82.
  74.  68.  53.  71.  47.  61.  67.  58.  69.  87.  43.  70.  66.  88.
  73.  91.  69.  90.  60.  59.  97.  77.  27.  94.  85.  56.  77.  72.
  56.  64.  80.  81.  79.  70.  79.  73.  56.  66.  59.  78.  63.  58.
  69.  83.  70.  54.  86.  80.  79.  69.  58.  52.  78.  76.  77.  74.
  70.  74.  80.  29.  73.  87.  59.  62.  52.  71.  48.  89.  65.  67.
  75.  78.  46.  57.] and Predicted Train Data [ 54.  49.  65.  58.  98.  66.  91.  59.  85.  51.  49.  84.  62.  77.
  44.  60.  61.  57.  63.  65.  63.  60.  56.  60.  78.  75.  57.  92.
  62.  46.  40.  82.  75. 100.  80.  67.  68.  62.  75.  44.  59.  58.
  49.  86.  65.  52.  73. 100.  60.  51.  74.  94.  45.  81.  83.  75.
  65.  89.  74.  57.  58.  73.  71.  61.  54.  80.  69.  45. 100.  53.
  71.  89.  52.  59.  60.  87.  90.  69.  71.  93.  87.  80.  43.  91.
  49.  59.  89.  80.  76.  82.  78.  81.  55.  71.  73.  68.  82.  63.
  45.  62.  49.  52.  69.  75.  99.  82.  54.  82.  71.  89.  23.  65.
  54.  77.  76.  56.  23.  63.  71.  66.  81.  67.  70.  54.  61.  83.
  80.  67.  61.  65.  49.  48.  65.  60.  90.  89.  48.  59.  71.  82.
  73.  97.  72.  93.  67.  71.  89.  60.  45.  99.  82.  55.  82.  81.
  60.  49.  72.  73.  71.  61.  85.  69.  59.  44.  61.  82.  67.  58.
  61.  72.  72.  63.  81.  89.  78.  80.  64.  53.  84.  69. 100.  61.
  71.  57.  80.  34.  62.  91.  70.  68.  58.  71.  45.  94.  82.  59.
  74.  80.  47.  62.]
[ 2023-03-18 13:28:41,388 ] 65 root - INFO - Test model score : 0.9989538037152753 \n Test Model Score: 0.7264661255578739
[ 2023-03-18 13:28:41,388 ] 67 root - INFO - Report Addded : {'Random Forest': 0.8402534022357209, 'Decision Tree': 0.7264661255578739}
[ 2023-03-18 13:28:41,389 ] 39 root - INFO - Evaluting Model: GradientBoostingRegressor() on Params; {'learning_rate': [0.1, 0.01, 0.05, 0.001], 'subsample': [0.6, 0.7, 0.75, 0.8, 0.85, 0.9], 'n_estimators': [8, 16, 32, 64, 128, 256]}
[ 2023-03-18 13:28:41,389 ] 43 root - INFO - GridSearchCV(cv=3, estimator=GradientBoostingRegressor(),
             param_grid={'learning_rate': [0.1, 0.01, 0.05, 0.001],
                         'n_estimators': [8, 16, 32, 64, 128, 256],
                         'subsample': [0.6, 0.7, 0.75, 0.8, 0.85, 0.9]})
[ 2023-03-18 13:29:23,566 ] 45 root - INFO - Doing Grid Search CV
[ 2023-03-18 13:29:23,662 ] 50 root - INFO - Model Trained With Hyper Parameter Tunning
[ 2023-03-18 13:29:23,672 ] 57 root - INFO - Real Train Data [ 73.  58.  55.  37.  74.  79.  53.  75.  47.  66.  53.  66.  38.  64.
  57.  85.  90.  68.  76.  64.  62.  62.  76.  63.  54.  81.  66.  62.
  67.  74.  77.  85.  55.  52.  62.  74.  38.  48.  92.  76.  50.  48.
  50.  75.  45.  75.  60.  73.  81.  79.  75.  57.  79.  57.  68.  70.
  59.  47.  59.  68.  65.  58.  86.  76.  57.  67.  80.  61.  62.  65.
  39.  81.  81.  79.  91.  74.  75.  61.  54.  52.  66.  81.  97.  53.
  74.  57.  38.  69.  69.  84.  91.  36.  72.  79.  53.  65.  83.  87.
  47.  59.  68.  52.  58.  68.  64.  35.  69.  73.  79.  65.  69.  29.
  65.  80.  42.  44.  65.  73.  53.  65.  72.  80.  71.  63.  53.  83.
  71.  62.  59.  72.  62.  46.  67.  85.  91.  59.  76.  66.  59.  79.
  98.  27.  73.  88.  73.  68.  69.  72.  62.  86.  69.  82.  87.  58.
  89.  84.  35.  77.  51.  63.  84.  64.  54.  42.  56.  94.  80.  70.
  49.  69.   8.  58.  73.  61.  47.  59.  65.  26.  64.  59.  76.  82.
  77.  91.  69.  74.  62.  69.  73.  69.  62.  80.  48.  86.  43.  50.
  49.  65.  55.  51.  73.  52.  43.  75.  44.  81.  64.  65.  71.  65.
  30.  83.  85.  66.  76.  58.  92.  37.  75.  60.  55.  66.  76.  96.
  50.  49.  83.  92.  96.  73.  82.  67.  67.  48.  22.  70.  77.  56.
  53.  65.  58.  89.  66.  74.  83.  62.  73.  81.  47.  87.  80.  62.
  53. 100.  63.   0.  85.  68.  61.  34.  58.  78.  70.  61.  79.  68.
  70.  51.  73.  74.  82.  62.  19.  67.  70.  87.  63.  65.  61.  62.
  65.  49.  54.  46.  50.  45.  86.  67.  64.  55.  64.  71.  80.  71.
  66.  82.  50.  33.  40.  70.  63.  86.  48.  92.  59.  65.  62.  93.
  53.  58.  71.  77.  74.  78.  71.  46.  53.  62.  64.  62.  88.  62.
  69.  90.  53.  88.  69.  81.  65.  61.  99.  71.  62.  52.  79.  90.
  72.  61.  63.  89.  35.  54.  74.  78.  76.  53.  68.  75.  67.  69.
  81.  63.  41.  57.  61.  84.  61.  59.  49.  49.  41.  58.  76.  76.
  53.  49.  48.  55.  32.  61.  68.  72.  44.  63.  60.  90.  77.  61.
  58.  49.  64.  98.  55.  94.  71.  53.  63.  55.  46.  63.  76.  58.
  90.  72.  76.  32.  64.  36.  61.  81.  55.  85.  60.  60.  59.  80.
  82.  50.  35.  52.  96.  77.  82.  71.  83.  85.  69.  62.  69.  44.
  50.  54.  67.  59.  47.  54.  80.  61.  64.  49.  62.  44.  89.  81.
  68.  77.  65.  77.  88.  83.  73.  69.  68.  69.  58.  46.  61.  57.
  49.  61.  49.  56.  75.  58.  63.  78.  41.  46.  54.  73.  64. 100.
  57.  50.  67.  49.  70.  84.  42.  75.  61.  59.  99.  78.  78.  40.
  74.  74.  82.  62.  58.  75.  63.  34.  69.  52.  63.  69. 100.  75.
  68.  58.  65.  94.  76.  84.  65.  72.  63.  76.  69.  78.  81. 100.
  70.  44.  30.  84.  68.  84.  50.  81.  70.  84.  59.  98.  67.  73.
  88.  50.  77.  40.  75.  77.  54.  90.  64.  41.  49.  85.  77.  57.
  39.  94.  71. 100.  71.  58.  45.  67.  81.  82.  71.  70.  51.  66.
  79.  50.  72.  63.  84.  59.  91.  47.  97.  65.  58.  63.  54.  60.
  39.  68.  58.  57.  82.  91.  65.  57.  99.  56.  70.  59.  52.  82.
  53.  70.  67.  71.  50.  74.  66.  47.  59.  66.  52.  81.  75.  90.
  69.  82.  65.  62.  62.  62.  28.  61.  40.  52.  72.  45.  68.  94.
  44.  55.  74.  71.  79.  80.  46.  41.  52.  48.  77.  55.  45.  65.
  71.  65.  49.  45.  75.  69.  60.  81.  42.  68.  75.  62.  64.  82.
  74.  66.  81.  40.  60.  75.  49.  61.  87.  79.  87.  53.  77.  59.
  76.  52.  95.  91.  54.  55.  65.  93.  53.  67.  53.  68.  71.  41.
  57.  45.  88.  60.  81.  77.  66.  49.  53.  61.  47.  89.  71.  94.
  59.  59.  58.  85.  74.  65.  54.  59.  66.  77.  71.  93.  55.  52.
  73.  71.  60.  69.  40.  76.  52.  47.  77.  45.  63.  51.  48.  60.
  59.  72.  55.  76.  73.  72.  56.  82.  63.  67.  62.  87.  44.  55.
  66.  63.  85.  57.  60.  88.  53.  87.  64.  77.  67.  65.  50.  40.
  57.  57.  23.  67.  79.  81.  77.  70.  78.  51.  54.  63.  35.  64.
  67.  92.  65.  46.  46.  37.  80.  42.  68.  58.  45.  75.  80.  49.
  74.  67.  61.  63.  77.  60.  56.  77.  60.  73.  73.  78.  73.  73.
  87.  62.  57.  46.  74.  92.  61.  81.  73.  72.  66.  73.  32.  82.
  68.  97.  51.  59. 100.  87.  62.  69.  51.  88.  58.  59.  61.  62.
  67.  73.] and Predicted Train Data [ 52.63423162  45.73985242  61.97000837  57.89785828  88.69548858
  61.13550504  87.41007333  60.89109291  81.8307799   50.99529319
  53.03910776  82.35116852  59.19555094  76.26220108  51.93178163
  51.22445149  70.2103864   61.80071315  69.85115228  51.57283908
  68.57631698  58.32562454  54.65199604  59.27619437  77.92697038
  65.06221481  61.60983977  94.71396312  69.80803196  51.42736061
  60.2473369   82.44976647  71.30930957  85.26203899  73.96945477
  68.54852892  62.78129779  61.1662723   69.95026811  42.65412892
  53.61373392  52.61653205  49.24270803  86.13536393  71.59912034
  48.97798257  68.81128688  99.14493029  60.06686519  52.66516828
  72.77832311  88.23162096  45.29441887  84.59082435  87.55651411
  68.27205443  57.60474599  82.07044242  68.20542879  66.23819984
  55.13419497  71.48950499  72.71628274  67.5014807   51.28518739
  83.54796981  68.74088933  54.30177613  88.61416061  51.39634662
  61.27768777  78.00904659  55.74806705  62.28969691  60.24162072
 102.65655643  83.59235458  65.72809727  57.74040197  90.22617327
  85.33801675  78.06259426  38.6806983   80.15928506  53.66234318
  60.60358372  81.8284215   81.39924674  65.88718644  80.91506115
  81.34170265  75.95662076  51.74264561  67.21663419  79.05842923
  65.42399533  84.53661967  69.77602846  51.38185637  66.40014361
  51.77282436  58.85121003  66.76016158  78.10304833  90.97293062
  82.4900159   54.95684583  87.43022483  61.14315382  78.67632469
  24.73554559  54.4882077   58.04113227  78.13844023  78.29097492
  57.77641072  23.46185187  64.94760347  67.11214712  63.4873305
  83.33966748  63.87701755  71.12183941  49.37175854  69.76926277
  83.33104407  75.44251311  62.77269651  59.06228057  72.01851545
  52.43301504  51.71062083  69.79493525  63.46591095  79.38679978
  86.81851753  44.08414953  62.98934393  61.12111214  76.00746493
  68.72334175  94.47065526  63.30369405  92.21281343  66.32765847
  55.46503724  90.06470617  65.91531637  41.67824496  91.95750966
  88.64697531  53.91287708  79.63641406  70.40646399  62.65096804
  52.13051911  69.61477569  74.29129058  67.80848019  75.61055935
  78.30972432  66.35186602  55.02682604  63.61170913  63.22506702
  72.5138977   67.23496759  55.11562488  70.83067519  78.11358935
  72.75238214  52.5556051   83.28944939  81.78855919  82.15162764
  69.85592335  55.86962836  56.2543143   87.58576633  76.26349363
  84.02085356  74.18110965  63.52034199  68.10602481  77.55304425
  34.87890134  65.71443013  86.25405522  72.59338703  63.69759164
  53.66265587  69.2482056   49.81174684  87.29894076  73.83003327
  65.10875639  75.79338966  77.28602596  46.53995794  54.6657422 ]
[ 2023-03-18 13:29:23,675 ] 58 root - INFO - Real Train Data [ 52.  40.  65.  63.  93.  66.  84.  65.  86.  51.  50.  76.  53.  79.
  43.  57.  62.  51.  74.  54.  65.  53.  51.  68.  79.  67.  60.  97.
  68.  59.  67.  85.  71.  88.  85.  74.  62.  55.  74.  37.  68.  53.
  63.  87.  65.  43.  69.  91.  59.  59.  67.  79.  40.  87.  86.  71.
  65.  82.  69.  71.  62.  72.  66.  72.  44.  82.  66.  42.  97.  59.
  55.  71.  59.  64.  55. 100.  88.  62.  64.  88.  95.  75.  29.  88.
  39.  66.  85.  80.  72.  79.  79.  80.  52.  68.  75.  66.  78.  74.
  61.  69.  40.  48.  72.  79.  87.  88.  54.  81.  68.  78.  24.  54.
  63.  69.  88.  54.  18.  67.  61.  61.  87.  65.  76.  48.  65.  82.
  74.  68.  53.  71.  47.  61.  67.  58.  69.  87.  43.  70.  66.  88.
  73.  91.  69.  90.  60.  59.  97.  77.  27.  94.  85.  56.  77.  72.
  56.  64.  80.  81.  79.  70.  79.  73.  56.  66.  59.  78.  63.  58.
  69.  83.  70.  54.  86.  80.  79.  69.  58.  52.  78.  76.  77.  74.
  70.  74.  80.  29.  73.  87.  59.  62.  52.  71.  48.  89.  65.  67.
  75.  78.  46.  57.] and Predicted Train Data [ 52.63423162  45.73985242  61.97000837  57.89785828  88.69548858
  61.13550504  87.41007333  60.89109291  81.8307799   50.99529319
  53.03910776  82.35116852  59.19555094  76.26220108  51.93178163
  51.22445149  70.2103864   61.80071315  69.85115228  51.57283908
  68.57631698  58.32562454  54.65199604  59.27619437  77.92697038
  65.06221481  61.60983977  94.71396312  69.80803196  51.42736061
  60.2473369   82.44976647  71.30930957  85.26203899  73.96945477
  68.54852892  62.78129779  61.1662723   69.95026811  42.65412892
  53.61373392  52.61653205  49.24270803  86.13536393  71.59912034
  48.97798257  68.81128688  99.14493029  60.06686519  52.66516828
  72.77832311  88.23162096  45.29441887  84.59082435  87.55651411
  68.27205443  57.60474599  82.07044242  68.20542879  66.23819984
  55.13419497  71.48950499  72.71628274  67.5014807   51.28518739
  83.54796981  68.74088933  54.30177613  88.61416061  51.39634662
  61.27768777  78.00904659  55.74806705  62.28969691  60.24162072
 102.65655643  83.59235458  65.72809727  57.74040197  90.22617327
  85.33801675  78.06259426  38.6806983   80.15928506  53.66234318
  60.60358372  81.8284215   81.39924674  65.88718644  80.91506115
  81.34170265  75.95662076  51.74264561  67.21663419  79.05842923
  65.42399533  84.53661967  69.77602846  51.38185637  66.40014361
  51.77282436  58.85121003  66.76016158  78.10304833  90.97293062
  82.4900159   54.95684583  87.43022483  61.14315382  78.67632469
  24.73554559  54.4882077   58.04113227  78.13844023  78.29097492
  57.77641072  23.46185187  64.94760347  67.11214712  63.4873305
  83.33966748  63.87701755  71.12183941  49.37175854  69.76926277
  83.33104407  75.44251311  62.77269651  59.06228057  72.01851545
  52.43301504  51.71062083  69.79493525  63.46591095  79.38679978
  86.81851753  44.08414953  62.98934393  61.12111214  76.00746493
  68.72334175  94.47065526  63.30369405  92.21281343  66.32765847
  55.46503724  90.06470617  65.91531637  41.67824496  91.95750966
  88.64697531  53.91287708  79.63641406  70.40646399  62.65096804
  52.13051911  69.61477569  74.29129058  67.80848019  75.61055935
  78.30972432  66.35186602  55.02682604  63.61170913  63.22506702
  72.5138977   67.23496759  55.11562488  70.83067519  78.11358935
  72.75238214  52.5556051   83.28944939  81.78855919  82.15162764
  69.85592335  55.86962836  56.2543143   87.58576633  76.26349363
  84.02085356  74.18110965  63.52034199  68.10602481  77.55304425
  34.87890134  65.71443013  86.25405522  72.59338703  63.69759164
  53.66265587  69.2482056   49.81174684  87.29894076  73.83003327
  65.10875639  75.79338966  77.28602596  46.53995794  54.6657422 ]
[ 2023-03-18 13:29:23,677 ] 65 root - INFO - Test model score : 0.8993336399075391 \n Test Model Score: 0.8557316116433152
[ 2023-03-18 13:29:23,678 ] 67 root - INFO - Report Addded : {'Random Forest': 0.8402534022357209, 'Decision Tree': 0.7264661255578739, 'Gradient Boosting': 0.8557316116433152}
[ 2023-03-18 13:29:23,678 ] 39 root - INFO - Evaluting Model: LinearRegression() on Params; {}
[ 2023-03-18 13:29:23,679 ] 43 root - INFO - GridSearchCV(cv=3, estimator=LinearRegression(), param_grid={})
[ 2023-03-18 13:29:23,698 ] 45 root - INFO - Doing Grid Search CV
[ 2023-03-18 13:29:23,701 ] 50 root - INFO - Model Trained With Hyper Parameter Tunning
[ 2023-03-18 13:29:23,712 ] 57 root - INFO - Real Train Data [ 73.  58.  55.  37.  74.  79.  53.  75.  47.  66.  53.  66.  38.  64.
  57.  85.  90.  68.  76.  64.  62.  62.  76.  63.  54.  81.  66.  62.
  67.  74.  77.  85.  55.  52.  62.  74.  38.  48.  92.  76.  50.  48.
  50.  75.  45.  75.  60.  73.  81.  79.  75.  57.  79.  57.  68.  70.
  59.  47.  59.  68.  65.  58.  86.  76.  57.  67.  80.  61.  62.  65.
  39.  81.  81.  79.  91.  74.  75.  61.  54.  52.  66.  81.  97.  53.
  74.  57.  38.  69.  69.  84.  91.  36.  72.  79.  53.  65.  83.  87.
  47.  59.  68.  52.  58.  68.  64.  35.  69.  73.  79.  65.  69.  29.
  65.  80.  42.  44.  65.  73.  53.  65.  72.  80.  71.  63.  53.  83.
  71.  62.  59.  72.  62.  46.  67.  85.  91.  59.  76.  66.  59.  79.
  98.  27.  73.  88.  73.  68.  69.  72.  62.  86.  69.  82.  87.  58.
  89.  84.  35.  77.  51.  63.  84.  64.  54.  42.  56.  94.  80.  70.
  49.  69.   8.  58.  73.  61.  47.  59.  65.  26.  64.  59.  76.  82.
  77.  91.  69.  74.  62.  69.  73.  69.  62.  80.  48.  86.  43.  50.
  49.  65.  55.  51.  73.  52.  43.  75.  44.  81.  64.  65.  71.  65.
  30.  83.  85.  66.  76.  58.  92.  37.  75.  60.  55.  66.  76.  96.
  50.  49.  83.  92.  96.  73.  82.  67.  67.  48.  22.  70.  77.  56.
  53.  65.  58.  89.  66.  74.  83.  62.  73.  81.  47.  87.  80.  62.
  53. 100.  63.   0.  85.  68.  61.  34.  58.  78.  70.  61.  79.  68.
  70.  51.  73.  74.  82.  62.  19.  67.  70.  87.  63.  65.  61.  62.
  65.  49.  54.  46.  50.  45.  86.  67.  64.  55.  64.  71.  80.  71.
  66.  82.  50.  33.  40.  70.  63.  86.  48.  92.  59.  65.  62.  93.
  53.  58.  71.  77.  74.  78.  71.  46.  53.  62.  64.  62.  88.  62.
  69.  90.  53.  88.  69.  81.  65.  61.  99.  71.  62.  52.  79.  90.
  72.  61.  63.  89.  35.  54.  74.  78.  76.  53.  68.  75.  67.  69.
  81.  63.  41.  57.  61.  84.  61.  59.  49.  49.  41.  58.  76.  76.
  53.  49.  48.  55.  32.  61.  68.  72.  44.  63.  60.  90.  77.  61.
  58.  49.  64.  98.  55.  94.  71.  53.  63.  55.  46.  63.  76.  58.
  90.  72.  76.  32.  64.  36.  61.  81.  55.  85.  60.  60.  59.  80.
  82.  50.  35.  52.  96.  77.  82.  71.  83.  85.  69.  62.  69.  44.
  50.  54.  67.  59.  47.  54.  80.  61.  64.  49.  62.  44.  89.  81.
  68.  77.  65.  77.  88.  83.  73.  69.  68.  69.  58.  46.  61.  57.
  49.  61.  49.  56.  75.  58.  63.  78.  41.  46.  54.  73.  64. 100.
  57.  50.  67.  49.  70.  84.  42.  75.  61.  59.  99.  78.  78.  40.
  74.  74.  82.  62.  58.  75.  63.  34.  69.  52.  63.  69. 100.  75.
  68.  58.  65.  94.  76.  84.  65.  72.  63.  76.  69.  78.  81. 100.
  70.  44.  30.  84.  68.  84.  50.  81.  70.  84.  59.  98.  67.  73.
  88.  50.  77.  40.  75.  77.  54.  90.  64.  41.  49.  85.  77.  57.
  39.  94.  71. 100.  71.  58.  45.  67.  81.  82.  71.  70.  51.  66.
  79.  50.  72.  63.  84.  59.  91.  47.  97.  65.  58.  63.  54.  60.
  39.  68.  58.  57.  82.  91.  65.  57.  99.  56.  70.  59.  52.  82.
  53.  70.  67.  71.  50.  74.  66.  47.  59.  66.  52.  81.  75.  90.
  69.  82.  65.  62.  62.  62.  28.  61.  40.  52.  72.  45.  68.  94.
  44.  55.  74.  71.  79.  80.  46.  41.  52.  48.  77.  55.  45.  65.
  71.  65.  49.  45.  75.  69.  60.  81.  42.  68.  75.  62.  64.  82.
  74.  66.  81.  40.  60.  75.  49.  61.  87.  79.  87.  53.  77.  59.
  76.  52.  95.  91.  54.  55.  65.  93.  53.  67.  53.  68.  71.  41.
  57.  45.  88.  60.  81.  77.  66.  49.  53.  61.  47.  89.  71.  94.
  59.  59.  58.  85.  74.  65.  54.  59.  66.  77.  71.  93.  55.  52.
  73.  71.  60.  69.  40.  76.  52.  47.  77.  45.  63.  51.  48.  60.
  59.  72.  55.  76.  73.  72.  56.  82.  63.  67.  62.  87.  44.  55.
  66.  63.  85.  57.  60.  88.  53.  87.  64.  77.  67.  65.  50.  40.
  57.  57.  23.  67.  79.  81.  77.  70.  78.  51.  54.  63.  35.  64.
  67.  92.  65.  46.  46.  37.  80.  42.  68.  58.  45.  75.  80.  49.
  74.  67.  61.  63.  77.  60.  56.  77.  60.  73.  73.  78.  73.  73.
  87.  62.  57.  46.  74.  92.  61.  81.  73.  72.  66.  73.  32.  82.
  68.  97.  51.  59. 100.  87.  62.  69.  51.  88.  58.  59.  61.  62.
  67.  73.] and Predicted Train Data [ 51.10961914  46.51635742  62.21484375  60.03405762  90.67407227
  64.4119873   86.86999512  61.45068359  82.953125    51.1640625
  52.17346191  82.63891602  56.8848877   76.58947754  50.87316895
  52.84020996  70.87512207  61.14135742  72.07543945  54.72253418
  72.39733887  60.12634277  54.47167969  60.32348633  81.01403809
  67.78625488  62.41638184  94.37182617  69.68029785  49.22827148
  60.04614258  81.95593262  71.68029785  82.1394043   74.82580566
  69.33679199  64.34655762  59.75463867  72.70275879  40.84375
  54.54785156  53.53320312  52.08227539  88.2980957   71.39624023
  48.42614746  70.47583008  95.17199707  60.51806641  53.48425293
  73.91699219  88.76586914  44.20373535  85.81555176  90.05566406
  69.18920898  58.48876953  82.06787109  67.3203125   66.92687988
  57.94506836  72.54248047  71.30737305  68.25195312  52.95227051
  80.49475098  68.2890625   55.08166504  88.93115234  54.64941406
  60.66577148  76.72180176  54.10375977  63.97436523  59.87390137
 105.64697266  86.42468262  64.26330566  60.24560547  87.98510742
  84.32861328  78.83251953  35.21789551  82.75268555  52.04040527
  65.390625    82.97363281  81.95336914  64.72338867  80.51306152
  79.22094727  76.41699219  50.52001953  67.83679199  78.82080078
  67.55444336  85.05737305  73.2331543   52.94238281  67.27026367
  51.98474121  58.62109375  70.27526855  75.30578613  91.21899414
  82.25390625  54.16723633  89.38708496  62.0904541   76.46081543
  22.50744629  54.91564941  59.5703125   77.85986328  78.4005127
  58.36657715  21.53112793  62.74755859  68.56689453  64.03918457
  81.93066406  65.9296875   72.23095703  51.0579834   69.85083008
  84.51196289  74.59033203  65.38391113  58.33605957  72.85583496
  52.39453125  48.4822998   70.55737305  64.0246582   78.48754883
  85.91821289  44.11682129  64.44213867  61.1184082   77.47729492
  71.70361328  97.40551758  62.94995117  91.375       66.79138184
  57.87658691  88.82714844  67.57397461  40.13586426  89.42602539
  91.38989258  53.26086426  79.03173828  68.03735352  61.93212891
  52.11523438  68.82507324  75.64245605  70.83984375  74.4440918
  78.0871582   66.46203613  55.51477051  65.36376953  63.75646973
  73.25598145  66.37597656  56.86755371  70.48693848  79.70629883
  74.9732666   52.45812988  82.7220459   79.60473633  80.3795166
  73.5357666   57.66796875  57.99890137  85.37963867  78.47973633
  79.39916992  75.81604004  64.59094238  67.84448242  78.33422852
  30.72497559  67.19458008  82.47790527  70.65637207  63.77783203
  57.38989258  72.41540527  51.90307617  86.18920898  74.31201172
  65.48522949  76.92041016  78.64953613  44.65026855  52.26269531]
[ 2023-03-18 13:29:23,716 ] 58 root - INFO - Real Train Data [ 52.  40.  65.  63.  93.  66.  84.  65.  86.  51.  50.  76.  53.  79.
  43.  57.  62.  51.  74.  54.  65.  53.  51.  68.  79.  67.  60.  97.
  68.  59.  67.  85.  71.  88.  85.  74.  62.  55.  74.  37.  68.  53.
  63.  87.  65.  43.  69.  91.  59.  59.  67.  79.  40.  87.  86.  71.
  65.  82.  69.  71.  62.  72.  66.  72.  44.  82.  66.  42.  97.  59.
  55.  71.  59.  64.  55. 100.  88.  62.  64.  88.  95.  75.  29.  88.
  39.  66.  85.  80.  72.  79.  79.  80.  52.  68.  75.  66.  78.  74.
  61.  69.  40.  48.  72.  79.  87.  88.  54.  81.  68.  78.  24.  54.
  63.  69.  88.  54.  18.  67.  61.  61.  87.  65.  76.  48.  65.  82.
  74.  68.  53.  71.  47.  61.  67.  58.  69.  87.  43.  70.  66.  88.
  73.  91.  69.  90.  60.  59.  97.  77.  27.  94.  85.  56.  77.  72.
  56.  64.  80.  81.  79.  70.  79.  73.  56.  66.  59.  78.  63.  58.
  69.  83.  70.  54.  86.  80.  79.  69.  58.  52.  78.  76.  77.  74.
  70.  74.  80.  29.  73.  87.  59.  62.  52.  71.  48.  89.  65.  67.
  75.  78.  46.  57.] and Predicted Train Data [ 51.10961914  46.51635742  62.21484375  60.03405762  90.67407227
  64.4119873   86.86999512  61.45068359  82.953125    51.1640625
  52.17346191  82.63891602  56.8848877   76.58947754  50.87316895
  52.84020996  70.87512207  61.14135742  72.07543945  54.72253418
  72.39733887  60.12634277  54.47167969  60.32348633  81.01403809
  67.78625488  62.41638184  94.37182617  69.68029785  49.22827148
  60.04614258  81.95593262  71.68029785  82.1394043   74.82580566
  69.33679199  64.34655762  59.75463867  72.70275879  40.84375
  54.54785156  53.53320312  52.08227539  88.2980957   71.39624023
  48.42614746  70.47583008  95.17199707  60.51806641  53.48425293
  73.91699219  88.76586914  44.20373535  85.81555176  90.05566406
  69.18920898  58.48876953  82.06787109  67.3203125   66.92687988
  57.94506836  72.54248047  71.30737305  68.25195312  52.95227051
  80.49475098  68.2890625   55.08166504  88.93115234  54.64941406
  60.66577148  76.72180176  54.10375977  63.97436523  59.87390137
 105.64697266  86.42468262  64.26330566  60.24560547  87.98510742
  84.32861328  78.83251953  35.21789551  82.75268555  52.04040527
  65.390625    82.97363281  81.95336914  64.72338867  80.51306152
  79.22094727  76.41699219  50.52001953  67.83679199  78.82080078
  67.55444336  85.05737305  73.2331543   52.94238281  67.27026367
  51.98474121  58.62109375  70.27526855  75.30578613  91.21899414
  82.25390625  54.16723633  89.38708496  62.0904541   76.46081543
  22.50744629  54.91564941  59.5703125   77.85986328  78.4005127
  58.36657715  21.53112793  62.74755859  68.56689453  64.03918457
  81.93066406  65.9296875   72.23095703  51.0579834   69.85083008
  84.51196289  74.59033203  65.38391113  58.33605957  72.85583496
  52.39453125  48.4822998   70.55737305  64.0246582   78.48754883
  85.91821289  44.11682129  64.44213867  61.1184082   77.47729492
  71.70361328  97.40551758  62.94995117  91.375       66.79138184
  57.87658691  88.82714844  67.57397461  40.13586426  89.42602539
  91.38989258  53.26086426  79.03173828  68.03735352  61.93212891
  52.11523438  68.82507324  75.64245605  70.83984375  74.4440918
  78.0871582   66.46203613  55.51477051  65.36376953  63.75646973
  73.25598145  66.37597656  56.86755371  70.48693848  79.70629883
  74.9732666   52.45812988  82.7220459   79.60473633  80.3795166
  73.5357666   57.66796875  57.99890137  85.37963867  78.47973633
  79.39916992  75.81604004  64.59094238  67.84448242  78.33422852
  30.72497559  67.19458008  82.47790527  70.65637207  63.77783203
  57.38989258  72.41540527  51.90307617  86.18920898  74.31201172
  65.48522949  76.92041016  78.64953613  44.65026855  52.26269531]
[ 2023-03-18 13:29:23,717 ] 65 root - INFO - Test model score : 0.877359822837107 \n Test Model Score: 0.8704023080124457
[ 2023-03-18 13:29:23,717 ] 67 root - INFO - Report Addded : {'Random Forest': 0.8402534022357209, 'Decision Tree': 0.7264661255578739, 'Gradient Boosting': 0.8557316116433152, 'Linear Regression': 0.8704023080124457}
[ 2023-03-18 13:29:23,717 ] 39 root - INFO - Evaluting Model: KNeighborsRegressor() on Params; {}
[ 2023-03-18 13:29:23,717 ] 43 root - INFO - GridSearchCV(cv=3, estimator=KNeighborsRegressor(), param_grid={})
[ 2023-03-18 13:29:23,873 ] 45 root - INFO - Doing Grid Search CV
[ 2023-03-18 13:29:23,874 ] 50 root - INFO - Model Trained With Hyper Parameter Tunning
[ 2023-03-18 13:29:23,920 ] 57 root - INFO - Real Train Data [ 73.  58.  55.  37.  74.  79.  53.  75.  47.  66.  53.  66.  38.  64.
  57.  85.  90.  68.  76.  64.  62.  62.  76.  63.  54.  81.  66.  62.
  67.  74.  77.  85.  55.  52.  62.  74.  38.  48.  92.  76.  50.  48.
  50.  75.  45.  75.  60.  73.  81.  79.  75.  57.  79.  57.  68.  70.
  59.  47.  59.  68.  65.  58.  86.  76.  57.  67.  80.  61.  62.  65.
  39.  81.  81.  79.  91.  74.  75.  61.  54.  52.  66.  81.  97.  53.
  74.  57.  38.  69.  69.  84.  91.  36.  72.  79.  53.  65.  83.  87.
  47.  59.  68.  52.  58.  68.  64.  35.  69.  73.  79.  65.  69.  29.
  65.  80.  42.  44.  65.  73.  53.  65.  72.  80.  71.  63.  53.  83.
  71.  62.  59.  72.  62.  46.  67.  85.  91.  59.  76.  66.  59.  79.
  98.  27.  73.  88.  73.  68.  69.  72.  62.  86.  69.  82.  87.  58.
  89.  84.  35.  77.  51.  63.  84.  64.  54.  42.  56.  94.  80.  70.
  49.  69.   8.  58.  73.  61.  47.  59.  65.  26.  64.  59.  76.  82.
  77.  91.  69.  74.  62.  69.  73.  69.  62.  80.  48.  86.  43.  50.
  49.  65.  55.  51.  73.  52.  43.  75.  44.  81.  64.  65.  71.  65.
  30.  83.  85.  66.  76.  58.  92.  37.  75.  60.  55.  66.  76.  96.
  50.  49.  83.  92.  96.  73.  82.  67.  67.  48.  22.  70.  77.  56.
  53.  65.  58.  89.  66.  74.  83.  62.  73.  81.  47.  87.  80.  62.
  53. 100.  63.   0.  85.  68.  61.  34.  58.  78.  70.  61.  79.  68.
  70.  51.  73.  74.  82.  62.  19.  67.  70.  87.  63.  65.  61.  62.
  65.  49.  54.  46.  50.  45.  86.  67.  64.  55.  64.  71.  80.  71.
  66.  82.  50.  33.  40.  70.  63.  86.  48.  92.  59.  65.  62.  93.
  53.  58.  71.  77.  74.  78.  71.  46.  53.  62.  64.  62.  88.  62.
  69.  90.  53.  88.  69.  81.  65.  61.  99.  71.  62.  52.  79.  90.
  72.  61.  63.  89.  35.  54.  74.  78.  76.  53.  68.  75.  67.  69.
  81.  63.  41.  57.  61.  84.  61.  59.  49.  49.  41.  58.  76.  76.
  53.  49.  48.  55.  32.  61.  68.  72.  44.  63.  60.  90.  77.  61.
  58.  49.  64.  98.  55.  94.  71.  53.  63.  55.  46.  63.  76.  58.
  90.  72.  76.  32.  64.  36.  61.  81.  55.  85.  60.  60.  59.  80.
  82.  50.  35.  52.  96.  77.  82.  71.  83.  85.  69.  62.  69.  44.
  50.  54.  67.  59.  47.  54.  80.  61.  64.  49.  62.  44.  89.  81.
  68.  77.  65.  77.  88.  83.  73.  69.  68.  69.  58.  46.  61.  57.
  49.  61.  49.  56.  75.  58.  63.  78.  41.  46.  54.  73.  64. 100.
  57.  50.  67.  49.  70.  84.  42.  75.  61.  59.  99.  78.  78.  40.
  74.  74.  82.  62.  58.  75.  63.  34.  69.  52.  63.  69. 100.  75.
  68.  58.  65.  94.  76.  84.  65.  72.  63.  76.  69.  78.  81. 100.
  70.  44.  30.  84.  68.  84.  50.  81.  70.  84.  59.  98.  67.  73.
  88.  50.  77.  40.  75.  77.  54.  90.  64.  41.  49.  85.  77.  57.
  39.  94.  71. 100.  71.  58.  45.  67.  81.  82.  71.  70.  51.  66.
  79.  50.  72.  63.  84.  59.  91.  47.  97.  65.  58.  63.  54.  60.
  39.  68.  58.  57.  82.  91.  65.  57.  99.  56.  70.  59.  52.  82.
  53.  70.  67.  71.  50.  74.  66.  47.  59.  66.  52.  81.  75.  90.
  69.  82.  65.  62.  62.  62.  28.  61.  40.  52.  72.  45.  68.  94.
  44.  55.  74.  71.  79.  80.  46.  41.  52.  48.  77.  55.  45.  65.
  71.  65.  49.  45.  75.  69.  60.  81.  42.  68.  75.  62.  64.  82.
  74.  66.  81.  40.  60.  75.  49.  61.  87.  79.  87.  53.  77.  59.
  76.  52.  95.  91.  54.  55.  65.  93.  53.  67.  53.  68.  71.  41.
  57.  45.  88.  60.  81.  77.  66.  49.  53.  61.  47.  89.  71.  94.
  59.  59.  58.  85.  74.  65.  54.  59.  66.  77.  71.  93.  55.  52.
  73.  71.  60.  69.  40.  76.  52.  47.  77.  45.  63.  51.  48.  60.
  59.  72.  55.  76.  73.  72.  56.  82.  63.  67.  62.  87.  44.  55.
  66.  63.  85.  57.  60.  88.  53.  87.  64.  77.  67.  65.  50.  40.
  57.  57.  23.  67.  79.  81.  77.  70.  78.  51.  54.  63.  35.  64.
  67.  92.  65.  46.  46.  37.  80.  42.  68.  58.  45.  75.  80.  49.
  74.  67.  61.  63.  77.  60.  56.  77.  60.  73.  73.  78.  73.  73.
  87.  62.  57.  46.  74.  92.  61.  81.  73.  72.  66.  73.  32.  82.
  68.  97.  51.  59. 100.  87.  62.  69.  51.  88.  58.  59.  61.  62.
  67.  73.] and Predicted Train Data [70.8 50.8 69.4 69.  79.4 57.  69.8 72.2 68.4 60.4 63.6 80.6 48.  67.
 56.8 60.8 68.4 77.6 57.6 53.2 75.6 55.2 52.6 60.8 73.4 68.  69.  79.4
 55.2 57.2 56.6 73.4 71.8 77.4 73.6 79.4 70.6 59.8 66.6 59.2 67.  62.6
 46.6 74.6 76.6 45.2 64.6 75.4 65.4 66.8 64.8 73.4 54.6 75.4 79.2 65.8
 52.8 76.  58.8 65.2 62.8 70.4 70.4 68.4 61.8 83.6 57.  61.2 73.6 60.8
 64.6 73.6 56.2 62.8 60.  87.  67.8 67.6 58.4 80.4 83.2 67.2 56.  77.2
 52.8 76.6 73.4 77.8 67.6 73.8 70.8 77.6 60.8 63.8 69.8 68.4 72.  64.6
 68.  60.  67.8 58.4 76.6 70.  83.8 74.  71.6 77.2 69.  74.2 32.2 57.8
 63.2 77.4 68.6 60.6 25.  73.4 72.4 64.6 68.  66.8 72.4 63.  68.2 63.
 66.  64.6 55.2 67.  59.6 62.8 65.6 67.6 77.4 79.  52.  60.8 61.2 72.4
 72.6 73.8 66.  79.2 67.6 57.6 69.8 68.8 61.2 73.6 83.6 45.2 75.6 68.8
 71.4 55.2 73.6 69.8 60.2 74.2 77.  74.2 67.  63.4 67.6 58.8 61.  62.6
 67.6 69.6 75.8 56.4 77.4 79.  63.2 72.4 56.8 63.2 84.8 76.4 64.2 66.
 68.  58.4 67.4 47.2 69.8 77.8 75.2 64.6 62.8 66.8 61.4 72.4 70.6 75.6
 75.2 68.6 54.2 63.2]
[ 2023-03-18 13:29:23,926 ] 58 root - INFO - Real Train Data [ 52.  40.  65.  63.  93.  66.  84.  65.  86.  51.  50.  76.  53.  79.
  43.  57.  62.  51.  74.  54.  65.  53.  51.  68.  79.  67.  60.  97.
  68.  59.  67.  85.  71.  88.  85.  74.  62.  55.  74.  37.  68.  53.
  63.  87.  65.  43.  69.  91.  59.  59.  67.  79.  40.  87.  86.  71.
  65.  82.  69.  71.  62.  72.  66.  72.  44.  82.  66.  42.  97.  59.
  55.  71.  59.  64.  55. 100.  88.  62.  64.  88.  95.  75.  29.  88.
  39.  66.  85.  80.  72.  79.  79.  80.  52.  68.  75.  66.  78.  74.
  61.  69.  40.  48.  72.  79.  87.  88.  54.  81.  68.  78.  24.  54.
  63.  69.  88.  54.  18.  67.  61.  61.  87.  65.  76.  48.  65.  82.
  74.  68.  53.  71.  47.  61.  67.  58.  69.  87.  43.  70.  66.  88.
  73.  91.  69.  90.  60.  59.  97.  77.  27.  94.  85.  56.  77.  72.
  56.  64.  80.  81.  79.  70.  79.  73.  56.  66.  59.  78.  63.  58.
  69.  83.  70.  54.  86.  80.  79.  69.  58.  52.  78.  76.  77.  74.
  70.  74.  80.  29.  73.  87.  59.  62.  52.  71.  48.  89.  65.  67.
  75.  78.  46.  57.] and Predicted Train Data [70.8 50.8 69.4 69.  79.4 57.  69.8 72.2 68.4 60.4 63.6 80.6 48.  67.
 56.8 60.8 68.4 77.6 57.6 53.2 75.6 55.2 52.6 60.8 73.4 68.  69.  79.4
 55.2 57.2 56.6 73.4 71.8 77.4 73.6 79.4 70.6 59.8 66.6 59.2 67.  62.6
 46.6 74.6 76.6 45.2 64.6 75.4 65.4 66.8 64.8 73.4 54.6 75.4 79.2 65.8
 52.8 76.  58.8 65.2 62.8 70.4 70.4 68.4 61.8 83.6 57.  61.2 73.6 60.8
 64.6 73.6 56.2 62.8 60.  87.  67.8 67.6 58.4 80.4 83.2 67.2 56.  77.2
 52.8 76.6 73.4 77.8 67.6 73.8 70.8 77.6 60.8 63.8 69.8 68.4 72.  64.6
 68.  60.  67.8 58.4 76.6 70.  83.8 74.  71.6 77.2 69.  74.2 32.2 57.8
 63.2 77.4 68.6 60.6 25.  73.4 72.4 64.6 68.  66.8 72.4 63.  68.2 63.
 66.  64.6 55.2 67.  59.6 62.8 65.6 67.6 77.4 79.  52.  60.8 61.2 72.4
 72.6 73.8 66.  79.2 67.6 57.6 69.8 68.8 61.2 73.6 83.6 45.2 75.6 68.8
 71.4 55.2 73.6 69.8 60.2 74.2 77.  74.2 67.  63.4 67.6 58.8 61.  62.6
 67.6 69.6 75.8 56.4 77.4 79.  63.2 72.4 56.8 63.2 84.8 76.4 64.2 66.
 68.  58.4 67.4 47.2 69.8 77.8 75.2 64.6 62.8 66.8 61.4 72.4 70.6 75.6
 75.2 68.6 54.2 63.2]
[ 2023-03-18 13:29:23,929 ] 65 root - INFO - Test model score : 0.6895078557486356 \n Test Model Score: 0.4981420508414579
[ 2023-03-18 13:29:23,929 ] 67 root - INFO - Report Addded : {'Random Forest': 0.8402534022357209, 'Decision Tree': 0.7264661255578739, 'Gradient Boosting': 0.8557316116433152, 'Linear Regression': 0.8704023080124457, 'K-Neighbors Regression': 0.4981420508414579}
[ 2023-03-18 13:29:23,931 ] 39 root - INFO - Evaluting Model: XGBRFRegressor(base_score=None, booster=None, callbacks=None,
               colsample_bylevel=None, colsample_bytree=None,
               early_stopping_rounds=None, enable_categorical=False,
               eval_metric=None, feature_types=None, gamma=None, gpu_id=None,
               grow_policy=None, importance_type=None,
               interaction_constraints=None, max_bin=None,
               max_cat_threshold=None, max_cat_to_onehot=None,
               max_delta_step=None, max_depth=None, max_leaves=None,
               min_child_weight=None, missing=nan, monotone_constraints=None,
               n_estimators=100, n_jobs=None, num_parallel_tree=None,
               objective='reg:squarederror', predictor=None, random_state=None,
               reg_alpha=None, ...) on Params; {'learning_rate': [0.1, 0.01, 0.05, 0.001], 'n_estimators': [8, 16, 32, 64, 128, 256]}
[ 2023-03-18 13:29:23,931 ] 43 root - INFO - GridSearchCV(cv=3,
             estimator=XGBRFRegressor(base_score=None, booster=None,
                                      callbacks=None, colsample_bylevel=None,
                                      colsample_bytree=None,
                                      early_stopping_rounds=None,
                                      enable_categorical=False,
                                      eval_metric=None, feature_types=None,
                                      gamma=None, gpu_id=None, grow_policy=None,
                                      importance_type=None,
                                      interaction_constraints=None,
                                      max_bin=None, max_cat_threshold=None,
                                      max_cat_to_onehot=None,
                                      max_delta_step=None, max_depth=None,
                                      max_leaves=None, min_child_weight=None,
                                      missing=nan, monotone_constraints=None,
                                      n_estimators=100, n_jobs=None,
                                      num_parallel_tree=None,
                                      objective='reg:squarederror',
                                      predictor=None, random_state=None,
                                      reg_alpha=None, ...),
             param_grid={'learning_rate': [0.1, 0.01, 0.05, 0.001],
                         'n_estimators': [8, 16, 32, 64, 128, 256]})
[ 2023-03-18 13:29:29,226 ] 45 root - INFO - Doing Grid Search CV
[ 2023-03-18 13:29:29,313 ] 50 root - INFO - Model Trained With Hyper Parameter Tunning
[ 2023-03-18 13:29:29,369 ] 57 root - INFO - Real Train Data [ 73.  58.  55.  37.  74.  79.  53.  75.  47.  66.  53.  66.  38.  64.
  57.  85.  90.  68.  76.  64.  62.  62.  76.  63.  54.  81.  66.  62.
  67.  74.  77.  85.  55.  52.  62.  74.  38.  48.  92.  76.  50.  48.
  50.  75.  45.  75.  60.  73.  81.  79.  75.  57.  79.  57.  68.  70.
  59.  47.  59.  68.  65.  58.  86.  76.  57.  67.  80.  61.  62.  65.
  39.  81.  81.  79.  91.  74.  75.  61.  54.  52.  66.  81.  97.  53.
  74.  57.  38.  69.  69.  84.  91.  36.  72.  79.  53.  65.  83.  87.
  47.  59.  68.  52.  58.  68.  64.  35.  69.  73.  79.  65.  69.  29.
  65.  80.  42.  44.  65.  73.  53.  65.  72.  80.  71.  63.  53.  83.
  71.  62.  59.  72.  62.  46.  67.  85.  91.  59.  76.  66.  59.  79.
  98.  27.  73.  88.  73.  68.  69.  72.  62.  86.  69.  82.  87.  58.
  89.  84.  35.  77.  51.  63.  84.  64.  54.  42.  56.  94.  80.  70.
  49.  69.   8.  58.  73.  61.  47.  59.  65.  26.  64.  59.  76.  82.
  77.  91.  69.  74.  62.  69.  73.  69.  62.  80.  48.  86.  43.  50.
  49.  65.  55.  51.  73.  52.  43.  75.  44.  81.  64.  65.  71.  65.
  30.  83.  85.  66.  76.  58.  92.  37.  75.  60.  55.  66.  76.  96.
  50.  49.  83.  92.  96.  73.  82.  67.  67.  48.  22.  70.  77.  56.
  53.  65.  58.  89.  66.  74.  83.  62.  73.  81.  47.  87.  80.  62.
  53. 100.  63.   0.  85.  68.  61.  34.  58.  78.  70.  61.  79.  68.
  70.  51.  73.  74.  82.  62.  19.  67.  70.  87.  63.  65.  61.  62.
  65.  49.  54.  46.  50.  45.  86.  67.  64.  55.  64.  71.  80.  71.
  66.  82.  50.  33.  40.  70.  63.  86.  48.  92.  59.  65.  62.  93.
  53.  58.  71.  77.  74.  78.  71.  46.  53.  62.  64.  62.  88.  62.
  69.  90.  53.  88.  69.  81.  65.  61.  99.  71.  62.  52.  79.  90.
  72.  61.  63.  89.  35.  54.  74.  78.  76.  53.  68.  75.  67.  69.
  81.  63.  41.  57.  61.  84.  61.  59.  49.  49.  41.  58.  76.  76.
  53.  49.  48.  55.  32.  61.  68.  72.  44.  63.  60.  90.  77.  61.
  58.  49.  64.  98.  55.  94.  71.  53.  63.  55.  46.  63.  76.  58.
  90.  72.  76.  32.  64.  36.  61.  81.  55.  85.  60.  60.  59.  80.
  82.  50.  35.  52.  96.  77.  82.  71.  83.  85.  69.  62.  69.  44.
  50.  54.  67.  59.  47.  54.  80.  61.  64.  49.  62.  44.  89.  81.
  68.  77.  65.  77.  88.  83.  73.  69.  68.  69.  58.  46.  61.  57.
  49.  61.  49.  56.  75.  58.  63.  78.  41.  46.  54.  73.  64. 100.
  57.  50.  67.  49.  70.  84.  42.  75.  61.  59.  99.  78.  78.  40.
  74.  74.  82.  62.  58.  75.  63.  34.  69.  52.  63.  69. 100.  75.
  68.  58.  65.  94.  76.  84.  65.  72.  63.  76.  69.  78.  81. 100.
  70.  44.  30.  84.  68.  84.  50.  81.  70.  84.  59.  98.  67.  73.
  88.  50.  77.  40.  75.  77.  54.  90.  64.  41.  49.  85.  77.  57.
  39.  94.  71. 100.  71.  58.  45.  67.  81.  82.  71.  70.  51.  66.
  79.  50.  72.  63.  84.  59.  91.  47.  97.  65.  58.  63.  54.  60.
  39.  68.  58.  57.  82.  91.  65.  57.  99.  56.  70.  59.  52.  82.
  53.  70.  67.  71.  50.  74.  66.  47.  59.  66.  52.  81.  75.  90.
  69.  82.  65.  62.  62.  62.  28.  61.  40.  52.  72.  45.  68.  94.
  44.  55.  74.  71.  79.  80.  46.  41.  52.  48.  77.  55.  45.  65.
  71.  65.  49.  45.  75.  69.  60.  81.  42.  68.  75.  62.  64.  82.
  74.  66.  81.  40.  60.  75.  49.  61.  87.  79.  87.  53.  77.  59.
  76.  52.  95.  91.  54.  55.  65.  93.  53.  67.  53.  68.  71.  41.
  57.  45.  88.  60.  81.  77.  66.  49.  53.  61.  47.  89.  71.  94.
  59.  59.  58.  85.  74.  65.  54.  59.  66.  77.  71.  93.  55.  52.
  73.  71.  60.  69.  40.  76.  52.  47.  77.  45.  63.  51.  48.  60.
  59.  72.  55.  76.  73.  72.  56.  82.  63.  67.  62.  87.  44.  55.
  66.  63.  85.  57.  60.  88.  53.  87.  64.  77.  67.  65.  50.  40.
  57.  57.  23.  67.  79.  81.  77.  70.  78.  51.  54.  63.  35.  64.
  67.  92.  65.  46.  46.  37.  80.  42.  68.  58.  45.  75.  80.  49.
  74.  67.  61.  63.  77.  60.  56.  77.  60.  73.  73.  78.  73.  73.
  87.  62.  57.  46.  74.  92.  61.  81.  73.  72.  66.  73.  32.  82.
  68.  97.  51.  59. 100.  87.  62.  69.  51.  88.  58.  59.  61.  62.
  67.  73.] and Predicted Train Data [ 5.6305394  5.1399546  6.6571712  6.387446   9.6645     6.7071967
  9.920974   6.7105436  8.727234   5.2535486  6.031873   8.855566
  6.3942304  8.013      5.553397   5.6295424  7.5332522  6.7975197
  7.6174383  6.1854978  7.4891295  6.3900566  6.140304   6.408806
  8.39824    7.3802705  6.617804   9.589703   7.456848   5.5195723
  6.5100813  8.891948   7.5136275  8.900744   7.7038856  7.217053
  6.545227   6.622004   7.4645047  4.403807   6.172368   5.755806
  5.5363946  8.745143   6.9920526  5.3515306  7.2726893 10.070361
  6.2802176  5.6705914  7.790132   9.393357   5.146484   8.846966
  9.020136   7.203833   6.226066   9.002462   7.360956   6.656781
  5.8849044  7.530376   7.542205   7.492195   5.599064   8.41749
  7.5391397  6.117765   9.651124   5.602213   6.6154366  8.582795
  5.771928   6.8381824  6.456427  10.066999   8.656005   7.17422
  6.5571685  9.6661825  8.830017   8.094609   4.7663574  8.522385
  5.455839   6.166642   8.967093   8.36696    6.8655686  8.254571
  8.737158   7.8239846  5.864312   7.3932886  8.015265   7.1756563
  8.919546   7.3048863  5.560288   7.090188   5.6386213  6.2462115
  7.3170605  8.210982   9.656701   8.882801   5.9502163  8.966447
  6.6865277  8.81989    2.5857966  6.0956373  6.0723214  8.071453
  8.398815   5.996749   2.787358   7.2073607  7.4173784  6.770246
  8.68945    7.0926905  7.535597   5.5137506  7.512233   8.957605
  8.281292   6.815496   6.393907   7.7076516  5.764918   5.45717
  7.50165    6.558086   8.067761   9.136156   5.005781   6.805766
  6.656901   8.260729   7.3212385 10.084671   6.8305745  9.588982
  6.9806795  6.248703   9.5788145  6.7049026  4.99821    9.466996
  9.310453   5.821018   8.063493   7.452844   6.64988    5.638345
  7.355411   7.7038856  7.378329   7.9380736  8.548054   7.351064
  6.2532396  6.565418   6.7673955  7.7088475  7.3829618  6.0609865
  7.3893137  8.078879   7.5869102  6.0192165  8.544551   8.6740055
  8.737226   7.3770747  5.9365926  6.1918073  8.981456   7.889539
  9.417809   7.605916   6.9490237  6.667973   8.231464   4.035999
  7.1365175  9.007433   7.584973   7.027806   5.829103   6.9079747
  5.5801973  9.479131   7.737815   6.844974   7.9590826  8.417761
  5.2327933  6.070298 ]
[ 2023-03-18 13:29:29,375 ] 58 root - INFO - Real Train Data [ 52.  40.  65.  63.  93.  66.  84.  65.  86.  51.  50.  76.  53.  79.
  43.  57.  62.  51.  74.  54.  65.  53.  51.  68.  79.  67.  60.  97.
  68.  59.  67.  85.  71.  88.  85.  74.  62.  55.  74.  37.  68.  53.
  63.  87.  65.  43.  69.  91.  59.  59.  67.  79.  40.  87.  86.  71.
  65.  82.  69.  71.  62.  72.  66.  72.  44.  82.  66.  42.  97.  59.
  55.  71.  59.  64.  55. 100.  88.  62.  64.  88.  95.  75.  29.  88.
  39.  66.  85.  80.  72.  79.  79.  80.  52.  68.  75.  66.  78.  74.
  61.  69.  40.  48.  72.  79.  87.  88.  54.  81.  68.  78.  24.  54.
  63.  69.  88.  54.  18.  67.  61.  61.  87.  65.  76.  48.  65.  82.
  74.  68.  53.  71.  47.  61.  67.  58.  69.  87.  43.  70.  66.  88.
  73.  91.  69.  90.  60.  59.  97.  77.  27.  94.  85.  56.  77.  72.
  56.  64.  80.  81.  79.  70.  79.  73.  56.  66.  59.  78.  63.  58.
  69.  83.  70.  54.  86.  80.  79.  69.  58.  52.  78.  76.  77.  74.
  70.  74.  80.  29.  73.  87.  59.  62.  52.  71.  48.  89.  65.  67.
  75.  78.  46.  57.] and Predicted Train Data [ 5.6305394  5.1399546  6.6571712  6.387446   9.6645     6.7071967
  9.920974   6.7105436  8.727234   5.2535486  6.031873   8.855566
  6.3942304  8.013      5.553397   5.6295424  7.5332522  6.7975197
  7.6174383  6.1854978  7.4891295  6.3900566  6.140304   6.408806
  8.39824    7.3802705  6.617804   9.589703   7.456848   5.5195723
  6.5100813  8.891948   7.5136275  8.900744   7.7038856  7.217053
  6.545227   6.622004   7.4645047  4.403807   6.172368   5.755806
  5.5363946  8.745143   6.9920526  5.3515306  7.2726893 10.070361
  6.2802176  5.6705914  7.790132   9.393357   5.146484   8.846966
  9.020136   7.203833   6.226066   9.002462   7.360956   6.656781
  5.8849044  7.530376   7.542205   7.492195   5.599064   8.41749
  7.5391397  6.117765   9.651124   5.602213   6.6154366  8.582795
  5.771928   6.8381824  6.456427  10.066999   8.656005   7.17422
  6.5571685  9.6661825  8.830017   8.094609   4.7663574  8.522385
  5.455839   6.166642   8.967093   8.36696    6.8655686  8.254571
  8.737158   7.8239846  5.864312   7.3932886  8.015265   7.1756563
  8.919546   7.3048863  5.560288   7.090188   5.6386213  6.2462115
  7.3170605  8.210982   9.656701   8.882801   5.9502163  8.966447
  6.6865277  8.81989    2.5857966  6.0956373  6.0723214  8.071453
  8.398815   5.996749   2.787358   7.2073607  7.4173784  6.770246
  8.68945    7.0926905  7.535597   5.5137506  7.512233   8.957605
  8.281292   6.815496   6.393907   7.7076516  5.764918   5.45717
  7.50165    6.558086   8.067761   9.136156   5.005781   6.805766
  6.656901   8.260729   7.3212385 10.084671   6.8305745  9.588982
  6.9806795  6.248703   9.5788145  6.7049026  4.99821    9.466996
  9.310453   5.821018   8.063493   7.452844   6.64988    5.638345
  7.355411   7.7038856  7.378329   7.9380736  8.548054   7.351064
  6.2532396  6.565418   6.7673955  7.7088475  7.3829618  6.0609865
  7.3893137  8.078879   7.5869102  6.0192165  8.544551   8.6740055
  8.737226   7.3770747  5.9365926  6.1918073  8.981456   7.889539
  9.417809   7.605916   6.9490237  6.667973   8.231464   4.035999
  7.1365175  9.007433   7.584973   7.027806   5.829103   6.9079747
  5.5801973  9.479131   7.737815   6.844974   7.9590826  8.417761
  5.2327933  6.070298 ]
[ 2023-03-18 13:29:29,378 ] 65 root - INFO - Test model score : -14.789162608721844 \n Test Model Score: -16.141455824371366
[ 2023-03-18 13:29:29,378 ] 67 root - INFO - Report Addded : {'Random Forest': 0.8402534022357209, 'Decision Tree': 0.7264661255578739, 'Gradient Boosting': 0.8557316116433152, 'Linear Regression': 0.8704023080124457, 'K-Neighbors Regression': 0.4981420508414579, 'XGBRegression': -16.141455824371366}
[ 2023-03-18 13:29:29,379 ] 39 root - INFO - Evaluting Model: <catboost.core.CatBoostRegressor object at 0x00000169304DFB80> on Params; {'depth': [6, 8, 10], 'learning_rate': [0.01, 0.05, 0.1], 'iterations': [30, 50, 100]}
[ 2023-03-18 13:29:29,380 ] 43 root - INFO - GridSearchCV(cv=3,
             estimator=<catboost.core.CatBoostRegressor object at 0x00000169304DFB80>,
             param_grid={'depth': [6, 8, 10], 'iterations': [30, 50, 100],
                         'learning_rate': [0.01, 0.05, 0.1]})
[ 2023-03-18 13:29:57,070 ] 45 root - INFO - Doing Grid Search CV
[ 2023-03-18 13:29:57,378 ] 50 root - INFO - Model Trained With Hyper Parameter Tunning
[ 2023-03-18 13:29:57,424 ] 57 root - INFO - Real Train Data [ 73.  58.  55.  37.  74.  79.  53.  75.  47.  66.  53.  66.  38.  64.
  57.  85.  90.  68.  76.  64.  62.  62.  76.  63.  54.  81.  66.  62.
  67.  74.  77.  85.  55.  52.  62.  74.  38.  48.  92.  76.  50.  48.
  50.  75.  45.  75.  60.  73.  81.  79.  75.  57.  79.  57.  68.  70.
  59.  47.  59.  68.  65.  58.  86.  76.  57.  67.  80.  61.  62.  65.
  39.  81.  81.  79.  91.  74.  75.  61.  54.  52.  66.  81.  97.  53.
  74.  57.  38.  69.  69.  84.  91.  36.  72.  79.  53.  65.  83.  87.
  47.  59.  68.  52.  58.  68.  64.  35.  69.  73.  79.  65.  69.  29.
  65.  80.  42.  44.  65.  73.  53.  65.  72.  80.  71.  63.  53.  83.
  71.  62.  59.  72.  62.  46.  67.  85.  91.  59.  76.  66.  59.  79.
  98.  27.  73.  88.  73.  68.  69.  72.  62.  86.  69.  82.  87.  58.
  89.  84.  35.  77.  51.  63.  84.  64.  54.  42.  56.  94.  80.  70.
  49.  69.   8.  58.  73.  61.  47.  59.  65.  26.  64.  59.  76.  82.
  77.  91.  69.  74.  62.  69.  73.  69.  62.  80.  48.  86.  43.  50.
  49.  65.  55.  51.  73.  52.  43.  75.  44.  81.  64.  65.  71.  65.
  30.  83.  85.  66.  76.  58.  92.  37.  75.  60.  55.  66.  76.  96.
  50.  49.  83.  92.  96.  73.  82.  67.  67.  48.  22.  70.  77.  56.
  53.  65.  58.  89.  66.  74.  83.  62.  73.  81.  47.  87.  80.  62.
  53. 100.  63.   0.  85.  68.  61.  34.  58.  78.  70.  61.  79.  68.
  70.  51.  73.  74.  82.  62.  19.  67.  70.  87.  63.  65.  61.  62.
  65.  49.  54.  46.  50.  45.  86.  67.  64.  55.  64.  71.  80.  71.
  66.  82.  50.  33.  40.  70.  63.  86.  48.  92.  59.  65.  62.  93.
  53.  58.  71.  77.  74.  78.  71.  46.  53.  62.  64.  62.  88.  62.
  69.  90.  53.  88.  69.  81.  65.  61.  99.  71.  62.  52.  79.  90.
  72.  61.  63.  89.  35.  54.  74.  78.  76.  53.  68.  75.  67.  69.
  81.  63.  41.  57.  61.  84.  61.  59.  49.  49.  41.  58.  76.  76.
  53.  49.  48.  55.  32.  61.  68.  72.  44.  63.  60.  90.  77.  61.
  58.  49.  64.  98.  55.  94.  71.  53.  63.  55.  46.  63.  76.  58.
  90.  72.  76.  32.  64.  36.  61.  81.  55.  85.  60.  60.  59.  80.
  82.  50.  35.  52.  96.  77.  82.  71.  83.  85.  69.  62.  69.  44.
  50.  54.  67.  59.  47.  54.  80.  61.  64.  49.  62.  44.  89.  81.
  68.  77.  65.  77.  88.  83.  73.  69.  68.  69.  58.  46.  61.  57.
  49.  61.  49.  56.  75.  58.  63.  78.  41.  46.  54.  73.  64. 100.
  57.  50.  67.  49.  70.  84.  42.  75.  61.  59.  99.  78.  78.  40.
  74.  74.  82.  62.  58.  75.  63.  34.  69.  52.  63.  69. 100.  75.
  68.  58.  65.  94.  76.  84.  65.  72.  63.  76.  69.  78.  81. 100.
  70.  44.  30.  84.  68.  84.  50.  81.  70.  84.  59.  98.  67.  73.
  88.  50.  77.  40.  75.  77.  54.  90.  64.  41.  49.  85.  77.  57.
  39.  94.  71. 100.  71.  58.  45.  67.  81.  82.  71.  70.  51.  66.
  79.  50.  72.  63.  84.  59.  91.  47.  97.  65.  58.  63.  54.  60.
  39.  68.  58.  57.  82.  91.  65.  57.  99.  56.  70.  59.  52.  82.
  53.  70.  67.  71.  50.  74.  66.  47.  59.  66.  52.  81.  75.  90.
  69.  82.  65.  62.  62.  62.  28.  61.  40.  52.  72.  45.  68.  94.
  44.  55.  74.  71.  79.  80.  46.  41.  52.  48.  77.  55.  45.  65.
  71.  65.  49.  45.  75.  69.  60.  81.  42.  68.  75.  62.  64.  82.
  74.  66.  81.  40.  60.  75.  49.  61.  87.  79.  87.  53.  77.  59.
  76.  52.  95.  91.  54.  55.  65.  93.  53.  67.  53.  68.  71.  41.
  57.  45.  88.  60.  81.  77.  66.  49.  53.  61.  47.  89.  71.  94.
  59.  59.  58.  85.  74.  65.  54.  59.  66.  77.  71.  93.  55.  52.
  73.  71.  60.  69.  40.  76.  52.  47.  77.  45.  63.  51.  48.  60.
  59.  72.  55.  76.  73.  72.  56.  82.  63.  67.  62.  87.  44.  55.
  66.  63.  85.  57.  60.  88.  53.  87.  64.  77.  67.  65.  50.  40.
  57.  57.  23.  67.  79.  81.  77.  70.  78.  51.  54.  63.  35.  64.
  67.  92.  65.  46.  46.  37.  80.  42.  68.  58.  45.  75.  80.  49.
  74.  67.  61.  63.  77.  60.  56.  77.  60.  73.  73.  78.  73.  73.
  87.  62.  57.  46.  74.  92.  61.  81.  73.  72.  66.  73.  32.  82.
  68.  97.  51.  59. 100.  87.  62.  69.  51.  88.  58.  59.  61.  62.
  67.  73.] and Predicted Train Data [54.22886097 48.47765141 63.59588431 59.515149   89.16765603 60.19724781
 88.22646181 59.62618108 82.5853617  51.14797675 49.9439819  81.49018056
 57.62488511 74.18244097 50.75567729 51.61445551 69.30430643 60.51956027
 73.52798077 54.16640828 70.68572616 60.03908195 53.1066051  56.55549359
 80.45849752 66.73100397 61.30560831 93.91666297 68.94240706 50.8340855
 59.99334568 83.59943054 71.25153822 84.20779385 74.89479221 70.81431449
 62.57260525 62.11160837 71.2082484  39.01442588 53.24129211 55.29640846
 49.30691674 86.90636893 70.81050747 49.39500042 68.37770936 96.54858552
 56.64394294 52.11917442 71.38595005 88.68517307 46.54264116 85.40155149
 86.653055   68.39229471 58.63373855 83.01175759 67.88714429 66.58069898
 55.78394102 71.38909433 71.54900626 66.8171259  52.90267927 83.53705863
 67.12871277 54.7480337  91.83059236 53.02439929 61.39076838 78.87559099
 54.44794776 63.58525761 60.31137496 98.41711206 82.89632855 64.00569577
 60.85435856 90.70293063 86.20636815 78.05833603 37.7353711  80.08412333
 52.72604908 62.5500601  83.28418226 81.74052801 65.1059472  80.92244748
 78.62914078 75.38209836 50.2731559  66.49986885 77.35374922 65.75386933
 84.42414356 70.58760621 51.43328824 67.00938767 52.14522148 58.58570419
 71.16390522 77.34267043 91.82733418 81.28885762 53.99424663 86.92965835
 61.58426654 79.43653869 17.38859472 53.54572977 59.32249149 77.66740425
 77.14647688 58.1380352  17.19261246 62.88347725 67.24583775 63.25899638
 81.85957578 63.63744435 70.83845838 50.44437783 69.91115213 84.23647574
 74.76142862 61.89355641 58.60115434 71.23367392 53.14870671 48.98104521
 68.01368163 61.93223967 77.57058928 87.90846783 45.1534719  62.98825564
 61.85730926 75.56934236 69.56094452 92.56832588 62.82155911 91.86343654
 66.53604831 55.33232774 90.56150971 64.20960183 42.75328861 91.31281586
 89.0874692  54.64480672 79.13035638 69.74306012 61.66524207 54.19719827
 69.00394739 73.83677276 69.1727589  75.21099841 78.02682122 67.56171135
 54.4797874  64.65809417 63.16433645 72.29681005 64.45192135 56.88369985
 71.18832139 78.77802254 76.51906645 52.30401956 82.96543059 82.48586654
 80.99583157 70.46784896 56.1684165  55.78766543 86.05115476 76.21303037
 84.30541266 70.07378877 62.73425613 67.19637017 78.24230825 34.338233
 63.95439814 85.54358096 70.66369885 65.10416297 54.6003201  67.65198165
 51.18877616 88.41556522 72.79660934 63.46253698 77.56653049 76.84936427
 46.96420699 55.3362364 ]
[ 2023-03-18 13:29:57,429 ] 58 root - INFO - Real Train Data [ 52.  40.  65.  63.  93.  66.  84.  65.  86.  51.  50.  76.  53.  79.
  43.  57.  62.  51.  74.  54.  65.  53.  51.  68.  79.  67.  60.  97.
  68.  59.  67.  85.  71.  88.  85.  74.  62.  55.  74.  37.  68.  53.
  63.  87.  65.  43.  69.  91.  59.  59.  67.  79.  40.  87.  86.  71.
  65.  82.  69.  71.  62.  72.  66.  72.  44.  82.  66.  42.  97.  59.
  55.  71.  59.  64.  55. 100.  88.  62.  64.  88.  95.  75.  29.  88.
  39.  66.  85.  80.  72.  79.  79.  80.  52.  68.  75.  66.  78.  74.
  61.  69.  40.  48.  72.  79.  87.  88.  54.  81.  68.  78.  24.  54.
  63.  69.  88.  54.  18.  67.  61.  61.  87.  65.  76.  48.  65.  82.
  74.  68.  53.  71.  47.  61.  67.  58.  69.  87.  43.  70.  66.  88.
  73.  91.  69.  90.  60.  59.  97.  77.  27.  94.  85.  56.  77.  72.
  56.  64.  80.  81.  79.  70.  79.  73.  56.  66.  59.  78.  63.  58.
  69.  83.  70.  54.  86.  80.  79.  69.  58.  52.  78.  76.  77.  74.
  70.  74.  80.  29.  73.  87.  59.  62.  52.  71.  48.  89.  65.  67.
  75.  78.  46.  57.] and Predicted Train Data [54.22886097 48.47765141 63.59588431 59.515149   89.16765603 60.19724781
 88.22646181 59.62618108 82.5853617  51.14797675 49.9439819  81.49018056
 57.62488511 74.18244097 50.75567729 51.61445551 69.30430643 60.51956027
 73.52798077 54.16640828 70.68572616 60.03908195 53.1066051  56.55549359
 80.45849752 66.73100397 61.30560831 93.91666297 68.94240706 50.8340855
 59.99334568 83.59943054 71.25153822 84.20779385 74.89479221 70.81431449
 62.57260525 62.11160837 71.2082484  39.01442588 53.24129211 55.29640846
 49.30691674 86.90636893 70.81050747 49.39500042 68.37770936 96.54858552
 56.64394294 52.11917442 71.38595005 88.68517307 46.54264116 85.40155149
 86.653055   68.39229471 58.63373855 83.01175759 67.88714429 66.58069898
 55.78394102 71.38909433 71.54900626 66.8171259  52.90267927 83.53705863
 67.12871277 54.7480337  91.83059236 53.02439929 61.39076838 78.87559099
 54.44794776 63.58525761 60.31137496 98.41711206 82.89632855 64.00569577
 60.85435856 90.70293063 86.20636815 78.05833603 37.7353711  80.08412333
 52.72604908 62.5500601  83.28418226 81.74052801 65.1059472  80.92244748
 78.62914078 75.38209836 50.2731559  66.49986885 77.35374922 65.75386933
 84.42414356 70.58760621 51.43328824 67.00938767 52.14522148 58.58570419
 71.16390522 77.34267043 91.82733418 81.28885762 53.99424663 86.92965835
 61.58426654 79.43653869 17.38859472 53.54572977 59.32249149 77.66740425
 77.14647688 58.1380352  17.19261246 62.88347725 67.24583775 63.25899638
 81.85957578 63.63744435 70.83845838 50.44437783 69.91115213 84.23647574
 74.76142862 61.89355641 58.60115434 71.23367392 53.14870671 48.98104521
 68.01368163 61.93223967 77.57058928 87.90846783 45.1534719  62.98825564
 61.85730926 75.56934236 69.56094452 92.56832588 62.82155911 91.86343654
 66.53604831 55.33232774 90.56150971 64.20960183 42.75328861 91.31281586
 89.0874692  54.64480672 79.13035638 69.74306012 61.66524207 54.19719827
 69.00394739 73.83677276 69.1727589  75.21099841 78.02682122 67.56171135
 54.4797874  64.65809417 63.16433645 72.29681005 64.45192135 56.88369985
 71.18832139 78.77802254 76.51906645 52.30401956 82.96543059 82.48586654
 80.99583157 70.46784896 56.1684165  55.78766543 86.05115476 76.21303037
 84.30541266 70.07378877 62.73425613 67.19637017 78.24230825 34.338233
 63.95439814 85.54358096 70.66369885 65.10416297 54.6003201  67.65198165
 51.18877616 88.41556522 72.79660934 63.46253698 77.56653049 76.84936427
 46.96420699 55.3362364 ]
[ 2023-03-18 13:29:57,431 ] 65 root - INFO - Test model score : 0.9084471448377421 \n Test Model Score: 0.8591183744875537
[ 2023-03-18 13:29:57,431 ] 67 root - INFO - Report Addded : {'Random Forest': 0.8402534022357209, 'Decision Tree': 0.7264661255578739, 'Gradient Boosting': 0.8557316116433152, 'Linear Regression': 0.8704023080124457, 'K-Neighbors Regression': 0.4981420508414579, 'XGBRegression': -16.141455824371366, 'CatBoosting Regression': 0.8591183744875537}
[ 2023-03-18 13:29:57,431 ] 18 root - INFO - 'AdaBoost Regression'
[ 2023-03-18 13:29:57,432 ] 18 root - INFO - Error Occured in Python Script name [d:\mlproject\src\utils.py] line numer [37] error message ['AdaBoost Regression']
[ 2023-03-18 13:29:57,432 ] 18 root - INFO - Error Occured in Python Script name [d:\mlproject\src\components\model_trainer.py] line numer [101] error message [Error Occured in Python Script name [d:\mlproject\src\utils.py] line numer [37] error message ['AdaBoost Regression']]
