[ 2023-03-18 22:12:49,108 ] 44 root - INFO - Reading Custom Data
[ 2023-03-18 22:12:49,118 ] 224 werkzeug - WARNING -  * Debugger is active!
[ 2023-03-18 22:12:49,127 ] 224 werkzeug - INFO -  * Debugger PIN: 979-828-584
[ 2023-03-18 22:15:23,721 ] 224 werkzeug - INFO - 127.0.0.1 - - [18/Mar/2023 22:15:23] "GET /predictdata HTTP/1.1" 200 -
[ 2023-03-18 22:15:44,154 ] 36 root - INFO - DataFrame:   gender race_ethnicity parental_level_of_education     lunch test_preparation_course  reading_score  writing_score
0   male        group D           bachelor's degree  standard               completed           88.0           45.0
[ 2023-03-18 22:15:44,155 ] 20 root - INFO - Model Path: artifact\model.pkl
[ 2023-03-18 22:15:44,156 ] 24 root - INFO - Preprocessor Path: artifact\preprocessor.pkl
[ 2023-03-18 22:15:44,156 ] 76 root - INFO - Loading Object from artifact\model.pkl
[ 2023-03-18 22:15:44,158 ] 81 root - INFO - Object LinearRegression() loaded from artifact\model.pkl Scucessfully
[ 2023-03-18 22:15:44,158 ] 76 root - INFO - Loading Object from artifact\preprocessor.pkl
[ 2023-03-18 22:15:44,185 ] 81 root - INFO - Object ColumnTransformer(transformers=[('num_pipeline',
                                 Pipeline(steps=[('imputer',
                                                  SimpleImputer(strategy='median')),
                                                 ('scaler',
                                                  StandardScaler(with_mean=False))]),
                                 ['writing_score', 'reading_score']),
                                ('cat_pipeline',
                                 Pipeline(steps=[('imputer',
                                                  SimpleImputer(strategy='most_frequent')),
                                                 ('one_hot_encoder',
                                                  OneHotEncoder()),
                                                 ('scaler',
                                                  StandardScaler(with_mean=False))]),
                                 ['gender', 'race_ethnicity',
                                  'parental_level_of_education', 'lunch',
                                  'test_preparation_course'])]) loaded from artifact\preprocessor.pkl Scucessfully
[ 2023-03-18 22:15:44,185 ] 29 root - INFO - Transforming The Data
[ 2023-03-18 22:15:44,196 ] 31 root - INFO - Transformed  Data: [[2.93545315 5.97962922 0.         2.0025047  0.         0.
  0.         2.30940108 0.         0.         3.16475109 0.
  0.         0.         0.         0.         2.07268493 2.09830697
  0.        ]]
[ 2023-03-18 22:15:44,196 ] 34 root - INFO - Predicting the Result
[ 2023-03-18 22:15:44,196 ] 36 root - INFO - Predicted the Result: [59.42687988]
[ 2023-03-18 22:15:44,197 ] 40 root - INFO - Predicted Score: [59.42687988]
[ 2023-03-18 22:15:44,198 ] 224 werkzeug - INFO - 127.0.0.1 - - [18/Mar/2023 22:15:44] "POST /predictdata HTTP/1.1" 200 -
[ 2023-03-18 22:15:44,294 ] 224 werkzeug - INFO - 127.0.0.1 - - [18/Mar/2023 22:15:44] "GET /predictdata HTTP/1.1" 200 -
