[ 2023-03-18 13:29:59,796 ] 26 root - INFO - Entered the data ingestion method or components
[ 2023-03-18 13:29:59,803 ] 29 root - INFO - Exported Read The Dataset as DataFrame
[ 2023-03-18 13:29:59,811 ] 35 root - INFO - Train Test Split Inititated
[ 2023-03-18 13:29:59,822 ] 41 root - INFO - Ingestion of Data is completed
[ 2023-03-18 13:29:59,822 ] 62 root - INFO - Train Data : artifact\train.csv, Test Data : artifact\test.csv
[ 2023-03-18 13:29:59,832 ] 85 root - INFO - Read train and test data completed
[ 2023-03-18 13:29:59,832 ] 87 root - INFO - Obtaining preprocessing object
[ 2023-03-18 13:29:59,832 ] 34 root - INFO - Entered the data transfomation method or components
[ 2023-03-18 13:29:59,832 ] 44 root - INFO - Categorical columns: ['gender', 'race_ethnicity', 'parental_level_of_education', 'lunch', 'test_preparation_course']
[ 2023-03-18 13:29:59,834 ] 45 root - INFO - Numerical columns: ['writing_score', 'reading_score']
[ 2023-03-18 13:29:59,836 ] 61 root - INFO - Categorical Pipeline: Pipeline(steps=[('imputer', SimpleImputer(strategy='most_frequent')),
                ('one_hot_encoder', OneHotEncoder()),
                ('scaler', StandardScaler(with_mean=False))])
[ 2023-03-18 13:29:59,838 ] 62 root - INFO - Numerical Pipline: Pipeline(steps=[('imputer', SimpleImputer(strategy='median')),
                ('scaler', StandardScaler(with_mean=False))])
[ 2023-03-18 13:29:59,838 ] 71 root - INFO - Categorical Pipline &Numerical Pipeline Excueted Scuceesully
[ 2023-03-18 13:29:59,852 ] 72 root - INFO - Preprocesssor is returned ColumnTransformer(transformers=[('num_pipeline',
                                 Pipeline(steps=[('imputer',
                                                  SimpleImputer(strategy='median')),
                                                 ('scaler',
                                                  StandardScaler(with_mean=False))]),
                                 ['writing_score', 'reading_score']),
                                ('cat_pipeline',
                                 Pipeline(steps=[('imputer',
                                                  SimpleImputer(strategy='most_frequent')),
                                                 ('one_hot_encoder',
                                                  OneHotEncoder()),
                                                 ('scaler',
                                                  StandardScaler(with_mean=False))]),
                                 ['gender', 'race_ethnicity',
                                  'parental_level_of_education', 'lunch',
                                  'test_preparation_course'])])
[ 2023-03-18 13:29:59,852 ] 103 root - INFO - Categorical columns: ['gender', 'race_ethnicity', 'parental_level_of_education', 'lunch', 'test_preparation_course']
[ 2023-03-18 13:29:59,852 ] 104 root - INFO - Numerical columns: ['writing_score', 'reading_score']
[ 2023-03-18 13:29:59,852 ] 105 root - INFO - Target columns: math_score
[ 2023-03-18 13:29:59,852 ] 107 root - INFO - Removing Target Columns from Train and Test Set
[ 2023-03-18 13:29:59,854 ] 116 root - INFO - Applying preprocessing object on training dataframe and testing dataframe.
[ 2023-03-18 13:29:59,877 ] 131 root - INFO - Data Transformation Complted.
[ 2023-03-18 13:29:59,877 ] 15 root - INFO - Saving object {obj} on file: {file_path} Started.
[ 2023-03-18 13:29:59,878 ] 18 root - INFO - Making Directory :artifact
[ 2023-03-18 13:29:59,878 ] 20 root - INFO - Directory Made
[ 2023-03-18 13:29:59,893 ] 21 root - INFO - Dumping object : ColumnTransformer(transformers=[('num_pipeline',
                                 Pipeline(steps=[('imputer',
                                                  SimpleImputer(strategy='median')),
                                                 ('scaler',
                                                  StandardScaler(with_mean=False))]),
                                 ['writing_score', 'reading_score']),
                                ('cat_pipeline',
                                 Pipeline(steps=[('imputer',
                                                  SimpleImputer(strategy='most_frequent')),
                                                 ('one_hot_encoder',
                                                  OneHotEncoder()),
                                                 ('scaler',
                                                  StandardScaler(with_mean=False))]),
                                 ['gender', 'race_ethnicity',
                                  'parental_level_of_education', 'lunch',
                                  'test_preparation_course'])])
[ 2023-03-18 13:29:59,916 ] 25 root - INFO - Dumping of obj ColumnTransformer(transformers=[('num_pipeline',
                                 Pipeline(steps=[('imputer',
                                                  SimpleImputer(strategy='median')),
                                                 ('scaler',
                                                  StandardScaler(with_mean=False))]),
                                 ['writing_score', 'reading_score']),
                                ('cat_pipeline',
                                 Pipeline(steps=[('imputer',
                                                  SimpleImputer(strategy='most_frequent')),
                                                 ('one_hot_encoder',
                                                  OneHotEncoder()),
                                                 ('scaler',
                                                  StandardScaler(with_mean=False))]),
                                 ['gender', 'race_ethnicity',
                                  'parental_level_of_education', 'lunch',
                                  'test_preparation_course'])]) Successfull <_io.BufferedWriter name='artifact\\preprocessor.pkl'>
[ 2023-03-18 13:29:59,916 ] 141 root - INFO - Saved preprocessing object as Pickle File.
[ 2023-03-18 13:29:59,917 ] 66 root - INFO - Train Array : [[ 4.30533129  4.62062258  0.         ...  0.          2.09830697
  73.        ]
 [ 4.37056358  4.75652325  2.0025047  ...  0.          2.09830697
  58.        ]
 [ 2.80498857  3.12571528  0.         ...  0.          2.09830697
  55.        ]
 ...
 [ 4.56626046  4.96037424  2.0025047  ...  0.          2.09830697
  62.        ]
 [ 5.47951255  5.36807623  2.0025047  ...  2.09830697  0.
  67.        ]
 [ 3.71824066  4.34882125  0.         ...  0.          2.09830697
  73.        ]],Test Array : [[ 3.00068544  3.32956627  0.         ...  2.09830697  0.
  52.        ]
 [ 3.32684691  4.00906959  2.0025047  ...  0.          2.09830697
  40.        ]
 [ 4.56626046  4.68857291  2.0025047  ...  0.          2.09830697
  65.        ]
 ...
 [ 5.21858338  5.23217557  0.         ...  2.09830697  0.
  78.        ]
 [ 3.78347295  3.66931793  2.0025047  ...  2.09830697  0.
  46.        ]
 [ 4.1748667   3.94111926  2.0025047  ...  2.09830697  0.
  57.        ]],Preprocessor Array : artifact\preprocessor.pkl
[ 2023-03-18 13:29:59,918 ] 38 root - INFO - Entered the Model Traineer method or components
[ 2023-03-18 13:29:59,918 ] 40 root - INFO - Split training and test input data
[ 2023-03-18 13:29:59,918 ] 31 root - INFO - Evaluting Model Started
[ 2023-03-18 13:29:59,918 ] 39 root - INFO - Evaluting Model: RandomForestRegressor() on Params; {'n_estimators': [8, 16, 32, 64, 128, 256]}
[ 2023-03-18 13:29:59,918 ] 43 root - INFO - GridSearchCV(cv=3, estimator=RandomForestRegressor(),
             param_grid={'n_estimators': [8, 16, 32, 64, 128, 256]})
[ 2023-03-18 13:30:06,262 ] 45 root - INFO - Doing Grid Search CV
[ 2023-03-18 13:30:07,279 ] 50 root - INFO - Model Trained With Hyper Parameter Tunning
[ 2023-03-18 13:30:07,374 ] 57 root - INFO - Real Train Data [ 73.  58.  55.  37.  74.  79.  53.  75.  47.  66.  53.  66.  38.  64.
  57.  85.  90.  68.  76.  64.  62.  62.  76.  63.  54.  81.  66.  62.
  67.  74.  77.  85.  55.  52.  62.  74.  38.  48.  92.  76.  50.  48.
  50.  75.  45.  75.  60.  73.  81.  79.  75.  57.  79.  57.  68.  70.
  59.  47.  59.  68.  65.  58.  86.  76.  57.  67.  80.  61.  62.  65.
  39.  81.  81.  79.  91.  74.  75.  61.  54.  52.  66.  81.  97.  53.
  74.  57.  38.  69.  69.  84.  91.  36.  72.  79.  53.  65.  83.  87.
  47.  59.  68.  52.  58.  68.  64.  35.  69.  73.  79.  65.  69.  29.
  65.  80.  42.  44.  65.  73.  53.  65.  72.  80.  71.  63.  53.  83.
  71.  62.  59.  72.  62.  46.  67.  85.  91.  59.  76.  66.  59.  79.
  98.  27.  73.  88.  73.  68.  69.  72.  62.  86.  69.  82.  87.  58.
  89.  84.  35.  77.  51.  63.  84.  64.  54.  42.  56.  94.  80.  70.
  49.  69.   8.  58.  73.  61.  47.  59.  65.  26.  64.  59.  76.  82.
  77.  91.  69.  74.  62.  69.  73.  69.  62.  80.  48.  86.  43.  50.
  49.  65.  55.  51.  73.  52.  43.  75.  44.  81.  64.  65.  71.  65.
  30.  83.  85.  66.  76.  58.  92.  37.  75.  60.  55.  66.  76.  96.
  50.  49.  83.  92.  96.  73.  82.  67.  67.  48.  22.  70.  77.  56.
  53.  65.  58.  89.  66.  74.  83.  62.  73.  81.  47.  87.  80.  62.
  53. 100.  63.   0.  85.  68.  61.  34.  58.  78.  70.  61.  79.  68.
  70.  51.  73.  74.  82.  62.  19.  67.  70.  87.  63.  65.  61.  62.
  65.  49.  54.  46.  50.  45.  86.  67.  64.  55.  64.  71.  80.  71.
  66.  82.  50.  33.  40.  70.  63.  86.  48.  92.  59.  65.  62.  93.
  53.  58.  71.  77.  74.  78.  71.  46.  53.  62.  64.  62.  88.  62.
  69.  90.  53.  88.  69.  81.  65.  61.  99.  71.  62.  52.  79.  90.
  72.  61.  63.  89.  35.  54.  74.  78.  76.  53.  68.  75.  67.  69.
  81.  63.  41.  57.  61.  84.  61.  59.  49.  49.  41.  58.  76.  76.
  53.  49.  48.  55.  32.  61.  68.  72.  44.  63.  60.  90.  77.  61.
  58.  49.  64.  98.  55.  94.  71.  53.  63.  55.  46.  63.  76.  58.
  90.  72.  76.  32.  64.  36.  61.  81.  55.  85.  60.  60.  59.  80.
  82.  50.  35.  52.  96.  77.  82.  71.  83.  85.  69.  62.  69.  44.
  50.  54.  67.  59.  47.  54.  80.  61.  64.  49.  62.  44.  89.  81.
  68.  77.  65.  77.  88.  83.  73.  69.  68.  69.  58.  46.  61.  57.
  49.  61.  49.  56.  75.  58.  63.  78.  41.  46.  54.  73.  64. 100.
  57.  50.  67.  49.  70.  84.  42.  75.  61.  59.  99.  78.  78.  40.
  74.  74.  82.  62.  58.  75.  63.  34.  69.  52.  63.  69. 100.  75.
  68.  58.  65.  94.  76.  84.  65.  72.  63.  76.  69.  78.  81. 100.
  70.  44.  30.  84.  68.  84.  50.  81.  70.  84.  59.  98.  67.  73.
  88.  50.  77.  40.  75.  77.  54.  90.  64.  41.  49.  85.  77.  57.
  39.  94.  71. 100.  71.  58.  45.  67.  81.  82.  71.  70.  51.  66.
  79.  50.  72.  63.  84.  59.  91.  47.  97.  65.  58.  63.  54.  60.
  39.  68.  58.  57.  82.  91.  65.  57.  99.  56.  70.  59.  52.  82.
  53.  70.  67.  71.  50.  74.  66.  47.  59.  66.  52.  81.  75.  90.
  69.  82.  65.  62.  62.  62.  28.  61.  40.  52.  72.  45.  68.  94.
  44.  55.  74.  71.  79.  80.  46.  41.  52.  48.  77.  55.  45.  65.
  71.  65.  49.  45.  75.  69.  60.  81.  42.  68.  75.  62.  64.  82.
  74.  66.  81.  40.  60.  75.  49.  61.  87.  79.  87.  53.  77.  59.
  76.  52.  95.  91.  54.  55.  65.  93.  53.  67.  53.  68.  71.  41.
  57.  45.  88.  60.  81.  77.  66.  49.  53.  61.  47.  89.  71.  94.
  59.  59.  58.  85.  74.  65.  54.  59.  66.  77.  71.  93.  55.  52.
  73.  71.  60.  69.  40.  76.  52.  47.  77.  45.  63.  51.  48.  60.
  59.  72.  55.  76.  73.  72.  56.  82.  63.  67.  62.  87.  44.  55.
  66.  63.  85.  57.  60.  88.  53.  87.  64.  77.  67.  65.  50.  40.
  57.  57.  23.  67.  79.  81.  77.  70.  78.  51.  54.  63.  35.  64.
  67.  92.  65.  46.  46.  37.  80.  42.  68.  58.  45.  75.  80.  49.
  74.  67.  61.  63.  77.  60.  56.  77.  60.  73.  73.  78.  73.  73.
  87.  62.  57.  46.  74.  92.  61.  81.  73.  72.  66.  73.  32.  82.
  68.  97.  51.  59. 100.  87.  62.  69.  51.  88.  58.  59.  61.  62.
  67.  73.] and Predicted Train Data [51.0078125  46.8984375  61.0703125  57.59765625 92.2265625  60.8671875
 93.41796875 59.0625     83.20885417 49.22265625 51.24609375 84.09765625
 60.2421875  75.24609375 47.60546875 51.5        68.96875    60.984375
 73.296875   56.1796875  71.33203125 58.54296875 57.828125   57.625
 80.3515625  70.44140625 60.40625    92.7578125  69.40234375 51.8203125
 61.96484375 83.6953125  69.7734375  85.40625    73.625      67.81640625
 62.890625   62.2734375  69.265625   39.16015625 55.88671875 50.6796875
 50.984375   82.77734375 66.9375     49.59375    68.11328125 95.69140625
 59.53515625 52.12890625 72.9296875  89.48046875 45.56640625 86.34375
 86.18125    71.265625   56.4375     86.03515625 73.29296875 63.0546875
 54.97265625 72.0078125  72.30078125 67.27734375 51.25390625 79.09635417
 69.265625   53.87890625 91.68359375 49.91796875 61.5703125  80.84765625
 51.2109375  63.578125   60.0859375  96.046875   85.90846354 68.33984375
 64.7265625  90.7578125  83.05078125 78.73828125 42.37890625 85.23828125
 50.66796875 59.328125   86.2265625  80.109375   66.8125     79.2578125
 81.29817708 76.6953125  53.14453125 70.8828125  78.09375    66.58203125
 82.12109375 66.77734375 49.640625   64.98828125 51.57421875 56.67578125
 70.2265625  76.46679688 94.44140625 83.765625   54.2734375  85.11028646
 65.00390625 84.11328125 21.0234375  54.8984375  57.16796875 74.9453125
 80.00390625 56.6875     23.54427083 65.34765625 72.29296875 62.39453125
 83.36328125 65.27734375 72.73046875 50.109375   70.71875    85.5234375
 78.546875   60.98046875 59.171875   72.36328125 51.4921875  48.140625
 66.16796875 61.27734375 79.         87.9765625  46.3203125  62.4140625
 63.69140625 77.75       68.9375     95.55859375 67.09765625 91.79296875
 65.56640625 58.04296875 90.16145833 62.91796875 46.078125   90.58984375
 89.40598958 51.33203125 79.5390625  71.94140625 61.3984375  52.6484375
 68.65625    72.18359375 70.3203125  74.33984375 81.1953125  68.17578125
 56.35546875 65.08984375 62.1484375  74.01953125 67.46484375 55.46484375
 69.78125    75.96875    72.16796875 55.75390625 81.51302083 81.8125
 80.96875    74.53515625 54.28515625 55.80859375 84.22265625 77.01171875
 90.4453125  71.09375    65.6796875  64.453125   78.89453125 33.54427083
 63.2578125  84.4609375  71.6015625  62.23046875 53.1328125  65.0703125
 52.08203125 91.67578125 76.640625   63.01171875 77.03515625 80.75390625
 48.90234375 53.9765625 ]
[ 2023-03-18 13:30:07,377 ] 58 root - INFO - Real Train Data [ 52.  40.  65.  63.  93.  66.  84.  65.  86.  51.  50.  76.  53.  79.
  43.  57.  62.  51.  74.  54.  65.  53.  51.  68.  79.  67.  60.  97.
  68.  59.  67.  85.  71.  88.  85.  74.  62.  55.  74.  37.  68.  53.
  63.  87.  65.  43.  69.  91.  59.  59.  67.  79.  40.  87.  86.  71.
  65.  82.  69.  71.  62.  72.  66.  72.  44.  82.  66.  42.  97.  59.
  55.  71.  59.  64.  55. 100.  88.  62.  64.  88.  95.  75.  29.  88.
  39.  66.  85.  80.  72.  79.  79.  80.  52.  68.  75.  66.  78.  74.
  61.  69.  40.  48.  72.  79.  87.  88.  54.  81.  68.  78.  24.  54.
  63.  69.  88.  54.  18.  67.  61.  61.  87.  65.  76.  48.  65.  82.
  74.  68.  53.  71.  47.  61.  67.  58.  69.  87.  43.  70.  66.  88.
  73.  91.  69.  90.  60.  59.  97.  77.  27.  94.  85.  56.  77.  72.
  56.  64.  80.  81.  79.  70.  79.  73.  56.  66.  59.  78.  63.  58.
  69.  83.  70.  54.  86.  80.  79.  69.  58.  52.  78.  76.  77.  74.
  70.  74.  80.  29.  73.  87.  59.  62.  52.  71.  48.  89.  65.  67.
  75.  78.  46.  57.] and Predicted Train Data [51.0078125  46.8984375  61.0703125  57.59765625 92.2265625  60.8671875
 93.41796875 59.0625     83.20885417 49.22265625 51.24609375 84.09765625
 60.2421875  75.24609375 47.60546875 51.5        68.96875    60.984375
 73.296875   56.1796875  71.33203125 58.54296875 57.828125   57.625
 80.3515625  70.44140625 60.40625    92.7578125  69.40234375 51.8203125
 61.96484375 83.6953125  69.7734375  85.40625    73.625      67.81640625
 62.890625   62.2734375  69.265625   39.16015625 55.88671875 50.6796875
 50.984375   82.77734375 66.9375     49.59375    68.11328125 95.69140625
 59.53515625 52.12890625 72.9296875  89.48046875 45.56640625 86.34375
 86.18125    71.265625   56.4375     86.03515625 73.29296875 63.0546875
 54.97265625 72.0078125  72.30078125 67.27734375 51.25390625 79.09635417
 69.265625   53.87890625 91.68359375 49.91796875 61.5703125  80.84765625
 51.2109375  63.578125   60.0859375  96.046875   85.90846354 68.33984375
 64.7265625  90.7578125  83.05078125 78.73828125 42.37890625 85.23828125
 50.66796875 59.328125   86.2265625  80.109375   66.8125     79.2578125
 81.29817708 76.6953125  53.14453125 70.8828125  78.09375    66.58203125
 82.12109375 66.77734375 49.640625   64.98828125 51.57421875 56.67578125
 70.2265625  76.46679688 94.44140625 83.765625   54.2734375  85.11028646
 65.00390625 84.11328125 21.0234375  54.8984375  57.16796875 74.9453125
 80.00390625 56.6875     23.54427083 65.34765625 72.29296875 62.39453125
 83.36328125 65.27734375 72.73046875 50.109375   70.71875    85.5234375
 78.546875   60.98046875 59.171875   72.36328125 51.4921875  48.140625
 66.16796875 61.27734375 79.         87.9765625  46.3203125  62.4140625
 63.69140625 77.75       68.9375     95.55859375 67.09765625 91.79296875
 65.56640625 58.04296875 90.16145833 62.91796875 46.078125   90.58984375
 89.40598958 51.33203125 79.5390625  71.94140625 61.3984375  52.6484375
 68.65625    72.18359375 70.3203125  74.33984375 81.1953125  68.17578125
 56.35546875 65.08984375 62.1484375  74.01953125 67.46484375 55.46484375
 69.78125    75.96875    72.16796875 55.75390625 81.51302083 81.8125
 80.96875    74.53515625 54.28515625 55.80859375 84.22265625 77.01171875
 90.4453125  71.09375    65.6796875  64.453125   78.89453125 33.54427083
 63.2578125  84.4609375  71.6015625  62.23046875 53.1328125  65.0703125
 52.08203125 91.67578125 76.640625   63.01171875 77.03515625 80.75390625
 48.90234375 53.9765625 ]
[ 2023-03-18 13:30:07,377 ] 65 root - INFO - Test model score : 0.9767881604344022 \n Test Model Score: 0.841712281918585
[ 2023-03-18 13:30:07,378 ] 67 root - INFO - Report Addded : {'Random Forest': 0.841712281918585}
[ 2023-03-18 13:30:07,378 ] 39 root - INFO - Evaluting Model: DecisionTreeRegressor() on Params; {'criterion': ['squared_error', 'friedman_mse', 'absolute_error', 'poisson']}
[ 2023-03-18 13:30:07,379 ] 43 root - INFO - GridSearchCV(cv=3, estimator=DecisionTreeRegressor(),
             param_grid={'criterion': ['squared_error', 'friedman_mse',
                                       'absolute_error', 'poisson']})
[ 2023-03-18 13:30:07,511 ] 45 root - INFO - Doing Grid Search CV
[ 2023-03-18 13:30:07,515 ] 50 root - INFO - Model Trained With Hyper Parameter Tunning
[ 2023-03-18 13:30:07,522 ] 57 root - INFO - Real Train Data [ 73.  58.  55.  37.  74.  79.  53.  75.  47.  66.  53.  66.  38.  64.
  57.  85.  90.  68.  76.  64.  62.  62.  76.  63.  54.  81.  66.  62.
  67.  74.  77.  85.  55.  52.  62.  74.  38.  48.  92.  76.  50.  48.
  50.  75.  45.  75.  60.  73.  81.  79.  75.  57.  79.  57.  68.  70.
  59.  47.  59.  68.  65.  58.  86.  76.  57.  67.  80.  61.  62.  65.
  39.  81.  81.  79.  91.  74.  75.  61.  54.  52.  66.  81.  97.  53.
  74.  57.  38.  69.  69.  84.  91.  36.  72.  79.  53.  65.  83.  87.
  47.  59.  68.  52.  58.  68.  64.  35.  69.  73.  79.  65.  69.  29.
  65.  80.  42.  44.  65.  73.  53.  65.  72.  80.  71.  63.  53.  83.
  71.  62.  59.  72.  62.  46.  67.  85.  91.  59.  76.  66.  59.  79.
  98.  27.  73.  88.  73.  68.  69.  72.  62.  86.  69.  82.  87.  58.
  89.  84.  35.  77.  51.  63.  84.  64.  54.  42.  56.  94.  80.  70.
  49.  69.   8.  58.  73.  61.  47.  59.  65.  26.  64.  59.  76.  82.
  77.  91.  69.  74.  62.  69.  73.  69.  62.  80.  48.  86.  43.  50.
  49.  65.  55.  51.  73.  52.  43.  75.  44.  81.  64.  65.  71.  65.
  30.  83.  85.  66.  76.  58.  92.  37.  75.  60.  55.  66.  76.  96.
  50.  49.  83.  92.  96.  73.  82.  67.  67.  48.  22.  70.  77.  56.
  53.  65.  58.  89.  66.  74.  83.  62.  73.  81.  47.  87.  80.  62.
  53. 100.  63.   0.  85.  68.  61.  34.  58.  78.  70.  61.  79.  68.
  70.  51.  73.  74.  82.  62.  19.  67.  70.  87.  63.  65.  61.  62.
  65.  49.  54.  46.  50.  45.  86.  67.  64.  55.  64.  71.  80.  71.
  66.  82.  50.  33.  40.  70.  63.  86.  48.  92.  59.  65.  62.  93.
  53.  58.  71.  77.  74.  78.  71.  46.  53.  62.  64.  62.  88.  62.
  69.  90.  53.  88.  69.  81.  65.  61.  99.  71.  62.  52.  79.  90.
  72.  61.  63.  89.  35.  54.  74.  78.  76.  53.  68.  75.  67.  69.
  81.  63.  41.  57.  61.  84.  61.  59.  49.  49.  41.  58.  76.  76.
  53.  49.  48.  55.  32.  61.  68.  72.  44.  63.  60.  90.  77.  61.
  58.  49.  64.  98.  55.  94.  71.  53.  63.  55.  46.  63.  76.  58.
  90.  72.  76.  32.  64.  36.  61.  81.  55.  85.  60.  60.  59.  80.
  82.  50.  35.  52.  96.  77.  82.  71.  83.  85.  69.  62.  69.  44.
  50.  54.  67.  59.  47.  54.  80.  61.  64.  49.  62.  44.  89.  81.
  68.  77.  65.  77.  88.  83.  73.  69.  68.  69.  58.  46.  61.  57.
  49.  61.  49.  56.  75.  58.  63.  78.  41.  46.  54.  73.  64. 100.
  57.  50.  67.  49.  70.  84.  42.  75.  61.  59.  99.  78.  78.  40.
  74.  74.  82.  62.  58.  75.  63.  34.  69.  52.  63.  69. 100.  75.
  68.  58.  65.  94.  76.  84.  65.  72.  63.  76.  69.  78.  81. 100.
  70.  44.  30.  84.  68.  84.  50.  81.  70.  84.  59.  98.  67.  73.
  88.  50.  77.  40.  75.  77.  54.  90.  64.  41.  49.  85.  77.  57.
  39.  94.  71. 100.  71.  58.  45.  67.  81.  82.  71.  70.  51.  66.
  79.  50.  72.  63.  84.  59.  91.  47.  97.  65.  58.  63.  54.  60.
  39.  68.  58.  57.  82.  91.  65.  57.  99.  56.  70.  59.  52.  82.
  53.  70.  67.  71.  50.  74.  66.  47.  59.  66.  52.  81.  75.  90.
  69.  82.  65.  62.  62.  62.  28.  61.  40.  52.  72.  45.  68.  94.
  44.  55.  74.  71.  79.  80.  46.  41.  52.  48.  77.  55.  45.  65.
  71.  65.  49.  45.  75.  69.  60.  81.  42.  68.  75.  62.  64.  82.
  74.  66.  81.  40.  60.  75.  49.  61.  87.  79.  87.  53.  77.  59.
  76.  52.  95.  91.  54.  55.  65.  93.  53.  67.  53.  68.  71.  41.
  57.  45.  88.  60.  81.  77.  66.  49.  53.  61.  47.  89.  71.  94.
  59.  59.  58.  85.  74.  65.  54.  59.  66.  77.  71.  93.  55.  52.
  73.  71.  60.  69.  40.  76.  52.  47.  77.  45.  63.  51.  48.  60.
  59.  72.  55.  76.  73.  72.  56.  82.  63.  67.  62.  87.  44.  55.
  66.  63.  85.  57.  60.  88.  53.  87.  64.  77.  67.  65.  50.  40.
  57.  57.  23.  67.  79.  81.  77.  70.  78.  51.  54.  63.  35.  64.
  67.  92.  65.  46.  46.  37.  80.  42.  68.  58.  45.  75.  80.  49.
  74.  67.  61.  63.  77.  60.  56.  77.  60.  73.  73.  78.  73.  73.
  87.  62.  57.  46.  74.  92.  61.  81.  73.  72.  66.  73.  32.  82.
  68.  97.  51.  59. 100.  87.  62.  69.  51.  88.  58.  59.  61.  62.
  67.  73.] and Predicted Train Data [ 58.   49.   65.   55.   98.   62.   98.   55.   86.   51.   49.   84.
  62.   77.   44.   60.   59.   57.   63.   58.   63.   60.   56.   60.
  81.   75.   57.   92.   62.   53.   40.   77.   76.  100.   80.   62.
  68.   62.   77.   44.   45.   53.   49.   86.   65.   52.   73.  100.
  60.   54.   74.   94.   40.   81.   83.   75.   58.   87.   76.   57.
  53.   73.   70.   59.   54.   80.   69.   45.  100.   53.   69.   89.
  52.   66.   60.   87.   90.   69.   71.   93.   85.   80.   41.   91.
  49.   59.   89.   80.   76.   82.   78.   81.   54.   71.   73.   69.
  82.   63.   45.   62.   54.   51.   69.   80.   99.   77.   54.   82.
  69.   89.   19.   65.   53.   77.   88.   54.   19.   63.   71.   66.
  86.   67.   71.   59.   65.   81.   79.   67.   61.   65.   49.   48.
  65.   60.   90.   89.   48.   59.   69.   82.   81.   97.   72.   94.
  66.   71.   89.5  60.   45.   99.   82.   49.   82.   81.   60.   49.
  72.   72.   66.   61.   85.   69.   45.   44.   63.   78.   67.   64.
  62.   77.   72.   59.   81.   86.   78.   76.   64.   53.   84.   82.
 100.   61.   70.   57.   86.   32.   62.   91.   69.   68.   53.   71.
  45.   94.   78.   59.   74.   80.   35.   62. ]
[ 2023-03-18 13:30:07,524 ] 58 root - INFO - Real Train Data [ 52.  40.  65.  63.  93.  66.  84.  65.  86.  51.  50.  76.  53.  79.
  43.  57.  62.  51.  74.  54.  65.  53.  51.  68.  79.  67.  60.  97.
  68.  59.  67.  85.  71.  88.  85.  74.  62.  55.  74.  37.  68.  53.
  63.  87.  65.  43.  69.  91.  59.  59.  67.  79.  40.  87.  86.  71.
  65.  82.  69.  71.  62.  72.  66.  72.  44.  82.  66.  42.  97.  59.
  55.  71.  59.  64.  55. 100.  88.  62.  64.  88.  95.  75.  29.  88.
  39.  66.  85.  80.  72.  79.  79.  80.  52.  68.  75.  66.  78.  74.
  61.  69.  40.  48.  72.  79.  87.  88.  54.  81.  68.  78.  24.  54.
  63.  69.  88.  54.  18.  67.  61.  61.  87.  65.  76.  48.  65.  82.
  74.  68.  53.  71.  47.  61.  67.  58.  69.  87.  43.  70.  66.  88.
  73.  91.  69.  90.  60.  59.  97.  77.  27.  94.  85.  56.  77.  72.
  56.  64.  80.  81.  79.  70.  79.  73.  56.  66.  59.  78.  63.  58.
  69.  83.  70.  54.  86.  80.  79.  69.  58.  52.  78.  76.  77.  74.
  70.  74.  80.  29.  73.  87.  59.  62.  52.  71.  48.  89.  65.  67.
  75.  78.  46.  57.] and Predicted Train Data [ 58.   49.   65.   55.   98.   62.   98.   55.   86.   51.   49.   84.
  62.   77.   44.   60.   59.   57.   63.   58.   63.   60.   56.   60.
  81.   75.   57.   92.   62.   53.   40.   77.   76.  100.   80.   62.
  68.   62.   77.   44.   45.   53.   49.   86.   65.   52.   73.  100.
  60.   54.   74.   94.   40.   81.   83.   75.   58.   87.   76.   57.
  53.   73.   70.   59.   54.   80.   69.   45.  100.   53.   69.   89.
  52.   66.   60.   87.   90.   69.   71.   93.   85.   80.   41.   91.
  49.   59.   89.   80.   76.   82.   78.   81.   54.   71.   73.   69.
  82.   63.   45.   62.   54.   51.   69.   80.   99.   77.   54.   82.
  69.   89.   19.   65.   53.   77.   88.   54.   19.   63.   71.   66.
  86.   67.   71.   59.   65.   81.   79.   67.   61.   65.   49.   48.
  65.   60.   90.   89.   48.   59.   69.   82.   81.   97.   72.   94.
  66.   71.   89.5  60.   45.   99.   82.   49.   82.   81.   60.   49.
  72.   72.   66.   61.   85.   69.   45.   44.   63.   78.   67.   64.
  62.   77.   72.   59.   81.   86.   78.   76.   64.   53.   84.   82.
 100.   61.   70.   57.   86.   32.   62.   91.   69.   68.   53.   71.
  45.   94.   78.   59.   74.   80.   35.   62. ]
[ 2023-03-18 13:30:07,526 ] 65 root - INFO - Test model score : 0.9989538037152753 \n Test Model Score: 0.7102290818404814
[ 2023-03-18 13:30:07,526 ] 67 root - INFO - Report Addded : {'Random Forest': 0.841712281918585, 'Decision Tree': 0.7102290818404814}
[ 2023-03-18 13:30:07,526 ] 39 root - INFO - Evaluting Model: GradientBoostingRegressor() on Params; {'learning_rate': [0.1, 0.01, 0.05, 0.001], 'subsample': [0.6, 0.7, 0.75, 0.8, 0.85, 0.9], 'n_estimators': [8, 16, 32, 64, 128, 256]}
[ 2023-03-18 13:30:07,526 ] 43 root - INFO - GridSearchCV(cv=3, estimator=GradientBoostingRegressor(),
             param_grid={'learning_rate': [0.1, 0.01, 0.05, 0.001],
                         'n_estimators': [8, 16, 32, 64, 128, 256],
                         'subsample': [0.6, 0.7, 0.75, 0.8, 0.85, 0.9]})
[ 2023-03-18 13:30:49,739 ] 45 root - INFO - Doing Grid Search CV
[ 2023-03-18 13:30:49,867 ] 50 root - INFO - Model Trained With Hyper Parameter Tunning
[ 2023-03-18 13:30:49,875 ] 57 root - INFO - Real Train Data [ 73.  58.  55.  37.  74.  79.  53.  75.  47.  66.  53.  66.  38.  64.
  57.  85.  90.  68.  76.  64.  62.  62.  76.  63.  54.  81.  66.  62.
  67.  74.  77.  85.  55.  52.  62.  74.  38.  48.  92.  76.  50.  48.
  50.  75.  45.  75.  60.  73.  81.  79.  75.  57.  79.  57.  68.  70.
  59.  47.  59.  68.  65.  58.  86.  76.  57.  67.  80.  61.  62.  65.
  39.  81.  81.  79.  91.  74.  75.  61.  54.  52.  66.  81.  97.  53.
  74.  57.  38.  69.  69.  84.  91.  36.  72.  79.  53.  65.  83.  87.
  47.  59.  68.  52.  58.  68.  64.  35.  69.  73.  79.  65.  69.  29.
  65.  80.  42.  44.  65.  73.  53.  65.  72.  80.  71.  63.  53.  83.
  71.  62.  59.  72.  62.  46.  67.  85.  91.  59.  76.  66.  59.  79.
  98.  27.  73.  88.  73.  68.  69.  72.  62.  86.  69.  82.  87.  58.
  89.  84.  35.  77.  51.  63.  84.  64.  54.  42.  56.  94.  80.  70.
  49.  69.   8.  58.  73.  61.  47.  59.  65.  26.  64.  59.  76.  82.
  77.  91.  69.  74.  62.  69.  73.  69.  62.  80.  48.  86.  43.  50.
  49.  65.  55.  51.  73.  52.  43.  75.  44.  81.  64.  65.  71.  65.
  30.  83.  85.  66.  76.  58.  92.  37.  75.  60.  55.  66.  76.  96.
  50.  49.  83.  92.  96.  73.  82.  67.  67.  48.  22.  70.  77.  56.
  53.  65.  58.  89.  66.  74.  83.  62.  73.  81.  47.  87.  80.  62.
  53. 100.  63.   0.  85.  68.  61.  34.  58.  78.  70.  61.  79.  68.
  70.  51.  73.  74.  82.  62.  19.  67.  70.  87.  63.  65.  61.  62.
  65.  49.  54.  46.  50.  45.  86.  67.  64.  55.  64.  71.  80.  71.
  66.  82.  50.  33.  40.  70.  63.  86.  48.  92.  59.  65.  62.  93.
  53.  58.  71.  77.  74.  78.  71.  46.  53.  62.  64.  62.  88.  62.
  69.  90.  53.  88.  69.  81.  65.  61.  99.  71.  62.  52.  79.  90.
  72.  61.  63.  89.  35.  54.  74.  78.  76.  53.  68.  75.  67.  69.
  81.  63.  41.  57.  61.  84.  61.  59.  49.  49.  41.  58.  76.  76.
  53.  49.  48.  55.  32.  61.  68.  72.  44.  63.  60.  90.  77.  61.
  58.  49.  64.  98.  55.  94.  71.  53.  63.  55.  46.  63.  76.  58.
  90.  72.  76.  32.  64.  36.  61.  81.  55.  85.  60.  60.  59.  80.
  82.  50.  35.  52.  96.  77.  82.  71.  83.  85.  69.  62.  69.  44.
  50.  54.  67.  59.  47.  54.  80.  61.  64.  49.  62.  44.  89.  81.
  68.  77.  65.  77.  88.  83.  73.  69.  68.  69.  58.  46.  61.  57.
  49.  61.  49.  56.  75.  58.  63.  78.  41.  46.  54.  73.  64. 100.
  57.  50.  67.  49.  70.  84.  42.  75.  61.  59.  99.  78.  78.  40.
  74.  74.  82.  62.  58.  75.  63.  34.  69.  52.  63.  69. 100.  75.
  68.  58.  65.  94.  76.  84.  65.  72.  63.  76.  69.  78.  81. 100.
  70.  44.  30.  84.  68.  84.  50.  81.  70.  84.  59.  98.  67.  73.
  88.  50.  77.  40.  75.  77.  54.  90.  64.  41.  49.  85.  77.  57.
  39.  94.  71. 100.  71.  58.  45.  67.  81.  82.  71.  70.  51.  66.
  79.  50.  72.  63.  84.  59.  91.  47.  97.  65.  58.  63.  54.  60.
  39.  68.  58.  57.  82.  91.  65.  57.  99.  56.  70.  59.  52.  82.
  53.  70.  67.  71.  50.  74.  66.  47.  59.  66.  52.  81.  75.  90.
  69.  82.  65.  62.  62.  62.  28.  61.  40.  52.  72.  45.  68.  94.
  44.  55.  74.  71.  79.  80.  46.  41.  52.  48.  77.  55.  45.  65.
  71.  65.  49.  45.  75.  69.  60.  81.  42.  68.  75.  62.  64.  82.
  74.  66.  81.  40.  60.  75.  49.  61.  87.  79.  87.  53.  77.  59.
  76.  52.  95.  91.  54.  55.  65.  93.  53.  67.  53.  68.  71.  41.
  57.  45.  88.  60.  81.  77.  66.  49.  53.  61.  47.  89.  71.  94.
  59.  59.  58.  85.  74.  65.  54.  59.  66.  77.  71.  93.  55.  52.
  73.  71.  60.  69.  40.  76.  52.  47.  77.  45.  63.  51.  48.  60.
  59.  72.  55.  76.  73.  72.  56.  82.  63.  67.  62.  87.  44.  55.
  66.  63.  85.  57.  60.  88.  53.  87.  64.  77.  67.  65.  50.  40.
  57.  57.  23.  67.  79.  81.  77.  70.  78.  51.  54.  63.  35.  64.
  67.  92.  65.  46.  46.  37.  80.  42.  68.  58.  45.  75.  80.  49.
  74.  67.  61.  63.  77.  60.  56.  77.  60.  73.  73.  78.  73.  73.
  87.  62.  57.  46.  74.  92.  61.  81.  73.  72.  66.  73.  32.  82.
  68.  97.  51.  59. 100.  87.  62.  69.  51.  88.  58.  59.  61.  62.
  67.  73.] and Predicted Train Data [ 51.77870763  48.39058263  61.39380455  58.21390833  89.91554641
  62.20178297  88.46861494  58.97498594  82.83685325  50.45882665
  53.400946    83.05792172  57.88686866  75.81007654  51.58266515
  51.64498029  70.65012952  61.86273176  70.81366313  53.00907847
  70.13599186  58.30684729  55.03109035  58.7446732   79.90725876
  65.87532369  61.70589905  94.56168743  69.58946049  50.57621199
  59.9188044   83.88593604  71.93524038  85.14806222  74.3178773
  67.5449726   63.43101178  60.18339116  70.48448325  43.09886579
  54.14717889  53.32651223  49.09212916  86.25984229  69.55103032
  48.89179544  68.79732974  98.1481948   57.91241381  53.06974264
  73.34576085  88.43188382  45.13182616  84.58437898  87.14644041
  66.57436088  57.20149336  82.94595591  66.89234001  66.87938124
  55.95901237  71.55538833  71.65634237  68.55698942  50.91756988
  82.82554029  67.67267165  54.24559044  89.35662624  52.46010151
  62.14830985  78.11236181  54.9148957   62.76364422  60.41572864
 103.39420568  82.15775079  65.44640201  59.26189333  90.59208624
  86.73153016  78.02982895  40.39756857  81.06929139  53.18733547
  62.43777765  83.24197308  80.48672132  65.74303418  79.59193424
  80.38594245  75.115515    53.32757856  68.3026009   78.47754022
  65.50016953  83.18848079  69.44620015  52.69937436  66.62435676
  52.17972187  57.74953495  68.49538133  77.51277057  94.02036648
  82.25862208  54.86590102  87.34498549  61.15581166  78.54423692
  22.60023137  56.73044541  59.01487185  78.79325756  78.18158202
  58.48411678  21.32137268  64.50171826  68.78686138  63.26994709
  83.35896641  63.96398025  71.13306787  48.98882996  70.17911358
  85.71091658  75.71684103  64.00335913  58.47593076  71.52612765
  52.90080628  49.94192967  71.34532289  62.94622896  78.78605434
  86.06629175  44.87511586  62.42284062  61.42261338  77.2886749
  70.01054927  96.69491082  63.62844746  92.55563017  66.28158152
  54.78500945  90.66923062  64.5557559   43.62985587  91.09498784
  88.77813151  53.98534466  79.37852886  70.09013403  61.28619059
  52.79607972  68.82036405  74.3178773   68.31832636  75.22121388
  78.50879744  66.29425902  54.81420344  64.16044621  63.61506953
  72.90237428  67.15584636  56.30692062  71.0164256   77.53657325
  73.82056508  54.21231774  82.98201993  80.36667167  79.61228613
  70.7226664   57.28876662  56.41543242  86.60647743  76.86593818
  84.80274871  73.82977256  62.7141621   67.69525192  79.82369478
  34.62433105  66.7956292   84.37658369  72.81011963  64.58473439
  54.55239618  67.06694806  49.68021126  87.62931557  74.0917846
  63.15994296  76.99718531  78.85030768  46.30652395  55.22173125]
[ 2023-03-18 13:30:49,877 ] 58 root - INFO - Real Train Data [ 52.  40.  65.  63.  93.  66.  84.  65.  86.  51.  50.  76.  53.  79.
  43.  57.  62.  51.  74.  54.  65.  53.  51.  68.  79.  67.  60.  97.
  68.  59.  67.  85.  71.  88.  85.  74.  62.  55.  74.  37.  68.  53.
  63.  87.  65.  43.  69.  91.  59.  59.  67.  79.  40.  87.  86.  71.
  65.  82.  69.  71.  62.  72.  66.  72.  44.  82.  66.  42.  97.  59.
  55.  71.  59.  64.  55. 100.  88.  62.  64.  88.  95.  75.  29.  88.
  39.  66.  85.  80.  72.  79.  79.  80.  52.  68.  75.  66.  78.  74.
  61.  69.  40.  48.  72.  79.  87.  88.  54.  81.  68.  78.  24.  54.
  63.  69.  88.  54.  18.  67.  61.  61.  87.  65.  76.  48.  65.  82.
  74.  68.  53.  71.  47.  61.  67.  58.  69.  87.  43.  70.  66.  88.
  73.  91.  69.  90.  60.  59.  97.  77.  27.  94.  85.  56.  77.  72.
  56.  64.  80.  81.  79.  70.  79.  73.  56.  66.  59.  78.  63.  58.
  69.  83.  70.  54.  86.  80.  79.  69.  58.  52.  78.  76.  77.  74.
  70.  74.  80.  29.  73.  87.  59.  62.  52.  71.  48.  89.  65.  67.
  75.  78.  46.  57.] and Predicted Train Data [ 51.77870763  48.39058263  61.39380455  58.21390833  89.91554641
  62.20178297  88.46861494  58.97498594  82.83685325  50.45882665
  53.400946    83.05792172  57.88686866  75.81007654  51.58266515
  51.64498029  70.65012952  61.86273176  70.81366313  53.00907847
  70.13599186  58.30684729  55.03109035  58.7446732   79.90725876
  65.87532369  61.70589905  94.56168743  69.58946049  50.57621199
  59.9188044   83.88593604  71.93524038  85.14806222  74.3178773
  67.5449726   63.43101178  60.18339116  70.48448325  43.09886579
  54.14717889  53.32651223  49.09212916  86.25984229  69.55103032
  48.89179544  68.79732974  98.1481948   57.91241381  53.06974264
  73.34576085  88.43188382  45.13182616  84.58437898  87.14644041
  66.57436088  57.20149336  82.94595591  66.89234001  66.87938124
  55.95901237  71.55538833  71.65634237  68.55698942  50.91756988
  82.82554029  67.67267165  54.24559044  89.35662624  52.46010151
  62.14830985  78.11236181  54.9148957   62.76364422  60.41572864
 103.39420568  82.15775079  65.44640201  59.26189333  90.59208624
  86.73153016  78.02982895  40.39756857  81.06929139  53.18733547
  62.43777765  83.24197308  80.48672132  65.74303418  79.59193424
  80.38594245  75.115515    53.32757856  68.3026009   78.47754022
  65.50016953  83.18848079  69.44620015  52.69937436  66.62435676
  52.17972187  57.74953495  68.49538133  77.51277057  94.02036648
  82.25862208  54.86590102  87.34498549  61.15581166  78.54423692
  22.60023137  56.73044541  59.01487185  78.79325756  78.18158202
  58.48411678  21.32137268  64.50171826  68.78686138  63.26994709
  83.35896641  63.96398025  71.13306787  48.98882996  70.17911358
  85.71091658  75.71684103  64.00335913  58.47593076  71.52612765
  52.90080628  49.94192967  71.34532289  62.94622896  78.78605434
  86.06629175  44.87511586  62.42284062  61.42261338  77.2886749
  70.01054927  96.69491082  63.62844746  92.55563017  66.28158152
  54.78500945  90.66923062  64.5557559   43.62985587  91.09498784
  88.77813151  53.98534466  79.37852886  70.09013403  61.28619059
  52.79607972  68.82036405  74.3178773   68.31832636  75.22121388
  78.50879744  66.29425902  54.81420344  64.16044621  63.61506953
  72.90237428  67.15584636  56.30692062  71.0164256   77.53657325
  73.82056508  54.21231774  82.98201993  80.36667167  79.61228613
  70.7226664   57.28876662  56.41543242  86.60647743  76.86593818
  84.80274871  73.82977256  62.7141621   67.69525192  79.82369478
  34.62433105  66.7956292   84.37658369  72.81011963  64.58473439
  54.55239618  67.06694806  49.68021126  87.62931557  74.0917846
  63.15994296  76.99718531  78.85030768  46.30652395  55.22173125]
[ 2023-03-18 13:30:49,878 ] 65 root - INFO - Test model score : 0.899263558288689 \n Test Model Score: 0.8547383303690341
[ 2023-03-18 13:30:49,878 ] 67 root - INFO - Report Addded : {'Random Forest': 0.841712281918585, 'Decision Tree': 0.7102290818404814, 'Gradient Boosting': 0.8547383303690341}
[ 2023-03-18 13:30:49,879 ] 39 root - INFO - Evaluting Model: LinearRegression() on Params; {}
[ 2023-03-18 13:30:49,879 ] 43 root - INFO - GridSearchCV(cv=3, estimator=LinearRegression(), param_grid={})
[ 2023-03-18 13:30:49,897 ] 45 root - INFO - Doing Grid Search CV
[ 2023-03-18 13:30:49,902 ] 50 root - INFO - Model Trained With Hyper Parameter Tunning
[ 2023-03-18 13:30:49,909 ] 57 root - INFO - Real Train Data [ 73.  58.  55.  37.  74.  79.  53.  75.  47.  66.  53.  66.  38.  64.
  57.  85.  90.  68.  76.  64.  62.  62.  76.  63.  54.  81.  66.  62.
  67.  74.  77.  85.  55.  52.  62.  74.  38.  48.  92.  76.  50.  48.
  50.  75.  45.  75.  60.  73.  81.  79.  75.  57.  79.  57.  68.  70.
  59.  47.  59.  68.  65.  58.  86.  76.  57.  67.  80.  61.  62.  65.
  39.  81.  81.  79.  91.  74.  75.  61.  54.  52.  66.  81.  97.  53.
  74.  57.  38.  69.  69.  84.  91.  36.  72.  79.  53.  65.  83.  87.
  47.  59.  68.  52.  58.  68.  64.  35.  69.  73.  79.  65.  69.  29.
  65.  80.  42.  44.  65.  73.  53.  65.  72.  80.  71.  63.  53.  83.
  71.  62.  59.  72.  62.  46.  67.  85.  91.  59.  76.  66.  59.  79.
  98.  27.  73.  88.  73.  68.  69.  72.  62.  86.  69.  82.  87.  58.
  89.  84.  35.  77.  51.  63.  84.  64.  54.  42.  56.  94.  80.  70.
  49.  69.   8.  58.  73.  61.  47.  59.  65.  26.  64.  59.  76.  82.
  77.  91.  69.  74.  62.  69.  73.  69.  62.  80.  48.  86.  43.  50.
  49.  65.  55.  51.  73.  52.  43.  75.  44.  81.  64.  65.  71.  65.
  30.  83.  85.  66.  76.  58.  92.  37.  75.  60.  55.  66.  76.  96.
  50.  49.  83.  92.  96.  73.  82.  67.  67.  48.  22.  70.  77.  56.
  53.  65.  58.  89.  66.  74.  83.  62.  73.  81.  47.  87.  80.  62.
  53. 100.  63.   0.  85.  68.  61.  34.  58.  78.  70.  61.  79.  68.
  70.  51.  73.  74.  82.  62.  19.  67.  70.  87.  63.  65.  61.  62.
  65.  49.  54.  46.  50.  45.  86.  67.  64.  55.  64.  71.  80.  71.
  66.  82.  50.  33.  40.  70.  63.  86.  48.  92.  59.  65.  62.  93.
  53.  58.  71.  77.  74.  78.  71.  46.  53.  62.  64.  62.  88.  62.
  69.  90.  53.  88.  69.  81.  65.  61.  99.  71.  62.  52.  79.  90.
  72.  61.  63.  89.  35.  54.  74.  78.  76.  53.  68.  75.  67.  69.
  81.  63.  41.  57.  61.  84.  61.  59.  49.  49.  41.  58.  76.  76.
  53.  49.  48.  55.  32.  61.  68.  72.  44.  63.  60.  90.  77.  61.
  58.  49.  64.  98.  55.  94.  71.  53.  63.  55.  46.  63.  76.  58.
  90.  72.  76.  32.  64.  36.  61.  81.  55.  85.  60.  60.  59.  80.
  82.  50.  35.  52.  96.  77.  82.  71.  83.  85.  69.  62.  69.  44.
  50.  54.  67.  59.  47.  54.  80.  61.  64.  49.  62.  44.  89.  81.
  68.  77.  65.  77.  88.  83.  73.  69.  68.  69.  58.  46.  61.  57.
  49.  61.  49.  56.  75.  58.  63.  78.  41.  46.  54.  73.  64. 100.
  57.  50.  67.  49.  70.  84.  42.  75.  61.  59.  99.  78.  78.  40.
  74.  74.  82.  62.  58.  75.  63.  34.  69.  52.  63.  69. 100.  75.
  68.  58.  65.  94.  76.  84.  65.  72.  63.  76.  69.  78.  81. 100.
  70.  44.  30.  84.  68.  84.  50.  81.  70.  84.  59.  98.  67.  73.
  88.  50.  77.  40.  75.  77.  54.  90.  64.  41.  49.  85.  77.  57.
  39.  94.  71. 100.  71.  58.  45.  67.  81.  82.  71.  70.  51.  66.
  79.  50.  72.  63.  84.  59.  91.  47.  97.  65.  58.  63.  54.  60.
  39.  68.  58.  57.  82.  91.  65.  57.  99.  56.  70.  59.  52.  82.
  53.  70.  67.  71.  50.  74.  66.  47.  59.  66.  52.  81.  75.  90.
  69.  82.  65.  62.  62.  62.  28.  61.  40.  52.  72.  45.  68.  94.
  44.  55.  74.  71.  79.  80.  46.  41.  52.  48.  77.  55.  45.  65.
  71.  65.  49.  45.  75.  69.  60.  81.  42.  68.  75.  62.  64.  82.
  74.  66.  81.  40.  60.  75.  49.  61.  87.  79.  87.  53.  77.  59.
  76.  52.  95.  91.  54.  55.  65.  93.  53.  67.  53.  68.  71.  41.
  57.  45.  88.  60.  81.  77.  66.  49.  53.  61.  47.  89.  71.  94.
  59.  59.  58.  85.  74.  65.  54.  59.  66.  77.  71.  93.  55.  52.
  73.  71.  60.  69.  40.  76.  52.  47.  77.  45.  63.  51.  48.  60.
  59.  72.  55.  76.  73.  72.  56.  82.  63.  67.  62.  87.  44.  55.
  66.  63.  85.  57.  60.  88.  53.  87.  64.  77.  67.  65.  50.  40.
  57.  57.  23.  67.  79.  81.  77.  70.  78.  51.  54.  63.  35.  64.
  67.  92.  65.  46.  46.  37.  80.  42.  68.  58.  45.  75.  80.  49.
  74.  67.  61.  63.  77.  60.  56.  77.  60.  73.  73.  78.  73.  73.
  87.  62.  57.  46.  74.  92.  61.  81.  73.  72.  66.  73.  32.  82.
  68.  97.  51.  59. 100.  87.  62.  69.  51.  88.  58.  59.  61.  62.
  67.  73.] and Predicted Train Data [ 51.10961914  46.51635742  62.21484375  60.03405762  90.67407227
  64.4119873   86.86999512  61.45068359  82.953125    51.1640625
  52.17346191  82.63891602  56.8848877   76.58947754  50.87316895
  52.84020996  70.87512207  61.14135742  72.07543945  54.72253418
  72.39733887  60.12634277  54.47167969  60.32348633  81.01403809
  67.78625488  62.41638184  94.37182617  69.68029785  49.22827148
  60.04614258  81.95593262  71.68029785  82.1394043   74.82580566
  69.33679199  64.34655762  59.75463867  72.70275879  40.84375
  54.54785156  53.53320312  52.08227539  88.2980957   71.39624023
  48.42614746  70.47583008  95.17199707  60.51806641  53.48425293
  73.91699219  88.76586914  44.20373535  85.81555176  90.05566406
  69.18920898  58.48876953  82.06787109  67.3203125   66.92687988
  57.94506836  72.54248047  71.30737305  68.25195312  52.95227051
  80.49475098  68.2890625   55.08166504  88.93115234  54.64941406
  60.66577148  76.72180176  54.10375977  63.97436523  59.87390137
 105.64697266  86.42468262  64.26330566  60.24560547  87.98510742
  84.32861328  78.83251953  35.21789551  82.75268555  52.04040527
  65.390625    82.97363281  81.95336914  64.72338867  80.51306152
  79.22094727  76.41699219  50.52001953  67.83679199  78.82080078
  67.55444336  85.05737305  73.2331543   52.94238281  67.27026367
  51.98474121  58.62109375  70.27526855  75.30578613  91.21899414
  82.25390625  54.16723633  89.38708496  62.0904541   76.46081543
  22.50744629  54.91564941  59.5703125   77.85986328  78.4005127
  58.36657715  21.53112793  62.74755859  68.56689453  64.03918457
  81.93066406  65.9296875   72.23095703  51.0579834   69.85083008
  84.51196289  74.59033203  65.38391113  58.33605957  72.85583496
  52.39453125  48.4822998   70.55737305  64.0246582   78.48754883
  85.91821289  44.11682129  64.44213867  61.1184082   77.47729492
  71.70361328  97.40551758  62.94995117  91.375       66.79138184
  57.87658691  88.82714844  67.57397461  40.13586426  89.42602539
  91.38989258  53.26086426  79.03173828  68.03735352  61.93212891
  52.11523438  68.82507324  75.64245605  70.83984375  74.4440918
  78.0871582   66.46203613  55.51477051  65.36376953  63.75646973
  73.25598145  66.37597656  56.86755371  70.48693848  79.70629883
  74.9732666   52.45812988  82.7220459   79.60473633  80.3795166
  73.5357666   57.66796875  57.99890137  85.37963867  78.47973633
  79.39916992  75.81604004  64.59094238  67.84448242  78.33422852
  30.72497559  67.19458008  82.47790527  70.65637207  63.77783203
  57.38989258  72.41540527  51.90307617  86.18920898  74.31201172
  65.48522949  76.92041016  78.64953613  44.65026855  52.26269531]
[ 2023-03-18 13:30:49,911 ] 58 root - INFO - Real Train Data [ 52.  40.  65.  63.  93.  66.  84.  65.  86.  51.  50.  76.  53.  79.
  43.  57.  62.  51.  74.  54.  65.  53.  51.  68.  79.  67.  60.  97.
  68.  59.  67.  85.  71.  88.  85.  74.  62.  55.  74.  37.  68.  53.
  63.  87.  65.  43.  69.  91.  59.  59.  67.  79.  40.  87.  86.  71.
  65.  82.  69.  71.  62.  72.  66.  72.  44.  82.  66.  42.  97.  59.
  55.  71.  59.  64.  55. 100.  88.  62.  64.  88.  95.  75.  29.  88.
  39.  66.  85.  80.  72.  79.  79.  80.  52.  68.  75.  66.  78.  74.
  61.  69.  40.  48.  72.  79.  87.  88.  54.  81.  68.  78.  24.  54.
  63.  69.  88.  54.  18.  67.  61.  61.  87.  65.  76.  48.  65.  82.
  74.  68.  53.  71.  47.  61.  67.  58.  69.  87.  43.  70.  66.  88.
  73.  91.  69.  90.  60.  59.  97.  77.  27.  94.  85.  56.  77.  72.
  56.  64.  80.  81.  79.  70.  79.  73.  56.  66.  59.  78.  63.  58.
  69.  83.  70.  54.  86.  80.  79.  69.  58.  52.  78.  76.  77.  74.
  70.  74.  80.  29.  73.  87.  59.  62.  52.  71.  48.  89.  65.  67.
  75.  78.  46.  57.] and Predicted Train Data [ 51.10961914  46.51635742  62.21484375  60.03405762  90.67407227
  64.4119873   86.86999512  61.45068359  82.953125    51.1640625
  52.17346191  82.63891602  56.8848877   76.58947754  50.87316895
  52.84020996  70.87512207  61.14135742  72.07543945  54.72253418
  72.39733887  60.12634277  54.47167969  60.32348633  81.01403809
  67.78625488  62.41638184  94.37182617  69.68029785  49.22827148
  60.04614258  81.95593262  71.68029785  82.1394043   74.82580566
  69.33679199  64.34655762  59.75463867  72.70275879  40.84375
  54.54785156  53.53320312  52.08227539  88.2980957   71.39624023
  48.42614746  70.47583008  95.17199707  60.51806641  53.48425293
  73.91699219  88.76586914  44.20373535  85.81555176  90.05566406
  69.18920898  58.48876953  82.06787109  67.3203125   66.92687988
  57.94506836  72.54248047  71.30737305  68.25195312  52.95227051
  80.49475098  68.2890625   55.08166504  88.93115234  54.64941406
  60.66577148  76.72180176  54.10375977  63.97436523  59.87390137
 105.64697266  86.42468262  64.26330566  60.24560547  87.98510742
  84.32861328  78.83251953  35.21789551  82.75268555  52.04040527
  65.390625    82.97363281  81.95336914  64.72338867  80.51306152
  79.22094727  76.41699219  50.52001953  67.83679199  78.82080078
  67.55444336  85.05737305  73.2331543   52.94238281  67.27026367
  51.98474121  58.62109375  70.27526855  75.30578613  91.21899414
  82.25390625  54.16723633  89.38708496  62.0904541   76.46081543
  22.50744629  54.91564941  59.5703125   77.85986328  78.4005127
  58.36657715  21.53112793  62.74755859  68.56689453  64.03918457
  81.93066406  65.9296875   72.23095703  51.0579834   69.85083008
  84.51196289  74.59033203  65.38391113  58.33605957  72.85583496
  52.39453125  48.4822998   70.55737305  64.0246582   78.48754883
  85.91821289  44.11682129  64.44213867  61.1184082   77.47729492
  71.70361328  97.40551758  62.94995117  91.375       66.79138184
  57.87658691  88.82714844  67.57397461  40.13586426  89.42602539
  91.38989258  53.26086426  79.03173828  68.03735352  61.93212891
  52.11523438  68.82507324  75.64245605  70.83984375  74.4440918
  78.0871582   66.46203613  55.51477051  65.36376953  63.75646973
  73.25598145  66.37597656  56.86755371  70.48693848  79.70629883
  74.9732666   52.45812988  82.7220459   79.60473633  80.3795166
  73.5357666   57.66796875  57.99890137  85.37963867  78.47973633
  79.39916992  75.81604004  64.59094238  67.84448242  78.33422852
  30.72497559  67.19458008  82.47790527  70.65637207  63.77783203
  57.38989258  72.41540527  51.90307617  86.18920898  74.31201172
  65.48522949  76.92041016  78.64953613  44.65026855  52.26269531]
[ 2023-03-18 13:30:49,913 ] 65 root - INFO - Test model score : 0.877359822837107 \n Test Model Score: 0.8704023080124457
[ 2023-03-18 13:30:49,913 ] 67 root - INFO - Report Addded : {'Random Forest': 0.841712281918585, 'Decision Tree': 0.7102290818404814, 'Gradient Boosting': 0.8547383303690341, 'Linear Regression': 0.8704023080124457}
[ 2023-03-18 13:30:49,913 ] 39 root - INFO - Evaluting Model: KNeighborsRegressor() on Params; {}
[ 2023-03-18 13:30:49,913 ] 43 root - INFO - GridSearchCV(cv=3, estimator=KNeighborsRegressor(), param_grid={})
[ 2023-03-18 13:30:50,036 ] 45 root - INFO - Doing Grid Search CV
[ 2023-03-18 13:30:50,037 ] 50 root - INFO - Model Trained With Hyper Parameter Tunning
[ 2023-03-18 13:30:50,070 ] 57 root - INFO - Real Train Data [ 73.  58.  55.  37.  74.  79.  53.  75.  47.  66.  53.  66.  38.  64.
  57.  85.  90.  68.  76.  64.  62.  62.  76.  63.  54.  81.  66.  62.
  67.  74.  77.  85.  55.  52.  62.  74.  38.  48.  92.  76.  50.  48.
  50.  75.  45.  75.  60.  73.  81.  79.  75.  57.  79.  57.  68.  70.
  59.  47.  59.  68.  65.  58.  86.  76.  57.  67.  80.  61.  62.  65.
  39.  81.  81.  79.  91.  74.  75.  61.  54.  52.  66.  81.  97.  53.
  74.  57.  38.  69.  69.  84.  91.  36.  72.  79.  53.  65.  83.  87.
  47.  59.  68.  52.  58.  68.  64.  35.  69.  73.  79.  65.  69.  29.
  65.  80.  42.  44.  65.  73.  53.  65.  72.  80.  71.  63.  53.  83.
  71.  62.  59.  72.  62.  46.  67.  85.  91.  59.  76.  66.  59.  79.
  98.  27.  73.  88.  73.  68.  69.  72.  62.  86.  69.  82.  87.  58.
  89.  84.  35.  77.  51.  63.  84.  64.  54.  42.  56.  94.  80.  70.
  49.  69.   8.  58.  73.  61.  47.  59.  65.  26.  64.  59.  76.  82.
  77.  91.  69.  74.  62.  69.  73.  69.  62.  80.  48.  86.  43.  50.
  49.  65.  55.  51.  73.  52.  43.  75.  44.  81.  64.  65.  71.  65.
  30.  83.  85.  66.  76.  58.  92.  37.  75.  60.  55.  66.  76.  96.
  50.  49.  83.  92.  96.  73.  82.  67.  67.  48.  22.  70.  77.  56.
  53.  65.  58.  89.  66.  74.  83.  62.  73.  81.  47.  87.  80.  62.
  53. 100.  63.   0.  85.  68.  61.  34.  58.  78.  70.  61.  79.  68.
  70.  51.  73.  74.  82.  62.  19.  67.  70.  87.  63.  65.  61.  62.
  65.  49.  54.  46.  50.  45.  86.  67.  64.  55.  64.  71.  80.  71.
  66.  82.  50.  33.  40.  70.  63.  86.  48.  92.  59.  65.  62.  93.
  53.  58.  71.  77.  74.  78.  71.  46.  53.  62.  64.  62.  88.  62.
  69.  90.  53.  88.  69.  81.  65.  61.  99.  71.  62.  52.  79.  90.
  72.  61.  63.  89.  35.  54.  74.  78.  76.  53.  68.  75.  67.  69.
  81.  63.  41.  57.  61.  84.  61.  59.  49.  49.  41.  58.  76.  76.
  53.  49.  48.  55.  32.  61.  68.  72.  44.  63.  60.  90.  77.  61.
  58.  49.  64.  98.  55.  94.  71.  53.  63.  55.  46.  63.  76.  58.
  90.  72.  76.  32.  64.  36.  61.  81.  55.  85.  60.  60.  59.  80.
  82.  50.  35.  52.  96.  77.  82.  71.  83.  85.  69.  62.  69.  44.
  50.  54.  67.  59.  47.  54.  80.  61.  64.  49.  62.  44.  89.  81.
  68.  77.  65.  77.  88.  83.  73.  69.  68.  69.  58.  46.  61.  57.
  49.  61.  49.  56.  75.  58.  63.  78.  41.  46.  54.  73.  64. 100.
  57.  50.  67.  49.  70.  84.  42.  75.  61.  59.  99.  78.  78.  40.
  74.  74.  82.  62.  58.  75.  63.  34.  69.  52.  63.  69. 100.  75.
  68.  58.  65.  94.  76.  84.  65.  72.  63.  76.  69.  78.  81. 100.
  70.  44.  30.  84.  68.  84.  50.  81.  70.  84.  59.  98.  67.  73.
  88.  50.  77.  40.  75.  77.  54.  90.  64.  41.  49.  85.  77.  57.
  39.  94.  71. 100.  71.  58.  45.  67.  81.  82.  71.  70.  51.  66.
  79.  50.  72.  63.  84.  59.  91.  47.  97.  65.  58.  63.  54.  60.
  39.  68.  58.  57.  82.  91.  65.  57.  99.  56.  70.  59.  52.  82.
  53.  70.  67.  71.  50.  74.  66.  47.  59.  66.  52.  81.  75.  90.
  69.  82.  65.  62.  62.  62.  28.  61.  40.  52.  72.  45.  68.  94.
  44.  55.  74.  71.  79.  80.  46.  41.  52.  48.  77.  55.  45.  65.
  71.  65.  49.  45.  75.  69.  60.  81.  42.  68.  75.  62.  64.  82.
  74.  66.  81.  40.  60.  75.  49.  61.  87.  79.  87.  53.  77.  59.
  76.  52.  95.  91.  54.  55.  65.  93.  53.  67.  53.  68.  71.  41.
  57.  45.  88.  60.  81.  77.  66.  49.  53.  61.  47.  89.  71.  94.
  59.  59.  58.  85.  74.  65.  54.  59.  66.  77.  71.  93.  55.  52.
  73.  71.  60.  69.  40.  76.  52.  47.  77.  45.  63.  51.  48.  60.
  59.  72.  55.  76.  73.  72.  56.  82.  63.  67.  62.  87.  44.  55.
  66.  63.  85.  57.  60.  88.  53.  87.  64.  77.  67.  65.  50.  40.
  57.  57.  23.  67.  79.  81.  77.  70.  78.  51.  54.  63.  35.  64.
  67.  92.  65.  46.  46.  37.  80.  42.  68.  58.  45.  75.  80.  49.
  74.  67.  61.  63.  77.  60.  56.  77.  60.  73.  73.  78.  73.  73.
  87.  62.  57.  46.  74.  92.  61.  81.  73.  72.  66.  73.  32.  82.
  68.  97.  51.  59. 100.  87.  62.  69.  51.  88.  58.  59.  61.  62.
  67.  73.] and Predicted Train Data [70.8 50.8 69.4 69.  79.4 57.  69.8 72.2 68.4 60.4 63.6 80.6 48.  67.
 56.8 60.8 68.4 77.6 57.6 53.2 75.6 55.2 52.6 60.8 73.4 68.  69.  79.4
 55.2 57.2 56.6 73.4 71.8 77.4 73.6 79.4 70.6 59.8 66.6 59.2 67.  62.6
 46.6 74.6 76.6 45.2 64.6 75.4 65.4 66.8 64.8 73.4 54.6 75.4 79.2 65.8
 52.8 76.  58.8 65.2 62.8 70.4 70.4 68.4 61.8 83.6 57.  61.2 73.6 60.8
 64.6 73.6 56.2 62.8 60.  87.  67.8 67.6 58.4 80.4 83.2 67.2 56.  77.2
 52.8 76.6 73.4 77.8 67.6 73.8 70.8 77.6 60.8 63.8 69.8 68.4 72.  64.6
 68.  60.  67.8 58.4 76.6 70.  83.8 74.  71.6 77.2 69.  74.2 32.2 57.8
 63.2 77.4 68.6 60.6 25.  73.4 72.4 64.6 68.  66.8 72.4 63.  68.2 63.
 66.  64.6 55.2 67.  59.6 62.8 65.6 67.6 77.4 79.  52.  60.8 61.2 72.4
 72.6 73.8 66.  79.2 67.6 57.6 69.8 68.8 61.2 73.6 83.6 45.2 75.6 68.8
 71.4 55.2 73.6 69.8 60.2 74.2 77.  74.2 67.  63.4 67.6 58.8 61.  62.6
 67.6 69.6 75.8 56.4 77.4 79.  63.2 72.4 56.8 63.2 84.8 76.4 64.2 66.
 68.  58.4 67.4 47.2 69.8 77.8 75.2 64.6 62.8 66.8 61.4 72.4 70.6 75.6
 75.2 68.6 54.2 63.2]
[ 2023-03-18 13:30:50,074 ] 58 root - INFO - Real Train Data [ 52.  40.  65.  63.  93.  66.  84.  65.  86.  51.  50.  76.  53.  79.
  43.  57.  62.  51.  74.  54.  65.  53.  51.  68.  79.  67.  60.  97.
  68.  59.  67.  85.  71.  88.  85.  74.  62.  55.  74.  37.  68.  53.
  63.  87.  65.  43.  69.  91.  59.  59.  67.  79.  40.  87.  86.  71.
  65.  82.  69.  71.  62.  72.  66.  72.  44.  82.  66.  42.  97.  59.
  55.  71.  59.  64.  55. 100.  88.  62.  64.  88.  95.  75.  29.  88.
  39.  66.  85.  80.  72.  79.  79.  80.  52.  68.  75.  66.  78.  74.
  61.  69.  40.  48.  72.  79.  87.  88.  54.  81.  68.  78.  24.  54.
  63.  69.  88.  54.  18.  67.  61.  61.  87.  65.  76.  48.  65.  82.
  74.  68.  53.  71.  47.  61.  67.  58.  69.  87.  43.  70.  66.  88.
  73.  91.  69.  90.  60.  59.  97.  77.  27.  94.  85.  56.  77.  72.
  56.  64.  80.  81.  79.  70.  79.  73.  56.  66.  59.  78.  63.  58.
  69.  83.  70.  54.  86.  80.  79.  69.  58.  52.  78.  76.  77.  74.
  70.  74.  80.  29.  73.  87.  59.  62.  52.  71.  48.  89.  65.  67.
  75.  78.  46.  57.] and Predicted Train Data [70.8 50.8 69.4 69.  79.4 57.  69.8 72.2 68.4 60.4 63.6 80.6 48.  67.
 56.8 60.8 68.4 77.6 57.6 53.2 75.6 55.2 52.6 60.8 73.4 68.  69.  79.4
 55.2 57.2 56.6 73.4 71.8 77.4 73.6 79.4 70.6 59.8 66.6 59.2 67.  62.6
 46.6 74.6 76.6 45.2 64.6 75.4 65.4 66.8 64.8 73.4 54.6 75.4 79.2 65.8
 52.8 76.  58.8 65.2 62.8 70.4 70.4 68.4 61.8 83.6 57.  61.2 73.6 60.8
 64.6 73.6 56.2 62.8 60.  87.  67.8 67.6 58.4 80.4 83.2 67.2 56.  77.2
 52.8 76.6 73.4 77.8 67.6 73.8 70.8 77.6 60.8 63.8 69.8 68.4 72.  64.6
 68.  60.  67.8 58.4 76.6 70.  83.8 74.  71.6 77.2 69.  74.2 32.2 57.8
 63.2 77.4 68.6 60.6 25.  73.4 72.4 64.6 68.  66.8 72.4 63.  68.2 63.
 66.  64.6 55.2 67.  59.6 62.8 65.6 67.6 77.4 79.  52.  60.8 61.2 72.4
 72.6 73.8 66.  79.2 67.6 57.6 69.8 68.8 61.2 73.6 83.6 45.2 75.6 68.8
 71.4 55.2 73.6 69.8 60.2 74.2 77.  74.2 67.  63.4 67.6 58.8 61.  62.6
 67.6 69.6 75.8 56.4 77.4 79.  63.2 72.4 56.8 63.2 84.8 76.4 64.2 66.
 68.  58.4 67.4 47.2 69.8 77.8 75.2 64.6 62.8 66.8 61.4 72.4 70.6 75.6
 75.2 68.6 54.2 63.2]
[ 2023-03-18 13:30:50,075 ] 65 root - INFO - Test model score : 0.6895078557486356 \n Test Model Score: 0.4981420508414579
[ 2023-03-18 13:30:50,075 ] 67 root - INFO - Report Addded : {'Random Forest': 0.841712281918585, 'Decision Tree': 0.7102290818404814, 'Gradient Boosting': 0.8547383303690341, 'Linear Regression': 0.8704023080124457, 'K-Neighbors Regression': 0.4981420508414579}
[ 2023-03-18 13:30:50,077 ] 39 root - INFO - Evaluting Model: XGBRFRegressor(base_score=None, booster=None, callbacks=None,
               colsample_bylevel=None, colsample_bytree=None,
               early_stopping_rounds=None, enable_categorical=False,
               eval_metric=None, feature_types=None, gamma=None, gpu_id=None,
               grow_policy=None, importance_type=None,
               interaction_constraints=None, max_bin=None,
               max_cat_threshold=None, max_cat_to_onehot=None,
               max_delta_step=None, max_depth=None, max_leaves=None,
               min_child_weight=None, missing=nan, monotone_constraints=None,
               n_estimators=100, n_jobs=None, num_parallel_tree=None,
               objective='reg:squarederror', predictor=None, random_state=None,
               reg_alpha=None, ...) on Params; {'learning_rate': [0.1, 0.01, 0.05, 0.001], 'n_estimators': [8, 16, 32, 64, 128, 256]}
[ 2023-03-18 13:30:50,077 ] 43 root - INFO - GridSearchCV(cv=3,
             estimator=XGBRFRegressor(base_score=None, booster=None,
                                      callbacks=None, colsample_bylevel=None,
                                      colsample_bytree=None,
                                      early_stopping_rounds=None,
                                      enable_categorical=False,
                                      eval_metric=None, feature_types=None,
                                      gamma=None, gpu_id=None, grow_policy=None,
                                      importance_type=None,
                                      interaction_constraints=None,
                                      max_bin=None, max_cat_threshold=None,
                                      max_cat_to_onehot=None,
                                      max_delta_step=None, max_depth=None,
                                      max_leaves=None, min_child_weight=None,
                                      missing=nan, monotone_constraints=None,
                                      n_estimators=100, n_jobs=None,
                                      num_parallel_tree=None,
                                      objective='reg:squarederror',
                                      predictor=None, random_state=None,
                                      reg_alpha=None, ...),
             param_grid={'learning_rate': [0.1, 0.01, 0.05, 0.001],
                         'n_estimators': [8, 16, 32, 64, 128, 256]})
[ 2023-03-18 13:30:53,906 ] 45 root - INFO - Doing Grid Search CV
[ 2023-03-18 13:30:53,948 ] 50 root - INFO - Model Trained With Hyper Parameter Tunning
[ 2023-03-18 13:30:53,960 ] 57 root - INFO - Real Train Data [ 73.  58.  55.  37.  74.  79.  53.  75.  47.  66.  53.  66.  38.  64.
  57.  85.  90.  68.  76.  64.  62.  62.  76.  63.  54.  81.  66.  62.
  67.  74.  77.  85.  55.  52.  62.  74.  38.  48.  92.  76.  50.  48.
  50.  75.  45.  75.  60.  73.  81.  79.  75.  57.  79.  57.  68.  70.
  59.  47.  59.  68.  65.  58.  86.  76.  57.  67.  80.  61.  62.  65.
  39.  81.  81.  79.  91.  74.  75.  61.  54.  52.  66.  81.  97.  53.
  74.  57.  38.  69.  69.  84.  91.  36.  72.  79.  53.  65.  83.  87.
  47.  59.  68.  52.  58.  68.  64.  35.  69.  73.  79.  65.  69.  29.
  65.  80.  42.  44.  65.  73.  53.  65.  72.  80.  71.  63.  53.  83.
  71.  62.  59.  72.  62.  46.  67.  85.  91.  59.  76.  66.  59.  79.
  98.  27.  73.  88.  73.  68.  69.  72.  62.  86.  69.  82.  87.  58.
  89.  84.  35.  77.  51.  63.  84.  64.  54.  42.  56.  94.  80.  70.
  49.  69.   8.  58.  73.  61.  47.  59.  65.  26.  64.  59.  76.  82.
  77.  91.  69.  74.  62.  69.  73.  69.  62.  80.  48.  86.  43.  50.
  49.  65.  55.  51.  73.  52.  43.  75.  44.  81.  64.  65.  71.  65.
  30.  83.  85.  66.  76.  58.  92.  37.  75.  60.  55.  66.  76.  96.
  50.  49.  83.  92.  96.  73.  82.  67.  67.  48.  22.  70.  77.  56.
  53.  65.  58.  89.  66.  74.  83.  62.  73.  81.  47.  87.  80.  62.
  53. 100.  63.   0.  85.  68.  61.  34.  58.  78.  70.  61.  79.  68.
  70.  51.  73.  74.  82.  62.  19.  67.  70.  87.  63.  65.  61.  62.
  65.  49.  54.  46.  50.  45.  86.  67.  64.  55.  64.  71.  80.  71.
  66.  82.  50.  33.  40.  70.  63.  86.  48.  92.  59.  65.  62.  93.
  53.  58.  71.  77.  74.  78.  71.  46.  53.  62.  64.  62.  88.  62.
  69.  90.  53.  88.  69.  81.  65.  61.  99.  71.  62.  52.  79.  90.
  72.  61.  63.  89.  35.  54.  74.  78.  76.  53.  68.  75.  67.  69.
  81.  63.  41.  57.  61.  84.  61.  59.  49.  49.  41.  58.  76.  76.
  53.  49.  48.  55.  32.  61.  68.  72.  44.  63.  60.  90.  77.  61.
  58.  49.  64.  98.  55.  94.  71.  53.  63.  55.  46.  63.  76.  58.
  90.  72.  76.  32.  64.  36.  61.  81.  55.  85.  60.  60.  59.  80.
  82.  50.  35.  52.  96.  77.  82.  71.  83.  85.  69.  62.  69.  44.
  50.  54.  67.  59.  47.  54.  80.  61.  64.  49.  62.  44.  89.  81.
  68.  77.  65.  77.  88.  83.  73.  69.  68.  69.  58.  46.  61.  57.
  49.  61.  49.  56.  75.  58.  63.  78.  41.  46.  54.  73.  64. 100.
  57.  50.  67.  49.  70.  84.  42.  75.  61.  59.  99.  78.  78.  40.
  74.  74.  82.  62.  58.  75.  63.  34.  69.  52.  63.  69. 100.  75.
  68.  58.  65.  94.  76.  84.  65.  72.  63.  76.  69.  78.  81. 100.
  70.  44.  30.  84.  68.  84.  50.  81.  70.  84.  59.  98.  67.  73.
  88.  50.  77.  40.  75.  77.  54.  90.  64.  41.  49.  85.  77.  57.
  39.  94.  71. 100.  71.  58.  45.  67.  81.  82.  71.  70.  51.  66.
  79.  50.  72.  63.  84.  59.  91.  47.  97.  65.  58.  63.  54.  60.
  39.  68.  58.  57.  82.  91.  65.  57.  99.  56.  70.  59.  52.  82.
  53.  70.  67.  71.  50.  74.  66.  47.  59.  66.  52.  81.  75.  90.
  69.  82.  65.  62.  62.  62.  28.  61.  40.  52.  72.  45.  68.  94.
  44.  55.  74.  71.  79.  80.  46.  41.  52.  48.  77.  55.  45.  65.
  71.  65.  49.  45.  75.  69.  60.  81.  42.  68.  75.  62.  64.  82.
  74.  66.  81.  40.  60.  75.  49.  61.  87.  79.  87.  53.  77.  59.
  76.  52.  95.  91.  54.  55.  65.  93.  53.  67.  53.  68.  71.  41.
  57.  45.  88.  60.  81.  77.  66.  49.  53.  61.  47.  89.  71.  94.
  59.  59.  58.  85.  74.  65.  54.  59.  66.  77.  71.  93.  55.  52.
  73.  71.  60.  69.  40.  76.  52.  47.  77.  45.  63.  51.  48.  60.
  59.  72.  55.  76.  73.  72.  56.  82.  63.  67.  62.  87.  44.  55.
  66.  63.  85.  57.  60.  88.  53.  87.  64.  77.  67.  65.  50.  40.
  57.  57.  23.  67.  79.  81.  77.  70.  78.  51.  54.  63.  35.  64.
  67.  92.  65.  46.  46.  37.  80.  42.  68.  58.  45.  75.  80.  49.
  74.  67.  61.  63.  77.  60.  56.  77.  60.  73.  73.  78.  73.  73.
  87.  62.  57.  46.  74.  92.  61.  81.  73.  72.  66.  73.  32.  82.
  68.  97.  51.  59. 100.  87.  62.  69.  51.  88.  58.  59.  61.  62.
  67.  73.] and Predicted Train Data [ 5.6305394  5.1399546  6.6571712  6.387446   9.6645     6.7071967
  9.920974   6.7105436  8.727234   5.2535486  6.031873   8.855566
  6.3942304  8.013      5.553397   5.6295424  7.5332522  6.7975197
  7.6174383  6.1854978  7.4891295  6.3900566  6.140304   6.408806
  8.39824    7.3802705  6.617804   9.589703   7.456848   5.5195723
  6.5100813  8.891948   7.5136275  8.900744   7.7038856  7.217053
  6.545227   6.622004   7.4645047  4.403807   6.172368   5.755806
  5.5363946  8.745143   6.9920526  5.3515306  7.2726893 10.070361
  6.2802176  5.6705914  7.790132   9.393357   5.146484   8.846966
  9.020136   7.203833   6.226066   9.002462   7.360956   6.656781
  5.8849044  7.530376   7.542205   7.492195   5.599064   8.41749
  7.5391397  6.117765   9.651124   5.602213   6.6154366  8.582795
  5.771928   6.8381824  6.456427  10.066999   8.656005   7.17422
  6.5571685  9.6661825  8.830017   8.094609   4.7663574  8.522385
  5.455839   6.166642   8.967093   8.36696    6.8655686  8.254571
  8.737158   7.8239846  5.864312   7.3932886  8.015265   7.1756563
  8.919546   7.3048863  5.560288   7.090188   5.6386213  6.2462115
  7.3170605  8.210982   9.656701   8.882801   5.9502163  8.966447
  6.6865277  8.81989    2.5857966  6.0956373  6.0723214  8.071453
  8.398815   5.996749   2.787358   7.2073607  7.4173784  6.770246
  8.68945    7.0926905  7.535597   5.5137506  7.512233   8.957605
  8.281292   6.815496   6.393907   7.7076516  5.764918   5.45717
  7.50165    6.558086   8.067761   9.136156   5.005781   6.805766
  6.656901   8.260729   7.3212385 10.084671   6.8305745  9.588982
  6.9806795  6.248703   9.5788145  6.7049026  4.99821    9.466996
  9.310453   5.821018   8.063493   7.452844   6.64988    5.638345
  7.355411   7.7038856  7.378329   7.9380736  8.548054   7.351064
  6.2532396  6.565418   6.7673955  7.7088475  7.3829618  6.0609865
  7.3893137  8.078879   7.5869102  6.0192165  8.544551   8.6740055
  8.737226   7.3770747  5.9365926  6.1918073  8.981456   7.889539
  9.417809   7.605916   6.9490237  6.667973   8.231464   4.035999
  7.1365175  9.007433   7.584973   7.027806   5.829103   6.9079747
  5.5801973  9.479131   7.737815   6.844974   7.9590826  8.417761
  5.2327933  6.070298 ]
[ 2023-03-18 13:30:53,964 ] 58 root - INFO - Real Train Data [ 52.  40.  65.  63.  93.  66.  84.  65.  86.  51.  50.  76.  53.  79.
  43.  57.  62.  51.  74.  54.  65.  53.  51.  68.  79.  67.  60.  97.
  68.  59.  67.  85.  71.  88.  85.  74.  62.  55.  74.  37.  68.  53.
  63.  87.  65.  43.  69.  91.  59.  59.  67.  79.  40.  87.  86.  71.
  65.  82.  69.  71.  62.  72.  66.  72.  44.  82.  66.  42.  97.  59.
  55.  71.  59.  64.  55. 100.  88.  62.  64.  88.  95.  75.  29.  88.
  39.  66.  85.  80.  72.  79.  79.  80.  52.  68.  75.  66.  78.  74.
  61.  69.  40.  48.  72.  79.  87.  88.  54.  81.  68.  78.  24.  54.
  63.  69.  88.  54.  18.  67.  61.  61.  87.  65.  76.  48.  65.  82.
  74.  68.  53.  71.  47.  61.  67.  58.  69.  87.  43.  70.  66.  88.
  73.  91.  69.  90.  60.  59.  97.  77.  27.  94.  85.  56.  77.  72.
  56.  64.  80.  81.  79.  70.  79.  73.  56.  66.  59.  78.  63.  58.
  69.  83.  70.  54.  86.  80.  79.  69.  58.  52.  78.  76.  77.  74.
  70.  74.  80.  29.  73.  87.  59.  62.  52.  71.  48.  89.  65.  67.
  75.  78.  46.  57.] and Predicted Train Data [ 5.6305394  5.1399546  6.6571712  6.387446   9.6645     6.7071967
  9.920974   6.7105436  8.727234   5.2535486  6.031873   8.855566
  6.3942304  8.013      5.553397   5.6295424  7.5332522  6.7975197
  7.6174383  6.1854978  7.4891295  6.3900566  6.140304   6.408806
  8.39824    7.3802705  6.617804   9.589703   7.456848   5.5195723
  6.5100813  8.891948   7.5136275  8.900744   7.7038856  7.217053
  6.545227   6.622004   7.4645047  4.403807   6.172368   5.755806
  5.5363946  8.745143   6.9920526  5.3515306  7.2726893 10.070361
  6.2802176  5.6705914  7.790132   9.393357   5.146484   8.846966
  9.020136   7.203833   6.226066   9.002462   7.360956   6.656781
  5.8849044  7.530376   7.542205   7.492195   5.599064   8.41749
  7.5391397  6.117765   9.651124   5.602213   6.6154366  8.582795
  5.771928   6.8381824  6.456427  10.066999   8.656005   7.17422
  6.5571685  9.6661825  8.830017   8.094609   4.7663574  8.522385
  5.455839   6.166642   8.967093   8.36696    6.8655686  8.254571
  8.737158   7.8239846  5.864312   7.3932886  8.015265   7.1756563
  8.919546   7.3048863  5.560288   7.090188   5.6386213  6.2462115
  7.3170605  8.210982   9.656701   8.882801   5.9502163  8.966447
  6.6865277  8.81989    2.5857966  6.0956373  6.0723214  8.071453
  8.398815   5.996749   2.787358   7.2073607  7.4173784  6.770246
  8.68945    7.0926905  7.535597   5.5137506  7.512233   8.957605
  8.281292   6.815496   6.393907   7.7076516  5.764918   5.45717
  7.50165    6.558086   8.067761   9.136156   5.005781   6.805766
  6.656901   8.260729   7.3212385 10.084671   6.8305745  9.588982
  6.9806795  6.248703   9.5788145  6.7049026  4.99821    9.466996
  9.310453   5.821018   8.063493   7.452844   6.64988    5.638345
  7.355411   7.7038856  7.378329   7.9380736  8.548054   7.351064
  6.2532396  6.565418   6.7673955  7.7088475  7.3829618  6.0609865
  7.3893137  8.078879   7.5869102  6.0192165  8.544551   8.6740055
  8.737226   7.3770747  5.9365926  6.1918073  8.981456   7.889539
  9.417809   7.605916   6.9490237  6.667973   8.231464   4.035999
  7.1365175  9.007433   7.584973   7.027806   5.829103   6.9079747
  5.5801973  9.479131   7.737815   6.844974   7.9590826  8.417761
  5.2327933  6.070298 ]
[ 2023-03-18 13:30:53,965 ] 65 root - INFO - Test model score : -14.789162608721844 \n Test Model Score: -16.141455824371366
[ 2023-03-18 13:30:53,965 ] 67 root - INFO - Report Addded : {'Random Forest': 0.841712281918585, 'Decision Tree': 0.7102290818404814, 'Gradient Boosting': 0.8547383303690341, 'Linear Regression': 0.8704023080124457, 'K-Neighbors Regression': 0.4981420508414579, 'XGBRegression': -16.141455824371366}
[ 2023-03-18 13:30:53,965 ] 39 root - INFO - Evaluting Model: <catboost.core.CatBoostRegressor object at 0x00000174679DFB80> on Params; {'depth': [6, 8, 10], 'learning_rate': [0.01, 0.05, 0.1], 'iterations': [30, 50, 100]}
[ 2023-03-18 13:30:53,966 ] 43 root - INFO - GridSearchCV(cv=3,
             estimator=<catboost.core.CatBoostRegressor object at 0x00000174679DFB80>,
             param_grid={'depth': [6, 8, 10], 'iterations': [30, 50, 100],
                         'learning_rate': [0.01, 0.05, 0.1]})
[ 2023-03-18 13:31:21,787 ] 45 root - INFO - Doing Grid Search CV
[ 2023-03-18 13:31:22,133 ] 50 root - INFO - Model Trained With Hyper Parameter Tunning
[ 2023-03-18 13:31:22,149 ] 57 root - INFO - Real Train Data [ 73.  58.  55.  37.  74.  79.  53.  75.  47.  66.  53.  66.  38.  64.
  57.  85.  90.  68.  76.  64.  62.  62.  76.  63.  54.  81.  66.  62.
  67.  74.  77.  85.  55.  52.  62.  74.  38.  48.  92.  76.  50.  48.
  50.  75.  45.  75.  60.  73.  81.  79.  75.  57.  79.  57.  68.  70.
  59.  47.  59.  68.  65.  58.  86.  76.  57.  67.  80.  61.  62.  65.
  39.  81.  81.  79.  91.  74.  75.  61.  54.  52.  66.  81.  97.  53.
  74.  57.  38.  69.  69.  84.  91.  36.  72.  79.  53.  65.  83.  87.
  47.  59.  68.  52.  58.  68.  64.  35.  69.  73.  79.  65.  69.  29.
  65.  80.  42.  44.  65.  73.  53.  65.  72.  80.  71.  63.  53.  83.
  71.  62.  59.  72.  62.  46.  67.  85.  91.  59.  76.  66.  59.  79.
  98.  27.  73.  88.  73.  68.  69.  72.  62.  86.  69.  82.  87.  58.
  89.  84.  35.  77.  51.  63.  84.  64.  54.  42.  56.  94.  80.  70.
  49.  69.   8.  58.  73.  61.  47.  59.  65.  26.  64.  59.  76.  82.
  77.  91.  69.  74.  62.  69.  73.  69.  62.  80.  48.  86.  43.  50.
  49.  65.  55.  51.  73.  52.  43.  75.  44.  81.  64.  65.  71.  65.
  30.  83.  85.  66.  76.  58.  92.  37.  75.  60.  55.  66.  76.  96.
  50.  49.  83.  92.  96.  73.  82.  67.  67.  48.  22.  70.  77.  56.
  53.  65.  58.  89.  66.  74.  83.  62.  73.  81.  47.  87.  80.  62.
  53. 100.  63.   0.  85.  68.  61.  34.  58.  78.  70.  61.  79.  68.
  70.  51.  73.  74.  82.  62.  19.  67.  70.  87.  63.  65.  61.  62.
  65.  49.  54.  46.  50.  45.  86.  67.  64.  55.  64.  71.  80.  71.
  66.  82.  50.  33.  40.  70.  63.  86.  48.  92.  59.  65.  62.  93.
  53.  58.  71.  77.  74.  78.  71.  46.  53.  62.  64.  62.  88.  62.
  69.  90.  53.  88.  69.  81.  65.  61.  99.  71.  62.  52.  79.  90.
  72.  61.  63.  89.  35.  54.  74.  78.  76.  53.  68.  75.  67.  69.
  81.  63.  41.  57.  61.  84.  61.  59.  49.  49.  41.  58.  76.  76.
  53.  49.  48.  55.  32.  61.  68.  72.  44.  63.  60.  90.  77.  61.
  58.  49.  64.  98.  55.  94.  71.  53.  63.  55.  46.  63.  76.  58.
  90.  72.  76.  32.  64.  36.  61.  81.  55.  85.  60.  60.  59.  80.
  82.  50.  35.  52.  96.  77.  82.  71.  83.  85.  69.  62.  69.  44.
  50.  54.  67.  59.  47.  54.  80.  61.  64.  49.  62.  44.  89.  81.
  68.  77.  65.  77.  88.  83.  73.  69.  68.  69.  58.  46.  61.  57.
  49.  61.  49.  56.  75.  58.  63.  78.  41.  46.  54.  73.  64. 100.
  57.  50.  67.  49.  70.  84.  42.  75.  61.  59.  99.  78.  78.  40.
  74.  74.  82.  62.  58.  75.  63.  34.  69.  52.  63.  69. 100.  75.
  68.  58.  65.  94.  76.  84.  65.  72.  63.  76.  69.  78.  81. 100.
  70.  44.  30.  84.  68.  84.  50.  81.  70.  84.  59.  98.  67.  73.
  88.  50.  77.  40.  75.  77.  54.  90.  64.  41.  49.  85.  77.  57.
  39.  94.  71. 100.  71.  58.  45.  67.  81.  82.  71.  70.  51.  66.
  79.  50.  72.  63.  84.  59.  91.  47.  97.  65.  58.  63.  54.  60.
  39.  68.  58.  57.  82.  91.  65.  57.  99.  56.  70.  59.  52.  82.
  53.  70.  67.  71.  50.  74.  66.  47.  59.  66.  52.  81.  75.  90.
  69.  82.  65.  62.  62.  62.  28.  61.  40.  52.  72.  45.  68.  94.
  44.  55.  74.  71.  79.  80.  46.  41.  52.  48.  77.  55.  45.  65.
  71.  65.  49.  45.  75.  69.  60.  81.  42.  68.  75.  62.  64.  82.
  74.  66.  81.  40.  60.  75.  49.  61.  87.  79.  87.  53.  77.  59.
  76.  52.  95.  91.  54.  55.  65.  93.  53.  67.  53.  68.  71.  41.
  57.  45.  88.  60.  81.  77.  66.  49.  53.  61.  47.  89.  71.  94.
  59.  59.  58.  85.  74.  65.  54.  59.  66.  77.  71.  93.  55.  52.
  73.  71.  60.  69.  40.  76.  52.  47.  77.  45.  63.  51.  48.  60.
  59.  72.  55.  76.  73.  72.  56.  82.  63.  67.  62.  87.  44.  55.
  66.  63.  85.  57.  60.  88.  53.  87.  64.  77.  67.  65.  50.  40.
  57.  57.  23.  67.  79.  81.  77.  70.  78.  51.  54.  63.  35.  64.
  67.  92.  65.  46.  46.  37.  80.  42.  68.  58.  45.  75.  80.  49.
  74.  67.  61.  63.  77.  60.  56.  77.  60.  73.  73.  78.  73.  73.
  87.  62.  57.  46.  74.  92.  61.  81.  73.  72.  66.  73.  32.  82.
  68.  97.  51.  59. 100.  87.  62.  69.  51.  88.  58.  59.  61.  62.
  67.  73.] and Predicted Train Data [54.22886097 48.47765141 63.59588431 59.515149   89.16765603 60.19724781
 88.22646181 59.62618108 82.5853617  51.14797675 49.9439819  81.49018056
 57.62488511 74.18244097 50.75567729 51.61445551 69.30430643 60.51956027
 73.52798077 54.16640828 70.68572616 60.03908195 53.1066051  56.55549359
 80.45849752 66.73100397 61.30560831 93.91666297 68.94240706 50.8340855
 59.99334568 83.59943054 71.25153822 84.20779385 74.89479221 70.81431449
 62.57260525 62.11160837 71.2082484  39.01442588 53.24129211 55.29640846
 49.30691674 86.90636893 70.81050747 49.39500042 68.37770936 96.54858552
 56.64394294 52.11917442 71.38595005 88.68517307 46.54264116 85.40155149
 86.653055   68.39229471 58.63373855 83.01175759 67.88714429 66.58069898
 55.78394102 71.38909433 71.54900626 66.8171259  52.90267927 83.53705863
 67.12871277 54.7480337  91.83059236 53.02439929 61.39076838 78.87559099
 54.44794776 63.58525761 60.31137496 98.41711206 82.89632855 64.00569577
 60.85435856 90.70293063 86.20636815 78.05833603 37.7353711  80.08412333
 52.72604908 62.5500601  83.28418226 81.74052801 65.1059472  80.92244748
 78.62914078 75.38209836 50.2731559  66.49986885 77.35374922 65.75386933
 84.42414356 70.58760621 51.43328824 67.00938767 52.14522148 58.58570419
 71.16390522 77.34267043 91.82733418 81.28885762 53.99424663 86.92965835
 61.58426654 79.43653869 17.38859472 53.54572977 59.32249149 77.66740425
 77.14647688 58.1380352  17.19261246 62.88347725 67.24583775 63.25899638
 81.85957578 63.63744435 70.83845838 50.44437783 69.91115213 84.23647574
 74.76142862 61.89355641 58.60115434 71.23367392 53.14870671 48.98104521
 68.01368163 61.93223967 77.57058928 87.90846783 45.1534719  62.98825564
 61.85730926 75.56934236 69.56094452 92.56832588 62.82155911 91.86343654
 66.53604831 55.33232774 90.56150971 64.20960183 42.75328861 91.31281586
 89.0874692  54.64480672 79.13035638 69.74306012 61.66524207 54.19719827
 69.00394739 73.83677276 69.1727589  75.21099841 78.02682122 67.56171135
 54.4797874  64.65809417 63.16433645 72.29681005 64.45192135 56.88369985
 71.18832139 78.77802254 76.51906645 52.30401956 82.96543059 82.48586654
 80.99583157 70.46784896 56.1684165  55.78766543 86.05115476 76.21303037
 84.30541266 70.07378877 62.73425613 67.19637017 78.24230825 34.338233
 63.95439814 85.54358096 70.66369885 65.10416297 54.6003201  67.65198165
 51.18877616 88.41556522 72.79660934 63.46253698 77.56653049 76.84936427
 46.96420699 55.3362364 ]
[ 2023-03-18 13:31:22,153 ] 58 root - INFO - Real Train Data [ 52.  40.  65.  63.  93.  66.  84.  65.  86.  51.  50.  76.  53.  79.
  43.  57.  62.  51.  74.  54.  65.  53.  51.  68.  79.  67.  60.  97.
  68.  59.  67.  85.  71.  88.  85.  74.  62.  55.  74.  37.  68.  53.
  63.  87.  65.  43.  69.  91.  59.  59.  67.  79.  40.  87.  86.  71.
  65.  82.  69.  71.  62.  72.  66.  72.  44.  82.  66.  42.  97.  59.
  55.  71.  59.  64.  55. 100.  88.  62.  64.  88.  95.  75.  29.  88.
  39.  66.  85.  80.  72.  79.  79.  80.  52.  68.  75.  66.  78.  74.
  61.  69.  40.  48.  72.  79.  87.  88.  54.  81.  68.  78.  24.  54.
  63.  69.  88.  54.  18.  67.  61.  61.  87.  65.  76.  48.  65.  82.
  74.  68.  53.  71.  47.  61.  67.  58.  69.  87.  43.  70.  66.  88.
  73.  91.  69.  90.  60.  59.  97.  77.  27.  94.  85.  56.  77.  72.
  56.  64.  80.  81.  79.  70.  79.  73.  56.  66.  59.  78.  63.  58.
  69.  83.  70.  54.  86.  80.  79.  69.  58.  52.  78.  76.  77.  74.
  70.  74.  80.  29.  73.  87.  59.  62.  52.  71.  48.  89.  65.  67.
  75.  78.  46.  57.] and Predicted Train Data [54.22886097 48.47765141 63.59588431 59.515149   89.16765603 60.19724781
 88.22646181 59.62618108 82.5853617  51.14797675 49.9439819  81.49018056
 57.62488511 74.18244097 50.75567729 51.61445551 69.30430643 60.51956027
 73.52798077 54.16640828 70.68572616 60.03908195 53.1066051  56.55549359
 80.45849752 66.73100397 61.30560831 93.91666297 68.94240706 50.8340855
 59.99334568 83.59943054 71.25153822 84.20779385 74.89479221 70.81431449
 62.57260525 62.11160837 71.2082484  39.01442588 53.24129211 55.29640846
 49.30691674 86.90636893 70.81050747 49.39500042 68.37770936 96.54858552
 56.64394294 52.11917442 71.38595005 88.68517307 46.54264116 85.40155149
 86.653055   68.39229471 58.63373855 83.01175759 67.88714429 66.58069898
 55.78394102 71.38909433 71.54900626 66.8171259  52.90267927 83.53705863
 67.12871277 54.7480337  91.83059236 53.02439929 61.39076838 78.87559099
 54.44794776 63.58525761 60.31137496 98.41711206 82.89632855 64.00569577
 60.85435856 90.70293063 86.20636815 78.05833603 37.7353711  80.08412333
 52.72604908 62.5500601  83.28418226 81.74052801 65.1059472  80.92244748
 78.62914078 75.38209836 50.2731559  66.49986885 77.35374922 65.75386933
 84.42414356 70.58760621 51.43328824 67.00938767 52.14522148 58.58570419
 71.16390522 77.34267043 91.82733418 81.28885762 53.99424663 86.92965835
 61.58426654 79.43653869 17.38859472 53.54572977 59.32249149 77.66740425
 77.14647688 58.1380352  17.19261246 62.88347725 67.24583775 63.25899638
 81.85957578 63.63744435 70.83845838 50.44437783 69.91115213 84.23647574
 74.76142862 61.89355641 58.60115434 71.23367392 53.14870671 48.98104521
 68.01368163 61.93223967 77.57058928 87.90846783 45.1534719  62.98825564
 61.85730926 75.56934236 69.56094452 92.56832588 62.82155911 91.86343654
 66.53604831 55.33232774 90.56150971 64.20960183 42.75328861 91.31281586
 89.0874692  54.64480672 79.13035638 69.74306012 61.66524207 54.19719827
 69.00394739 73.83677276 69.1727589  75.21099841 78.02682122 67.56171135
 54.4797874  64.65809417 63.16433645 72.29681005 64.45192135 56.88369985
 71.18832139 78.77802254 76.51906645 52.30401956 82.96543059 82.48586654
 80.99583157 70.46784896 56.1684165  55.78766543 86.05115476 76.21303037
 84.30541266 70.07378877 62.73425613 67.19637017 78.24230825 34.338233
 63.95439814 85.54358096 70.66369885 65.10416297 54.6003201  67.65198165
 51.18877616 88.41556522 72.79660934 63.46253698 77.56653049 76.84936427
 46.96420699 55.3362364 ]
[ 2023-03-18 13:31:22,154 ] 65 root - INFO - Test model score : 0.9084471448377421 \n Test Model Score: 0.8591183744875537
[ 2023-03-18 13:31:22,154 ] 67 root - INFO - Report Addded : {'Random Forest': 0.841712281918585, 'Decision Tree': 0.7102290818404814, 'Gradient Boosting': 0.8547383303690341, 'Linear Regression': 0.8704023080124457, 'K-Neighbors Regression': 0.4981420508414579, 'XGBRegression': -16.141455824371366, 'CatBoosting Regression': 0.8591183744875537}
[ 2023-03-18 13:31:22,154 ] 39 root - INFO - Evaluting Model: AdaBoostRegressor() on Params; {'learning_rate': [0.1, 0.01, 0.5, 0.001], 'n_estimators': [8, 16, 32, 64, 128, 256]}
[ 2023-03-18 13:31:22,155 ] 43 root - INFO - GridSearchCV(cv=3, estimator=AdaBoostRegressor(),
             param_grid={'learning_rate': [0.1, 0.01, 0.5, 0.001],
                         'n_estimators': [8, 16, 32, 64, 128, 256]})
[ 2023-03-18 13:31:36,536 ] 45 root - INFO - Doing Grid Search CV
[ 2023-03-18 13:31:37,050 ] 50 root - INFO - Model Trained With Hyper Parameter Tunning
[ 2023-03-18 13:31:37,125 ] 57 root - INFO - Real Train Data [ 73.  58.  55.  37.  74.  79.  53.  75.  47.  66.  53.  66.  38.  64.
  57.  85.  90.  68.  76.  64.  62.  62.  76.  63.  54.  81.  66.  62.
  67.  74.  77.  85.  55.  52.  62.  74.  38.  48.  92.  76.  50.  48.
  50.  75.  45.  75.  60.  73.  81.  79.  75.  57.  79.  57.  68.  70.
  59.  47.  59.  68.  65.  58.  86.  76.  57.  67.  80.  61.  62.  65.
  39.  81.  81.  79.  91.  74.  75.  61.  54.  52.  66.  81.  97.  53.
  74.  57.  38.  69.  69.  84.  91.  36.  72.  79.  53.  65.  83.  87.
  47.  59.  68.  52.  58.  68.  64.  35.  69.  73.  79.  65.  69.  29.
  65.  80.  42.  44.  65.  73.  53.  65.  72.  80.  71.  63.  53.  83.
  71.  62.  59.  72.  62.  46.  67.  85.  91.  59.  76.  66.  59.  79.
  98.  27.  73.  88.  73.  68.  69.  72.  62.  86.  69.  82.  87.  58.
  89.  84.  35.  77.  51.  63.  84.  64.  54.  42.  56.  94.  80.  70.
  49.  69.   8.  58.  73.  61.  47.  59.  65.  26.  64.  59.  76.  82.
  77.  91.  69.  74.  62.  69.  73.  69.  62.  80.  48.  86.  43.  50.
  49.  65.  55.  51.  73.  52.  43.  75.  44.  81.  64.  65.  71.  65.
  30.  83.  85.  66.  76.  58.  92.  37.  75.  60.  55.  66.  76.  96.
  50.  49.  83.  92.  96.  73.  82.  67.  67.  48.  22.  70.  77.  56.
  53.  65.  58.  89.  66.  74.  83.  62.  73.  81.  47.  87.  80.  62.
  53. 100.  63.   0.  85.  68.  61.  34.  58.  78.  70.  61.  79.  68.
  70.  51.  73.  74.  82.  62.  19.  67.  70.  87.  63.  65.  61.  62.
  65.  49.  54.  46.  50.  45.  86.  67.  64.  55.  64.  71.  80.  71.
  66.  82.  50.  33.  40.  70.  63.  86.  48.  92.  59.  65.  62.  93.
  53.  58.  71.  77.  74.  78.  71.  46.  53.  62.  64.  62.  88.  62.
  69.  90.  53.  88.  69.  81.  65.  61.  99.  71.  62.  52.  79.  90.
  72.  61.  63.  89.  35.  54.  74.  78.  76.  53.  68.  75.  67.  69.
  81.  63.  41.  57.  61.  84.  61.  59.  49.  49.  41.  58.  76.  76.
  53.  49.  48.  55.  32.  61.  68.  72.  44.  63.  60.  90.  77.  61.
  58.  49.  64.  98.  55.  94.  71.  53.  63.  55.  46.  63.  76.  58.
  90.  72.  76.  32.  64.  36.  61.  81.  55.  85.  60.  60.  59.  80.
  82.  50.  35.  52.  96.  77.  82.  71.  83.  85.  69.  62.  69.  44.
  50.  54.  67.  59.  47.  54.  80.  61.  64.  49.  62.  44.  89.  81.
  68.  77.  65.  77.  88.  83.  73.  69.  68.  69.  58.  46.  61.  57.
  49.  61.  49.  56.  75.  58.  63.  78.  41.  46.  54.  73.  64. 100.
  57.  50.  67.  49.  70.  84.  42.  75.  61.  59.  99.  78.  78.  40.
  74.  74.  82.  62.  58.  75.  63.  34.  69.  52.  63.  69. 100.  75.
  68.  58.  65.  94.  76.  84.  65.  72.  63.  76.  69.  78.  81. 100.
  70.  44.  30.  84.  68.  84.  50.  81.  70.  84.  59.  98.  67.  73.
  88.  50.  77.  40.  75.  77.  54.  90.  64.  41.  49.  85.  77.  57.
  39.  94.  71. 100.  71.  58.  45.  67.  81.  82.  71.  70.  51.  66.
  79.  50.  72.  63.  84.  59.  91.  47.  97.  65.  58.  63.  54.  60.
  39.  68.  58.  57.  82.  91.  65.  57.  99.  56.  70.  59.  52.  82.
  53.  70.  67.  71.  50.  74.  66.  47.  59.  66.  52.  81.  75.  90.
  69.  82.  65.  62.  62.  62.  28.  61.  40.  52.  72.  45.  68.  94.
  44.  55.  74.  71.  79.  80.  46.  41.  52.  48.  77.  55.  45.  65.
  71.  65.  49.  45.  75.  69.  60.  81.  42.  68.  75.  62.  64.  82.
  74.  66.  81.  40.  60.  75.  49.  61.  87.  79.  87.  53.  77.  59.
  76.  52.  95.  91.  54.  55.  65.  93.  53.  67.  53.  68.  71.  41.
  57.  45.  88.  60.  81.  77.  66.  49.  53.  61.  47.  89.  71.  94.
  59.  59.  58.  85.  74.  65.  54.  59.  66.  77.  71.  93.  55.  52.
  73.  71.  60.  69.  40.  76.  52.  47.  77.  45.  63.  51.  48.  60.
  59.  72.  55.  76.  73.  72.  56.  82.  63.  67.  62.  87.  44.  55.
  66.  63.  85.  57.  60.  88.  53.  87.  64.  77.  67.  65.  50.  40.
  57.  57.  23.  67.  79.  81.  77.  70.  78.  51.  54.  63.  35.  64.
  67.  92.  65.  46.  46.  37.  80.  42.  68.  58.  45.  75.  80.  49.
  74.  67.  61.  63.  77.  60.  56.  77.  60.  73.  73.  78.  73.  73.
  87.  62.  57.  46.  74.  92.  61.  81.  73.  72.  66.  73.  32.  82.
  68.  97.  51.  59. 100.  87.  62.  69.  51.  88.  58.  59.  61.  62.
  67.  73.] and Predicted Train Data [50.57575758 49.34743202 59.6875     57.3880597  89.32142857 66.05063291
 88.24719101 64.43850267 82.42446043 48.67701863 55.54929577 77.73076923
 55.5814978  78.8907563  53.70408163 50.828      72.89285714 61.50694444
 75.6466877  53.50578035 75.6466877  56.49385749 54.00714286 63.98951049
 78.6        65.78571429 59.72727273 89.81081081 68.24675325 51.58461538
 58.80816327 86.94736842 75.54477612 89.05384615 76.93971631 67.93333333
 62.75744681 58.09708738 71.69117647 41.72727273 56.1        52.13108614
 47.67857143 84.58878505 71.06382979 49.9057971  70.83962264 92.3164557
 62.85333333 54.48543689 76.55629139 81.7        46.625      83.17647059
 86.14473684 69.38       55.54929577 78.35238095 70.28888889 59.1761658
 53.07272727 74.49579832 70.79792746 72.49230769 47.94166667 80.82352941
 70.06875    56.20325203 90.41304348 49.97683398 59.66852368 77.16853933
 53.78528827 61.57142857 56.58518519 94.17073171 81.28025478 62.2539185
 57.3880597  91.59493671 89.32142857 77.54444444 40.69090909 77.81967213
 54.48543689 60.17142857 78.73033708 81.7        65.30890052 81.60377358
 77.1452514  75.92820513 53.07272727 63.75728155 80.05405405 68.82113821
 87.13580247 73.14516129 50.63865546 69.01980198 49.83060109 57.94071146
 70.83962264 80.86585366 90.32539683 89.27272727 57.66091954 84.55384615
 58.83823529 78.87136929 23.61111111 54.62650602 58.23275862 78.94202899
 78.86021505 57.23222749 23.11111111 59.59322034 63.79896907 60.25609756
 78.80188679 66.82142857 71.9040404  47.28461538 71.93288591 89.38461538
 76.03773585 65.88721805 56.51315789 73.78512397 53.57943925 50.57575758
 72.42727273 64.7768595  78.84042553 83.17647059 45.53246753 65.52830189
 59.66852368 76.89855072 71.73793103 92.33928571 61.57142857 88.43835616
 65.52830189 51.37619048 89.32142857 65.52830189 39.40449438 86.25
 85.08843537 53.78528827 80.05405405 70.05737705 64.13537118 50.05607477
 69.38624339 76.93971631 64.51965066 76.03773585 78.63716814 65.37195122
 56.1        61.01020408 60.18493151 75.9579288  68.02721088 52.49162011
 68.41717791 80.23484848 74.09375    53.43839542 79.8255814  77.34911243
 82.56666667 73.73015873 56.99418605 57.78301887 84.92241379 76.35390947
 79.76470588 72.05063291 64.5754717  65.63809524 79.76470588 40.63690476
 68.67692308 81.7        71.93288591 64.60544218 52.8097561  69.18181818
 47.28461538 85.55128205 76.93971631 65.15816327 77.56687898 76.15671642
 47.576      53.07272727]
[ 2023-03-18 13:31:37,127 ] 58 root - INFO - Real Train Data [ 52.  40.  65.  63.  93.  66.  84.  65.  86.  51.  50.  76.  53.  79.
  43.  57.  62.  51.  74.  54.  65.  53.  51.  68.  79.  67.  60.  97.
  68.  59.  67.  85.  71.  88.  85.  74.  62.  55.  74.  37.  68.  53.
  63.  87.  65.  43.  69.  91.  59.  59.  67.  79.  40.  87.  86.  71.
  65.  82.  69.  71.  62.  72.  66.  72.  44.  82.  66.  42.  97.  59.
  55.  71.  59.  64.  55. 100.  88.  62.  64.  88.  95.  75.  29.  88.
  39.  66.  85.  80.  72.  79.  79.  80.  52.  68.  75.  66.  78.  74.
  61.  69.  40.  48.  72.  79.  87.  88.  54.  81.  68.  78.  24.  54.
  63.  69.  88.  54.  18.  67.  61.  61.  87.  65.  76.  48.  65.  82.
  74.  68.  53.  71.  47.  61.  67.  58.  69.  87.  43.  70.  66.  88.
  73.  91.  69.  90.  60.  59.  97.  77.  27.  94.  85.  56.  77.  72.
  56.  64.  80.  81.  79.  70.  79.  73.  56.  66.  59.  78.  63.  58.
  69.  83.  70.  54.  86.  80.  79.  69.  58.  52.  78.  76.  77.  74.
  70.  74.  80.  29.  73.  87.  59.  62.  52.  71.  48.  89.  65.  67.
  75.  78.  46.  57.] and Predicted Train Data [50.57575758 49.34743202 59.6875     57.3880597  89.32142857 66.05063291
 88.24719101 64.43850267 82.42446043 48.67701863 55.54929577 77.73076923
 55.5814978  78.8907563  53.70408163 50.828      72.89285714 61.50694444
 75.6466877  53.50578035 75.6466877  56.49385749 54.00714286 63.98951049
 78.6        65.78571429 59.72727273 89.81081081 68.24675325 51.58461538
 58.80816327 86.94736842 75.54477612 89.05384615 76.93971631 67.93333333
 62.75744681 58.09708738 71.69117647 41.72727273 56.1        52.13108614
 47.67857143 84.58878505 71.06382979 49.9057971  70.83962264 92.3164557
 62.85333333 54.48543689 76.55629139 81.7        46.625      83.17647059
 86.14473684 69.38       55.54929577 78.35238095 70.28888889 59.1761658
 53.07272727 74.49579832 70.79792746 72.49230769 47.94166667 80.82352941
 70.06875    56.20325203 90.41304348 49.97683398 59.66852368 77.16853933
 53.78528827 61.57142857 56.58518519 94.17073171 81.28025478 62.2539185
 57.3880597  91.59493671 89.32142857 77.54444444 40.69090909 77.81967213
 54.48543689 60.17142857 78.73033708 81.7        65.30890052 81.60377358
 77.1452514  75.92820513 53.07272727 63.75728155 80.05405405 68.82113821
 87.13580247 73.14516129 50.63865546 69.01980198 49.83060109 57.94071146
 70.83962264 80.86585366 90.32539683 89.27272727 57.66091954 84.55384615
 58.83823529 78.87136929 23.61111111 54.62650602 58.23275862 78.94202899
 78.86021505 57.23222749 23.11111111 59.59322034 63.79896907 60.25609756
 78.80188679 66.82142857 71.9040404  47.28461538 71.93288591 89.38461538
 76.03773585 65.88721805 56.51315789 73.78512397 53.57943925 50.57575758
 72.42727273 64.7768595  78.84042553 83.17647059 45.53246753 65.52830189
 59.66852368 76.89855072 71.73793103 92.33928571 61.57142857 88.43835616
 65.52830189 51.37619048 89.32142857 65.52830189 39.40449438 86.25
 85.08843537 53.78528827 80.05405405 70.05737705 64.13537118 50.05607477
 69.38624339 76.93971631 64.51965066 76.03773585 78.63716814 65.37195122
 56.1        61.01020408 60.18493151 75.9579288  68.02721088 52.49162011
 68.41717791 80.23484848 74.09375    53.43839542 79.8255814  77.34911243
 82.56666667 73.73015873 56.99418605 57.78301887 84.92241379 76.35390947
 79.76470588 72.05063291 64.5754717  65.63809524 79.76470588 40.63690476
 68.67692308 81.7        71.93288591 64.60544218 52.8097561  69.18181818
 47.28461538 85.55128205 76.93971631 65.15816327 77.56687898 76.15671642
 47.576      53.07272727]
[ 2023-03-18 13:31:37,128 ] 65 root - INFO - Test model score : 0.8614635133904424 \n Test Model Score: 0.8396188907251321
[ 2023-03-18 13:31:37,128 ] 67 root - INFO - Report Addded : {'Random Forest': 0.841712281918585, 'Decision Tree': 0.7102290818404814, 'Gradient Boosting': 0.8547383303690341, 'Linear Regression': 0.8704023080124457, 'K-Neighbors Regression': 0.4981420508414579, 'XGBRegression': -16.141455824371366, 'CatBoosting Regression': 0.8591183744875537, 'AdaBoost Regression': 0.8396188907251321}
[ 2023-03-18 13:31:37,128 ] 103 root - INFO - Model Report Genrated : {'Random Forest': 0.841712281918585, 'Decision Tree': 0.7102290818404814, 'Gradient Boosting': 0.8547383303690341, 'Linear Regression': 0.8704023080124457, 'K-Neighbors Regression': 0.4981420508414579, 'XGBRegression': -16.141455824371366, 'CatBoosting Regression': 0.8591183744875537, 'AdaBoost Regression': 0.8396188907251321}
[ 2023-03-18 13:31:37,128 ] 111 root - INFO - Best Model Score: 0.8704023080124457 Best Model Name: Linear Regression
[ 2023-03-18 13:31:37,128 ] 119 root - INFO - Best found model on both training and testing dataset
[ 2023-03-18 13:31:37,129 ] 121 root - INFO - Best Model  : LinearRegression()
[ 2023-03-18 13:31:37,129 ] 15 root - INFO - Saving object {obj} on file: {file_path} Started.
[ 2023-03-18 13:31:37,129 ] 18 root - INFO - Making Directory :artifact
[ 2023-03-18 13:31:37,129 ] 20 root - INFO - Directory Made
[ 2023-03-18 13:31:37,129 ] 21 root - INFO - Dumping object : LinearRegression()
[ 2023-03-18 13:31:37,131 ] 25 root - INFO - Dumping of obj LinearRegression() Successfull <_io.BufferedWriter name='artifact\\model.pkl'>
[ 2023-03-18 13:31:37,132 ] 128 root - INFO - Model Scussecfully Formed
[ 2023-03-18 13:31:37,134 ] 132 root - INFO - Prediction Completed : [ 51.10961914  46.51635742  62.21484375  60.03405762  90.67407227
  64.4119873   86.86999512  61.45068359  82.953125    51.1640625
  52.17346191  82.63891602  56.8848877   76.58947754  50.87316895
  52.84020996  70.87512207  61.14135742  72.07543945  54.72253418
  72.39733887  60.12634277  54.47167969  60.32348633  81.01403809
  67.78625488  62.41638184  94.37182617  69.68029785  49.22827148
  60.04614258  81.95593262  71.68029785  82.1394043   74.82580566
  69.33679199  64.34655762  59.75463867  72.70275879  40.84375
  54.54785156  53.53320312  52.08227539  88.2980957   71.39624023
  48.42614746  70.47583008  95.17199707  60.51806641  53.48425293
  73.91699219  88.76586914  44.20373535  85.81555176  90.05566406
  69.18920898  58.48876953  82.06787109  67.3203125   66.92687988
  57.94506836  72.54248047  71.30737305  68.25195312  52.95227051
  80.49475098  68.2890625   55.08166504  88.93115234  54.64941406
  60.66577148  76.72180176  54.10375977  63.97436523  59.87390137
 105.64697266  86.42468262  64.26330566  60.24560547  87.98510742
  84.32861328  78.83251953  35.21789551  82.75268555  52.04040527
  65.390625    82.97363281  81.95336914  64.72338867  80.51306152
  79.22094727  76.41699219  50.52001953  67.83679199  78.82080078
  67.55444336  85.05737305  73.2331543   52.94238281  67.27026367
  51.98474121  58.62109375  70.27526855  75.30578613  91.21899414
  82.25390625  54.16723633  89.38708496  62.0904541   76.46081543
  22.50744629  54.91564941  59.5703125   77.85986328  78.4005127
  58.36657715  21.53112793  62.74755859  68.56689453  64.03918457
  81.93066406  65.9296875   72.23095703  51.0579834   69.85083008
  84.51196289  74.59033203  65.38391113  58.33605957  72.85583496
  52.39453125  48.4822998   70.55737305  64.0246582   78.48754883
  85.91821289  44.11682129  64.44213867  61.1184082   77.47729492
  71.70361328  97.40551758  62.94995117  91.375       66.79138184
  57.87658691  88.82714844  67.57397461  40.13586426  89.42602539
  91.38989258  53.26086426  79.03173828  68.03735352  61.93212891
  52.11523438  68.82507324  75.64245605  70.83984375  74.4440918
  78.0871582   66.46203613  55.51477051  65.36376953  63.75646973
  73.25598145  66.37597656  56.86755371  70.48693848  79.70629883
  74.9732666   52.45812988  82.7220459   79.60473633  80.3795166
  73.5357666   57.66796875  57.99890137  85.37963867  78.47973633
  79.39916992  75.81604004  64.59094238  67.84448242  78.33422852
  30.72497559  67.19458008  82.47790527  70.65637207  63.77783203
  57.38989258  72.41540527  51.90307617  86.18920898  74.31201172
  65.48522949  76.92041016  78.64953613  44.65026855  52.26269531]
[ 2023-03-18 13:31:37,139 ] 70 root - INFO - R2_Score : 0.8704023080124457
