[ 2023-03-19 18:52:22,087 ] 44 root - INFO - Reading Custom Data
[ 2023-03-19 18:52:22,955 ] 224 werkzeug - INFO - [31m[1mWARNING: This is a development server. Do not use it in a production deployment. Use a production WSGI server instead.[0m
 * Running on all addresses (0.0.0.0)
 * Running on http://127.0.0.1:5000
 * Running on http://192.168.29.20:5000
[ 2023-03-19 18:52:22,955 ] 224 werkzeug - INFO - [33mPress CTRL+C to quit[0m
[ 2023-03-19 18:52:36,413 ] 224 werkzeug - INFO - 127.0.0.1 - - [19/Mar/2023 18:52:36] "GET / HTTP/1.1" 200 -
[ 2023-03-19 18:52:37,011 ] 224 werkzeug - INFO - 127.0.0.1 - - [19/Mar/2023 18:52:37] "GET / HTTP/1.1" 200 -
[ 2023-03-19 18:53:31,907 ] 224 werkzeug - INFO - 127.0.0.1 - - [19/Mar/2023 18:53:31] "GET / HTTP/1.1" 200 -
[ 2023-03-19 18:53:32,030 ] 224 werkzeug - INFO - 127.0.0.1 - - [19/Mar/2023 18:53:32] "GET / HTTP/1.1" 200 -
[ 2023-03-19 18:53:32,268 ] 224 werkzeug - INFO - 127.0.0.1 - - [19/Mar/2023 18:53:32] "[33mGET /favicon.ico HTTP/1.1[0m" 404 -
[ 2023-03-19 18:53:40,245 ] 224 werkzeug - INFO - 127.0.0.1 - - [19/Mar/2023 18:53:40] "GET /predictdata HTTP/1.1" 200 -
[ 2023-03-19 18:53:40,344 ] 224 werkzeug - INFO - 127.0.0.1 - - [19/Mar/2023 18:53:40] "GET /predictdata HTTP/1.1" 200 -
[ 2023-03-19 18:53:58,834 ] 35 root - INFO - DataFrame:    gender race_ethnicity parental_level_of_education         lunch test_preparation_course  reading_score  writing_score
0  female        group C                 high school  free/reduced                    none           53.0           12.0
[ 2023-03-19 18:53:58,834 ] 20 root - INFO - Model Path: artifact\model.pkl
[ 2023-03-19 18:53:58,834 ] 24 root - INFO - Preprocessor Path: artifact\preprocessor.pkl
[ 2023-03-19 18:53:58,834 ] 76 root - INFO - Loading Object from artifact\model.pkl
[ 2023-03-19 18:53:58,864 ] 81 root - INFO - Object LinearRegression() loaded from artifact\model.pkl Scucessfully
[ 2023-03-19 18:53:58,864 ] 76 root - INFO - Loading Object from artifact\preprocessor.pkl
[ 2023-03-19 18:53:58,893 ] 81 root - INFO - Object ColumnTransformer(transformers=[('num_pipeline',
                                 Pipeline(steps=[('imputer',
                                                  SimpleImputer(strategy='median')),
                                                 ('scaler',
                                                  StandardScaler(with_mean=False))]),
                                 ['writing_score', 'reading_score']),
                                ('cat_pipeline',
                                 Pipeline(steps=[('imputer',
                                                  SimpleImputer(strategy='most_frequent')),
                                                 ('one_hot_encoder',
                                                  OneHotEncoder()),
                                                 ('scaler',
                                                  StandardScaler(with_mean=False))]),
                                 ['gender', 'race_ethnicity',
                                  'parental_level_of_education', 'lunch',
                                  'test_preparation_course'])]) loaded from artifact\preprocessor.pkl Scucessfully
[ 2023-03-19 18:53:58,893 ] 29 root - INFO - Transforming The Data
[ 2023-03-19 18:53:58,972 ] 31 root - INFO - Transformed  Data: [[0.78278751 3.6013676  2.0025047  0.         0.         0.
  2.15509765 0.         0.         0.         0.         2.47707699
  0.         0.         0.         2.07268493 0.         0.
  2.09830697]]
[ 2023-03-19 18:53:58,972 ] 34 root - INFO - Predicting the Result
[ 2023-03-19 18:53:58,986 ] 36 root - INFO - Predicted the Result: [15.76513672]
[ 2023-03-19 18:53:58,986 ] 39 root - INFO - Predicted Score: [15.76513672]
[ 2023-03-19 18:53:58,987 ] 224 werkzeug - INFO - 127.0.0.1 - - [19/Mar/2023 18:53:58] "POST /predictdata HTTP/1.1" 200 -
[ 2023-03-19 18:53:59,084 ] 224 werkzeug - INFO - 127.0.0.1 - - [19/Mar/2023 18:53:59] "GET /predictdata HTTP/1.1" 200 -
[ 2023-03-19 18:54:21,188 ] 35 root - INFO - DataFrame:    gender race_ethnicity parental_level_of_education     lunch test_preparation_course  reading_score  writing_score
0  female        group D                 high school  standard               completed           55.0           45.0
[ 2023-03-19 18:54:21,189 ] 20 root - INFO - Model Path: artifact\model.pkl
[ 2023-03-19 18:54:21,189 ] 24 root - INFO - Preprocessor Path: artifact\preprocessor.pkl
[ 2023-03-19 18:54:21,189 ] 76 root - INFO - Loading Object from artifact\model.pkl
[ 2023-03-19 18:54:21,190 ] 81 root - INFO - Object LinearRegression() loaded from artifact\model.pkl Scucessfully
[ 2023-03-19 18:54:21,190 ] 76 root - INFO - Loading Object from artifact\preprocessor.pkl
[ 2023-03-19 18:54:21,216 ] 81 root - INFO - Object ColumnTransformer(transformers=[('num_pipeline',
                                 Pipeline(steps=[('imputer',
                                                  SimpleImputer(strategy='median')),
                                                 ('scaler',
                                                  StandardScaler(with_mean=False))]),
                                 ['writing_score', 'reading_score']),
                                ('cat_pipeline',
                                 Pipeline(steps=[('imputer',
                                                  SimpleImputer(strategy='most_frequent')),
                                                 ('one_hot_encoder',
                                                  OneHotEncoder()),
                                                 ('scaler',
                                                  StandardScaler(with_mean=False))]),
                                 ['gender', 'race_ethnicity',
                                  'parental_level_of_education', 'lunch',
                                  'test_preparation_course'])]) loaded from artifact\preprocessor.pkl Scucessfully
[ 2023-03-19 18:54:21,216 ] 29 root - INFO - Transforming The Data
[ 2023-03-19 18:54:21,225 ] 31 root - INFO - Transformed  Data: [[2.93545315 3.73726826 2.0025047  0.         0.         0.
  0.         2.30940108 0.         0.         0.         2.47707699
  0.         0.         0.         0.         2.07268493 2.09830697
  0.        ]]
[ 2023-03-19 18:54:21,225 ] 34 root - INFO - Predicting the Result
[ 2023-03-19 18:54:21,226 ] 36 root - INFO - Predicted the Result: [38.33251953]
[ 2023-03-19 18:54:21,226 ] 39 root - INFO - Predicted Score: [38.33251953]
[ 2023-03-19 18:54:21,227 ] 224 werkzeug - INFO - 127.0.0.1 - - [19/Mar/2023 18:54:21] "POST /predictdata HTTP/1.1" 200 -
[ 2023-03-19 18:54:21,319 ] 224 werkzeug - INFO - 127.0.0.1 - - [19/Mar/2023 18:54:21] "GET /predictdata HTTP/1.1" 200 -
[ 2023-03-19 18:54:44,420 ] 35 root - INFO - DataFrame:   gender race_ethnicity parental_level_of_education     lunch test_preparation_course  reading_score  writing_score
0   male        group D           bachelor's degree  standard                    none           67.0           78.0
[ 2023-03-19 18:54:44,420 ] 20 root - INFO - Model Path: artifact\model.pkl
[ 2023-03-19 18:54:44,420 ] 24 root - INFO - Preprocessor Path: artifact\preprocessor.pkl
[ 2023-03-19 18:54:44,420 ] 76 root - INFO - Loading Object from artifact\model.pkl
[ 2023-03-19 18:54:44,421 ] 81 root - INFO - Object LinearRegression() loaded from artifact\model.pkl Scucessfully
[ 2023-03-19 18:54:44,421 ] 76 root - INFO - Loading Object from artifact\preprocessor.pkl
[ 2023-03-19 18:54:44,437 ] 81 root - INFO - Object ColumnTransformer(transformers=[('num_pipeline',
                                 Pipeline(steps=[('imputer',
                                                  SimpleImputer(strategy='median')),
                                                 ('scaler',
                                                  StandardScaler(with_mean=False))]),
                                 ['writing_score', 'reading_score']),
                                ('cat_pipeline',
                                 Pipeline(steps=[('imputer',
                                                  SimpleImputer(strategy='most_frequent')),
                                                 ('one_hot_encoder',
                                                  OneHotEncoder()),
                                                 ('scaler',
                                                  StandardScaler(with_mean=False))]),
                                 ['gender', 'race_ethnicity',
                                  'parental_level_of_education', 'lunch',
                                  'test_preparation_course'])]) loaded from artifact\preprocessor.pkl Scucessfully
[ 2023-03-19 18:54:44,437 ] 29 root - INFO - Transforming The Data
[ 2023-03-19 18:54:44,442 ] 31 root - INFO - Transformed  Data: [[5.0881188  4.55267225 0.         2.0025047  0.         0.
  0.         2.30940108 0.         0.         3.16475109 0.
  0.         0.         0.         0.         2.07268493 0.
  2.09830697]]
[ 2023-03-19 18:54:44,442 ] 34 root - INFO - Predicting the Result
[ 2023-03-19 18:54:44,442 ] 36 root - INFO - Predicted the Result: [79.92431641]
[ 2023-03-19 18:54:44,442 ] 39 root - INFO - Predicted Score: [79.92431641]
[ 2023-03-19 18:54:44,443 ] 224 werkzeug - INFO - 127.0.0.1 - - [19/Mar/2023 18:54:44] "POST /predictdata HTTP/1.1" 200 -
[ 2023-03-19 18:54:44,538 ] 224 werkzeug - INFO - 127.0.0.1 - - [19/Mar/2023 18:54:44] "GET /predictdata HTTP/1.1" 200 -
[ 2023-03-19 18:55:51,896 ] 35 root - INFO - DataFrame:    gender race_ethnicity parental_level_of_education         lunch test_preparation_course  reading_score  writing_score
0  female        group D          associate's degree  free/reduced                    none           93.0           79.0
[ 2023-03-19 18:55:51,896 ] 20 root - INFO - Model Path: artifact\model.pkl
[ 2023-03-19 18:55:51,896 ] 24 root - INFO - Preprocessor Path: artifact\preprocessor.pkl
[ 2023-03-19 18:55:51,897 ] 76 root - INFO - Loading Object from artifact\model.pkl
[ 2023-03-19 18:55:51,897 ] 81 root - INFO - Object LinearRegression() loaded from artifact\model.pkl Scucessfully
[ 2023-03-19 18:55:51,898 ] 76 root - INFO - Loading Object from artifact\preprocessor.pkl
[ 2023-03-19 18:55:51,917 ] 81 root - INFO - Object ColumnTransformer(transformers=[('num_pipeline',
                                 Pipeline(steps=[('imputer',
                                                  SimpleImputer(strategy='median')),
                                                 ('scaler',
                                                  StandardScaler(with_mean=False))]),
                                 ['writing_score', 'reading_score']),
                                ('cat_pipeline',
                                 Pipeline(steps=[('imputer',
                                                  SimpleImputer(strategy='most_frequent')),
                                                 ('one_hot_encoder',
                                                  OneHotEncoder()),
                                                 ('scaler',
                                                  StandardScaler(with_mean=False))]),
                                 ['gender', 'race_ethnicity',
                                  'parental_level_of_education', 'lunch',
                                  'test_preparation_course'])]) loaded from artifact\preprocessor.pkl Scucessfully
[ 2023-03-19 18:55:51,917 ] 29 root - INFO - Transforming The Data
[ 2023-03-19 18:55:51,923 ] 31 root - INFO - Transformed  Data: [[5.15335109 6.31938088 2.0025047  0.         0.         0.
  0.         2.30940108 0.         2.39473736 0.         0.
  0.         0.         0.         2.07268493 0.         0.
  2.09830697]]
[ 2023-03-19 18:55:51,923 ] 34 root - INFO - Predicting the Result
[ 2023-03-19 18:55:51,924 ] 36 root - INFO - Predicted the Result: [72.06298828]
[ 2023-03-19 18:55:51,924 ] 39 root - INFO - Predicted Score: [72.06298828]
[ 2023-03-19 18:55:51,925 ] 224 werkzeug - INFO - 127.0.0.1 - - [19/Mar/2023 18:55:51] "POST /predictdata HTTP/1.1" 200 -
[ 2023-03-19 18:55:52,066 ] 224 werkzeug - INFO - 127.0.0.1 - - [19/Mar/2023 18:55:52] "GET /predictdata HTTP/1.1" 200 -
[ 2023-03-19 18:56:14,128 ] 35 root - INFO - DataFrame:    gender race_ethnicity parental_level_of_education     lunch test_preparation_course  reading_score  writing_score
0  female        group D          associate's degree  standard                    none           95.0           73.0
[ 2023-03-19 18:56:14,128 ] 20 root - INFO - Model Path: artifact\model.pkl
[ 2023-03-19 18:56:14,128 ] 24 root - INFO - Preprocessor Path: artifact\preprocessor.pkl
[ 2023-03-19 18:56:14,128 ] 76 root - INFO - Loading Object from artifact\model.pkl
[ 2023-03-19 18:56:14,129 ] 81 root - INFO - Object LinearRegression() loaded from artifact\model.pkl Scucessfully
[ 2023-03-19 18:56:14,129 ] 76 root - INFO - Loading Object from artifact\preprocessor.pkl
[ 2023-03-19 18:56:14,141 ] 81 root - INFO - Object ColumnTransformer(transformers=[('num_pipeline',
                                 Pipeline(steps=[('imputer',
                                                  SimpleImputer(strategy='median')),
                                                 ('scaler',
                                                  StandardScaler(with_mean=False))]),
                                 ['writing_score', 'reading_score']),
                                ('cat_pipeline',
                                 Pipeline(steps=[('imputer',
                                                  SimpleImputer(strategy='most_frequent')),
                                                 ('one_hot_encoder',
                                                  OneHotEncoder()),
                                                 ('scaler',
                                                  StandardScaler(with_mean=False))]),
                                 ['gender', 'race_ethnicity',
                                  'parental_level_of_education', 'lunch',
                                  'test_preparation_course'])]) loaded from artifact\preprocessor.pkl Scucessfully
[ 2023-03-19 18:56:14,142 ] 29 root - INFO - Transforming The Data
[ 2023-03-19 18:56:14,148 ] 31 root - INFO - Transformed  Data: [[4.76195733 6.45528155 2.0025047  0.         0.         0.
  0.         2.30940108 0.         2.39473736 0.         0.
  0.         0.         0.         0.         2.07268493 0.
  2.09830697]]
[ 2023-03-19 18:56:14,148 ] 34 root - INFO - Predicting the Result
[ 2023-03-19 18:56:14,148 ] 36 root - INFO - Predicted the Result: [71.50048828]
[ 2023-03-19 18:56:14,148 ] 39 root - INFO - Predicted Score: [71.50048828]
[ 2023-03-19 18:56:14,149 ] 224 werkzeug - INFO - 127.0.0.1 - - [19/Mar/2023 18:56:14] "POST /predictdata HTTP/1.1" 200 -
[ 2023-03-19 18:56:14,240 ] 224 werkzeug - INFO - 127.0.0.1 - - [19/Mar/2023 18:56:14] "GET /predictdata HTTP/1.1" 200 -
[ 2023-03-19 18:56:31,605 ] 35 root - INFO - DataFrame:   gender race_ethnicity parental_level_of_education         lunch test_preparation_course  reading_score  writing_score
0   male        group A          associate's degree  free/reduced                    none           50.0           50.0
[ 2023-03-19 18:56:31,605 ] 20 root - INFO - Model Path: artifact\model.pkl
[ 2023-03-19 18:56:31,605 ] 24 root - INFO - Preprocessor Path: artifact\preprocessor.pkl
[ 2023-03-19 18:56:31,605 ] 76 root - INFO - Loading Object from artifact\model.pkl
[ 2023-03-19 18:56:31,605 ] 81 root - INFO - Object LinearRegression() loaded from artifact\model.pkl Scucessfully
[ 2023-03-19 18:56:31,605 ] 76 root - INFO - Loading Object from artifact\preprocessor.pkl
[ 2023-03-19 18:56:31,618 ] 81 root - INFO - Object ColumnTransformer(transformers=[('num_pipeline',
                                 Pipeline(steps=[('imputer',
                                                  SimpleImputer(strategy='median')),
                                                 ('scaler',
                                                  StandardScaler(with_mean=False))]),
                                 ['writing_score', 'reading_score']),
                                ('cat_pipeline',
                                 Pipeline(steps=[('imputer',
                                                  SimpleImputer(strategy='most_frequent')),
                                                 ('one_hot_encoder',
                                                  OneHotEncoder()),
                                                 ('scaler',
                                                  StandardScaler(with_mean=False))]),
                                 ['gender', 'race_ethnicity',
                                  'parental_level_of_education', 'lunch',
                                  'test_preparation_course'])]) loaded from artifact\preprocessor.pkl Scucessfully
[ 2023-03-19 18:56:31,619 ] 29 root - INFO - Transforming The Data
[ 2023-03-19 18:56:31,624 ] 31 root - INFO - Transformed  Data: [[3.26161461 3.3975166  0.         2.0025047  3.49428279 0.
  0.         0.         0.         2.39473736 0.         0.
  0.         0.         0.         2.07268493 0.         0.
  2.09830697]]
[ 2023-03-19 18:56:31,624 ] 34 root - INFO - Predicting the Result
[ 2023-03-19 18:56:31,625 ] 36 root - INFO - Predicted the Result: [53.01660156]
[ 2023-03-19 18:56:31,625 ] 39 root - INFO - Predicted Score: [53.01660156]
[ 2023-03-19 18:56:31,625 ] 224 werkzeug - INFO - 127.0.0.1 - - [19/Mar/2023 18:56:31] "POST /predictdata HTTP/1.1" 200 -
[ 2023-03-19 18:56:31,720 ] 224 werkzeug - INFO - 127.0.0.1 - - [19/Mar/2023 18:56:31] "GET /predictdata HTTP/1.1" 200 -
[ 2023-03-19 18:56:49,436 ] 35 root - INFO - DataFrame:   gender race_ethnicity parental_level_of_education         lunch test_preparation_course  reading_score  writing_score
0   male        group A          associate's degree  free/reduced                    none           50.0           50.0
[ 2023-03-19 18:56:49,436 ] 20 root - INFO - Model Path: artifact\model.pkl
[ 2023-03-19 18:56:49,436 ] 24 root - INFO - Preprocessor Path: artifact\preprocessor.pkl
[ 2023-03-19 18:56:49,436 ] 76 root - INFO - Loading Object from artifact\model.pkl
[ 2023-03-19 18:56:49,436 ] 81 root - INFO - Object LinearRegression() loaded from artifact\model.pkl Scucessfully
[ 2023-03-19 18:56:49,437 ] 76 root - INFO - Loading Object from artifact\preprocessor.pkl
[ 2023-03-19 18:56:49,450 ] 81 root - INFO - Object ColumnTransformer(transformers=[('num_pipeline',
                                 Pipeline(steps=[('imputer',
                                                  SimpleImputer(strategy='median')),
                                                 ('scaler',
                                                  StandardScaler(with_mean=False))]),
                                 ['writing_score', 'reading_score']),
                                ('cat_pipeline',
                                 Pipeline(steps=[('imputer',
                                                  SimpleImputer(strategy='most_frequent')),
                                                 ('one_hot_encoder',
                                                  OneHotEncoder()),
                                                 ('scaler',
                                                  StandardScaler(with_mean=False))]),
                                 ['gender', 'race_ethnicity',
                                  'parental_level_of_education', 'lunch',
                                  'test_preparation_course'])]) loaded from artifact\preprocessor.pkl Scucessfully
[ 2023-03-19 18:56:49,451 ] 29 root - INFO - Transforming The Data
[ 2023-03-19 18:56:49,458 ] 31 root - INFO - Transformed  Data: [[3.26161461 3.3975166  0.         2.0025047  3.49428279 0.
  0.         0.         0.         2.39473736 0.         0.
  0.         0.         0.         2.07268493 0.         0.
  2.09830697]]
[ 2023-03-19 18:56:49,458 ] 34 root - INFO - Predicting the Result
[ 2023-03-19 18:56:49,458 ] 36 root - INFO - Predicted the Result: [53.01660156]
[ 2023-03-19 18:56:49,459 ] 39 root - INFO - Predicted Score: [53.01660156]
[ 2023-03-19 18:56:49,459 ] 224 werkzeug - INFO - 127.0.0.1 - - [19/Mar/2023 18:56:49] "POST /predictdata HTTP/1.1" 200 -
[ 2023-03-19 18:56:49,559 ] 224 werkzeug - INFO - 127.0.0.1 - - [19/Mar/2023 18:56:49] "GET /predictdata HTTP/1.1" 200 -
[ 2023-03-19 18:57:09,040 ] 35 root - INFO - DataFrame:    gender race_ethnicity parental_level_of_education         lunch test_preparation_course  reading_score  writing_score
0  female        group A          associate's degree  free/reduced                    none           50.0           50.0
[ 2023-03-19 18:57:09,040 ] 20 root - INFO - Model Path: artifact\model.pkl
[ 2023-03-19 18:57:09,040 ] 24 root - INFO - Preprocessor Path: artifact\preprocessor.pkl
[ 2023-03-19 18:57:09,041 ] 76 root - INFO - Loading Object from artifact\model.pkl
[ 2023-03-19 18:57:09,041 ] 81 root - INFO - Object LinearRegression() loaded from artifact\model.pkl Scucessfully
[ 2023-03-19 18:57:09,041 ] 76 root - INFO - Loading Object from artifact\preprocessor.pkl
[ 2023-03-19 18:57:09,053 ] 81 root - INFO - Object ColumnTransformer(transformers=[('num_pipeline',
                                 Pipeline(steps=[('imputer',
                                                  SimpleImputer(strategy='median')),
                                                 ('scaler',
                                                  StandardScaler(with_mean=False))]),
                                 ['writing_score', 'reading_score']),
                                ('cat_pipeline',
                                 Pipeline(steps=[('imputer',
                                                  SimpleImputer(strategy='most_frequent')),
                                                 ('one_hot_encoder',
                                                  OneHotEncoder()),
                                                 ('scaler',
                                                  StandardScaler(with_mean=False))]),
                                 ['gender', 'race_ethnicity',
                                  'parental_level_of_education', 'lunch',
                                  'test_preparation_course'])]) loaded from artifact\preprocessor.pkl Scucessfully
[ 2023-03-19 18:57:09,054 ] 29 root - INFO - Transforming The Data
[ 2023-03-19 18:57:09,059 ] 31 root - INFO - Transformed  Data: [[3.26161461 3.3975166  2.0025047  0.         3.49428279 0.
  0.         0.         0.         2.39473736 0.         0.
  0.         0.         0.         2.07268493 0.         0.
  2.09830697]]
[ 2023-03-19 18:57:09,059 ] 34 root - INFO - Predicting the Result
[ 2023-03-19 18:57:09,059 ] 36 root - INFO - Predicted the Result: [39.91540527]
[ 2023-03-19 18:57:09,059 ] 39 root - INFO - Predicted Score: [39.91540527]
[ 2023-03-19 18:57:09,060 ] 224 werkzeug - INFO - 127.0.0.1 - - [19/Mar/2023 18:57:09] "POST /predictdata HTTP/1.1" 200 -
[ 2023-03-19 18:57:09,160 ] 224 werkzeug - INFO - 127.0.0.1 - - [19/Mar/2023 18:57:09] "GET /predictdata HTTP/1.1" 200 -
[ 2023-03-19 18:57:38,077 ] 224 werkzeug - INFO - 127.0.0.1 - - [19/Mar/2023 18:57:38] "GET / HTTP/1.1" 200 -
[ 2023-03-19 18:57:38,198 ] 224 werkzeug - INFO - 127.0.0.1 - - [19/Mar/2023 18:57:38] "GET / HTTP/1.1" 200 -
[ 2023-03-19 18:58:02,519 ] 224 werkzeug - INFO - 127.0.0.1 - - [19/Mar/2023 18:58:02] "GET / HTTP/1.1" 200 -
