[ 2023-03-18 12:53:25,031 ] 26 root - INFO - Entered the data ingestion method or components
[ 2023-03-18 12:53:25,191 ] 29 root - INFO - Exported Read The Dataset as DataFrame
[ 2023-03-18 12:53:25,270 ] 35 root - INFO - Train Test Split Inititated
[ 2023-03-18 12:53:25,424 ] 41 root - INFO - Ingestion of Data is completed
[ 2023-03-18 12:53:25,424 ] 62 root - INFO - Train Data : artifact\train.csv, Test Data : artifact\test.csv
[ 2023-03-18 12:53:25,432 ] 85 root - INFO - Read train and test data completed
[ 2023-03-18 12:53:25,432 ] 87 root - INFO - Obtaining preprocessing object
[ 2023-03-18 12:53:25,432 ] 34 root - INFO - Entered the data transfomation method or components
[ 2023-03-18 12:53:25,432 ] 44 root - INFO - Categorical columns: ['gender', 'race_ethnicity', 'parental_level_of_education', 'lunch', 'test_preparation_course']
[ 2023-03-18 12:53:25,433 ] 45 root - INFO - Numerical columns: ['writing_score', 'reading_score']
[ 2023-03-18 12:53:25,454 ] 61 root - INFO - Categorical Pipeline: Pipeline(steps=[('imputer', SimpleImputer(strategy='most_frequent')),
                ('one_hot_encoder', OneHotEncoder()),
                ('scaler', StandardScaler(with_mean=False))])
[ 2023-03-18 12:53:25,456 ] 62 root - INFO - Numerical Pipline: Pipeline(steps=[('imputer', SimpleImputer(strategy='median')),
                ('scaler', StandardScaler(with_mean=False))])
[ 2023-03-18 12:53:25,456 ] 71 root - INFO - Categorical Pipline &Numerical Pipeline Excueted Scuceesully
[ 2023-03-18 12:53:25,470 ] 72 root - INFO - Preprocesssor is returned ColumnTransformer(transformers=[('num_pipeline',
                                 Pipeline(steps=[('imputer',
                                                  SimpleImputer(strategy='median')),
                                                 ('scaler',
                                                  StandardScaler(with_mean=False))]),
                                 ['writing_score', 'reading_score']),
                                ('cat_pipeline',
                                 Pipeline(steps=[('imputer',
                                                  SimpleImputer(strategy='most_frequent')),
                                                 ('one_hot_encoder',
                                                  OneHotEncoder()),
                                                 ('scaler',
                                                  StandardScaler(with_mean=False))]),
                                 ['gender', 'race_ethnicity',
                                  'parental_level_of_education', 'lunch',
                                  'test_preparation_course'])])
[ 2023-03-18 12:53:25,470 ] 103 root - INFO - Categorical columns: ['gender', 'race_ethnicity', 'parental_level_of_education', 'lunch', 'test_preparation_course']
[ 2023-03-18 12:53:25,470 ] 104 root - INFO - Numerical columns: ['writing_score', 'reading_score']
[ 2023-03-18 12:53:25,470 ] 105 root - INFO - Target columns: math_score
[ 2023-03-18 12:53:25,470 ] 107 root - INFO - Removing Target Columns from Train and Test Set
[ 2023-03-18 12:53:25,473 ] 116 root - INFO - Applying preprocessing object on training dataframe and testing dataframe.
[ 2023-03-18 12:53:25,608 ] 131 root - INFO - Data Transformation Complted.
[ 2023-03-18 12:53:25,608 ] 14 root - INFO - Saving object {obj} on file: {file_path} Started.
[ 2023-03-18 12:53:25,608 ] 17 root - INFO - Making Directory :artifact
[ 2023-03-18 12:53:25,608 ] 19 root - INFO - Directory Made
[ 2023-03-18 12:53:25,620 ] 20 root - INFO - Dumping object : ColumnTransformer(transformers=[('num_pipeline',
                                 Pipeline(steps=[('imputer',
                                                  SimpleImputer(strategy='median')),
                                                 ('scaler',
                                                  StandardScaler(with_mean=False))]),
                                 ['writing_score', 'reading_score']),
                                ('cat_pipeline',
                                 Pipeline(steps=[('imputer',
                                                  SimpleImputer(strategy='most_frequent')),
                                                 ('one_hot_encoder',
                                                  OneHotEncoder()),
                                                 ('scaler',
                                                  StandardScaler(with_mean=False))]),
                                 ['gender', 'race_ethnicity',
                                  'parental_level_of_education', 'lunch',
                                  'test_preparation_course'])])
[ 2023-03-18 12:53:25,640 ] 24 root - INFO - Dumping of obj ColumnTransformer(transformers=[('num_pipeline',
                                 Pipeline(steps=[('imputer',
                                                  SimpleImputer(strategy='median')),
                                                 ('scaler',
                                                  StandardScaler(with_mean=False))]),
                                 ['writing_score', 'reading_score']),
                                ('cat_pipeline',
                                 Pipeline(steps=[('imputer',
                                                  SimpleImputer(strategy='most_frequent')),
                                                 ('one_hot_encoder',
                                                  OneHotEncoder()),
                                                 ('scaler',
                                                  StandardScaler(with_mean=False))]),
                                 ['gender', 'race_ethnicity',
                                  'parental_level_of_education', 'lunch',
                                  'test_preparation_course'])]) Successfull <_io.BufferedWriter name='artifact\\preprocessor.pkl'>
[ 2023-03-18 12:53:25,641 ] 141 root - INFO - Saved preprocessing object as Pickle File.
[ 2023-03-18 12:53:25,642 ] 66 root - INFO - Train Array : [[ 4.30533129  4.62062258  0.         ...  0.          2.09830697
  73.        ]
 [ 4.37056358  4.75652325  2.0025047  ...  0.          2.09830697
  58.        ]
 [ 2.80498857  3.12571528  0.         ...  0.          2.09830697
  55.        ]
 ...
 [ 4.56626046  4.96037424  2.0025047  ...  0.          2.09830697
  62.        ]
 [ 5.47951255  5.36807623  2.0025047  ...  2.09830697  0.
  67.        ]
 [ 3.71824066  4.34882125  0.         ...  0.          2.09830697
  73.        ]],Test Array : [[ 3.00068544  3.32956627  0.         ...  2.09830697  0.
  52.        ]
 [ 3.32684691  4.00906959  2.0025047  ...  0.          2.09830697
  40.        ]
 [ 4.56626046  4.68857291  2.0025047  ...  0.          2.09830697
  65.        ]
 ...
 [ 5.21858338  5.23217557  0.         ...  2.09830697  0.
  78.        ]
 [ 3.78347295  3.66931793  2.0025047  ...  2.09830697  0.
  46.        ]
 [ 4.1748667   3.94111926  2.0025047  ...  2.09830697  0.
  57.        ]],Preprocessor Array : artifact\preprocessor.pkl
[ 2023-03-18 12:53:25,642 ] 39 root - INFO - Entered the Model Traineer method or components
[ 2023-03-18 12:53:25,642 ] 41 root - INFO - Split training and test input data
[ 2023-03-18 12:53:25,684 ] 30 root - INFO - Evaluting Model Started
[ 2023-03-18 12:53:25,685 ] 35 root - INFO - Evaluting Model: RandomForestRegressor()
[ 2023-03-18 12:53:26,156 ] 38 root - INFO - Model Trained
[ 2023-03-18 12:53:26,194 ] 41 root - INFO - Real Train Data [ 73.  58.  55.  37.  74.  79.  53.  75.  47.  66.  53.  66.  38.  64.
  57.  85.  90.  68.  76.  64.  62.  62.  76.  63.  54.  81.  66.  62.
  67.  74.  77.  85.  55.  52.  62.  74.  38.  48.  92.  76.  50.  48.
  50.  75.  45.  75.  60.  73.  81.  79.  75.  57.  79.  57.  68.  70.
  59.  47.  59.  68.  65.  58.  86.  76.  57.  67.  80.  61.  62.  65.
  39.  81.  81.  79.  91.  74.  75.  61.  54.  52.  66.  81.  97.  53.
  74.  57.  38.  69.  69.  84.  91.  36.  72.  79.  53.  65.  83.  87.
  47.  59.  68.  52.  58.  68.  64.  35.  69.  73.  79.  65.  69.  29.
  65.  80.  42.  44.  65.  73.  53.  65.  72.  80.  71.  63.  53.  83.
  71.  62.  59.  72.  62.  46.  67.  85.  91.  59.  76.  66.  59.  79.
  98.  27.  73.  88.  73.  68.  69.  72.  62.  86.  69.  82.  87.  58.
  89.  84.  35.  77.  51.  63.  84.  64.  54.  42.  56.  94.  80.  70.
  49.  69.   8.  58.  73.  61.  47.  59.  65.  26.  64.  59.  76.  82.
  77.  91.  69.  74.  62.  69.  73.  69.  62.  80.  48.  86.  43.  50.
  49.  65.  55.  51.  73.  52.  43.  75.  44.  81.  64.  65.  71.  65.
  30.  83.  85.  66.  76.  58.  92.  37.  75.  60.  55.  66.  76.  96.
  50.  49.  83.  92.  96.  73.  82.  67.  67.  48.  22.  70.  77.  56.
  53.  65.  58.  89.  66.  74.  83.  62.  73.  81.  47.  87.  80.  62.
  53. 100.  63.   0.  85.  68.  61.  34.  58.  78.  70.  61.  79.  68.
  70.  51.  73.  74.  82.  62.  19.  67.  70.  87.  63.  65.  61.  62.
  65.  49.  54.  46.  50.  45.  86.  67.  64.  55.  64.  71.  80.  71.
  66.  82.  50.  33.  40.  70.  63.  86.  48.  92.  59.  65.  62.  93.
  53.  58.  71.  77.  74.  78.  71.  46.  53.  62.  64.  62.  88.  62.
  69.  90.  53.  88.  69.  81.  65.  61.  99.  71.  62.  52.  79.  90.
  72.  61.  63.  89.  35.  54.  74.  78.  76.  53.  68.  75.  67.  69.
  81.  63.  41.  57.  61.  84.  61.  59.  49.  49.  41.  58.  76.  76.
  53.  49.  48.  55.  32.  61.  68.  72.  44.  63.  60.  90.  77.  61.
  58.  49.  64.  98.  55.  94.  71.  53.  63.  55.  46.  63.  76.  58.
  90.  72.  76.  32.  64.  36.  61.  81.  55.  85.  60.  60.  59.  80.
  82.  50.  35.  52.  96.  77.  82.  71.  83.  85.  69.  62.  69.  44.
  50.  54.  67.  59.  47.  54.  80.  61.  64.  49.  62.  44.  89.  81.
  68.  77.  65.  77.  88.  83.  73.  69.  68.  69.  58.  46.  61.  57.
  49.  61.  49.  56.  75.  58.  63.  78.  41.  46.  54.  73.  64. 100.
  57.  50.  67.  49.  70.  84.  42.  75.  61.  59.  99.  78.  78.  40.
  74.  74.  82.  62.  58.  75.  63.  34.  69.  52.  63.  69. 100.  75.
  68.  58.  65.  94.  76.  84.  65.  72.  63.  76.  69.  78.  81. 100.
  70.  44.  30.  84.  68.  84.  50.  81.  70.  84.  59.  98.  67.  73.
  88.  50.  77.  40.  75.  77.  54.  90.  64.  41.  49.  85.  77.  57.
  39.  94.  71. 100.  71.  58.  45.  67.  81.  82.  71.  70.  51.  66.
  79.  50.  72.  63.  84.  59.  91.  47.  97.  65.  58.  63.  54.  60.
  39.  68.  58.  57.  82.  91.  65.  57.  99.  56.  70.  59.  52.  82.
  53.  70.  67.  71.  50.  74.  66.  47.  59.  66.  52.  81.  75.  90.
  69.  82.  65.  62.  62.  62.  28.  61.  40.  52.  72.  45.  68.  94.
  44.  55.  74.  71.  79.  80.  46.  41.  52.  48.  77.  55.  45.  65.
  71.  65.  49.  45.  75.  69.  60.  81.  42.  68.  75.  62.  64.  82.
  74.  66.  81.  40.  60.  75.  49.  61.  87.  79.  87.  53.  77.  59.
  76.  52.  95.  91.  54.  55.  65.  93.  53.  67.  53.  68.  71.  41.
  57.  45.  88.  60.  81.  77.  66.  49.  53.  61.  47.  89.  71.  94.
  59.  59.  58.  85.  74.  65.  54.  59.  66.  77.  71.  93.  55.  52.
  73.  71.  60.  69.  40.  76.  52.  47.  77.  45.  63.  51.  48.  60.
  59.  72.  55.  76.  73.  72.  56.  82.  63.  67.  62.  87.  44.  55.
  66.  63.  85.  57.  60.  88.  53.  87.  64.  77.  67.  65.  50.  40.
  57.  57.  23.  67.  79.  81.  77.  70.  78.  51.  54.  63.  35.  64.
  67.  92.  65.  46.  46.  37.  80.  42.  68.  58.  45.  75.  80.  49.
  74.  67.  61.  63.  77.  60.  56.  77.  60.  73.  73.  78.  73.  73.
  87.  62.  57.  46.  74.  92.  61.  81.  73.  72.  66.  73.  32.  82.
  68.  97.  51.  59. 100.  87.  62.  69.  51.  88.  58.  59.  61.  62.
  67.  73.] and Predicted Train Data [51.69       47.16       61.74       58.2        93.13       62.17
 92.93       59.39       82.87       49.62       51.22       84.28666667
 59.99       75.76       46.55       51.36       70.89       60.48
 73.31       57.51       71.64       58.64       58.39       57.96
 79.28       69.85       61.22       91.65       68.26       51.55
 60.93       83.09       70.52       84.62       73.57       67.86
 62.57       62.31       68.98       39.12       54.95       50.64
 51.31       82.94       67.93       49.34       67.24       95.83
 59.51       51.55       74.37       89.55       45.39       86.88
 86.24       70.01       55.94       85.78       73.92       62.26
 56.12       72.62       72.65       68.86       51.22       79.9675
 68.34       53.37       91.01       50.8        62.55       79.57
 51.92       62.83       60.3        97.23       86.61       68.65
 65.26       90.93916667 84.02       78.33       42.95       85.38
 50.74       58.98       86.39       79.74       65.61       79.6
 81.37666667 77.24       52.63       69.99       78.61       65.85
 83.1        66.68       49.1        65.1        51.39       56.
 68.98       77.08083333 93.97       84.23       53.93       85.589
 65.31       83.61       21.12666667 55.32       57.26       75.02
 79.87       56.51       23.90333333 65.45       71.79       62.61
 83.62       65.1        72.51       49.95       68.79       85.47
 77.6        61.32       58.54       72.23       52.69       47.56
 66.         61.02       77.9        87.87       46.03       63.37
 64.07       77.33       69.77       96.07       67.01       92.03
 65.42       57.11       90.02833333 63.26       45.16       91.56
 90.29333333 52.1        80.33       71.01       61.07       53.28
 69.03       71.58       70.61       75.66       80.92       66.78
 55.09       64.96       62.34       74.24       67.23       56.52
 68.83       75.48       71.62       54.88       81.70666667 81.3
 81.11       73.83       52.88       55.79       84.74       76.98
 89.83166667 71.68       65.69       64.08       78.75       33.28
 64.74       84.49       70.67       62.11       53.47       65.85
 52.2        90.82       77.16       62.83       76.38       80.19
 48.82       54.98      ]
[ 2023-03-18 12:53:26,196 ] 42 root - INFO - Real Train Data [ 52.  40.  65.  63.  93.  66.  84.  65.  86.  51.  50.  76.  53.  79.
  43.  57.  62.  51.  74.  54.  65.  53.  51.  68.  79.  67.  60.  97.
  68.  59.  67.  85.  71.  88.  85.  74.  62.  55.  74.  37.  68.  53.
  63.  87.  65.  43.  69.  91.  59.  59.  67.  79.  40.  87.  86.  71.
  65.  82.  69.  71.  62.  72.  66.  72.  44.  82.  66.  42.  97.  59.
  55.  71.  59.  64.  55. 100.  88.  62.  64.  88.  95.  75.  29.  88.
  39.  66.  85.  80.  72.  79.  79.  80.  52.  68.  75.  66.  78.  74.
  61.  69.  40.  48.  72.  79.  87.  88.  54.  81.  68.  78.  24.  54.
  63.  69.  88.  54.  18.  67.  61.  61.  87.  65.  76.  48.  65.  82.
  74.  68.  53.  71.  47.  61.  67.  58.  69.  87.  43.  70.  66.  88.
  73.  91.  69.  90.  60.  59.  97.  77.  27.  94.  85.  56.  77.  72.
  56.  64.  80.  81.  79.  70.  79.  73.  56.  66.  59.  78.  63.  58.
  69.  83.  70.  54.  86.  80.  79.  69.  58.  52.  78.  76.  77.  74.
  70.  74.  80.  29.  73.  87.  59.  62.  52.  71.  48.  89.  65.  67.
  75.  78.  46.  57.] and Predicted Train Data [51.69       47.16       61.74       58.2        93.13       62.17
 92.93       59.39       82.87       49.62       51.22       84.28666667
 59.99       75.76       46.55       51.36       70.89       60.48
 73.31       57.51       71.64       58.64       58.39       57.96
 79.28       69.85       61.22       91.65       68.26       51.55
 60.93       83.09       70.52       84.62       73.57       67.86
 62.57       62.31       68.98       39.12       54.95       50.64
 51.31       82.94       67.93       49.34       67.24       95.83
 59.51       51.55       74.37       89.55       45.39       86.88
 86.24       70.01       55.94       85.78       73.92       62.26
 56.12       72.62       72.65       68.86       51.22       79.9675
 68.34       53.37       91.01       50.8        62.55       79.57
 51.92       62.83       60.3        97.23       86.61       68.65
 65.26       90.93916667 84.02       78.33       42.95       85.38
 50.74       58.98       86.39       79.74       65.61       79.6
 81.37666667 77.24       52.63       69.99       78.61       65.85
 83.1        66.68       49.1        65.1        51.39       56.
 68.98       77.08083333 93.97       84.23       53.93       85.589
 65.31       83.61       21.12666667 55.32       57.26       75.02
 79.87       56.51       23.90333333 65.45       71.79       62.61
 83.62       65.1        72.51       49.95       68.79       85.47
 77.6        61.32       58.54       72.23       52.69       47.56
 66.         61.02       77.9        87.87       46.03       63.37
 64.07       77.33       69.77       96.07       67.01       92.03
 65.42       57.11       90.02833333 63.26       45.16       91.56
 90.29333333 52.1        80.33       71.01       61.07       53.28
 69.03       71.58       70.61       75.66       80.92       66.78
 55.09       64.96       62.34       74.24       67.23       56.52
 68.83       75.48       71.62       54.88       81.70666667 81.3
 81.11       73.83       52.88       55.79       84.74       76.98
 89.83166667 71.68       65.69       64.08       78.75       33.28
 64.74       84.49       70.67       62.11       53.47       65.85
 52.2        90.82       77.16       62.83       76.38       80.19
 48.82       54.98      ]
[ 2023-03-18 12:53:26,196 ] 45 root - INFO - Test model score : 0.9762157597599815 \n Test Model Score: 0.8444513857939128
[ 2023-03-18 12:53:26,196 ] 47 root - INFO - Report Addded : {'Radom Forest': 0.8444513857939128}
[ 2023-03-18 12:53:26,197 ] 35 root - INFO - Evaluting Model: DecisionTreeRegressor()
[ 2023-03-18 12:53:26,201 ] 38 root - INFO - Model Trained
[ 2023-03-18 12:53:26,205 ] 41 root - INFO - Real Train Data [ 73.  58.  55.  37.  74.  79.  53.  75.  47.  66.  53.  66.  38.  64.
  57.  85.  90.  68.  76.  64.  62.  62.  76.  63.  54.  81.  66.  62.
  67.  74.  77.  85.  55.  52.  62.  74.  38.  48.  92.  76.  50.  48.
  50.  75.  45.  75.  60.  73.  81.  79.  75.  57.  79.  57.  68.  70.
  59.  47.  59.  68.  65.  58.  86.  76.  57.  67.  80.  61.  62.  65.
  39.  81.  81.  79.  91.  74.  75.  61.  54.  52.  66.  81.  97.  53.
  74.  57.  38.  69.  69.  84.  91.  36.  72.  79.  53.  65.  83.  87.
  47.  59.  68.  52.  58.  68.  64.  35.  69.  73.  79.  65.  69.  29.
  65.  80.  42.  44.  65.  73.  53.  65.  72.  80.  71.  63.  53.  83.
  71.  62.  59.  72.  62.  46.  67.  85.  91.  59.  76.  66.  59.  79.
  98.  27.  73.  88.  73.  68.  69.  72.  62.  86.  69.  82.  87.  58.
  89.  84.  35.  77.  51.  63.  84.  64.  54.  42.  56.  94.  80.  70.
  49.  69.   8.  58.  73.  61.  47.  59.  65.  26.  64.  59.  76.  82.
  77.  91.  69.  74.  62.  69.  73.  69.  62.  80.  48.  86.  43.  50.
  49.  65.  55.  51.  73.  52.  43.  75.  44.  81.  64.  65.  71.  65.
  30.  83.  85.  66.  76.  58.  92.  37.  75.  60.  55.  66.  76.  96.
  50.  49.  83.  92.  96.  73.  82.  67.  67.  48.  22.  70.  77.  56.
  53.  65.  58.  89.  66.  74.  83.  62.  73.  81.  47.  87.  80.  62.
  53. 100.  63.   0.  85.  68.  61.  34.  58.  78.  70.  61.  79.  68.
  70.  51.  73.  74.  82.  62.  19.  67.  70.  87.  63.  65.  61.  62.
  65.  49.  54.  46.  50.  45.  86.  67.  64.  55.  64.  71.  80.  71.
  66.  82.  50.  33.  40.  70.  63.  86.  48.  92.  59.  65.  62.  93.
  53.  58.  71.  77.  74.  78.  71.  46.  53.  62.  64.  62.  88.  62.
  69.  90.  53.  88.  69.  81.  65.  61.  99.  71.  62.  52.  79.  90.
  72.  61.  63.  89.  35.  54.  74.  78.  76.  53.  68.  75.  67.  69.
  81.  63.  41.  57.  61.  84.  61.  59.  49.  49.  41.  58.  76.  76.
  53.  49.  48.  55.  32.  61.  68.  72.  44.  63.  60.  90.  77.  61.
  58.  49.  64.  98.  55.  94.  71.  53.  63.  55.  46.  63.  76.  58.
  90.  72.  76.  32.  64.  36.  61.  81.  55.  85.  60.  60.  59.  80.
  82.  50.  35.  52.  96.  77.  82.  71.  83.  85.  69.  62.  69.  44.
  50.  54.  67.  59.  47.  54.  80.  61.  64.  49.  62.  44.  89.  81.
  68.  77.  65.  77.  88.  83.  73.  69.  68.  69.  58.  46.  61.  57.
  49.  61.  49.  56.  75.  58.  63.  78.  41.  46.  54.  73.  64. 100.
  57.  50.  67.  49.  70.  84.  42.  75.  61.  59.  99.  78.  78.  40.
  74.  74.  82.  62.  58.  75.  63.  34.  69.  52.  63.  69. 100.  75.
  68.  58.  65.  94.  76.  84.  65.  72.  63.  76.  69.  78.  81. 100.
  70.  44.  30.  84.  68.  84.  50.  81.  70.  84.  59.  98.  67.  73.
  88.  50.  77.  40.  75.  77.  54.  90.  64.  41.  49.  85.  77.  57.
  39.  94.  71. 100.  71.  58.  45.  67.  81.  82.  71.  70.  51.  66.
  79.  50.  72.  63.  84.  59.  91.  47.  97.  65.  58.  63.  54.  60.
  39.  68.  58.  57.  82.  91.  65.  57.  99.  56.  70.  59.  52.  82.
  53.  70.  67.  71.  50.  74.  66.  47.  59.  66.  52.  81.  75.  90.
  69.  82.  65.  62.  62.  62.  28.  61.  40.  52.  72.  45.  68.  94.
  44.  55.  74.  71.  79.  80.  46.  41.  52.  48.  77.  55.  45.  65.
  71.  65.  49.  45.  75.  69.  60.  81.  42.  68.  75.  62.  64.  82.
  74.  66.  81.  40.  60.  75.  49.  61.  87.  79.  87.  53.  77.  59.
  76.  52.  95.  91.  54.  55.  65.  93.  53.  67.  53.  68.  71.  41.
  57.  45.  88.  60.  81.  77.  66.  49.  53.  61.  47.  89.  71.  94.
  59.  59.  58.  85.  74.  65.  54.  59.  66.  77.  71.  93.  55.  52.
  73.  71.  60.  69.  40.  76.  52.  47.  77.  45.  63.  51.  48.  60.
  59.  72.  55.  76.  73.  72.  56.  82.  63.  67.  62.  87.  44.  55.
  66.  63.  85.  57.  60.  88.  53.  87.  64.  77.  67.  65.  50.  40.
  57.  57.  23.  67.  79.  81.  77.  70.  78.  51.  54.  63.  35.  64.
  67.  92.  65.  46.  46.  37.  80.  42.  68.  58.  45.  75.  80.  49.
  74.  67.  61.  63.  77.  60.  56.  77.  60.  73.  73.  78.  73.  73.
  87.  62.  57.  46.  74.  92.  61.  81.  73.  72.  66.  73.  32.  82.
  68.  97.  51.  59. 100.  87.  62.  69.  51.  88.  58.  59.  61.  62.
  67.  73.] and Predicted Train Data [ 47.  49.  63.  58.  98.  63.  98.  55.  84.  49.  40.  84.  62.  77.
  44.  60.  61.  63.  73.  65.  73.  60.  57.  60.  78.  75.  69.  92.
  62.  53.  62.  77.  73. 100.  80.  62.  68.  62.  77.  41.  45.  41.
  50.  86.  72.  52.  73.  97.  58.  53.  73.  94.  40.  81.  83.  75.
  65.  87.  74.  65.  58.  73.  67.  61.  53.  80.  69.  45. 100.  47.
  69.  89.  52.  66.  60. 100.  92.  69.  69.  94.  87.  80.  41.  91.
  49.  59.  88.  81.  65.  82.  81.  85.  54.  69.  74.  65.  82.  63.
  45.  62.  53.  52.  69.  80.  99.  77.  54.  85.  69.  89.  19.  65.
  54.  81.  81.  56.  19.  63.  69.  66.  86.  67.  71.  47.  61.  83.
  80.  73.  61.  65.  52.  48.  65.  60.  90.  89.  48.  59.  69.  82.
  63.  87.  66.  93.  65.  55.  92.  65.  51.  99.  87.  55.  82.  81.
  60.  49.  76.  73.  69.  61.  86.  72.  45.  62.  62.  78.  67.  64.
  54.  74.  72.  59.  84.  89.  78.  76.  64.  53.  81.  76.  97.  61.
  59.  65.  79.  32.  65.  90.  70.  66.  41.  71.  55.  94.  78.  59.
  74.  80.  47.  62.]
[ 2023-03-18 12:53:26,207 ] 42 root - INFO - Real Train Data [ 52.  40.  65.  63.  93.  66.  84.  65.  86.  51.  50.  76.  53.  79.
  43.  57.  62.  51.  74.  54.  65.  53.  51.  68.  79.  67.  60.  97.
  68.  59.  67.  85.  71.  88.  85.  74.  62.  55.  74.  37.  68.  53.
  63.  87.  65.  43.  69.  91.  59.  59.  67.  79.  40.  87.  86.  71.
  65.  82.  69.  71.  62.  72.  66.  72.  44.  82.  66.  42.  97.  59.
  55.  71.  59.  64.  55. 100.  88.  62.  64.  88.  95.  75.  29.  88.
  39.  66.  85.  80.  72.  79.  79.  80.  52.  68.  75.  66.  78.  74.
  61.  69.  40.  48.  72.  79.  87.  88.  54.  81.  68.  78.  24.  54.
  63.  69.  88.  54.  18.  67.  61.  61.  87.  65.  76.  48.  65.  82.
  74.  68.  53.  71.  47.  61.  67.  58.  69.  87.  43.  70.  66.  88.
  73.  91.  69.  90.  60.  59.  97.  77.  27.  94.  85.  56.  77.  72.
  56.  64.  80.  81.  79.  70.  79.  73.  56.  66.  59.  78.  63.  58.
  69.  83.  70.  54.  86.  80.  79.  69.  58.  52.  78.  76.  77.  74.
  70.  74.  80.  29.  73.  87.  59.  62.  52.  71.  48.  89.  65.  67.
  75.  78.  46.  57.] and Predicted Train Data [ 47.  49.  63.  58.  98.  63.  98.  55.  84.  49.  40.  84.  62.  77.
  44.  60.  61.  63.  73.  65.  73.  60.  57.  60.  78.  75.  69.  92.
  62.  53.  62.  77.  73. 100.  80.  62.  68.  62.  77.  41.  45.  41.
  50.  86.  72.  52.  73.  97.  58.  53.  73.  94.  40.  81.  83.  75.
  65.  87.  74.  65.  58.  73.  67.  61.  53.  80.  69.  45. 100.  47.
  69.  89.  52.  66.  60. 100.  92.  69.  69.  94.  87.  80.  41.  91.
  49.  59.  88.  81.  65.  82.  81.  85.  54.  69.  74.  65.  82.  63.
  45.  62.  53.  52.  69.  80.  99.  77.  54.  85.  69.  89.  19.  65.
  54.  81.  81.  56.  19.  63.  69.  66.  86.  67.  71.  47.  61.  83.
  80.  73.  61.  65.  52.  48.  65.  60.  90.  89.  48.  59.  69.  82.
  63.  87.  66.  93.  65.  55.  92.  65.  51.  99.  87.  55.  82.  81.
  60.  49.  76.  73.  69.  61.  86.  72.  45.  62.  62.  78.  67.  64.
  54.  74.  72.  59.  84.  89.  78.  76.  64.  53.  81.  76.  97.  61.
  59.  65.  79.  32.  65.  90.  70.  66.  41.  71.  55.  94.  78.  59.
  74.  80.  47.  62.]
[ 2023-03-18 12:53:26,208 ] 45 root - INFO - Test model score : 0.9991277168639049 \n Test Model Score: 0.7455436791484562
[ 2023-03-18 12:53:26,208 ] 47 root - INFO - Report Addded : {'Radom Forest': 0.8444513857939128, 'Decision Tree': 0.7455436791484562}
[ 2023-03-18 12:53:26,209 ] 35 root - INFO - Evaluting Model: GradientBoostingRegressor()
[ 2023-03-18 12:53:26,324 ] 38 root - INFO - Model Trained
[ 2023-03-18 12:53:26,331 ] 41 root - INFO - Real Train Data [ 73.  58.  55.  37.  74.  79.  53.  75.  47.  66.  53.  66.  38.  64.
  57.  85.  90.  68.  76.  64.  62.  62.  76.  63.  54.  81.  66.  62.
  67.  74.  77.  85.  55.  52.  62.  74.  38.  48.  92.  76.  50.  48.
  50.  75.  45.  75.  60.  73.  81.  79.  75.  57.  79.  57.  68.  70.
  59.  47.  59.  68.  65.  58.  86.  76.  57.  67.  80.  61.  62.  65.
  39.  81.  81.  79.  91.  74.  75.  61.  54.  52.  66.  81.  97.  53.
  74.  57.  38.  69.  69.  84.  91.  36.  72.  79.  53.  65.  83.  87.
  47.  59.  68.  52.  58.  68.  64.  35.  69.  73.  79.  65.  69.  29.
  65.  80.  42.  44.  65.  73.  53.  65.  72.  80.  71.  63.  53.  83.
  71.  62.  59.  72.  62.  46.  67.  85.  91.  59.  76.  66.  59.  79.
  98.  27.  73.  88.  73.  68.  69.  72.  62.  86.  69.  82.  87.  58.
  89.  84.  35.  77.  51.  63.  84.  64.  54.  42.  56.  94.  80.  70.
  49.  69.   8.  58.  73.  61.  47.  59.  65.  26.  64.  59.  76.  82.
  77.  91.  69.  74.  62.  69.  73.  69.  62.  80.  48.  86.  43.  50.
  49.  65.  55.  51.  73.  52.  43.  75.  44.  81.  64.  65.  71.  65.
  30.  83.  85.  66.  76.  58.  92.  37.  75.  60.  55.  66.  76.  96.
  50.  49.  83.  92.  96.  73.  82.  67.  67.  48.  22.  70.  77.  56.
  53.  65.  58.  89.  66.  74.  83.  62.  73.  81.  47.  87.  80.  62.
  53. 100.  63.   0.  85.  68.  61.  34.  58.  78.  70.  61.  79.  68.
  70.  51.  73.  74.  82.  62.  19.  67.  70.  87.  63.  65.  61.  62.
  65.  49.  54.  46.  50.  45.  86.  67.  64.  55.  64.  71.  80.  71.
  66.  82.  50.  33.  40.  70.  63.  86.  48.  92.  59.  65.  62.  93.
  53.  58.  71.  77.  74.  78.  71.  46.  53.  62.  64.  62.  88.  62.
  69.  90.  53.  88.  69.  81.  65.  61.  99.  71.  62.  52.  79.  90.
  72.  61.  63.  89.  35.  54.  74.  78.  76.  53.  68.  75.  67.  69.
  81.  63.  41.  57.  61.  84.  61.  59.  49.  49.  41.  58.  76.  76.
  53.  49.  48.  55.  32.  61.  68.  72.  44.  63.  60.  90.  77.  61.
  58.  49.  64.  98.  55.  94.  71.  53.  63.  55.  46.  63.  76.  58.
  90.  72.  76.  32.  64.  36.  61.  81.  55.  85.  60.  60.  59.  80.
  82.  50.  35.  52.  96.  77.  82.  71.  83.  85.  69.  62.  69.  44.
  50.  54.  67.  59.  47.  54.  80.  61.  64.  49.  62.  44.  89.  81.
  68.  77.  65.  77.  88.  83.  73.  69.  68.  69.  58.  46.  61.  57.
  49.  61.  49.  56.  75.  58.  63.  78.  41.  46.  54.  73.  64. 100.
  57.  50.  67.  49.  70.  84.  42.  75.  61.  59.  99.  78.  78.  40.
  74.  74.  82.  62.  58.  75.  63.  34.  69.  52.  63.  69. 100.  75.
  68.  58.  65.  94.  76.  84.  65.  72.  63.  76.  69.  78.  81. 100.
  70.  44.  30.  84.  68.  84.  50.  81.  70.  84.  59.  98.  67.  73.
  88.  50.  77.  40.  75.  77.  54.  90.  64.  41.  49.  85.  77.  57.
  39.  94.  71. 100.  71.  58.  45.  67.  81.  82.  71.  70.  51.  66.
  79.  50.  72.  63.  84.  59.  91.  47.  97.  65.  58.  63.  54.  60.
  39.  68.  58.  57.  82.  91.  65.  57.  99.  56.  70.  59.  52.  82.
  53.  70.  67.  71.  50.  74.  66.  47.  59.  66.  52.  81.  75.  90.
  69.  82.  65.  62.  62.  62.  28.  61.  40.  52.  72.  45.  68.  94.
  44.  55.  74.  71.  79.  80.  46.  41.  52.  48.  77.  55.  45.  65.
  71.  65.  49.  45.  75.  69.  60.  81.  42.  68.  75.  62.  64.  82.
  74.  66.  81.  40.  60.  75.  49.  61.  87.  79.  87.  53.  77.  59.
  76.  52.  95.  91.  54.  55.  65.  93.  53.  67.  53.  68.  71.  41.
  57.  45.  88.  60.  81.  77.  66.  49.  53.  61.  47.  89.  71.  94.
  59.  59.  58.  85.  74.  65.  54.  59.  66.  77.  71.  93.  55.  52.
  73.  71.  60.  69.  40.  76.  52.  47.  77.  45.  63.  51.  48.  60.
  59.  72.  55.  76.  73.  72.  56.  82.  63.  67.  62.  87.  44.  55.
  66.  63.  85.  57.  60.  88.  53.  87.  64.  77.  67.  65.  50.  40.
  57.  57.  23.  67.  79.  81.  77.  70.  78.  51.  54.  63.  35.  64.
  67.  92.  65.  46.  46.  37.  80.  42.  68.  58.  45.  75.  80.  49.
  74.  67.  61.  63.  77.  60.  56.  77.  60.  73.  73.  78.  73.  73.
  87.  62.  57.  46.  74.  92.  61.  81.  73.  72.  66.  73.  32.  82.
  68.  97.  51.  59. 100.  87.  62.  69.  51.  88.  58.  59.  61.  62.
  67.  73.] and Predicted Train Data [ 52.24615495  50.27418599  61.07234182  58.91580671  90.07599177
  60.31735428  89.75527326  59.93951786  83.22306677  50.91132967
  53.51439526  81.64014686  58.55033576  75.04516411  51.70129661
  53.18388599  67.55741385  61.62451111  69.36365853  54.06571989
  68.97081256  57.19746393  54.74545601  58.89933175  79.49987697
  67.43168487  62.24830144  93.70015468  69.44751226  52.38014056
  59.93816187  83.32994213  71.95595364  84.99342     72.8289843
  67.58255081  62.65006187  60.5220816   69.85361599  40.91264821
  52.51831878  54.0040786   50.07987943  85.59975409  71.23975351
  48.03556817  68.41272456  98.61654906  57.89120462  51.07104658
  73.30885924  89.42918872  44.69158322  84.93746689  87.53737258
  67.34283385  57.02983365  82.3997642   67.63880944  67.59159434
  55.46373232  72.11869264  72.11869264  68.07259769  51.18049847
  80.57441139  68.91768623  54.3064116   90.73087382  52.12820868
  61.83187888  78.7035971   55.30634692  63.20458666  60.8098211
 102.47922508  86.30655477  68.68195947  61.07280043  88.57405687
  85.61424973  78.04848525  41.10291976  81.84529479  53.08326897
  62.01260984  82.72975239  80.32130888  65.82238589  79.47525854
  79.44060891  75.16392334  51.96942094  70.63728369  77.07211613
  65.05041875  83.87096877  68.28836784  50.90930202  67.07855867
  51.92993013  58.41215352  66.44731294  77.39063977  93.2424443
  83.07399006  53.71894718  87.45495058  61.24915986  78.32034558
  23.2222189   55.60529039  58.382653    77.59144749  78.00155293
  57.98817315  22.56366983  64.93597476  70.64779495  62.71569278
  83.14396624  63.72678781  69.7425689   48.82352599  70.92097338
  84.77732266  75.13734214  61.87518109  58.44087386  72.5189489
  52.08346317  51.04071981  69.45985347  63.79599078  79.45921985
  86.95455123  45.37905401  62.59902098  61.74772246  77.02857761
  68.75731486  97.31885028  64.90548032  92.37711217  66.86280875
  56.27181008  89.02018542  65.23089349  43.615473    91.90033515
  89.17131856  53.74915251  77.89233113  71.05670127  62.78450775
  52.56106479  69.53666573  72.51714678  70.27013888  73.73516725
  77.77603491  65.17855212  52.66090842  64.10577167  63.33146188
  73.0115546   66.66880701  56.32153228  71.73191344  78.15165864
  73.51169106  52.88050931  83.55889216  81.31690172  78.62813499
  70.60827103  56.22105949  56.11607757  87.22019903  76.49846838
  83.53588331  73.34903583  63.34110003  67.7232297   77.10942052
  32.81278529  65.47750742  84.60876461  71.95982944  63.71714965
  54.51268828  67.98394733  50.04898259  88.20760592  73.39567257
  63.54636254  76.21892506  79.95066336  46.81922327  54.91011576]
[ 2023-03-18 12:53:26,334 ] 42 root - INFO - Real Train Data [ 52.  40.  65.  63.  93.  66.  84.  65.  86.  51.  50.  76.  53.  79.
  43.  57.  62.  51.  74.  54.  65.  53.  51.  68.  79.  67.  60.  97.
  68.  59.  67.  85.  71.  88.  85.  74.  62.  55.  74.  37.  68.  53.
  63.  87.  65.  43.  69.  91.  59.  59.  67.  79.  40.  87.  86.  71.
  65.  82.  69.  71.  62.  72.  66.  72.  44.  82.  66.  42.  97.  59.
  55.  71.  59.  64.  55. 100.  88.  62.  64.  88.  95.  75.  29.  88.
  39.  66.  85.  80.  72.  79.  79.  80.  52.  68.  75.  66.  78.  74.
  61.  69.  40.  48.  72.  79.  87.  88.  54.  81.  68.  78.  24.  54.
  63.  69.  88.  54.  18.  67.  61.  61.  87.  65.  76.  48.  65.  82.
  74.  68.  53.  71.  47.  61.  67.  58.  69.  87.  43.  70.  66.  88.
  73.  91.  69.  90.  60.  59.  97.  77.  27.  94.  85.  56.  77.  72.
  56.  64.  80.  81.  79.  70.  79.  73.  56.  66.  59.  78.  63.  58.
  69.  83.  70.  54.  86.  80.  79.  69.  58.  52.  78.  76.  77.  74.
  70.  74.  80.  29.  73.  87.  59.  62.  52.  71.  48.  89.  65.  67.
  75.  78.  46.  57.] and Predicted Train Data [ 52.24615495  50.27418599  61.07234182  58.91580671  90.07599177
  60.31735428  89.75527326  59.93951786  83.22306677  50.91132967
  53.51439526  81.64014686  58.55033576  75.04516411  51.70129661
  53.18388599  67.55741385  61.62451111  69.36365853  54.06571989
  68.97081256  57.19746393  54.74545601  58.89933175  79.49987697
  67.43168487  62.24830144  93.70015468  69.44751226  52.38014056
  59.93816187  83.32994213  71.95595364  84.99342     72.8289843
  67.58255081  62.65006187  60.5220816   69.85361599  40.91264821
  52.51831878  54.0040786   50.07987943  85.59975409  71.23975351
  48.03556817  68.41272456  98.61654906  57.89120462  51.07104658
  73.30885924  89.42918872  44.69158322  84.93746689  87.53737258
  67.34283385  57.02983365  82.3997642   67.63880944  67.59159434
  55.46373232  72.11869264  72.11869264  68.07259769  51.18049847
  80.57441139  68.91768623  54.3064116   90.73087382  52.12820868
  61.83187888  78.7035971   55.30634692  63.20458666  60.8098211
 102.47922508  86.30655477  68.68195947  61.07280043  88.57405687
  85.61424973  78.04848525  41.10291976  81.84529479  53.08326897
  62.01260984  82.72975239  80.32130888  65.82238589  79.47525854
  79.44060891  75.16392334  51.96942094  70.63728369  77.07211613
  65.05041875  83.87096877  68.28836784  50.90930202  67.07855867
  51.92993013  58.41215352  66.44731294  77.39063977  93.2424443
  83.07399006  53.71894718  87.45495058  61.24915986  78.32034558
  23.2222189   55.60529039  58.382653    77.59144749  78.00155293
  57.98817315  22.56366983  64.93597476  70.64779495  62.71569278
  83.14396624  63.72678781  69.7425689   48.82352599  70.92097338
  84.77732266  75.13734214  61.87518109  58.44087386  72.5189489
  52.08346317  51.04071981  69.45985347  63.79599078  79.45921985
  86.95455123  45.37905401  62.59902098  61.74772246  77.02857761
  68.75731486  97.31885028  64.90548032  92.37711217  66.86280875
  56.27181008  89.02018542  65.23089349  43.615473    91.90033515
  89.17131856  53.74915251  77.89233113  71.05670127  62.78450775
  52.56106479  69.53666573  72.51714678  70.27013888  73.73516725
  77.77603491  65.17855212  52.66090842  64.10577167  63.33146188
  73.0115546   66.66880701  56.32153228  71.73191344  78.15165864
  73.51169106  52.88050931  83.55889216  81.31690172  78.62813499
  70.60827103  56.22105949  56.11607757  87.22019903  76.49846838
  83.53588331  73.34903583  63.34110003  67.7232297   77.10942052
  32.81278529  65.47750742  84.60876461  71.95982944  63.71714965
  54.51268828  67.98394733  50.04898259  88.20760592  73.39567257
  63.54636254  76.21892506  79.95066336  46.81922327  54.91011576]
[ 2023-03-18 12:53:26,335 ] 45 root - INFO - Test model score : 0.9089487031010213 \n Test Model Score: 0.8528032197738711
[ 2023-03-18 12:53:26,335 ] 47 root - INFO - Report Addded : {'Radom Forest': 0.8444513857939128, 'Decision Tree': 0.7455436791484562, 'Gradient Boosting': 0.8528032197738711}
[ 2023-03-18 12:53:26,335 ] 35 root - INFO - Evaluting Model: LinearRegression()
[ 2023-03-18 12:53:26,601 ] 38 root - INFO - Model Trained
[ 2023-03-18 12:53:26,637 ] 41 root - INFO - Real Train Data [ 73.  58.  55.  37.  74.  79.  53.  75.  47.  66.  53.  66.  38.  64.
  57.  85.  90.  68.  76.  64.  62.  62.  76.  63.  54.  81.  66.  62.
  67.  74.  77.  85.  55.  52.  62.  74.  38.  48.  92.  76.  50.  48.
  50.  75.  45.  75.  60.  73.  81.  79.  75.  57.  79.  57.  68.  70.
  59.  47.  59.  68.  65.  58.  86.  76.  57.  67.  80.  61.  62.  65.
  39.  81.  81.  79.  91.  74.  75.  61.  54.  52.  66.  81.  97.  53.
  74.  57.  38.  69.  69.  84.  91.  36.  72.  79.  53.  65.  83.  87.
  47.  59.  68.  52.  58.  68.  64.  35.  69.  73.  79.  65.  69.  29.
  65.  80.  42.  44.  65.  73.  53.  65.  72.  80.  71.  63.  53.  83.
  71.  62.  59.  72.  62.  46.  67.  85.  91.  59.  76.  66.  59.  79.
  98.  27.  73.  88.  73.  68.  69.  72.  62.  86.  69.  82.  87.  58.
  89.  84.  35.  77.  51.  63.  84.  64.  54.  42.  56.  94.  80.  70.
  49.  69.   8.  58.  73.  61.  47.  59.  65.  26.  64.  59.  76.  82.
  77.  91.  69.  74.  62.  69.  73.  69.  62.  80.  48.  86.  43.  50.
  49.  65.  55.  51.  73.  52.  43.  75.  44.  81.  64.  65.  71.  65.
  30.  83.  85.  66.  76.  58.  92.  37.  75.  60.  55.  66.  76.  96.
  50.  49.  83.  92.  96.  73.  82.  67.  67.  48.  22.  70.  77.  56.
  53.  65.  58.  89.  66.  74.  83.  62.  73.  81.  47.  87.  80.  62.
  53. 100.  63.   0.  85.  68.  61.  34.  58.  78.  70.  61.  79.  68.
  70.  51.  73.  74.  82.  62.  19.  67.  70.  87.  63.  65.  61.  62.
  65.  49.  54.  46.  50.  45.  86.  67.  64.  55.  64.  71.  80.  71.
  66.  82.  50.  33.  40.  70.  63.  86.  48.  92.  59.  65.  62.  93.
  53.  58.  71.  77.  74.  78.  71.  46.  53.  62.  64.  62.  88.  62.
  69.  90.  53.  88.  69.  81.  65.  61.  99.  71.  62.  52.  79.  90.
  72.  61.  63.  89.  35.  54.  74.  78.  76.  53.  68.  75.  67.  69.
  81.  63.  41.  57.  61.  84.  61.  59.  49.  49.  41.  58.  76.  76.
  53.  49.  48.  55.  32.  61.  68.  72.  44.  63.  60.  90.  77.  61.
  58.  49.  64.  98.  55.  94.  71.  53.  63.  55.  46.  63.  76.  58.
  90.  72.  76.  32.  64.  36.  61.  81.  55.  85.  60.  60.  59.  80.
  82.  50.  35.  52.  96.  77.  82.  71.  83.  85.  69.  62.  69.  44.
  50.  54.  67.  59.  47.  54.  80.  61.  64.  49.  62.  44.  89.  81.
  68.  77.  65.  77.  88.  83.  73.  69.  68.  69.  58.  46.  61.  57.
  49.  61.  49.  56.  75.  58.  63.  78.  41.  46.  54.  73.  64. 100.
  57.  50.  67.  49.  70.  84.  42.  75.  61.  59.  99.  78.  78.  40.
  74.  74.  82.  62.  58.  75.  63.  34.  69.  52.  63.  69. 100.  75.
  68.  58.  65.  94.  76.  84.  65.  72.  63.  76.  69.  78.  81. 100.
  70.  44.  30.  84.  68.  84.  50.  81.  70.  84.  59.  98.  67.  73.
  88.  50.  77.  40.  75.  77.  54.  90.  64.  41.  49.  85.  77.  57.
  39.  94.  71. 100.  71.  58.  45.  67.  81.  82.  71.  70.  51.  66.
  79.  50.  72.  63.  84.  59.  91.  47.  97.  65.  58.  63.  54.  60.
  39.  68.  58.  57.  82.  91.  65.  57.  99.  56.  70.  59.  52.  82.
  53.  70.  67.  71.  50.  74.  66.  47.  59.  66.  52.  81.  75.  90.
  69.  82.  65.  62.  62.  62.  28.  61.  40.  52.  72.  45.  68.  94.
  44.  55.  74.  71.  79.  80.  46.  41.  52.  48.  77.  55.  45.  65.
  71.  65.  49.  45.  75.  69.  60.  81.  42.  68.  75.  62.  64.  82.
  74.  66.  81.  40.  60.  75.  49.  61.  87.  79.  87.  53.  77.  59.
  76.  52.  95.  91.  54.  55.  65.  93.  53.  67.  53.  68.  71.  41.
  57.  45.  88.  60.  81.  77.  66.  49.  53.  61.  47.  89.  71.  94.
  59.  59.  58.  85.  74.  65.  54.  59.  66.  77.  71.  93.  55.  52.
  73.  71.  60.  69.  40.  76.  52.  47.  77.  45.  63.  51.  48.  60.
  59.  72.  55.  76.  73.  72.  56.  82.  63.  67.  62.  87.  44.  55.
  66.  63.  85.  57.  60.  88.  53.  87.  64.  77.  67.  65.  50.  40.
  57.  57.  23.  67.  79.  81.  77.  70.  78.  51.  54.  63.  35.  64.
  67.  92.  65.  46.  46.  37.  80.  42.  68.  58.  45.  75.  80.  49.
  74.  67.  61.  63.  77.  60.  56.  77.  60.  73.  73.  78.  73.  73.
  87.  62.  57.  46.  74.  92.  61.  81.  73.  72.  66.  73.  32.  82.
  68.  97.  51.  59. 100.  87.  62.  69.  51.  88.  58.  59.  61.  62.
  67.  73.] and Predicted Train Data [ 51.10961914  46.51635742  62.21484375  60.03405762  90.67407227
  64.4119873   86.86999512  61.45068359  82.953125    51.1640625
  52.17346191  82.63891602  56.8848877   76.58947754  50.87316895
  52.84020996  70.87512207  61.14135742  72.07543945  54.72253418
  72.39733887  60.12634277  54.47167969  60.32348633  81.01403809
  67.78625488  62.41638184  94.37182617  69.68029785  49.22827148
  60.04614258  81.95593262  71.68029785  82.1394043   74.82580566
  69.33679199  64.34655762  59.75463867  72.70275879  40.84375
  54.54785156  53.53320312  52.08227539  88.2980957   71.39624023
  48.42614746  70.47583008  95.17199707  60.51806641  53.48425293
  73.91699219  88.76586914  44.20373535  85.81555176  90.05566406
  69.18920898  58.48876953  82.06787109  67.3203125   66.92687988
  57.94506836  72.54248047  71.30737305  68.25195312  52.95227051
  80.49475098  68.2890625   55.08166504  88.93115234  54.64941406
  60.66577148  76.72180176  54.10375977  63.97436523  59.87390137
 105.64697266  86.42468262  64.26330566  60.24560547  87.98510742
  84.32861328  78.83251953  35.21789551  82.75268555  52.04040527
  65.390625    82.97363281  81.95336914  64.72338867  80.51306152
  79.22094727  76.41699219  50.52001953  67.83679199  78.82080078
  67.55444336  85.05737305  73.2331543   52.94238281  67.27026367
  51.98474121  58.62109375  70.27526855  75.30578613  91.21899414
  82.25390625  54.16723633  89.38708496  62.0904541   76.46081543
  22.50744629  54.91564941  59.5703125   77.85986328  78.4005127
  58.36657715  21.53112793  62.74755859  68.56689453  64.03918457
  81.93066406  65.9296875   72.23095703  51.0579834   69.85083008
  84.51196289  74.59033203  65.38391113  58.33605957  72.85583496
  52.39453125  48.4822998   70.55737305  64.0246582   78.48754883
  85.91821289  44.11682129  64.44213867  61.1184082   77.47729492
  71.70361328  97.40551758  62.94995117  91.375       66.79138184
  57.87658691  88.82714844  67.57397461  40.13586426  89.42602539
  91.38989258  53.26086426  79.03173828  68.03735352  61.93212891
  52.11523438  68.82507324  75.64245605  70.83984375  74.4440918
  78.0871582   66.46203613  55.51477051  65.36376953  63.75646973
  73.25598145  66.37597656  56.86755371  70.48693848  79.70629883
  74.9732666   52.45812988  82.7220459   79.60473633  80.3795166
  73.5357666   57.66796875  57.99890137  85.37963867  78.47973633
  79.39916992  75.81604004  64.59094238  67.84448242  78.33422852
  30.72497559  67.19458008  82.47790527  70.65637207  63.77783203
  57.38989258  72.41540527  51.90307617  86.18920898  74.31201172
  65.48522949  76.92041016  78.64953613  44.65026855  52.26269531]
[ 2023-03-18 12:53:26,640 ] 42 root - INFO - Real Train Data [ 52.  40.  65.  63.  93.  66.  84.  65.  86.  51.  50.  76.  53.  79.
  43.  57.  62.  51.  74.  54.  65.  53.  51.  68.  79.  67.  60.  97.
  68.  59.  67.  85.  71.  88.  85.  74.  62.  55.  74.  37.  68.  53.
  63.  87.  65.  43.  69.  91.  59.  59.  67.  79.  40.  87.  86.  71.
  65.  82.  69.  71.  62.  72.  66.  72.  44.  82.  66.  42.  97.  59.
  55.  71.  59.  64.  55. 100.  88.  62.  64.  88.  95.  75.  29.  88.
  39.  66.  85.  80.  72.  79.  79.  80.  52.  68.  75.  66.  78.  74.
  61.  69.  40.  48.  72.  79.  87.  88.  54.  81.  68.  78.  24.  54.
  63.  69.  88.  54.  18.  67.  61.  61.  87.  65.  76.  48.  65.  82.
  74.  68.  53.  71.  47.  61.  67.  58.  69.  87.  43.  70.  66.  88.
  73.  91.  69.  90.  60.  59.  97.  77.  27.  94.  85.  56.  77.  72.
  56.  64.  80.  81.  79.  70.  79.  73.  56.  66.  59.  78.  63.  58.
  69.  83.  70.  54.  86.  80.  79.  69.  58.  52.  78.  76.  77.  74.
  70.  74.  80.  29.  73.  87.  59.  62.  52.  71.  48.  89.  65.  67.
  75.  78.  46.  57.] and Predicted Train Data [ 51.10961914  46.51635742  62.21484375  60.03405762  90.67407227
  64.4119873   86.86999512  61.45068359  82.953125    51.1640625
  52.17346191  82.63891602  56.8848877   76.58947754  50.87316895
  52.84020996  70.87512207  61.14135742  72.07543945  54.72253418
  72.39733887  60.12634277  54.47167969  60.32348633  81.01403809
  67.78625488  62.41638184  94.37182617  69.68029785  49.22827148
  60.04614258  81.95593262  71.68029785  82.1394043   74.82580566
  69.33679199  64.34655762  59.75463867  72.70275879  40.84375
  54.54785156  53.53320312  52.08227539  88.2980957   71.39624023
  48.42614746  70.47583008  95.17199707  60.51806641  53.48425293
  73.91699219  88.76586914  44.20373535  85.81555176  90.05566406
  69.18920898  58.48876953  82.06787109  67.3203125   66.92687988
  57.94506836  72.54248047  71.30737305  68.25195312  52.95227051
  80.49475098  68.2890625   55.08166504  88.93115234  54.64941406
  60.66577148  76.72180176  54.10375977  63.97436523  59.87390137
 105.64697266  86.42468262  64.26330566  60.24560547  87.98510742
  84.32861328  78.83251953  35.21789551  82.75268555  52.04040527
  65.390625    82.97363281  81.95336914  64.72338867  80.51306152
  79.22094727  76.41699219  50.52001953  67.83679199  78.82080078
  67.55444336  85.05737305  73.2331543   52.94238281  67.27026367
  51.98474121  58.62109375  70.27526855  75.30578613  91.21899414
  82.25390625  54.16723633  89.38708496  62.0904541   76.46081543
  22.50744629  54.91564941  59.5703125   77.85986328  78.4005127
  58.36657715  21.53112793  62.74755859  68.56689453  64.03918457
  81.93066406  65.9296875   72.23095703  51.0579834   69.85083008
  84.51196289  74.59033203  65.38391113  58.33605957  72.85583496
  52.39453125  48.4822998   70.55737305  64.0246582   78.48754883
  85.91821289  44.11682129  64.44213867  61.1184082   77.47729492
  71.70361328  97.40551758  62.94995117  91.375       66.79138184
  57.87658691  88.82714844  67.57397461  40.13586426  89.42602539
  91.38989258  53.26086426  79.03173828  68.03735352  61.93212891
  52.11523438  68.82507324  75.64245605  70.83984375  74.4440918
  78.0871582   66.46203613  55.51477051  65.36376953  63.75646973
  73.25598145  66.37597656  56.86755371  70.48693848  79.70629883
  74.9732666   52.45812988  82.7220459   79.60473633  80.3795166
  73.5357666   57.66796875  57.99890137  85.37963867  78.47973633
  79.39916992  75.81604004  64.59094238  67.84448242  78.33422852
  30.72497559  67.19458008  82.47790527  70.65637207  63.77783203
  57.38989258  72.41540527  51.90307617  86.18920898  74.31201172
  65.48522949  76.92041016  78.64953613  44.65026855  52.26269531]
[ 2023-03-18 12:53:26,641 ] 45 root - INFO - Test model score : 0.877359822837107 \n Test Model Score: 0.8704023080124457
[ 2023-03-18 12:53:26,641 ] 47 root - INFO - Report Addded : {'Radom Forest': 0.8444513857939128, 'Decision Tree': 0.7455436791484562, 'Gradient Boosting': 0.8528032197738711, 'Linear Regression': 0.8704023080124457}
[ 2023-03-18 12:53:26,641 ] 35 root - INFO - Evaluting Model: KNeighborsRegressor()
[ 2023-03-18 12:53:26,642 ] 38 root - INFO - Model Trained
[ 2023-03-18 12:53:26,927 ] 41 root - INFO - Real Train Data [ 73.  58.  55.  37.  74.  79.  53.  75.  47.  66.  53.  66.  38.  64.
  57.  85.  90.  68.  76.  64.  62.  62.  76.  63.  54.  81.  66.  62.
  67.  74.  77.  85.  55.  52.  62.  74.  38.  48.  92.  76.  50.  48.
  50.  75.  45.  75.  60.  73.  81.  79.  75.  57.  79.  57.  68.  70.
  59.  47.  59.  68.  65.  58.  86.  76.  57.  67.  80.  61.  62.  65.
  39.  81.  81.  79.  91.  74.  75.  61.  54.  52.  66.  81.  97.  53.
  74.  57.  38.  69.  69.  84.  91.  36.  72.  79.  53.  65.  83.  87.
  47.  59.  68.  52.  58.  68.  64.  35.  69.  73.  79.  65.  69.  29.
  65.  80.  42.  44.  65.  73.  53.  65.  72.  80.  71.  63.  53.  83.
  71.  62.  59.  72.  62.  46.  67.  85.  91.  59.  76.  66.  59.  79.
  98.  27.  73.  88.  73.  68.  69.  72.  62.  86.  69.  82.  87.  58.
  89.  84.  35.  77.  51.  63.  84.  64.  54.  42.  56.  94.  80.  70.
  49.  69.   8.  58.  73.  61.  47.  59.  65.  26.  64.  59.  76.  82.
  77.  91.  69.  74.  62.  69.  73.  69.  62.  80.  48.  86.  43.  50.
  49.  65.  55.  51.  73.  52.  43.  75.  44.  81.  64.  65.  71.  65.
  30.  83.  85.  66.  76.  58.  92.  37.  75.  60.  55.  66.  76.  96.
  50.  49.  83.  92.  96.  73.  82.  67.  67.  48.  22.  70.  77.  56.
  53.  65.  58.  89.  66.  74.  83.  62.  73.  81.  47.  87.  80.  62.
  53. 100.  63.   0.  85.  68.  61.  34.  58.  78.  70.  61.  79.  68.
  70.  51.  73.  74.  82.  62.  19.  67.  70.  87.  63.  65.  61.  62.
  65.  49.  54.  46.  50.  45.  86.  67.  64.  55.  64.  71.  80.  71.
  66.  82.  50.  33.  40.  70.  63.  86.  48.  92.  59.  65.  62.  93.
  53.  58.  71.  77.  74.  78.  71.  46.  53.  62.  64.  62.  88.  62.
  69.  90.  53.  88.  69.  81.  65.  61.  99.  71.  62.  52.  79.  90.
  72.  61.  63.  89.  35.  54.  74.  78.  76.  53.  68.  75.  67.  69.
  81.  63.  41.  57.  61.  84.  61.  59.  49.  49.  41.  58.  76.  76.
  53.  49.  48.  55.  32.  61.  68.  72.  44.  63.  60.  90.  77.  61.
  58.  49.  64.  98.  55.  94.  71.  53.  63.  55.  46.  63.  76.  58.
  90.  72.  76.  32.  64.  36.  61.  81.  55.  85.  60.  60.  59.  80.
  82.  50.  35.  52.  96.  77.  82.  71.  83.  85.  69.  62.  69.  44.
  50.  54.  67.  59.  47.  54.  80.  61.  64.  49.  62.  44.  89.  81.
  68.  77.  65.  77.  88.  83.  73.  69.  68.  69.  58.  46.  61.  57.
  49.  61.  49.  56.  75.  58.  63.  78.  41.  46.  54.  73.  64. 100.
  57.  50.  67.  49.  70.  84.  42.  75.  61.  59.  99.  78.  78.  40.
  74.  74.  82.  62.  58.  75.  63.  34.  69.  52.  63.  69. 100.  75.
  68.  58.  65.  94.  76.  84.  65.  72.  63.  76.  69.  78.  81. 100.
  70.  44.  30.  84.  68.  84.  50.  81.  70.  84.  59.  98.  67.  73.
  88.  50.  77.  40.  75.  77.  54.  90.  64.  41.  49.  85.  77.  57.
  39.  94.  71. 100.  71.  58.  45.  67.  81.  82.  71.  70.  51.  66.
  79.  50.  72.  63.  84.  59.  91.  47.  97.  65.  58.  63.  54.  60.
  39.  68.  58.  57.  82.  91.  65.  57.  99.  56.  70.  59.  52.  82.
  53.  70.  67.  71.  50.  74.  66.  47.  59.  66.  52.  81.  75.  90.
  69.  82.  65.  62.  62.  62.  28.  61.  40.  52.  72.  45.  68.  94.
  44.  55.  74.  71.  79.  80.  46.  41.  52.  48.  77.  55.  45.  65.
  71.  65.  49.  45.  75.  69.  60.  81.  42.  68.  75.  62.  64.  82.
  74.  66.  81.  40.  60.  75.  49.  61.  87.  79.  87.  53.  77.  59.
  76.  52.  95.  91.  54.  55.  65.  93.  53.  67.  53.  68.  71.  41.
  57.  45.  88.  60.  81.  77.  66.  49.  53.  61.  47.  89.  71.  94.
  59.  59.  58.  85.  74.  65.  54.  59.  66.  77.  71.  93.  55.  52.
  73.  71.  60.  69.  40.  76.  52.  47.  77.  45.  63.  51.  48.  60.
  59.  72.  55.  76.  73.  72.  56.  82.  63.  67.  62.  87.  44.  55.
  66.  63.  85.  57.  60.  88.  53.  87.  64.  77.  67.  65.  50.  40.
  57.  57.  23.  67.  79.  81.  77.  70.  78.  51.  54.  63.  35.  64.
  67.  92.  65.  46.  46.  37.  80.  42.  68.  58.  45.  75.  80.  49.
  74.  67.  61.  63.  77.  60.  56.  77.  60.  73.  73.  78.  73.  73.
  87.  62.  57.  46.  74.  92.  61.  81.  73.  72.  66.  73.  32.  82.
  68.  97.  51.  59. 100.  87.  62.  69.  51.  88.  58.  59.  61.  62.
  67.  73.] and Predicted Train Data [70.8 50.8 69.4 69.  79.4 57.  69.8 72.2 68.4 60.4 63.6 80.6 48.  67.
 56.8 60.8 68.4 77.6 57.6 53.2 75.6 55.2 52.6 60.8 73.4 68.  69.  79.4
 55.2 57.2 56.6 73.4 71.8 77.4 73.6 79.4 70.6 59.8 66.6 59.2 67.  62.6
 46.6 74.6 76.6 45.2 64.6 75.4 65.4 66.8 64.8 73.4 54.6 75.4 79.2 65.8
 52.8 76.  58.8 65.2 62.8 70.4 70.4 68.4 61.8 83.6 57.  61.2 73.6 60.8
 64.6 73.6 56.2 62.8 60.  87.  67.8 67.6 58.4 80.4 83.2 67.2 56.  77.2
 52.8 76.6 73.4 77.8 67.6 73.8 70.8 77.6 60.8 63.8 69.8 68.4 72.  64.6
 68.  60.  67.8 58.4 76.6 70.  83.8 74.  71.6 77.2 69.  74.2 32.2 57.8
 63.2 77.4 68.6 60.6 25.  73.4 72.4 64.6 68.  66.8 72.4 63.  68.2 63.
 66.  64.6 55.2 67.  59.6 62.8 65.6 67.6 77.4 79.  52.  60.8 61.2 72.4
 72.6 73.8 66.  79.2 67.6 57.6 69.8 68.8 61.2 73.6 83.6 45.2 75.6 68.8
 71.4 55.2 73.6 69.8 60.2 74.2 77.  74.2 67.  63.4 67.6 58.8 61.  62.6
 67.6 69.6 75.8 56.4 77.4 79.  63.2 72.4 56.8 63.2 84.8 76.4 64.2 66.
 68.  58.4 67.4 47.2 69.8 77.8 75.2 64.6 62.8 66.8 61.4 72.4 70.6 75.6
 75.2 68.6 54.2 63.2]
[ 2023-03-18 12:53:26,931 ] 42 root - INFO - Real Train Data [ 52.  40.  65.  63.  93.  66.  84.  65.  86.  51.  50.  76.  53.  79.
  43.  57.  62.  51.  74.  54.  65.  53.  51.  68.  79.  67.  60.  97.
  68.  59.  67.  85.  71.  88.  85.  74.  62.  55.  74.  37.  68.  53.
  63.  87.  65.  43.  69.  91.  59.  59.  67.  79.  40.  87.  86.  71.
  65.  82.  69.  71.  62.  72.  66.  72.  44.  82.  66.  42.  97.  59.
  55.  71.  59.  64.  55. 100.  88.  62.  64.  88.  95.  75.  29.  88.
  39.  66.  85.  80.  72.  79.  79.  80.  52.  68.  75.  66.  78.  74.
  61.  69.  40.  48.  72.  79.  87.  88.  54.  81.  68.  78.  24.  54.
  63.  69.  88.  54.  18.  67.  61.  61.  87.  65.  76.  48.  65.  82.
  74.  68.  53.  71.  47.  61.  67.  58.  69.  87.  43.  70.  66.  88.
  73.  91.  69.  90.  60.  59.  97.  77.  27.  94.  85.  56.  77.  72.
  56.  64.  80.  81.  79.  70.  79.  73.  56.  66.  59.  78.  63.  58.
  69.  83.  70.  54.  86.  80.  79.  69.  58.  52.  78.  76.  77.  74.
  70.  74.  80.  29.  73.  87.  59.  62.  52.  71.  48.  89.  65.  67.
  75.  78.  46.  57.] and Predicted Train Data [70.8 50.8 69.4 69.  79.4 57.  69.8 72.2 68.4 60.4 63.6 80.6 48.  67.
 56.8 60.8 68.4 77.6 57.6 53.2 75.6 55.2 52.6 60.8 73.4 68.  69.  79.4
 55.2 57.2 56.6 73.4 71.8 77.4 73.6 79.4 70.6 59.8 66.6 59.2 67.  62.6
 46.6 74.6 76.6 45.2 64.6 75.4 65.4 66.8 64.8 73.4 54.6 75.4 79.2 65.8
 52.8 76.  58.8 65.2 62.8 70.4 70.4 68.4 61.8 83.6 57.  61.2 73.6 60.8
 64.6 73.6 56.2 62.8 60.  87.  67.8 67.6 58.4 80.4 83.2 67.2 56.  77.2
 52.8 76.6 73.4 77.8 67.6 73.8 70.8 77.6 60.8 63.8 69.8 68.4 72.  64.6
 68.  60.  67.8 58.4 76.6 70.  83.8 74.  71.6 77.2 69.  74.2 32.2 57.8
 63.2 77.4 68.6 60.6 25.  73.4 72.4 64.6 68.  66.8 72.4 63.  68.2 63.
 66.  64.6 55.2 67.  59.6 62.8 65.6 67.6 77.4 79.  52.  60.8 61.2 72.4
 72.6 73.8 66.  79.2 67.6 57.6 69.8 68.8 61.2 73.6 83.6 45.2 75.6 68.8
 71.4 55.2 73.6 69.8 60.2 74.2 77.  74.2 67.  63.4 67.6 58.8 61.  62.6
 67.6 69.6 75.8 56.4 77.4 79.  63.2 72.4 56.8 63.2 84.8 76.4 64.2 66.
 68.  58.4 67.4 47.2 69.8 77.8 75.2 64.6 62.8 66.8 61.4 72.4 70.6 75.6
 75.2 68.6 54.2 63.2]
[ 2023-03-18 12:53:26,933 ] 45 root - INFO - Test model score : 0.6895078557486356 \n Test Model Score: 0.4981420508414579
[ 2023-03-18 12:53:26,933 ] 47 root - INFO - Report Addded : {'Radom Forest': 0.8444513857939128, 'Decision Tree': 0.7455436791484562, 'Gradient Boosting': 0.8528032197738711, 'Linear Regression': 0.8704023080124457, 'K-Neighbors Regression': 0.4981420508414579}
[ 2023-03-18 12:53:26,934 ] 35 root - INFO - Evaluting Model: XGBRFRegressor(base_score=None, booster=None, callbacks=None,
               colsample_bylevel=None, colsample_bytree=None,
               early_stopping_rounds=None, enable_categorical=False,
               eval_metric=None, feature_types=None, gamma=None, gpu_id=None,
               grow_policy=None, importance_type=None,
               interaction_constraints=None, max_bin=None,
               max_cat_threshold=None, max_cat_to_onehot=None,
               max_delta_step=None, max_depth=None, max_leaves=None,
               min_child_weight=None, missing=nan, monotone_constraints=None,
               n_estimators=100, n_jobs=None, num_parallel_tree=None,
               objective='reg:squarederror', predictor=None, random_state=None,
               reg_alpha=None, ...)
[ 2023-03-18 12:53:27,242 ] 38 root - INFO - Model Trained
[ 2023-03-18 12:53:27,257 ] 41 root - INFO - Real Train Data [ 73.  58.  55.  37.  74.  79.  53.  75.  47.  66.  53.  66.  38.  64.
  57.  85.  90.  68.  76.  64.  62.  62.  76.  63.  54.  81.  66.  62.
  67.  74.  77.  85.  55.  52.  62.  74.  38.  48.  92.  76.  50.  48.
  50.  75.  45.  75.  60.  73.  81.  79.  75.  57.  79.  57.  68.  70.
  59.  47.  59.  68.  65.  58.  86.  76.  57.  67.  80.  61.  62.  65.
  39.  81.  81.  79.  91.  74.  75.  61.  54.  52.  66.  81.  97.  53.
  74.  57.  38.  69.  69.  84.  91.  36.  72.  79.  53.  65.  83.  87.
  47.  59.  68.  52.  58.  68.  64.  35.  69.  73.  79.  65.  69.  29.
  65.  80.  42.  44.  65.  73.  53.  65.  72.  80.  71.  63.  53.  83.
  71.  62.  59.  72.  62.  46.  67.  85.  91.  59.  76.  66.  59.  79.
  98.  27.  73.  88.  73.  68.  69.  72.  62.  86.  69.  82.  87.  58.
  89.  84.  35.  77.  51.  63.  84.  64.  54.  42.  56.  94.  80.  70.
  49.  69.   8.  58.  73.  61.  47.  59.  65.  26.  64.  59.  76.  82.
  77.  91.  69.  74.  62.  69.  73.  69.  62.  80.  48.  86.  43.  50.
  49.  65.  55.  51.  73.  52.  43.  75.  44.  81.  64.  65.  71.  65.
  30.  83.  85.  66.  76.  58.  92.  37.  75.  60.  55.  66.  76.  96.
  50.  49.  83.  92.  96.  73.  82.  67.  67.  48.  22.  70.  77.  56.
  53.  65.  58.  89.  66.  74.  83.  62.  73.  81.  47.  87.  80.  62.
  53. 100.  63.   0.  85.  68.  61.  34.  58.  78.  70.  61.  79.  68.
  70.  51.  73.  74.  82.  62.  19.  67.  70.  87.  63.  65.  61.  62.
  65.  49.  54.  46.  50.  45.  86.  67.  64.  55.  64.  71.  80.  71.
  66.  82.  50.  33.  40.  70.  63.  86.  48.  92.  59.  65.  62.  93.
  53.  58.  71.  77.  74.  78.  71.  46.  53.  62.  64.  62.  88.  62.
  69.  90.  53.  88.  69.  81.  65.  61.  99.  71.  62.  52.  79.  90.
  72.  61.  63.  89.  35.  54.  74.  78.  76.  53.  68.  75.  67.  69.
  81.  63.  41.  57.  61.  84.  61.  59.  49.  49.  41.  58.  76.  76.
  53.  49.  48.  55.  32.  61.  68.  72.  44.  63.  60.  90.  77.  61.
  58.  49.  64.  98.  55.  94.  71.  53.  63.  55.  46.  63.  76.  58.
  90.  72.  76.  32.  64.  36.  61.  81.  55.  85.  60.  60.  59.  80.
  82.  50.  35.  52.  96.  77.  82.  71.  83.  85.  69.  62.  69.  44.
  50.  54.  67.  59.  47.  54.  80.  61.  64.  49.  62.  44.  89.  81.
  68.  77.  65.  77.  88.  83.  73.  69.  68.  69.  58.  46.  61.  57.
  49.  61.  49.  56.  75.  58.  63.  78.  41.  46.  54.  73.  64. 100.
  57.  50.  67.  49.  70.  84.  42.  75.  61.  59.  99.  78.  78.  40.
  74.  74.  82.  62.  58.  75.  63.  34.  69.  52.  63.  69. 100.  75.
  68.  58.  65.  94.  76.  84.  65.  72.  63.  76.  69.  78.  81. 100.
  70.  44.  30.  84.  68.  84.  50.  81.  70.  84.  59.  98.  67.  73.
  88.  50.  77.  40.  75.  77.  54.  90.  64.  41.  49.  85.  77.  57.
  39.  94.  71. 100.  71.  58.  45.  67.  81.  82.  71.  70.  51.  66.
  79.  50.  72.  63.  84.  59.  91.  47.  97.  65.  58.  63.  54.  60.
  39.  68.  58.  57.  82.  91.  65.  57.  99.  56.  70.  59.  52.  82.
  53.  70.  67.  71.  50.  74.  66.  47.  59.  66.  52.  81.  75.  90.
  69.  82.  65.  62.  62.  62.  28.  61.  40.  52.  72.  45.  68.  94.
  44.  55.  74.  71.  79.  80.  46.  41.  52.  48.  77.  55.  45.  65.
  71.  65.  49.  45.  75.  69.  60.  81.  42.  68.  75.  62.  64.  82.
  74.  66.  81.  40.  60.  75.  49.  61.  87.  79.  87.  53.  77.  59.
  76.  52.  95.  91.  54.  55.  65.  93.  53.  67.  53.  68.  71.  41.
  57.  45.  88.  60.  81.  77.  66.  49.  53.  61.  47.  89.  71.  94.
  59.  59.  58.  85.  74.  65.  54.  59.  66.  77.  71.  93.  55.  52.
  73.  71.  60.  69.  40.  76.  52.  47.  77.  45.  63.  51.  48.  60.
  59.  72.  55.  76.  73.  72.  56.  82.  63.  67.  62.  87.  44.  55.
  66.  63.  85.  57.  60.  88.  53.  87.  64.  77.  67.  65.  50.  40.
  57.  57.  23.  67.  79.  81.  77.  70.  78.  51.  54.  63.  35.  64.
  67.  92.  65.  46.  46.  37.  80.  42.  68.  58.  45.  75.  80.  49.
  74.  67.  61.  63.  77.  60.  56.  77.  60.  73.  73.  78.  73.  73.
  87.  62.  57.  46.  74.  92.  61.  81.  73.  72.  66.  73.  32.  82.
  68.  97.  51.  59. 100.  87.  62.  69.  51.  88.  58.  59.  61.  62.
  67.  73.] and Predicted Train Data [51.638405 47.06208  62.231113 59.185055 92.116035 62.671223 94.75192
 62.903446 82.70482  48.061054 55.60349  84.13634  59.45061  75.76004
 51.31528  51.947174 71.07121  63.369526 71.56525  56.767838 70.31172
 59.408806 56.76259  59.672665 79.39991  69.20907  61.82112  91.267426
 69.923874 50.847237 60.523315 84.79285  70.74333  84.99898  72.36947
 67.030876 60.997944 61.53977  70.17296  39.507965 57.162888 53.01716
 50.686558 82.86479  65.563736 49.14824  68.3368   96.15232  59.05342
 52.386898 73.579056 89.59119  46.873676 83.87343  85.80634  67.941765
 57.60327  85.49814  69.052605 61.853935 54.395073 70.83588  70.897224
 70.46814  51.30321  79.652336 71.079834 56.526024 91.67459  51.553047
 61.608532 80.80518  53.07551  64.06102  60.061066 96.1331   82.28098
 67.21226  60.874557 92.02157  83.68603  76.790504 43.186783 80.80449
 50.194897 57.370235 85.14795  79.25092  64.19694  78.16049  83.02378
 74.22811  54.044605 69.44395  75.663    67.30521  84.786354 68.63295
 50.91194  66.547745 51.65989  57.836098 68.7837   77.658966 91.78425
 84.73763  55.10115  85.25217  62.17363  83.25731  21.138212 56.019306
 56.17589  76.17502  79.74927  55.517746 23.55154  67.55408  69.44389
 63.090397 83.142334 66.33925  70.77104  50.815605 70.765015 85.36556
 78.0014   63.53631  59.499393 72.60303  53.075485 49.859848 70.49375
 61.193977 76.61414  86.7537   45.755054 63.474037 61.89636  77.9877
 68.65913  96.20871  64.091644 91.20392  65.466095 57.727165 91.401115
 62.5631   45.175644 90.14033  88.428085 53.444683 76.21003  70.01714
 62.042633 51.84224  69.38247  72.36947  69.195786 74.8021   80.91015
 68.171875 57.78736  61.112133 63.07215  72.54961  69.47325  56.27633
 69.30497  76.78713  71.42001  55.562164 81.58673  81.95543  83.02421
 69.47522  54.724068 57.304543 85.15375  74.04864  89.226654 71.44297
 64.92909  62.500263 77.85882  35.523396 66.84492  85.25813  71.34663
 65.35008  53.627426 64.61455  51.298817 90.16333  72.779724 64.01247
 75.231834 79.335304 47.561558 55.79026 ]
[ 2023-03-18 12:53:27,261 ] 42 root - INFO - Real Train Data [ 52.  40.  65.  63.  93.  66.  84.  65.  86.  51.  50.  76.  53.  79.
  43.  57.  62.  51.  74.  54.  65.  53.  51.  68.  79.  67.  60.  97.
  68.  59.  67.  85.  71.  88.  85.  74.  62.  55.  74.  37.  68.  53.
  63.  87.  65.  43.  69.  91.  59.  59.  67.  79.  40.  87.  86.  71.
  65.  82.  69.  71.  62.  72.  66.  72.  44.  82.  66.  42.  97.  59.
  55.  71.  59.  64.  55. 100.  88.  62.  64.  88.  95.  75.  29.  88.
  39.  66.  85.  80.  72.  79.  79.  80.  52.  68.  75.  66.  78.  74.
  61.  69.  40.  48.  72.  79.  87.  88.  54.  81.  68.  78.  24.  54.
  63.  69.  88.  54.  18.  67.  61.  61.  87.  65.  76.  48.  65.  82.
  74.  68.  53.  71.  47.  61.  67.  58.  69.  87.  43.  70.  66.  88.
  73.  91.  69.  90.  60.  59.  97.  77.  27.  94.  85.  56.  77.  72.
  56.  64.  80.  81.  79.  70.  79.  73.  56.  66.  59.  78.  63.  58.
  69.  83.  70.  54.  86.  80.  79.  69.  58.  52.  78.  76.  77.  74.
  70.  74.  80.  29.  73.  87.  59.  62.  52.  71.  48.  89.  65.  67.
  75.  78.  46.  57.] and Predicted Train Data [51.638405 47.06208  62.231113 59.185055 92.116035 62.671223 94.75192
 62.903446 82.70482  48.061054 55.60349  84.13634  59.45061  75.76004
 51.31528  51.947174 71.07121  63.369526 71.56525  56.767838 70.31172
 59.408806 56.76259  59.672665 79.39991  69.20907  61.82112  91.267426
 69.923874 50.847237 60.523315 84.79285  70.74333  84.99898  72.36947
 67.030876 60.997944 61.53977  70.17296  39.507965 57.162888 53.01716
 50.686558 82.86479  65.563736 49.14824  68.3368   96.15232  59.05342
 52.386898 73.579056 89.59119  46.873676 83.87343  85.80634  67.941765
 57.60327  85.49814  69.052605 61.853935 54.395073 70.83588  70.897224
 70.46814  51.30321  79.652336 71.079834 56.526024 91.67459  51.553047
 61.608532 80.80518  53.07551  64.06102  60.061066 96.1331   82.28098
 67.21226  60.874557 92.02157  83.68603  76.790504 43.186783 80.80449
 50.194897 57.370235 85.14795  79.25092  64.19694  78.16049  83.02378
 74.22811  54.044605 69.44395  75.663    67.30521  84.786354 68.63295
 50.91194  66.547745 51.65989  57.836098 68.7837   77.658966 91.78425
 84.73763  55.10115  85.25217  62.17363  83.25731  21.138212 56.019306
 56.17589  76.17502  79.74927  55.517746 23.55154  67.55408  69.44389
 63.090397 83.142334 66.33925  70.77104  50.815605 70.765015 85.36556
 78.0014   63.53631  59.499393 72.60303  53.075485 49.859848 70.49375
 61.193977 76.61414  86.7537   45.755054 63.474037 61.89636  77.9877
 68.65913  96.20871  64.091644 91.20392  65.466095 57.727165 91.401115
 62.5631   45.175644 90.14033  88.428085 53.444683 76.21003  70.01714
 62.042633 51.84224  69.38247  72.36947  69.195786 74.8021   80.91015
 68.171875 57.78736  61.112133 63.07215  72.54961  69.47325  56.27633
 69.30497  76.78713  71.42001  55.562164 81.58673  81.95543  83.02421
 69.47522  54.724068 57.304543 85.15375  74.04864  89.226654 71.44297
 64.92909  62.500263 77.85882  35.523396 66.84492  85.25813  71.34663
 65.35008  53.627426 64.61455  51.298817 90.16333  72.779724 64.01247
 75.231834 79.335304 47.561558 55.79026 ]
[ 2023-03-18 12:53:27,262 ] 45 root - INFO - Test model score : 0.9033153555451753 \n Test Model Score: 0.8399685131498817
[ 2023-03-18 12:53:27,263 ] 47 root - INFO - Report Addded : {'Radom Forest': 0.8444513857939128, 'Decision Tree': 0.7455436791484562, 'Gradient Boosting': 0.8528032197738711, 'Linear Regression': 0.8704023080124457, 'K-Neighbors Regression': 0.4981420508414579, 'XGBRegression': 0.8399685131498817}
[ 2023-03-18 12:53:27,263 ] 35 root - INFO - Evaluting Model: <catboost.core.CatBoostRegressor object at 0x000001CF6AC40B80>
[ 2023-03-18 12:53:30,220 ] 38 root - INFO - Model Trained
[ 2023-03-18 12:53:30,336 ] 41 root - INFO - Real Train Data [ 73.  58.  55.  37.  74.  79.  53.  75.  47.  66.  53.  66.  38.  64.
  57.  85.  90.  68.  76.  64.  62.  62.  76.  63.  54.  81.  66.  62.
  67.  74.  77.  85.  55.  52.  62.  74.  38.  48.  92.  76.  50.  48.
  50.  75.  45.  75.  60.  73.  81.  79.  75.  57.  79.  57.  68.  70.
  59.  47.  59.  68.  65.  58.  86.  76.  57.  67.  80.  61.  62.  65.
  39.  81.  81.  79.  91.  74.  75.  61.  54.  52.  66.  81.  97.  53.
  74.  57.  38.  69.  69.  84.  91.  36.  72.  79.  53.  65.  83.  87.
  47.  59.  68.  52.  58.  68.  64.  35.  69.  73.  79.  65.  69.  29.
  65.  80.  42.  44.  65.  73.  53.  65.  72.  80.  71.  63.  53.  83.
  71.  62.  59.  72.  62.  46.  67.  85.  91.  59.  76.  66.  59.  79.
  98.  27.  73.  88.  73.  68.  69.  72.  62.  86.  69.  82.  87.  58.
  89.  84.  35.  77.  51.  63.  84.  64.  54.  42.  56.  94.  80.  70.
  49.  69.   8.  58.  73.  61.  47.  59.  65.  26.  64.  59.  76.  82.
  77.  91.  69.  74.  62.  69.  73.  69.  62.  80.  48.  86.  43.  50.
  49.  65.  55.  51.  73.  52.  43.  75.  44.  81.  64.  65.  71.  65.
  30.  83.  85.  66.  76.  58.  92.  37.  75.  60.  55.  66.  76.  96.
  50.  49.  83.  92.  96.  73.  82.  67.  67.  48.  22.  70.  77.  56.
  53.  65.  58.  89.  66.  74.  83.  62.  73.  81.  47.  87.  80.  62.
  53. 100.  63.   0.  85.  68.  61.  34.  58.  78.  70.  61.  79.  68.
  70.  51.  73.  74.  82.  62.  19.  67.  70.  87.  63.  65.  61.  62.
  65.  49.  54.  46.  50.  45.  86.  67.  64.  55.  64.  71.  80.  71.
  66.  82.  50.  33.  40.  70.  63.  86.  48.  92.  59.  65.  62.  93.
  53.  58.  71.  77.  74.  78.  71.  46.  53.  62.  64.  62.  88.  62.
  69.  90.  53.  88.  69.  81.  65.  61.  99.  71.  62.  52.  79.  90.
  72.  61.  63.  89.  35.  54.  74.  78.  76.  53.  68.  75.  67.  69.
  81.  63.  41.  57.  61.  84.  61.  59.  49.  49.  41.  58.  76.  76.
  53.  49.  48.  55.  32.  61.  68.  72.  44.  63.  60.  90.  77.  61.
  58.  49.  64.  98.  55.  94.  71.  53.  63.  55.  46.  63.  76.  58.
  90.  72.  76.  32.  64.  36.  61.  81.  55.  85.  60.  60.  59.  80.
  82.  50.  35.  52.  96.  77.  82.  71.  83.  85.  69.  62.  69.  44.
  50.  54.  67.  59.  47.  54.  80.  61.  64.  49.  62.  44.  89.  81.
  68.  77.  65.  77.  88.  83.  73.  69.  68.  69.  58.  46.  61.  57.
  49.  61.  49.  56.  75.  58.  63.  78.  41.  46.  54.  73.  64. 100.
  57.  50.  67.  49.  70.  84.  42.  75.  61.  59.  99.  78.  78.  40.
  74.  74.  82.  62.  58.  75.  63.  34.  69.  52.  63.  69. 100.  75.
  68.  58.  65.  94.  76.  84.  65.  72.  63.  76.  69.  78.  81. 100.
  70.  44.  30.  84.  68.  84.  50.  81.  70.  84.  59.  98.  67.  73.
  88.  50.  77.  40.  75.  77.  54.  90.  64.  41.  49.  85.  77.  57.
  39.  94.  71. 100.  71.  58.  45.  67.  81.  82.  71.  70.  51.  66.
  79.  50.  72.  63.  84.  59.  91.  47.  97.  65.  58.  63.  54.  60.
  39.  68.  58.  57.  82.  91.  65.  57.  99.  56.  70.  59.  52.  82.
  53.  70.  67.  71.  50.  74.  66.  47.  59.  66.  52.  81.  75.  90.
  69.  82.  65.  62.  62.  62.  28.  61.  40.  52.  72.  45.  68.  94.
  44.  55.  74.  71.  79.  80.  46.  41.  52.  48.  77.  55.  45.  65.
  71.  65.  49.  45.  75.  69.  60.  81.  42.  68.  75.  62.  64.  82.
  74.  66.  81.  40.  60.  75.  49.  61.  87.  79.  87.  53.  77.  59.
  76.  52.  95.  91.  54.  55.  65.  93.  53.  67.  53.  68.  71.  41.
  57.  45.  88.  60.  81.  77.  66.  49.  53.  61.  47.  89.  71.  94.
  59.  59.  58.  85.  74.  65.  54.  59.  66.  77.  71.  93.  55.  52.
  73.  71.  60.  69.  40.  76.  52.  47.  77.  45.  63.  51.  48.  60.
  59.  72.  55.  76.  73.  72.  56.  82.  63.  67.  62.  87.  44.  55.
  66.  63.  85.  57.  60.  88.  53.  87.  64.  77.  67.  65.  50.  40.
  57.  57.  23.  67.  79.  81.  77.  70.  78.  51.  54.  63.  35.  64.
  67.  92.  65.  46.  46.  37.  80.  42.  68.  58.  45.  75.  80.  49.
  74.  67.  61.  63.  77.  60.  56.  77.  60.  73.  73.  78.  73.  73.
  87.  62.  57.  46.  74.  92.  61.  81.  73.  72.  66.  73.  32.  82.
  68.  97.  51.  59. 100.  87.  62.  69.  51.  88.  58.  59.  61.  62.
  67.  73.] and Predicted Train Data [55.92757939 50.22341753 62.63848173 57.99419329 92.23261905 59.86509432
 87.32791482 57.54209939 81.84392619 52.13841148 52.21508595 81.91688266
 57.04495594 72.36671832 48.66137317 50.84375337 68.87390891 59.49028591
 73.83780162 56.47424166 72.62989696 58.5956864  53.07987001 53.68930868
 79.4698687  67.23525354 61.18658249 93.49510894 68.52979074 52.04789089
 57.44881833 83.75049665 71.64135039 84.60601319 74.66525915 69.32918381
 62.91209389 61.17837161 70.27629451 40.39076119 50.61980972 54.05052411
 48.35597627 85.96387104 69.3418801  48.86836596 68.43802687 98.1250787
 55.4276521  51.26905489 70.19057262 89.14977212 43.76763413 85.87417946
 87.63570864 68.56069798 58.20070748 82.40034096 69.66985717 66.67722888
 59.79374732 72.19654736 72.01174133 65.96792236 52.01760245 81.89570456
 66.00999437 51.84130397 93.07140038 51.73596779 60.18056965 80.12758884
 55.86783512 63.66563938 60.57788678 97.79952334 83.58940316 69.13728675
 64.84542627 89.61520655 83.67851066 76.64459687 39.46801793 83.42111309
 51.30288063 61.38316663 82.72207907 81.13566721 67.07764529 78.51448607
 77.58850127 76.23567579 53.57244434 71.40686793 77.03586054 65.10738951
 81.68453328 70.25450747 50.19029463 63.67678094 51.50232628 56.21197482
 71.27977117 74.10426398 94.44688856 80.64598922 51.73541963 88.10128113
 63.80426026 80.66371011 15.63876384 56.80274648 59.17078632 76.79757602
 75.03647815 57.75001058 16.25197864 62.01906326 71.73272231 63.33557468
 80.82382635 63.78022821 70.18896045 50.97412463 71.90948451 85.77401422
 74.75367021 61.0263571  57.74028339 71.39725637 51.28154579 50.52748764
 66.04787378 61.36649933 77.05111448 88.26609513 45.09773658 62.1865452
 62.8705521  74.87997308 70.94440148 92.37438406 64.75312921 93.82297677
 66.33467515 57.59961175 89.12235545 67.5093502  45.1533466  91.81443728
 89.48855703 53.30351685 78.70100224 71.77900486 61.71198045 53.67748041
 68.84643002 72.83813129 71.05233386 75.21306838 77.02364226 67.42853361
 52.41168559 65.05214436 62.7291206  72.47181073 64.65504854 56.02056808
 71.824871   78.31109263 75.97613122 55.3118676  83.67408418 84.06193872
 80.25296307 72.35973764 56.640129   52.99270487 87.25096584 77.04387968
 87.13209408 68.37245646 64.83166579 67.7327775  77.68502273 34.05875857
 63.43261796 86.30355082 71.01774613 64.2724219  57.02194236 69.47861521
 50.70095475 88.54737707 73.14333284 61.17227267 79.29428837 78.35782091
 48.66748373 58.18033827]
[ 2023-03-18 12:53:30,340 ] 42 root - INFO - Real Train Data [ 52.  40.  65.  63.  93.  66.  84.  65.  86.  51.  50.  76.  53.  79.
  43.  57.  62.  51.  74.  54.  65.  53.  51.  68.  79.  67.  60.  97.
  68.  59.  67.  85.  71.  88.  85.  74.  62.  55.  74.  37.  68.  53.
  63.  87.  65.  43.  69.  91.  59.  59.  67.  79.  40.  87.  86.  71.
  65.  82.  69.  71.  62.  72.  66.  72.  44.  82.  66.  42.  97.  59.
  55.  71.  59.  64.  55. 100.  88.  62.  64.  88.  95.  75.  29.  88.
  39.  66.  85.  80.  72.  79.  79.  80.  52.  68.  75.  66.  78.  74.
  61.  69.  40.  48.  72.  79.  87.  88.  54.  81.  68.  78.  24.  54.
  63.  69.  88.  54.  18.  67.  61.  61.  87.  65.  76.  48.  65.  82.
  74.  68.  53.  71.  47.  61.  67.  58.  69.  87.  43.  70.  66.  88.
  73.  91.  69.  90.  60.  59.  97.  77.  27.  94.  85.  56.  77.  72.
  56.  64.  80.  81.  79.  70.  79.  73.  56.  66.  59.  78.  63.  58.
  69.  83.  70.  54.  86.  80.  79.  69.  58.  52.  78.  76.  77.  74.
  70.  74.  80.  29.  73.  87.  59.  62.  52.  71.  48.  89.  65.  67.
  75.  78.  46.  57.] and Predicted Train Data [55.92757939 50.22341753 62.63848173 57.99419329 92.23261905 59.86509432
 87.32791482 57.54209939 81.84392619 52.13841148 52.21508595 81.91688266
 57.04495594 72.36671832 48.66137317 50.84375337 68.87390891 59.49028591
 73.83780162 56.47424166 72.62989696 58.5956864  53.07987001 53.68930868
 79.4698687  67.23525354 61.18658249 93.49510894 68.52979074 52.04789089
 57.44881833 83.75049665 71.64135039 84.60601319 74.66525915 69.32918381
 62.91209389 61.17837161 70.27629451 40.39076119 50.61980972 54.05052411
 48.35597627 85.96387104 69.3418801  48.86836596 68.43802687 98.1250787
 55.4276521  51.26905489 70.19057262 89.14977212 43.76763413 85.87417946
 87.63570864 68.56069798 58.20070748 82.40034096 69.66985717 66.67722888
 59.79374732 72.19654736 72.01174133 65.96792236 52.01760245 81.89570456
 66.00999437 51.84130397 93.07140038 51.73596779 60.18056965 80.12758884
 55.86783512 63.66563938 60.57788678 97.79952334 83.58940316 69.13728675
 64.84542627 89.61520655 83.67851066 76.64459687 39.46801793 83.42111309
 51.30288063 61.38316663 82.72207907 81.13566721 67.07764529 78.51448607
 77.58850127 76.23567579 53.57244434 71.40686793 77.03586054 65.10738951
 81.68453328 70.25450747 50.19029463 63.67678094 51.50232628 56.21197482
 71.27977117 74.10426398 94.44688856 80.64598922 51.73541963 88.10128113
 63.80426026 80.66371011 15.63876384 56.80274648 59.17078632 76.79757602
 75.03647815 57.75001058 16.25197864 62.01906326 71.73272231 63.33557468
 80.82382635 63.78022821 70.18896045 50.97412463 71.90948451 85.77401422
 74.75367021 61.0263571  57.74028339 71.39725637 51.28154579 50.52748764
 66.04787378 61.36649933 77.05111448 88.26609513 45.09773658 62.1865452
 62.8705521  74.87997308 70.94440148 92.37438406 64.75312921 93.82297677
 66.33467515 57.59961175 89.12235545 67.5093502  45.1533466  91.81443728
 89.48855703 53.30351685 78.70100224 71.77900486 61.71198045 53.67748041
 68.84643002 72.83813129 71.05233386 75.21306838 77.02364226 67.42853361
 52.41168559 65.05214436 62.7291206  72.47181073 64.65504854 56.02056808
 71.824871   78.31109263 75.97613122 55.3118676  83.67408418 84.06193872
 80.25296307 72.35973764 56.640129   52.99270487 87.25096584 77.04387968
 87.13209408 68.37245646 64.83166579 67.7327775  77.68502273 34.05875857
 63.43261796 86.30355082 71.01774613 64.2724219  57.02194236 69.47861521
 50.70095475 88.54737707 73.14333284 61.17227267 79.29428837 78.35782091
 48.66748373 58.18033827]
[ 2023-03-18 12:53:30,342 ] 45 root - INFO - Test model score : 0.9589910198763111 \n Test Model Score: 0.8476986775457768
[ 2023-03-18 12:53:30,342 ] 47 root - INFO - Report Addded : {'Radom Forest': 0.8444513857939128, 'Decision Tree': 0.7455436791484562, 'Gradient Boosting': 0.8528032197738711, 'Linear Regression': 0.8704023080124457, 'K-Neighbors Regression': 0.4981420508414579, 'XGBRegression': 0.8399685131498817, 'CatBoosting Regression': 0.8476986775457768}
[ 2023-03-18 12:53:30,342 ] 35 root - INFO - Evaluting Model: AdaBoostRegressor()
[ 2023-03-18 12:53:30,545 ] 38 root - INFO - Model Trained
[ 2023-03-18 12:53:30,577 ] 41 root - INFO - Real Train Data [ 73.  58.  55.  37.  74.  79.  53.  75.  47.  66.  53.  66.  38.  64.
  57.  85.  90.  68.  76.  64.  62.  62.  76.  63.  54.  81.  66.  62.
  67.  74.  77.  85.  55.  52.  62.  74.  38.  48.  92.  76.  50.  48.
  50.  75.  45.  75.  60.  73.  81.  79.  75.  57.  79.  57.  68.  70.
  59.  47.  59.  68.  65.  58.  86.  76.  57.  67.  80.  61.  62.  65.
  39.  81.  81.  79.  91.  74.  75.  61.  54.  52.  66.  81.  97.  53.
  74.  57.  38.  69.  69.  84.  91.  36.  72.  79.  53.  65.  83.  87.
  47.  59.  68.  52.  58.  68.  64.  35.  69.  73.  79.  65.  69.  29.
  65.  80.  42.  44.  65.  73.  53.  65.  72.  80.  71.  63.  53.  83.
  71.  62.  59.  72.  62.  46.  67.  85.  91.  59.  76.  66.  59.  79.
  98.  27.  73.  88.  73.  68.  69.  72.  62.  86.  69.  82.  87.  58.
  89.  84.  35.  77.  51.  63.  84.  64.  54.  42.  56.  94.  80.  70.
  49.  69.   8.  58.  73.  61.  47.  59.  65.  26.  64.  59.  76.  82.
  77.  91.  69.  74.  62.  69.  73.  69.  62.  80.  48.  86.  43.  50.
  49.  65.  55.  51.  73.  52.  43.  75.  44.  81.  64.  65.  71.  65.
  30.  83.  85.  66.  76.  58.  92.  37.  75.  60.  55.  66.  76.  96.
  50.  49.  83.  92.  96.  73.  82.  67.  67.  48.  22.  70.  77.  56.
  53.  65.  58.  89.  66.  74.  83.  62.  73.  81.  47.  87.  80.  62.
  53. 100.  63.   0.  85.  68.  61.  34.  58.  78.  70.  61.  79.  68.
  70.  51.  73.  74.  82.  62.  19.  67.  70.  87.  63.  65.  61.  62.
  65.  49.  54.  46.  50.  45.  86.  67.  64.  55.  64.  71.  80.  71.
  66.  82.  50.  33.  40.  70.  63.  86.  48.  92.  59.  65.  62.  93.
  53.  58.  71.  77.  74.  78.  71.  46.  53.  62.  64.  62.  88.  62.
  69.  90.  53.  88.  69.  81.  65.  61.  99.  71.  62.  52.  79.  90.
  72.  61.  63.  89.  35.  54.  74.  78.  76.  53.  68.  75.  67.  69.
  81.  63.  41.  57.  61.  84.  61.  59.  49.  49.  41.  58.  76.  76.
  53.  49.  48.  55.  32.  61.  68.  72.  44.  63.  60.  90.  77.  61.
  58.  49.  64.  98.  55.  94.  71.  53.  63.  55.  46.  63.  76.  58.
  90.  72.  76.  32.  64.  36.  61.  81.  55.  85.  60.  60.  59.  80.
  82.  50.  35.  52.  96.  77.  82.  71.  83.  85.  69.  62.  69.  44.
  50.  54.  67.  59.  47.  54.  80.  61.  64.  49.  62.  44.  89.  81.
  68.  77.  65.  77.  88.  83.  73.  69.  68.  69.  58.  46.  61.  57.
  49.  61.  49.  56.  75.  58.  63.  78.  41.  46.  54.  73.  64. 100.
  57.  50.  67.  49.  70.  84.  42.  75.  61.  59.  99.  78.  78.  40.
  74.  74.  82.  62.  58.  75.  63.  34.  69.  52.  63.  69. 100.  75.
  68.  58.  65.  94.  76.  84.  65.  72.  63.  76.  69.  78.  81. 100.
  70.  44.  30.  84.  68.  84.  50.  81.  70.  84.  59.  98.  67.  73.
  88.  50.  77.  40.  75.  77.  54.  90.  64.  41.  49.  85.  77.  57.
  39.  94.  71. 100.  71.  58.  45.  67.  81.  82.  71.  70.  51.  66.
  79.  50.  72.  63.  84.  59.  91.  47.  97.  65.  58.  63.  54.  60.
  39.  68.  58.  57.  82.  91.  65.  57.  99.  56.  70.  59.  52.  82.
  53.  70.  67.  71.  50.  74.  66.  47.  59.  66.  52.  81.  75.  90.
  69.  82.  65.  62.  62.  62.  28.  61.  40.  52.  72.  45.  68.  94.
  44.  55.  74.  71.  79.  80.  46.  41.  52.  48.  77.  55.  45.  65.
  71.  65.  49.  45.  75.  69.  60.  81.  42.  68.  75.  62.  64.  82.
  74.  66.  81.  40.  60.  75.  49.  61.  87.  79.  87.  53.  77.  59.
  76.  52.  95.  91.  54.  55.  65.  93.  53.  67.  53.  68.  71.  41.
  57.  45.  88.  60.  81.  77.  66.  49.  53.  61.  47.  89.  71.  94.
  59.  59.  58.  85.  74.  65.  54.  59.  66.  77.  71.  93.  55.  52.
  73.  71.  60.  69.  40.  76.  52.  47.  77.  45.  63.  51.  48.  60.
  59.  72.  55.  76.  73.  72.  56.  82.  63.  67.  62.  87.  44.  55.
  66.  63.  85.  57.  60.  88.  53.  87.  64.  77.  67.  65.  50.  40.
  57.  57.  23.  67.  79.  81.  77.  70.  78.  51.  54.  63.  35.  64.
  67.  92.  65.  46.  46.  37.  80.  42.  68.  58.  45.  75.  80.  49.
  74.  67.  61.  63.  77.  60.  56.  77.  60.  73.  73.  78.  73.  73.
  87.  62.  57.  46.  74.  92.  61.  81.  73.  72.  66.  73.  32.  82.
  68.  97.  51.  59. 100.  87.  62.  69.  51.  88.  58.  59.  61.  62.
  67.  73.] and Predicted Train Data [49.36781609 48.83802817 60.79503106 58.42788462 88.04918033 66.70967742
 87.03448276 63.66666667 80.55670103 48.83802817 54.76146789 78.35643564
 55.67268041 79.15625    53.23966942 49.44522968 73.05405405 60.93037975
 74.59021407 54.24719101 74.59021407 57.66666667 54.42352941 63.66666667
 77.63636364 66.5        60.44405594 88.825      68.84444444 49.55276382
 58.70588235 85.85294118 74.59021407 87.03448276 77.18803419 66.5410628
 62.72426471 59.49101796 72.16666667 40.65656566 57.66666667 51.67755102
 47.20779221 84.53571429 68.21582734 49.44522968 70.92045455 89.41176471
 63.078125   52.84210526 76.74666667 81.17901235 46.87922705 82.28695652
 85.85294118 69.77906977 55.67268041 78.35643564 69.77906977 61.15540541
 53.16742081 73.20289855 72.38150289 73.05405405 49.55276382 79.70833333
 70.92045455 57.18934911 88.88461538 49.36781609 60.25581395 76.30994152
 53.74456522 61.3015873  57.75609756 93.1641791  79.65365854 62.72426471
 57.3027027  88.88461538 87.03448276 76.99418605 40.65656566 76.99418605
 53.23966942 59.1        78.35643564 81.7890625  64.12068966 81.17857143
 77.63636364 75.16849817 51.67857143 63.9368932  80.43846154 68.21582734
 85.75449102 73.08333333 49.36781609 68.21052632 49.36781609 58.375
 69.83522727 79.65365854 88.89915966 85.85294118 58.375      85.38518519
 59.23489933 77.8202765  25.375      52.84210526 59.34027778 79.55555556
 77.63636364 57.75609756 25.375      60.94642857 63.9368932  61.85321101
 79.55555556 67.36567164 73.05405405 46.87922705 73.08333333 87.03448276
 75.89285714 66.18181818 57.75609756 75.24637681 52.95145631 49.36781609
 74.59021407 64.06521739 77.96326531 83.55172414 46.19774011 66.14864865
 60.25581395 76.30994152 70.44970414 90.04347826 61.3015873  88.04918033
 64.12068966 52.95145631 88.70512821 65.05780347 38.672      86.39393939
 85.75449102 53.59663866 80.43846154 72.09803922 63.66666667 49.36781609
 68.84444444 77.18803419 63.8225256  75.20454545 79.55555556 66.5410628
 57.66666667 60.25581395 61.85321101 76.2037037  68.28571429 53.52879581
 71.18965517 79.1375     73.20289855 51.67857143 79.58119658 76.99418605
 80.55670103 72.425      57.18934911 59.34027778 83.55172414 75.20454545
 80.4296875  73.05405405 64.06521739 65.05780347 79.975      40.36065574
 68.21582734 79.70833333 72.90977444 65.88757396 53.16742081 66.9212963
 46.87922705 85.85294118 77.18803419 64.12068966 76.99418605 75.57894737
 46.98895028 51.67857143]
[ 2023-03-18 12:53:30,581 ] 42 root - INFO - Real Train Data [ 52.  40.  65.  63.  93.  66.  84.  65.  86.  51.  50.  76.  53.  79.
  43.  57.  62.  51.  74.  54.  65.  53.  51.  68.  79.  67.  60.  97.
  68.  59.  67.  85.  71.  88.  85.  74.  62.  55.  74.  37.  68.  53.
  63.  87.  65.  43.  69.  91.  59.  59.  67.  79.  40.  87.  86.  71.
  65.  82.  69.  71.  62.  72.  66.  72.  44.  82.  66.  42.  97.  59.
  55.  71.  59.  64.  55. 100.  88.  62.  64.  88.  95.  75.  29.  88.
  39.  66.  85.  80.  72.  79.  79.  80.  52.  68.  75.  66.  78.  74.
  61.  69.  40.  48.  72.  79.  87.  88.  54.  81.  68.  78.  24.  54.
  63.  69.  88.  54.  18.  67.  61.  61.  87.  65.  76.  48.  65.  82.
  74.  68.  53.  71.  47.  61.  67.  58.  69.  87.  43.  70.  66.  88.
  73.  91.  69.  90.  60.  59.  97.  77.  27.  94.  85.  56.  77.  72.
  56.  64.  80.  81.  79.  70.  79.  73.  56.  66.  59.  78.  63.  58.
  69.  83.  70.  54.  86.  80.  79.  69.  58.  52.  78.  76.  77.  74.
  70.  74.  80.  29.  73.  87.  59.  62.  52.  71.  48.  89.  65.  67.
  75.  78.  46.  57.] and Predicted Train Data [49.36781609 48.83802817 60.79503106 58.42788462 88.04918033 66.70967742
 87.03448276 63.66666667 80.55670103 48.83802817 54.76146789 78.35643564
 55.67268041 79.15625    53.23966942 49.44522968 73.05405405 60.93037975
 74.59021407 54.24719101 74.59021407 57.66666667 54.42352941 63.66666667
 77.63636364 66.5        60.44405594 88.825      68.84444444 49.55276382
 58.70588235 85.85294118 74.59021407 87.03448276 77.18803419 66.5410628
 62.72426471 59.49101796 72.16666667 40.65656566 57.66666667 51.67755102
 47.20779221 84.53571429 68.21582734 49.44522968 70.92045455 89.41176471
 63.078125   52.84210526 76.74666667 81.17901235 46.87922705 82.28695652
 85.85294118 69.77906977 55.67268041 78.35643564 69.77906977 61.15540541
 53.16742081 73.20289855 72.38150289 73.05405405 49.55276382 79.70833333
 70.92045455 57.18934911 88.88461538 49.36781609 60.25581395 76.30994152
 53.74456522 61.3015873  57.75609756 93.1641791  79.65365854 62.72426471
 57.3027027  88.88461538 87.03448276 76.99418605 40.65656566 76.99418605
 53.23966942 59.1        78.35643564 81.7890625  64.12068966 81.17857143
 77.63636364 75.16849817 51.67857143 63.9368932  80.43846154 68.21582734
 85.75449102 73.08333333 49.36781609 68.21052632 49.36781609 58.375
 69.83522727 79.65365854 88.89915966 85.85294118 58.375      85.38518519
 59.23489933 77.8202765  25.375      52.84210526 59.34027778 79.55555556
 77.63636364 57.75609756 25.375      60.94642857 63.9368932  61.85321101
 79.55555556 67.36567164 73.05405405 46.87922705 73.08333333 87.03448276
 75.89285714 66.18181818 57.75609756 75.24637681 52.95145631 49.36781609
 74.59021407 64.06521739 77.96326531 83.55172414 46.19774011 66.14864865
 60.25581395 76.30994152 70.44970414 90.04347826 61.3015873  88.04918033
 64.12068966 52.95145631 88.70512821 65.05780347 38.672      86.39393939
 85.75449102 53.59663866 80.43846154 72.09803922 63.66666667 49.36781609
 68.84444444 77.18803419 63.8225256  75.20454545 79.55555556 66.5410628
 57.66666667 60.25581395 61.85321101 76.2037037  68.28571429 53.52879581
 71.18965517 79.1375     73.20289855 51.67857143 79.58119658 76.99418605
 80.55670103 72.425      57.18934911 59.34027778 83.55172414 75.20454545
 80.4296875  73.05405405 64.06521739 65.05780347 79.975      40.36065574
 68.21582734 79.70833333 72.90977444 65.88757396 53.16742081 66.9212963
 46.87922705 85.85294118 77.18803419 64.12068966 76.99418605 75.57894737
 46.98895028 51.67857143]
[ 2023-03-18 12:53:30,583 ] 45 root - INFO - Test model score : 0.857289485669038 \n Test Model Score: 0.8324780989158296
[ 2023-03-18 12:53:30,583 ] 47 root - INFO - Report Addded : {'Radom Forest': 0.8444513857939128, 'Decision Tree': 0.7455436791484562, 'Gradient Boosting': 0.8528032197738711, 'Linear Regression': 0.8704023080124457, 'K-Neighbors Regression': 0.4981420508414579, 'XGBRegression': 0.8399685131498817, 'CatBoosting Regression': 0.8476986775457768, 'AdaBoost Regression': 0.8324780989158296}
[ 2023-03-18 12:53:30,583 ] 102 root - INFO - Model Report Genrated : {'Radom Forest': 0.8444513857939128, 'Decision Tree': 0.7455436791484562, 'Gradient Boosting': 0.8528032197738711, 'Linear Regression': 0.8704023080124457, 'K-Neighbors Regression': 0.4981420508414579, 'XGBRegression': 0.8399685131498817, 'CatBoosting Regression': 0.8476986775457768, 'AdaBoost Regression': 0.8324780989158296}
[ 2023-03-18 12:53:30,583 ] 110 root - INFO - Best Model Score: 0.8704023080124457 Best Model Name: Linear Regression
[ 2023-03-18 12:53:30,583 ] 118 root - INFO - Best found model on both training and testing dataset
[ 2023-03-18 12:53:30,583 ] 120 root - INFO - Best Model  : LinearRegression()
[ 2023-03-18 12:53:30,583 ] 14 root - INFO - Saving object {obj} on file: {file_path} Started.
[ 2023-03-18 12:53:30,583 ] 17 root - INFO - Making Directory :artifact
[ 2023-03-18 12:53:30,584 ] 19 root - INFO - Directory Made
[ 2023-03-18 12:53:30,584 ] 20 root - INFO - Dumping object : LinearRegression()
[ 2023-03-18 12:53:30,587 ] 24 root - INFO - Dumping of obj LinearRegression() Successfull <_io.BufferedWriter name='artifact\\model.pkl'>
[ 2023-03-18 12:53:30,587 ] 127 root - INFO - Model Scussecfully Formed
[ 2023-03-18 12:53:30,589 ] 131 root - INFO - Prediction Completed : [ 51.10961914  46.51635742  62.21484375  60.03405762  90.67407227
  64.4119873   86.86999512  61.45068359  82.953125    51.1640625
  52.17346191  82.63891602  56.8848877   76.58947754  50.87316895
  52.84020996  70.87512207  61.14135742  72.07543945  54.72253418
  72.39733887  60.12634277  54.47167969  60.32348633  81.01403809
  67.78625488  62.41638184  94.37182617  69.68029785  49.22827148
  60.04614258  81.95593262  71.68029785  82.1394043   74.82580566
  69.33679199  64.34655762  59.75463867  72.70275879  40.84375
  54.54785156  53.53320312  52.08227539  88.2980957   71.39624023
  48.42614746  70.47583008  95.17199707  60.51806641  53.48425293
  73.91699219  88.76586914  44.20373535  85.81555176  90.05566406
  69.18920898  58.48876953  82.06787109  67.3203125   66.92687988
  57.94506836  72.54248047  71.30737305  68.25195312  52.95227051
  80.49475098  68.2890625   55.08166504  88.93115234  54.64941406
  60.66577148  76.72180176  54.10375977  63.97436523  59.87390137
 105.64697266  86.42468262  64.26330566  60.24560547  87.98510742
  84.32861328  78.83251953  35.21789551  82.75268555  52.04040527
  65.390625    82.97363281  81.95336914  64.72338867  80.51306152
  79.22094727  76.41699219  50.52001953  67.83679199  78.82080078
  67.55444336  85.05737305  73.2331543   52.94238281  67.27026367
  51.98474121  58.62109375  70.27526855  75.30578613  91.21899414
  82.25390625  54.16723633  89.38708496  62.0904541   76.46081543
  22.50744629  54.91564941  59.5703125   77.85986328  78.4005127
  58.36657715  21.53112793  62.74755859  68.56689453  64.03918457
  81.93066406  65.9296875   72.23095703  51.0579834   69.85083008
  84.51196289  74.59033203  65.38391113  58.33605957  72.85583496
  52.39453125  48.4822998   70.55737305  64.0246582   78.48754883
  85.91821289  44.11682129  64.44213867  61.1184082   77.47729492
  71.70361328  97.40551758  62.94995117  91.375       66.79138184
  57.87658691  88.82714844  67.57397461  40.13586426  89.42602539
  91.38989258  53.26086426  79.03173828  68.03735352  61.93212891
  52.11523438  68.82507324  75.64245605  70.83984375  74.4440918
  78.0871582   66.46203613  55.51477051  65.36376953  63.75646973
  73.25598145  66.37597656  56.86755371  70.48693848  79.70629883
  74.9732666   52.45812988  82.7220459   79.60473633  80.3795166
  73.5357666   57.66796875  57.99890137  85.37963867  78.47973633
  79.39916992  75.81604004  64.59094238  67.84448242  78.33422852
  30.72497559  67.19458008  82.47790527  70.65637207  63.77783203
  57.38989258  72.41540527  51.90307617  86.18920898  74.31201172
  65.48522949  76.92041016  78.64953613  44.65026855  52.26269531]
[ 2023-03-18 12:53:30,593 ] 70 root - INFO - R2_Score : 0.8704023080124457
