[ 2023-03-17 20:48:39,629 ] 26 root - INFO - Entered the data ingestion method or components
[ 2023-03-17 20:48:39,635 ] 29 root - INFO - Exported Read The Dataset as DataFrame
[ 2023-03-17 20:48:39,643 ] 35 root - INFO - Train Test Split Inititated
[ 2023-03-17 20:48:39,655 ] 41 root - INFO - Ingestion of Data is completed
[ 2023-03-17 20:48:39,662 ] 84 root - INFO - Read train and test data completed
[ 2023-03-17 20:48:39,662 ] 86 root - INFO - Obtaining preprocessing object
[ 2023-03-17 20:48:39,663 ] 43 root - INFO - Categorical columns: ['gender', 'race_ethnicity', 'parental_level_of_education', 'lunch', 'test_preparation_course']
[ 2023-03-17 20:48:39,663 ] 44 root - INFO - Numerical columns: ['writing_score', 'reading_score']
[ 2023-03-17 20:48:39,666 ] 60 root - INFO - Categorical Pipeline: Pipeline(steps=[('imputer', SimpleImputer(strategy='most_frequent')),
                ('one_hot_encoder', OneHotEncoder()),
                ('scaler', StandardScaler(with_mean=False))])
[ 2023-03-17 20:48:39,668 ] 61 root - INFO - Numerical Pipline: Pipeline(steps=[('imputer', SimpleImputer(strategy='median')),
                ('scaler', StandardScaler(with_mean=False))])
[ 2023-03-17 20:48:39,668 ] 70 root - INFO - Categorical Pipline &Numerical Pipeline Excueted Scuceesully
[ 2023-03-17 20:48:39,683 ] 71 root - INFO - Preprocesssor is returned ColumnTransformer(transformers=[('num_pipeline',
                                 Pipeline(steps=[('imputer',
                                                  SimpleImputer(strategy='median')),
                                                 ('scaler',
                                                  StandardScaler(with_mean=False))]),
                                 ['writing_score', 'reading_score']),
                                ('cat_pipeline',
                                 Pipeline(steps=[('imputer',
                                                  SimpleImputer(strategy='most_frequent')),
                                                 ('one_hot_encoder',
                                                  OneHotEncoder()),
                                                 ('scaler',
                                                  StandardScaler(with_mean=False))]),
                                 ['gender', 'race_ethnicity',
                                  'parental_level_of_education', 'lunch',
                                  'test_preparation_course'])])
[ 2023-03-17 20:48:39,683 ] 102 root - INFO - Categorical columns: ['gender', 'race_ethnicity', 'parental_level_of_education', 'lunch', 'test_preparation_course']
[ 2023-03-17 20:48:39,683 ] 103 root - INFO - Numerical columns: ['writing_score', 'reading_score']
[ 2023-03-17 20:48:39,683 ] 104 root - INFO - Target columns: math_score
[ 2023-03-17 20:48:39,683 ] 106 root - INFO - Removing Target Columns from Train and Test Set
[ 2023-03-17 20:48:39,686 ] 115 root - INFO - Applying preprocessing object on training dataframe and testing dataframe.
[ 2023-03-17 20:48:39,711 ] 130 root - INFO - Data Transformation Complted.
[ 2023-03-17 20:48:39,720 ] 140 root - INFO - Saved preprocessing object.
[ 2023-03-17 20:48:39,720 ] 39 root - INFO - Split training and test input data
[ 2023-03-17 20:48:43,901 ] 61 root - INFO - Model Report Genrated : {'Radom Forest': 0.8414626274424802, 'Decision Tree': 0.7299736827594058, 'Gradient Boosting': 0.8528294141824965, 'Linear Regression': 0.8704023080124457, 'K-Neighbors Regression': 0.4981420508414579, 'XGBRegression': 0.8399685131498817, 'CatBoosting Regression': 0.8476986775457768, 'AdaBoost Regression': 0.8376978213859003}
