[ 2023-03-18 13:58:00,846 ] 26 root - INFO - Entered the data ingestion method or components
[ 2023-03-18 13:58:00,872 ] 29 root - INFO - Exported Read The Dataset as DataFrame
[ 2023-03-18 13:58:00,893 ] 35 root - INFO - Train Test Split Inititated
[ 2023-03-18 13:58:00,911 ] 41 root - INFO - Ingestion of Data is completed
[ 2023-03-18 13:58:00,911 ] 62 root - INFO - Train Data : artifact\train.csv, Test Data : artifact\test.csv
[ 2023-03-18 13:58:00,923 ] 85 root - INFO - Read train and test data completed
[ 2023-03-18 13:58:00,924 ] 87 root - INFO - Obtaining preprocessing object
[ 2023-03-18 13:58:00,924 ] 34 root - INFO - Entered the data transfomation method or components
[ 2023-03-18 13:58:00,924 ] 44 root - INFO - Categorical columns: ['gender', 'race_ethnicity', 'parental_level_of_education', 'lunch', 'test_preparation_course']
[ 2023-03-18 13:58:00,925 ] 45 root - INFO - Numerical columns: ['writing_score', 'reading_score']
[ 2023-03-18 13:58:00,954 ] 61 root - INFO - Categorical Pipeline: Pipeline(steps=[('imputer', SimpleImputer(strategy='most_frequent')),
                ('one_hot_encoder', OneHotEncoder()),
                ('scaler', StandardScaler(with_mean=False))])
[ 2023-03-18 13:58:00,956 ] 62 root - INFO - Numerical Pipline: Pipeline(steps=[('imputer', SimpleImputer(strategy='median')),
                ('scaler', StandardScaler(with_mean=False))])
[ 2023-03-18 13:58:00,956 ] 71 root - INFO - Categorical Pipline &Numerical Pipeline Excueted Scuceesully
[ 2023-03-18 13:58:00,984 ] 72 root - INFO - Preprocesssor is returned ColumnTransformer(transformers=[('num_pipeline',
                                 Pipeline(steps=[('imputer',
                                                  SimpleImputer(strategy='median')),
                                                 ('scaler',
                                                  StandardScaler(with_mean=False))]),
                                 ['writing_score', 'reading_score']),
                                ('cat_pipeline',
                                 Pipeline(steps=[('imputer',
                                                  SimpleImputer(strategy='most_frequent')),
                                                 ('one_hot_encoder',
                                                  OneHotEncoder()),
                                                 ('scaler',
                                                  StandardScaler(with_mean=False))]),
                                 ['gender', 'race_ethnicity',
                                  'parental_level_of_education', 'lunch',
                                  'test_preparation_course'])])
[ 2023-03-18 13:58:00,984 ] 103 root - INFO - Categorical columns: ['gender', 'race_ethnicity', 'parental_level_of_education', 'lunch', 'test_preparation_course']
[ 2023-03-18 13:58:00,984 ] 104 root - INFO - Numerical columns: ['writing_score', 'reading_score']
[ 2023-03-18 13:58:00,985 ] 105 root - INFO - Target columns: math_score
[ 2023-03-18 13:58:00,985 ] 107 root - INFO - Removing Target Columns from Train and Test Set
[ 2023-03-18 13:58:00,989 ] 116 root - INFO - Applying preprocessing object on training dataframe and testing dataframe.
[ 2023-03-18 13:58:01,026 ] 131 root - INFO - Data Transformation Complted.
[ 2023-03-18 13:58:01,026 ] 15 root - INFO - Saving object {obj} on file: {file_path} Started.
[ 2023-03-18 13:58:01,026 ] 18 root - INFO - Making Directory :artifact
[ 2023-03-18 13:58:01,027 ] 20 root - INFO - Directory Made
[ 2023-03-18 13:58:01,051 ] 21 root - INFO - Dumping object : ColumnTransformer(transformers=[('num_pipeline',
                                 Pipeline(steps=[('imputer',
                                                  SimpleImputer(strategy='median')),
                                                 ('scaler',
                                                  StandardScaler(with_mean=False))]),
                                 ['writing_score', 'reading_score']),
                                ('cat_pipeline',
                                 Pipeline(steps=[('imputer',
                                                  SimpleImputer(strategy='most_frequent')),
                                                 ('one_hot_encoder',
                                                  OneHotEncoder()),
                                                 ('scaler',
                                                  StandardScaler(with_mean=False))]),
                                 ['gender', 'race_ethnicity',
                                  'parental_level_of_education', 'lunch',
                                  'test_preparation_course'])])
[ 2023-03-18 13:58:01,087 ] 25 root - INFO - Dumping of obj ColumnTransformer(transformers=[('num_pipeline',
                                 Pipeline(steps=[('imputer',
                                                  SimpleImputer(strategy='median')),
                                                 ('scaler',
                                                  StandardScaler(with_mean=False))]),
                                 ['writing_score', 'reading_score']),
                                ('cat_pipeline',
                                 Pipeline(steps=[('imputer',
                                                  SimpleImputer(strategy='most_frequent')),
                                                 ('one_hot_encoder',
                                                  OneHotEncoder()),
                                                 ('scaler',
                                                  StandardScaler(with_mean=False))]),
                                 ['gender', 'race_ethnicity',
                                  'parental_level_of_education', 'lunch',
                                  'test_preparation_course'])]) Successfull <_io.BufferedWriter name='artifact\\preprocessor.pkl'>
[ 2023-03-18 13:58:01,087 ] 141 root - INFO - Saved preprocessing object as Pickle File.
[ 2023-03-18 13:58:01,090 ] 66 root - INFO - Train Array : [[ 4.30533129  4.62062258  0.         ...  0.          2.09830697
  73.        ]
 [ 4.37056358  4.75652325  2.0025047  ...  0.          2.09830697
  58.        ]
 [ 2.80498857  3.12571528  0.         ...  0.          2.09830697
  55.        ]
 ...
 [ 4.56626046  4.96037424  2.0025047  ...  0.          2.09830697
  62.        ]
 [ 5.47951255  5.36807623  2.0025047  ...  2.09830697  0.
  67.        ]
 [ 3.71824066  4.34882125  0.         ...  0.          2.09830697
  73.        ]],Test Array : [[ 3.00068544  3.32956627  0.         ...  2.09830697  0.
  52.        ]
 [ 3.32684691  4.00906959  2.0025047  ...  0.          2.09830697
  40.        ]
 [ 4.56626046  4.68857291  2.0025047  ...  0.          2.09830697
  65.        ]
 ...
 [ 5.21858338  5.23217557  0.         ...  2.09830697  0.
  78.        ]
 [ 3.78347295  3.66931793  2.0025047  ...  2.09830697  0.
  46.        ]
 [ 4.1748667   3.94111926  2.0025047  ...  2.09830697  0.
  57.        ]],Preprocessor Array : artifact\preprocessor.pkl
[ 2023-03-18 13:58:01,091 ] 38 root - INFO - Entered the Model Traineer method or components
[ 2023-03-18 13:58:01,091 ] 40 root - INFO - Split training and test input data
[ 2023-03-18 13:58:01,091 ] 31 root - INFO - Evaluting Model Started
[ 2023-03-18 13:58:01,092 ] 39 root - INFO - Evaluting Model: RandomForestRegressor() on Params; {'n_estimators': [8, 16, 32, 64, 128, 256]}
[ 2023-03-18 13:58:01,092 ] 43 root - INFO - GridSearchCV(cv=3, estimator=RandomForestRegressor(),
             param_grid={'n_estimators': [8, 16, 32, 64, 128, 256]})
[ 2023-03-18 13:58:13,654 ] 45 root - INFO - Doing Grid Search CV
[ 2023-03-18 13:58:15,824 ] 50 root - INFO - Model Trained With Hyper Parameter Tunning
[ 2023-03-18 13:58:15,997 ] 57 root - INFO - Real Train Data [ 73.  58.  55.  37.  74.  79.  53.  75.  47.  66.  53.  66.  38.  64.
  57.  85.  90.  68.  76.  64.  62.  62.  76.  63.  54.  81.  66.  62.
  67.  74.  77.  85.  55.  52.  62.  74.  38.  48.  92.  76.  50.  48.
  50.  75.  45.  75.  60.  73.  81.  79.  75.  57.  79.  57.  68.  70.
  59.  47.  59.  68.  65.  58.  86.  76.  57.  67.  80.  61.  62.  65.
  39.  81.  81.  79.  91.  74.  75.  61.  54.  52.  66.  81.  97.  53.
  74.  57.  38.  69.  69.  84.  91.  36.  72.  79.  53.  65.  83.  87.
  47.  59.  68.  52.  58.  68.  64.  35.  69.  73.  79.  65.  69.  29.
  65.  80.  42.  44.  65.  73.  53.  65.  72.  80.  71.  63.  53.  83.
  71.  62.  59.  72.  62.  46.  67.  85.  91.  59.  76.  66.  59.  79.
  98.  27.  73.  88.  73.  68.  69.  72.  62.  86.  69.  82.  87.  58.
  89.  84.  35.  77.  51.  63.  84.  64.  54.  42.  56.  94.  80.  70.
  49.  69.   8.  58.  73.  61.  47.  59.  65.  26.  64.  59.  76.  82.
  77.  91.  69.  74.  62.  69.  73.  69.  62.  80.  48.  86.  43.  50.
  49.  65.  55.  51.  73.  52.  43.  75.  44.  81.  64.  65.  71.  65.
  30.  83.  85.  66.  76.  58.  92.  37.  75.  60.  55.  66.  76.  96.
  50.  49.  83.  92.  96.  73.  82.  67.  67.  48.  22.  70.  77.  56.
  53.  65.  58.  89.  66.  74.  83.  62.  73.  81.  47.  87.  80.  62.
  53. 100.  63.   0.  85.  68.  61.  34.  58.  78.  70.  61.  79.  68.
  70.  51.  73.  74.  82.  62.  19.  67.  70.  87.  63.  65.  61.  62.
  65.  49.  54.  46.  50.  45.  86.  67.  64.  55.  64.  71.  80.  71.
  66.  82.  50.  33.  40.  70.  63.  86.  48.  92.  59.  65.  62.  93.
  53.  58.  71.  77.  74.  78.  71.  46.  53.  62.  64.  62.  88.  62.
  69.  90.  53.  88.  69.  81.  65.  61.  99.  71.  62.  52.  79.  90.
  72.  61.  63.  89.  35.  54.  74.  78.  76.  53.  68.  75.  67.  69.
  81.  63.  41.  57.  61.  84.  61.  59.  49.  49.  41.  58.  76.  76.
  53.  49.  48.  55.  32.  61.  68.  72.  44.  63.  60.  90.  77.  61.
  58.  49.  64.  98.  55.  94.  71.  53.  63.  55.  46.  63.  76.  58.
  90.  72.  76.  32.  64.  36.  61.  81.  55.  85.  60.  60.  59.  80.
  82.  50.  35.  52.  96.  77.  82.  71.  83.  85.  69.  62.  69.  44.
  50.  54.  67.  59.  47.  54.  80.  61.  64.  49.  62.  44.  89.  81.
  68.  77.  65.  77.  88.  83.  73.  69.  68.  69.  58.  46.  61.  57.
  49.  61.  49.  56.  75.  58.  63.  78.  41.  46.  54.  73.  64. 100.
  57.  50.  67.  49.  70.  84.  42.  75.  61.  59.  99.  78.  78.  40.
  74.  74.  82.  62.  58.  75.  63.  34.  69.  52.  63.  69. 100.  75.
  68.  58.  65.  94.  76.  84.  65.  72.  63.  76.  69.  78.  81. 100.
  70.  44.  30.  84.  68.  84.  50.  81.  70.  84.  59.  98.  67.  73.
  88.  50.  77.  40.  75.  77.  54.  90.  64.  41.  49.  85.  77.  57.
  39.  94.  71. 100.  71.  58.  45.  67.  81.  82.  71.  70.  51.  66.
  79.  50.  72.  63.  84.  59.  91.  47.  97.  65.  58.  63.  54.  60.
  39.  68.  58.  57.  82.  91.  65.  57.  99.  56.  70.  59.  52.  82.
  53.  70.  67.  71.  50.  74.  66.  47.  59.  66.  52.  81.  75.  90.
  69.  82.  65.  62.  62.  62.  28.  61.  40.  52.  72.  45.  68.  94.
  44.  55.  74.  71.  79.  80.  46.  41.  52.  48.  77.  55.  45.  65.
  71.  65.  49.  45.  75.  69.  60.  81.  42.  68.  75.  62.  64.  82.
  74.  66.  81.  40.  60.  75.  49.  61.  87.  79.  87.  53.  77.  59.
  76.  52.  95.  91.  54.  55.  65.  93.  53.  67.  53.  68.  71.  41.
  57.  45.  88.  60.  81.  77.  66.  49.  53.  61.  47.  89.  71.  94.
  59.  59.  58.  85.  74.  65.  54.  59.  66.  77.  71.  93.  55.  52.
  73.  71.  60.  69.  40.  76.  52.  47.  77.  45.  63.  51.  48.  60.
  59.  72.  55.  76.  73.  72.  56.  82.  63.  67.  62.  87.  44.  55.
  66.  63.  85.  57.  60.  88.  53.  87.  64.  77.  67.  65.  50.  40.
  57.  57.  23.  67.  79.  81.  77.  70.  78.  51.  54.  63.  35.  64.
  67.  92.  65.  46.  46.  37.  80.  42.  68.  58.  45.  75.  80.  49.
  74.  67.  61.  63.  77.  60.  56.  77.  60.  73.  73.  78.  73.  73.
  87.  62.  57.  46.  74.  92.  61.  81.  73.  72.  66.  73.  32.  82.
  68.  97.  51.  59. 100.  87.  62.  69.  51.  88.  58.  59.  61.  62.
  67.  73.] and Predicted Train Data [51.65625    47.1640625  61.75390625 58.484375   91.9453125  61.55859375
 92.7890625  59.76953125 83.234375   49.4921875  51.96484375 84.25
 59.90625    75.33203125 47.47265625 51.5625     69.30859375 61.23046875
 73.2890625  57.3671875  71.36328125 58.1328125  57.7421875  58.3671875
 80.5078125  71.1953125  60.9375     92.3828125  69.1015625  51.265625
 59.9140625  83.8125     70.27734375 85.41015625 73.82421875 68.31640625
 62.703125   62.38671875 69.55078125 39.953125   55.7109375  50.56640625
 51.2890625  83.38671875 67.53125    49.93359375 67.76171875 95.8125
 58.8359375  52.375      72.80078125 89.63671875 45.38671875 86.40625
 86.53984375 70.5546875  55.69921875 86.27734375 73.51171875 63.87109375
 55.87890625 71.88671875 72.6484375  67.9296875  51.12890625 79.92304687
 68.4140625  53.33203125 91.640625   50.4453125  62.5390625  79.81640625
 51.0859375  63.80859375 60.171875   96.421875   85.86197917 68.46484375
 64.1953125  91.6796875  84.4921875  78.9296875  42.49609375 85.63671875
 49.98046875 58.921875   86.296875   80.8671875  66.515625   79.953125
 81.51041667 77.0234375  52.65234375 71.0546875  78.11328125 66.1484375
 82.71191406 67.23828125 49.265625   64.93359375 51.60546875 56.93359375
 69.9453125  77.15664063 94.13671875 83.953125   54.42578125 85.13294271
 64.53125    83.953125   22.22916667 55.671875   57.19140625 75.4296875
 80.078125   55.890625   24.42447917 65.12890625 72.15625    62.703125
 84.13671875 65.6484375  73.07421875 49.80078125 70.734375   85.59765625
 78.88671875 61.6328125  58.8125     71.85546875 51.50390625 47.90234375
 66.73046875 61.23046875 78.56640625 87.87890625 45.9375     62.86328125
 64.06640625 77.16796875 69.90625    96.171875   66.8515625  92.21875
 66.109375   56.25       90.50651042 63.27734375 46.25390625 90.5625
 89.54674479 51.890625   79.5859375  72.17578125 61.15625    52.265625
 69.1015625  72.16796875 70.66796875 75.84765625 81.3671875  68.78125
 55.5390625  64.453125   62.6953125  74.5390625  67.46484375 56.37109375
 69.32421875 76.015625   71.96875    54.703125   81.67057292 82.37890625
 80.91796875 73.578125   53.765625   55.90625    84.05078125 76.89453125
 90.34765625 71.32421875 66.1640625  64.52734375 78.69921875 33.52994792
 63.91015625 85.12109375 71.91796875 62.31640625 53.92578125 65.25
 51.984375   91.19140625 76.7421875  62.76953125 76.33984375 80.6796875
 48.69921875 54.36328125]
[ 2023-03-18 13:58:16,004 ] 58 root - INFO - Real Train Data [ 52.  40.  65.  63.  93.  66.  84.  65.  86.  51.  50.  76.  53.  79.
  43.  57.  62.  51.  74.  54.  65.  53.  51.  68.  79.  67.  60.  97.
  68.  59.  67.  85.  71.  88.  85.  74.  62.  55.  74.  37.  68.  53.
  63.  87.  65.  43.  69.  91.  59.  59.  67.  79.  40.  87.  86.  71.
  65.  82.  69.  71.  62.  72.  66.  72.  44.  82.  66.  42.  97.  59.
  55.  71.  59.  64.  55. 100.  88.  62.  64.  88.  95.  75.  29.  88.
  39.  66.  85.  80.  72.  79.  79.  80.  52.  68.  75.  66.  78.  74.
  61.  69.  40.  48.  72.  79.  87.  88.  54.  81.  68.  78.  24.  54.
  63.  69.  88.  54.  18.  67.  61.  61.  87.  65.  76.  48.  65.  82.
  74.  68.  53.  71.  47.  61.  67.  58.  69.  87.  43.  70.  66.  88.
  73.  91.  69.  90.  60.  59.  97.  77.  27.  94.  85.  56.  77.  72.
  56.  64.  80.  81.  79.  70.  79.  73.  56.  66.  59.  78.  63.  58.
  69.  83.  70.  54.  86.  80.  79.  69.  58.  52.  78.  76.  77.  74.
  70.  74.  80.  29.  73.  87.  59.  62.  52.  71.  48.  89.  65.  67.
  75.  78.  46.  57.] and Predicted Train Data [51.65625    47.1640625  61.75390625 58.484375   91.9453125  61.55859375
 92.7890625  59.76953125 83.234375   49.4921875  51.96484375 84.25
 59.90625    75.33203125 47.47265625 51.5625     69.30859375 61.23046875
 73.2890625  57.3671875  71.36328125 58.1328125  57.7421875  58.3671875
 80.5078125  71.1953125  60.9375     92.3828125  69.1015625  51.265625
 59.9140625  83.8125     70.27734375 85.41015625 73.82421875 68.31640625
 62.703125   62.38671875 69.55078125 39.953125   55.7109375  50.56640625
 51.2890625  83.38671875 67.53125    49.93359375 67.76171875 95.8125
 58.8359375  52.375      72.80078125 89.63671875 45.38671875 86.40625
 86.53984375 70.5546875  55.69921875 86.27734375 73.51171875 63.87109375
 55.87890625 71.88671875 72.6484375  67.9296875  51.12890625 79.92304687
 68.4140625  53.33203125 91.640625   50.4453125  62.5390625  79.81640625
 51.0859375  63.80859375 60.171875   96.421875   85.86197917 68.46484375
 64.1953125  91.6796875  84.4921875  78.9296875  42.49609375 85.63671875
 49.98046875 58.921875   86.296875   80.8671875  66.515625   79.953125
 81.51041667 77.0234375  52.65234375 71.0546875  78.11328125 66.1484375
 82.71191406 67.23828125 49.265625   64.93359375 51.60546875 56.93359375
 69.9453125  77.15664063 94.13671875 83.953125   54.42578125 85.13294271
 64.53125    83.953125   22.22916667 55.671875   57.19140625 75.4296875
 80.078125   55.890625   24.42447917 65.12890625 72.15625    62.703125
 84.13671875 65.6484375  73.07421875 49.80078125 70.734375   85.59765625
 78.88671875 61.6328125  58.8125     71.85546875 51.50390625 47.90234375
 66.73046875 61.23046875 78.56640625 87.87890625 45.9375     62.86328125
 64.06640625 77.16796875 69.90625    96.171875   66.8515625  92.21875
 66.109375   56.25       90.50651042 63.27734375 46.25390625 90.5625
 89.54674479 51.890625   79.5859375  72.17578125 61.15625    52.265625
 69.1015625  72.16796875 70.66796875 75.84765625 81.3671875  68.78125
 55.5390625  64.453125   62.6953125  74.5390625  67.46484375 56.37109375
 69.32421875 76.015625   71.96875    54.703125   81.67057292 82.37890625
 80.91796875 73.578125   53.765625   55.90625    84.05078125 76.89453125
 90.34765625 71.32421875 66.1640625  64.52734375 78.69921875 33.52994792
 63.91015625 85.12109375 71.91796875 62.31640625 53.92578125 65.25
 51.984375   91.19140625 76.7421875  62.76953125 76.33984375 80.6796875
 48.69921875 54.36328125]
[ 2023-03-18 13:58:16,006 ] 65 root - INFO - Test model score : 0.9768036203818187 
 Test Model Score: 0.8444182482420366
[ 2023-03-18 13:58:16,006 ] 67 root - INFO - Report Addded : {'Random Forest': 0.8444182482420366}
[ 2023-03-18 13:58:16,007 ] 39 root - INFO - Evaluting Model: DecisionTreeRegressor() on Params; {'criterion': ['squared_error', 'friedman_mse', 'absolute_error', 'poisson']}
[ 2023-03-18 13:58:16,010 ] 43 root - INFO - GridSearchCV(cv=3, estimator=DecisionTreeRegressor(),
             param_grid={'criterion': ['squared_error', 'friedman_mse',
                                       'absolute_error', 'poisson']})
[ 2023-03-18 13:58:16,280 ] 45 root - INFO - Doing Grid Search CV
[ 2023-03-18 13:58:16,294 ] 50 root - INFO - Model Trained With Hyper Parameter Tunning
[ 2023-03-18 13:58:16,305 ] 57 root - INFO - Real Train Data [ 73.  58.  55.  37.  74.  79.  53.  75.  47.  66.  53.  66.  38.  64.
  57.  85.  90.  68.  76.  64.  62.  62.  76.  63.  54.  81.  66.  62.
  67.  74.  77.  85.  55.  52.  62.  74.  38.  48.  92.  76.  50.  48.
  50.  75.  45.  75.  60.  73.  81.  79.  75.  57.  79.  57.  68.  70.
  59.  47.  59.  68.  65.  58.  86.  76.  57.  67.  80.  61.  62.  65.
  39.  81.  81.  79.  91.  74.  75.  61.  54.  52.  66.  81.  97.  53.
  74.  57.  38.  69.  69.  84.  91.  36.  72.  79.  53.  65.  83.  87.
  47.  59.  68.  52.  58.  68.  64.  35.  69.  73.  79.  65.  69.  29.
  65.  80.  42.  44.  65.  73.  53.  65.  72.  80.  71.  63.  53.  83.
  71.  62.  59.  72.  62.  46.  67.  85.  91.  59.  76.  66.  59.  79.
  98.  27.  73.  88.  73.  68.  69.  72.  62.  86.  69.  82.  87.  58.
  89.  84.  35.  77.  51.  63.  84.  64.  54.  42.  56.  94.  80.  70.
  49.  69.   8.  58.  73.  61.  47.  59.  65.  26.  64.  59.  76.  82.
  77.  91.  69.  74.  62.  69.  73.  69.  62.  80.  48.  86.  43.  50.
  49.  65.  55.  51.  73.  52.  43.  75.  44.  81.  64.  65.  71.  65.
  30.  83.  85.  66.  76.  58.  92.  37.  75.  60.  55.  66.  76.  96.
  50.  49.  83.  92.  96.  73.  82.  67.  67.  48.  22.  70.  77.  56.
  53.  65.  58.  89.  66.  74.  83.  62.  73.  81.  47.  87.  80.  62.
  53. 100.  63.   0.  85.  68.  61.  34.  58.  78.  70.  61.  79.  68.
  70.  51.  73.  74.  82.  62.  19.  67.  70.  87.  63.  65.  61.  62.
  65.  49.  54.  46.  50.  45.  86.  67.  64.  55.  64.  71.  80.  71.
  66.  82.  50.  33.  40.  70.  63.  86.  48.  92.  59.  65.  62.  93.
  53.  58.  71.  77.  74.  78.  71.  46.  53.  62.  64.  62.  88.  62.
  69.  90.  53.  88.  69.  81.  65.  61.  99.  71.  62.  52.  79.  90.
  72.  61.  63.  89.  35.  54.  74.  78.  76.  53.  68.  75.  67.  69.
  81.  63.  41.  57.  61.  84.  61.  59.  49.  49.  41.  58.  76.  76.
  53.  49.  48.  55.  32.  61.  68.  72.  44.  63.  60.  90.  77.  61.
  58.  49.  64.  98.  55.  94.  71.  53.  63.  55.  46.  63.  76.  58.
  90.  72.  76.  32.  64.  36.  61.  81.  55.  85.  60.  60.  59.  80.
  82.  50.  35.  52.  96.  77.  82.  71.  83.  85.  69.  62.  69.  44.
  50.  54.  67.  59.  47.  54.  80.  61.  64.  49.  62.  44.  89.  81.
  68.  77.  65.  77.  88.  83.  73.  69.  68.  69.  58.  46.  61.  57.
  49.  61.  49.  56.  75.  58.  63.  78.  41.  46.  54.  73.  64. 100.
  57.  50.  67.  49.  70.  84.  42.  75.  61.  59.  99.  78.  78.  40.
  74.  74.  82.  62.  58.  75.  63.  34.  69.  52.  63.  69. 100.  75.
  68.  58.  65.  94.  76.  84.  65.  72.  63.  76.  69.  78.  81. 100.
  70.  44.  30.  84.  68.  84.  50.  81.  70.  84.  59.  98.  67.  73.
  88.  50.  77.  40.  75.  77.  54.  90.  64.  41.  49.  85.  77.  57.
  39.  94.  71. 100.  71.  58.  45.  67.  81.  82.  71.  70.  51.  66.
  79.  50.  72.  63.  84.  59.  91.  47.  97.  65.  58.  63.  54.  60.
  39.  68.  58.  57.  82.  91.  65.  57.  99.  56.  70.  59.  52.  82.
  53.  70.  67.  71.  50.  74.  66.  47.  59.  66.  52.  81.  75.  90.
  69.  82.  65.  62.  62.  62.  28.  61.  40.  52.  72.  45.  68.  94.
  44.  55.  74.  71.  79.  80.  46.  41.  52.  48.  77.  55.  45.  65.
  71.  65.  49.  45.  75.  69.  60.  81.  42.  68.  75.  62.  64.  82.
  74.  66.  81.  40.  60.  75.  49.  61.  87.  79.  87.  53.  77.  59.
  76.  52.  95.  91.  54.  55.  65.  93.  53.  67.  53.  68.  71.  41.
  57.  45.  88.  60.  81.  77.  66.  49.  53.  61.  47.  89.  71.  94.
  59.  59.  58.  85.  74.  65.  54.  59.  66.  77.  71.  93.  55.  52.
  73.  71.  60.  69.  40.  76.  52.  47.  77.  45.  63.  51.  48.  60.
  59.  72.  55.  76.  73.  72.  56.  82.  63.  67.  62.  87.  44.  55.
  66.  63.  85.  57.  60.  88.  53.  87.  64.  77.  67.  65.  50.  40.
  57.  57.  23.  67.  79.  81.  77.  70.  78.  51.  54.  63.  35.  64.
  67.  92.  65.  46.  46.  37.  80.  42.  68.  58.  45.  75.  80.  49.
  74.  67.  61.  63.  77.  60.  56.  77.  60.  73.  73.  78.  73.  73.
  87.  62.  57.  46.  74.  92.  61.  81.  73.  72.  66.  73.  32.  82.
  68.  97.  51.  59. 100.  87.  62.  69.  51.  88.  58.  59.  61.  62.
  67.  73.] and Predicted Train Data [ 58.  49.  63.  55.  98.  62.  98.  55.  86.  50.  49.  84.  62.  77.
  44.  60.  61.  57.  77.  65.  77.  60.  55.  60.  81.  76.  57.  92.
  62.  53.  40.  77.  73.  88.  80.  67.  68.  62.  75.  44.  52.  53.
  50.  86.  65.  52.  73. 100.  59.  53.  73.  94.  40.  89.  83.  74.
  65.  87.  76.  57.  53.  73.  70.  61.  59.  80.  65.  52.  88.  53.
  69.  89.  40.  61.  60.  87.  92.  69.  71.  93.  85.  80.  44.  91.
  45.  59.  89.  81.  74.  82.  78.  81.  55.  69.  74.  68.  85.  63.
  45.  63.  54.  51.  69.  80.  99.  77.  53.  82.  69.  89.  23.  65.
  54.  81.  81.  56.  23.  63.  69.  66.  86.  67.  71.  54.  65.  87.
  78.  52.  61.  65.  49.  48.  65.  60.  90.  89.  48.  59.  69.  82.
  63.  97.  72.  94.  66.  69.  88.  65.  45.  99.  82.  49.  82.  81.
  60.  49.  72.  73.  69.  68.  86.  72.  52.  44.  61.  78.  65.  64.
  62.  72.  72.  63.  81.  86.  78.  80.  64.  53.  84.  68. 100.  61.
  71.  57.  79.  34.  62.  90.  69.  66.  53.  71.  45.  94.  78.  59.
  74.  80.  35.  62.]
[ 2023-03-18 13:58:16,309 ] 58 root - INFO - Real Train Data [ 52.  40.  65.  63.  93.  66.  84.  65.  86.  51.  50.  76.  53.  79.
  43.  57.  62.  51.  74.  54.  65.  53.  51.  68.  79.  67.  60.  97.
  68.  59.  67.  85.  71.  88.  85.  74.  62.  55.  74.  37.  68.  53.
  63.  87.  65.  43.  69.  91.  59.  59.  67.  79.  40.  87.  86.  71.
  65.  82.  69.  71.  62.  72.  66.  72.  44.  82.  66.  42.  97.  59.
  55.  71.  59.  64.  55. 100.  88.  62.  64.  88.  95.  75.  29.  88.
  39.  66.  85.  80.  72.  79.  79.  80.  52.  68.  75.  66.  78.  74.
  61.  69.  40.  48.  72.  79.  87.  88.  54.  81.  68.  78.  24.  54.
  63.  69.  88.  54.  18.  67.  61.  61.  87.  65.  76.  48.  65.  82.
  74.  68.  53.  71.  47.  61.  67.  58.  69.  87.  43.  70.  66.  88.
  73.  91.  69.  90.  60.  59.  97.  77.  27.  94.  85.  56.  77.  72.
  56.  64.  80.  81.  79.  70.  79.  73.  56.  66.  59.  78.  63.  58.
  69.  83.  70.  54.  86.  80.  79.  69.  58.  52.  78.  76.  77.  74.
  70.  74.  80.  29.  73.  87.  59.  62.  52.  71.  48.  89.  65.  67.
  75.  78.  46.  57.] and Predicted Train Data [ 58.  49.  63.  55.  98.  62.  98.  55.  86.  50.  49.  84.  62.  77.
  44.  60.  61.  57.  77.  65.  77.  60.  55.  60.  81.  76.  57.  92.
  62.  53.  40.  77.  73.  88.  80.  67.  68.  62.  75.  44.  52.  53.
  50.  86.  65.  52.  73. 100.  59.  53.  73.  94.  40.  89.  83.  74.
  65.  87.  76.  57.  53.  73.  70.  61.  59.  80.  65.  52.  88.  53.
  69.  89.  40.  61.  60.  87.  92.  69.  71.  93.  85.  80.  44.  91.
  45.  59.  89.  81.  74.  82.  78.  81.  55.  69.  74.  68.  85.  63.
  45.  63.  54.  51.  69.  80.  99.  77.  53.  82.  69.  89.  23.  65.
  54.  81.  81.  56.  23.  63.  69.  66.  86.  67.  71.  54.  65.  87.
  78.  52.  61.  65.  49.  48.  65.  60.  90.  89.  48.  59.  69.  82.
  63.  97.  72.  94.  66.  69.  88.  65.  45.  99.  82.  49.  82.  81.
  60.  49.  72.  73.  69.  68.  86.  72.  52.  44.  61.  78.  65.  64.
  62.  72.  72.  63.  81.  86.  78.  80.  64.  53.  84.  68. 100.  61.
  71.  57.  79.  34.  62.  90.  69.  66.  53.  71.  45.  94.  78.  59.
  74.  80.  35.  62.]
[ 2023-03-18 13:58:16,310 ] 65 root - INFO - Test model score : 0.9989538037152753 
 Test Model Score: 0.7081667938503573
[ 2023-03-18 13:58:16,310 ] 67 root - INFO - Report Addded : {'Random Forest': 0.8444182482420366, 'Decision Tree': 0.7081667938503573}
[ 2023-03-18 13:58:16,311 ] 39 root - INFO - Evaluting Model: GradientBoostingRegressor() on Params; {'learning_rate': [0.1, 0.01, 0.05, 0.001], 'subsample': [0.6, 0.7, 0.75, 0.8, 0.85, 0.9], 'n_estimators': [8, 16, 32, 64, 128, 256]}
[ 2023-03-18 13:58:16,311 ] 43 root - INFO - GridSearchCV(cv=3, estimator=GradientBoostingRegressor(),
             param_grid={'learning_rate': [0.1, 0.01, 0.05, 0.001],
                         'n_estimators': [8, 16, 32, 64, 128, 256],
                         'subsample': [0.6, 0.7, 0.75, 0.8, 0.85, 0.9]})
[ 2023-03-18 13:59:16,828 ] 45 root - INFO - Doing Grid Search CV
[ 2023-03-18 13:59:16,973 ] 50 root - INFO - Model Trained With Hyper Parameter Tunning
[ 2023-03-18 13:59:16,987 ] 57 root - INFO - Real Train Data [ 73.  58.  55.  37.  74.  79.  53.  75.  47.  66.  53.  66.  38.  64.
  57.  85.  90.  68.  76.  64.  62.  62.  76.  63.  54.  81.  66.  62.
  67.  74.  77.  85.  55.  52.  62.  74.  38.  48.  92.  76.  50.  48.
  50.  75.  45.  75.  60.  73.  81.  79.  75.  57.  79.  57.  68.  70.
  59.  47.  59.  68.  65.  58.  86.  76.  57.  67.  80.  61.  62.  65.
  39.  81.  81.  79.  91.  74.  75.  61.  54.  52.  66.  81.  97.  53.
  74.  57.  38.  69.  69.  84.  91.  36.  72.  79.  53.  65.  83.  87.
  47.  59.  68.  52.  58.  68.  64.  35.  69.  73.  79.  65.  69.  29.
  65.  80.  42.  44.  65.  73.  53.  65.  72.  80.  71.  63.  53.  83.
  71.  62.  59.  72.  62.  46.  67.  85.  91.  59.  76.  66.  59.  79.
  98.  27.  73.  88.  73.  68.  69.  72.  62.  86.  69.  82.  87.  58.
  89.  84.  35.  77.  51.  63.  84.  64.  54.  42.  56.  94.  80.  70.
  49.  69.   8.  58.  73.  61.  47.  59.  65.  26.  64.  59.  76.  82.
  77.  91.  69.  74.  62.  69.  73.  69.  62.  80.  48.  86.  43.  50.
  49.  65.  55.  51.  73.  52.  43.  75.  44.  81.  64.  65.  71.  65.
  30.  83.  85.  66.  76.  58.  92.  37.  75.  60.  55.  66.  76.  96.
  50.  49.  83.  92.  96.  73.  82.  67.  67.  48.  22.  70.  77.  56.
  53.  65.  58.  89.  66.  74.  83.  62.  73.  81.  47.  87.  80.  62.
  53. 100.  63.   0.  85.  68.  61.  34.  58.  78.  70.  61.  79.  68.
  70.  51.  73.  74.  82.  62.  19.  67.  70.  87.  63.  65.  61.  62.
  65.  49.  54.  46.  50.  45.  86.  67.  64.  55.  64.  71.  80.  71.
  66.  82.  50.  33.  40.  70.  63.  86.  48.  92.  59.  65.  62.  93.
  53.  58.  71.  77.  74.  78.  71.  46.  53.  62.  64.  62.  88.  62.
  69.  90.  53.  88.  69.  81.  65.  61.  99.  71.  62.  52.  79.  90.
  72.  61.  63.  89.  35.  54.  74.  78.  76.  53.  68.  75.  67.  69.
  81.  63.  41.  57.  61.  84.  61.  59.  49.  49.  41.  58.  76.  76.
  53.  49.  48.  55.  32.  61.  68.  72.  44.  63.  60.  90.  77.  61.
  58.  49.  64.  98.  55.  94.  71.  53.  63.  55.  46.  63.  76.  58.
  90.  72.  76.  32.  64.  36.  61.  81.  55.  85.  60.  60.  59.  80.
  82.  50.  35.  52.  96.  77.  82.  71.  83.  85.  69.  62.  69.  44.
  50.  54.  67.  59.  47.  54.  80.  61.  64.  49.  62.  44.  89.  81.
  68.  77.  65.  77.  88.  83.  73.  69.  68.  69.  58.  46.  61.  57.
  49.  61.  49.  56.  75.  58.  63.  78.  41.  46.  54.  73.  64. 100.
  57.  50.  67.  49.  70.  84.  42.  75.  61.  59.  99.  78.  78.  40.
  74.  74.  82.  62.  58.  75.  63.  34.  69.  52.  63.  69. 100.  75.
  68.  58.  65.  94.  76.  84.  65.  72.  63.  76.  69.  78.  81. 100.
  70.  44.  30.  84.  68.  84.  50.  81.  70.  84.  59.  98.  67.  73.
  88.  50.  77.  40.  75.  77.  54.  90.  64.  41.  49.  85.  77.  57.
  39.  94.  71. 100.  71.  58.  45.  67.  81.  82.  71.  70.  51.  66.
  79.  50.  72.  63.  84.  59.  91.  47.  97.  65.  58.  63.  54.  60.
  39.  68.  58.  57.  82.  91.  65.  57.  99.  56.  70.  59.  52.  82.
  53.  70.  67.  71.  50.  74.  66.  47.  59.  66.  52.  81.  75.  90.
  69.  82.  65.  62.  62.  62.  28.  61.  40.  52.  72.  45.  68.  94.
  44.  55.  74.  71.  79.  80.  46.  41.  52.  48.  77.  55.  45.  65.
  71.  65.  49.  45.  75.  69.  60.  81.  42.  68.  75.  62.  64.  82.
  74.  66.  81.  40.  60.  75.  49.  61.  87.  79.  87.  53.  77.  59.
  76.  52.  95.  91.  54.  55.  65.  93.  53.  67.  53.  68.  71.  41.
  57.  45.  88.  60.  81.  77.  66.  49.  53.  61.  47.  89.  71.  94.
  59.  59.  58.  85.  74.  65.  54.  59.  66.  77.  71.  93.  55.  52.
  73.  71.  60.  69.  40.  76.  52.  47.  77.  45.  63.  51.  48.  60.
  59.  72.  55.  76.  73.  72.  56.  82.  63.  67.  62.  87.  44.  55.
  66.  63.  85.  57.  60.  88.  53.  87.  64.  77.  67.  65.  50.  40.
  57.  57.  23.  67.  79.  81.  77.  70.  78.  51.  54.  63.  35.  64.
  67.  92.  65.  46.  46.  37.  80.  42.  68.  58.  45.  75.  80.  49.
  74.  67.  61.  63.  77.  60.  56.  77.  60.  73.  73.  78.  73.  73.
  87.  62.  57.  46.  74.  92.  61.  81.  73.  72.  66.  73.  32.  82.
  68.  97.  51.  59. 100.  87.  62.  69.  51.  88.  58.  59.  61.  62.
  67.  73.] and Predicted Train Data [ 51.64985582  49.27797799  61.3527895   58.84106771  90.05476164
  61.96311485  88.82176806  60.56467574  82.13258992  51.06428941
  53.23605149  81.84657962  59.66659718  77.20981504  51.02811806
  52.20186254  69.00040933  62.17741297  69.73183734  54.20800183
  69.18619806  58.78116006  55.15108563  58.59041656  78.6222146
  66.19718572  61.4291474   94.18487131  70.31593559  51.12754586
  58.64691897  83.40796197  71.15930355  84.12546375  74.43521599
  68.26213247  64.07267484  60.84052127  69.9987447   41.44268133
  53.66855258  52.79650268  50.85505797  85.6831371   70.06520729
  49.11448657  68.83614089  98.24580687  58.32587032  52.81211643
  73.60698006  87.48851146  45.66382342  84.40541322  87.22844231
  67.18567377  56.49638076  82.59120035  67.10769092  66.93080845
  55.73581907  71.66176892  72.9334727   66.41859935  50.7510333
  82.29576065  68.77002268  54.57106323  90.20056045  51.85584075
  61.28221116  78.58047818  54.96665035  63.40083706  61.27469867
 104.79732657  83.72658771  65.67209334  61.45017164  90.07210756
  87.30483933  78.06139487  41.51164021  80.64584101  53.26262586
  61.2307419   82.52915992  81.13356999  66.14620192  80.84709021
  79.21723799  75.34718639  52.95908408  68.98155853  79.11348914
  65.74901221  84.08503084  69.19041372  51.77023561  66.86263187
  51.77023561  57.94765355  66.5938847   79.66229228  94.88021183
  83.11567722  53.0920399   86.78450007  61.04144717  77.33786221
  23.11615649  56.31203764  57.76843413  78.51681032  77.7986563
  57.51738101  22.10995868  65.32344107  69.2128294   63.32643491
  81.36165898  65.06899944  70.47928999  49.5252236   69.65727544
  83.10653173  76.28048111  62.31475705  59.9636607   72.71951207
  51.79183773  50.74642826  71.7725775   62.15707511  79.05203018
  86.62915907  45.37738042  63.44215586  61.38965281  76.58955803
  68.72966232  96.50189005  64.71757026  92.23574262  66.46420556
  58.96558209  91.81207248  65.22487908  42.75048457  90.86700198
  89.33851547  54.41984211  79.54674341  69.76914474  62.17096634
  52.17201795  69.28496346  74.48772789  68.81288297  73.10372429
  78.7442173   65.36023079  55.13881263  62.86128237  63.43558433
  72.62076083  66.41292381  56.21931909  71.83436908  79.39010997
  72.15520041  53.79965655  82.32083438  80.9027964   79.21181112
  69.74331344  56.74598128  56.39603835  86.27498856  75.80141013
  83.27996223  73.66190042  63.45586308  67.53499815  78.81329067
  33.87668396  65.29086748  84.43387652  71.64600436  65.05574831
  54.49691881  68.27638883  49.56200408  86.74906795  73.04902813
  63.99345535  76.82333297  76.89047038  46.83273636  54.88352353]
[ 2023-03-18 13:59:16,994 ] 58 root - INFO - Real Train Data [ 52.  40.  65.  63.  93.  66.  84.  65.  86.  51.  50.  76.  53.  79.
  43.  57.  62.  51.  74.  54.  65.  53.  51.  68.  79.  67.  60.  97.
  68.  59.  67.  85.  71.  88.  85.  74.  62.  55.  74.  37.  68.  53.
  63.  87.  65.  43.  69.  91.  59.  59.  67.  79.  40.  87.  86.  71.
  65.  82.  69.  71.  62.  72.  66.  72.  44.  82.  66.  42.  97.  59.
  55.  71.  59.  64.  55. 100.  88.  62.  64.  88.  95.  75.  29.  88.
  39.  66.  85.  80.  72.  79.  79.  80.  52.  68.  75.  66.  78.  74.
  61.  69.  40.  48.  72.  79.  87.  88.  54.  81.  68.  78.  24.  54.
  63.  69.  88.  54.  18.  67.  61.  61.  87.  65.  76.  48.  65.  82.
  74.  68.  53.  71.  47.  61.  67.  58.  69.  87.  43.  70.  66.  88.
  73.  91.  69.  90.  60.  59.  97.  77.  27.  94.  85.  56.  77.  72.
  56.  64.  80.  81.  79.  70.  79.  73.  56.  66.  59.  78.  63.  58.
  69.  83.  70.  54.  86.  80.  79.  69.  58.  52.  78.  76.  77.  74.
  70.  74.  80.  29.  73.  87.  59.  62.  52.  71.  48.  89.  65.  67.
  75.  78.  46.  57.] and Predicted Train Data [ 51.64985582  49.27797799  61.3527895   58.84106771  90.05476164
  61.96311485  88.82176806  60.56467574  82.13258992  51.06428941
  53.23605149  81.84657962  59.66659718  77.20981504  51.02811806
  52.20186254  69.00040933  62.17741297  69.73183734  54.20800183
  69.18619806  58.78116006  55.15108563  58.59041656  78.6222146
  66.19718572  61.4291474   94.18487131  70.31593559  51.12754586
  58.64691897  83.40796197  71.15930355  84.12546375  74.43521599
  68.26213247  64.07267484  60.84052127  69.9987447   41.44268133
  53.66855258  52.79650268  50.85505797  85.6831371   70.06520729
  49.11448657  68.83614089  98.24580687  58.32587032  52.81211643
  73.60698006  87.48851146  45.66382342  84.40541322  87.22844231
  67.18567377  56.49638076  82.59120035  67.10769092  66.93080845
  55.73581907  71.66176892  72.9334727   66.41859935  50.7510333
  82.29576065  68.77002268  54.57106323  90.20056045  51.85584075
  61.28221116  78.58047818  54.96665035  63.40083706  61.27469867
 104.79732657  83.72658771  65.67209334  61.45017164  90.07210756
  87.30483933  78.06139487  41.51164021  80.64584101  53.26262586
  61.2307419   82.52915992  81.13356999  66.14620192  80.84709021
  79.21723799  75.34718639  52.95908408  68.98155853  79.11348914
  65.74901221  84.08503084  69.19041372  51.77023561  66.86263187
  51.77023561  57.94765355  66.5938847   79.66229228  94.88021183
  83.11567722  53.0920399   86.78450007  61.04144717  77.33786221
  23.11615649  56.31203764  57.76843413  78.51681032  77.7986563
  57.51738101  22.10995868  65.32344107  69.2128294   63.32643491
  81.36165898  65.06899944  70.47928999  49.5252236   69.65727544
  83.10653173  76.28048111  62.31475705  59.9636607   72.71951207
  51.79183773  50.74642826  71.7725775   62.15707511  79.05203018
  86.62915907  45.37738042  63.44215586  61.38965281  76.58955803
  68.72966232  96.50189005  64.71757026  92.23574262  66.46420556
  58.96558209  91.81207248  65.22487908  42.75048457  90.86700198
  89.33851547  54.41984211  79.54674341  69.76914474  62.17096634
  52.17201795  69.28496346  74.48772789  68.81288297  73.10372429
  78.7442173   65.36023079  55.13881263  62.86128237  63.43558433
  72.62076083  66.41292381  56.21931909  71.83436908  79.39010997
  72.15520041  53.79965655  82.32083438  80.9027964   79.21181112
  69.74331344  56.74598128  56.39603835  86.27498856  75.80141013
  83.27996223  73.66190042  63.45586308  67.53499815  78.81329067
  33.87668396  65.29086748  84.43387652  71.64600436  65.05574831
  54.49691881  68.27638883  49.56200408  86.74906795  73.04902813
  63.99345535  76.82333297  76.89047038  46.83273636  54.88352353]
[ 2023-03-18 13:59:16,997 ] 65 root - INFO - Test model score : 0.8971480055151303 
 Test Model Score: 0.8564259692104372
[ 2023-03-18 13:59:16,997 ] 67 root - INFO - Report Addded : {'Random Forest': 0.8444182482420366, 'Decision Tree': 0.7081667938503573, 'Gradient Boosting': 0.8564259692104372}
[ 2023-03-18 13:59:16,997 ] 39 root - INFO - Evaluting Model: LinearRegression() on Params; {}
[ 2023-03-18 13:59:16,998 ] 43 root - INFO - GridSearchCV(cv=3, estimator=LinearRegression(), param_grid={})
[ 2023-03-18 13:59:17,230 ] 45 root - INFO - Doing Grid Search CV
[ 2023-03-18 13:59:17,234 ] 50 root - INFO - Model Trained With Hyper Parameter Tunning
[ 2023-03-18 13:59:17,243 ] 57 root - INFO - Real Train Data [ 73.  58.  55.  37.  74.  79.  53.  75.  47.  66.  53.  66.  38.  64.
  57.  85.  90.  68.  76.  64.  62.  62.  76.  63.  54.  81.  66.  62.
  67.  74.  77.  85.  55.  52.  62.  74.  38.  48.  92.  76.  50.  48.
  50.  75.  45.  75.  60.  73.  81.  79.  75.  57.  79.  57.  68.  70.
  59.  47.  59.  68.  65.  58.  86.  76.  57.  67.  80.  61.  62.  65.
  39.  81.  81.  79.  91.  74.  75.  61.  54.  52.  66.  81.  97.  53.
  74.  57.  38.  69.  69.  84.  91.  36.  72.  79.  53.  65.  83.  87.
  47.  59.  68.  52.  58.  68.  64.  35.  69.  73.  79.  65.  69.  29.
  65.  80.  42.  44.  65.  73.  53.  65.  72.  80.  71.  63.  53.  83.
  71.  62.  59.  72.  62.  46.  67.  85.  91.  59.  76.  66.  59.  79.
  98.  27.  73.  88.  73.  68.  69.  72.  62.  86.  69.  82.  87.  58.
  89.  84.  35.  77.  51.  63.  84.  64.  54.  42.  56.  94.  80.  70.
  49.  69.   8.  58.  73.  61.  47.  59.  65.  26.  64.  59.  76.  82.
  77.  91.  69.  74.  62.  69.  73.  69.  62.  80.  48.  86.  43.  50.
  49.  65.  55.  51.  73.  52.  43.  75.  44.  81.  64.  65.  71.  65.
  30.  83.  85.  66.  76.  58.  92.  37.  75.  60.  55.  66.  76.  96.
  50.  49.  83.  92.  96.  73.  82.  67.  67.  48.  22.  70.  77.  56.
  53.  65.  58.  89.  66.  74.  83.  62.  73.  81.  47.  87.  80.  62.
  53. 100.  63.   0.  85.  68.  61.  34.  58.  78.  70.  61.  79.  68.
  70.  51.  73.  74.  82.  62.  19.  67.  70.  87.  63.  65.  61.  62.
  65.  49.  54.  46.  50.  45.  86.  67.  64.  55.  64.  71.  80.  71.
  66.  82.  50.  33.  40.  70.  63.  86.  48.  92.  59.  65.  62.  93.
  53.  58.  71.  77.  74.  78.  71.  46.  53.  62.  64.  62.  88.  62.
  69.  90.  53.  88.  69.  81.  65.  61.  99.  71.  62.  52.  79.  90.
  72.  61.  63.  89.  35.  54.  74.  78.  76.  53.  68.  75.  67.  69.
  81.  63.  41.  57.  61.  84.  61.  59.  49.  49.  41.  58.  76.  76.
  53.  49.  48.  55.  32.  61.  68.  72.  44.  63.  60.  90.  77.  61.
  58.  49.  64.  98.  55.  94.  71.  53.  63.  55.  46.  63.  76.  58.
  90.  72.  76.  32.  64.  36.  61.  81.  55.  85.  60.  60.  59.  80.
  82.  50.  35.  52.  96.  77.  82.  71.  83.  85.  69.  62.  69.  44.
  50.  54.  67.  59.  47.  54.  80.  61.  64.  49.  62.  44.  89.  81.
  68.  77.  65.  77.  88.  83.  73.  69.  68.  69.  58.  46.  61.  57.
  49.  61.  49.  56.  75.  58.  63.  78.  41.  46.  54.  73.  64. 100.
  57.  50.  67.  49.  70.  84.  42.  75.  61.  59.  99.  78.  78.  40.
  74.  74.  82.  62.  58.  75.  63.  34.  69.  52.  63.  69. 100.  75.
  68.  58.  65.  94.  76.  84.  65.  72.  63.  76.  69.  78.  81. 100.
  70.  44.  30.  84.  68.  84.  50.  81.  70.  84.  59.  98.  67.  73.
  88.  50.  77.  40.  75.  77.  54.  90.  64.  41.  49.  85.  77.  57.
  39.  94.  71. 100.  71.  58.  45.  67.  81.  82.  71.  70.  51.  66.
  79.  50.  72.  63.  84.  59.  91.  47.  97.  65.  58.  63.  54.  60.
  39.  68.  58.  57.  82.  91.  65.  57.  99.  56.  70.  59.  52.  82.
  53.  70.  67.  71.  50.  74.  66.  47.  59.  66.  52.  81.  75.  90.
  69.  82.  65.  62.  62.  62.  28.  61.  40.  52.  72.  45.  68.  94.
  44.  55.  74.  71.  79.  80.  46.  41.  52.  48.  77.  55.  45.  65.
  71.  65.  49.  45.  75.  69.  60.  81.  42.  68.  75.  62.  64.  82.
  74.  66.  81.  40.  60.  75.  49.  61.  87.  79.  87.  53.  77.  59.
  76.  52.  95.  91.  54.  55.  65.  93.  53.  67.  53.  68.  71.  41.
  57.  45.  88.  60.  81.  77.  66.  49.  53.  61.  47.  89.  71.  94.
  59.  59.  58.  85.  74.  65.  54.  59.  66.  77.  71.  93.  55.  52.
  73.  71.  60.  69.  40.  76.  52.  47.  77.  45.  63.  51.  48.  60.
  59.  72.  55.  76.  73.  72.  56.  82.  63.  67.  62.  87.  44.  55.
  66.  63.  85.  57.  60.  88.  53.  87.  64.  77.  67.  65.  50.  40.
  57.  57.  23.  67.  79.  81.  77.  70.  78.  51.  54.  63.  35.  64.
  67.  92.  65.  46.  46.  37.  80.  42.  68.  58.  45.  75.  80.  49.
  74.  67.  61.  63.  77.  60.  56.  77.  60.  73.  73.  78.  73.  73.
  87.  62.  57.  46.  74.  92.  61.  81.  73.  72.  66.  73.  32.  82.
  68.  97.  51.  59. 100.  87.  62.  69.  51.  88.  58.  59.  61.  62.
  67.  73.] and Predicted Train Data [ 51.10961914  46.51635742  62.21484375  60.03405762  90.67407227
  64.4119873   86.86999512  61.45068359  82.953125    51.1640625
  52.17346191  82.63891602  56.8848877   76.58947754  50.87316895
  52.84020996  70.87512207  61.14135742  72.07543945  54.72253418
  72.39733887  60.12634277  54.47167969  60.32348633  81.01403809
  67.78625488  62.41638184  94.37182617  69.68029785  49.22827148
  60.04614258  81.95593262  71.68029785  82.1394043   74.82580566
  69.33679199  64.34655762  59.75463867  72.70275879  40.84375
  54.54785156  53.53320312  52.08227539  88.2980957   71.39624023
  48.42614746  70.47583008  95.17199707  60.51806641  53.48425293
  73.91699219  88.76586914  44.20373535  85.81555176  90.05566406
  69.18920898  58.48876953  82.06787109  67.3203125   66.92687988
  57.94506836  72.54248047  71.30737305  68.25195312  52.95227051
  80.49475098  68.2890625   55.08166504  88.93115234  54.64941406
  60.66577148  76.72180176  54.10375977  63.97436523  59.87390137
 105.64697266  86.42468262  64.26330566  60.24560547  87.98510742
  84.32861328  78.83251953  35.21789551  82.75268555  52.04040527
  65.390625    82.97363281  81.95336914  64.72338867  80.51306152
  79.22094727  76.41699219  50.52001953  67.83679199  78.82080078
  67.55444336  85.05737305  73.2331543   52.94238281  67.27026367
  51.98474121  58.62109375  70.27526855  75.30578613  91.21899414
  82.25390625  54.16723633  89.38708496  62.0904541   76.46081543
  22.50744629  54.91564941  59.5703125   77.85986328  78.4005127
  58.36657715  21.53112793  62.74755859  68.56689453  64.03918457
  81.93066406  65.9296875   72.23095703  51.0579834   69.85083008
  84.51196289  74.59033203  65.38391113  58.33605957  72.85583496
  52.39453125  48.4822998   70.55737305  64.0246582   78.48754883
  85.91821289  44.11682129  64.44213867  61.1184082   77.47729492
  71.70361328  97.40551758  62.94995117  91.375       66.79138184
  57.87658691  88.82714844  67.57397461  40.13586426  89.42602539
  91.38989258  53.26086426  79.03173828  68.03735352  61.93212891
  52.11523438  68.82507324  75.64245605  70.83984375  74.4440918
  78.0871582   66.46203613  55.51477051  65.36376953  63.75646973
  73.25598145  66.37597656  56.86755371  70.48693848  79.70629883
  74.9732666   52.45812988  82.7220459   79.60473633  80.3795166
  73.5357666   57.66796875  57.99890137  85.37963867  78.47973633
  79.39916992  75.81604004  64.59094238  67.84448242  78.33422852
  30.72497559  67.19458008  82.47790527  70.65637207  63.77783203
  57.38989258  72.41540527  51.90307617  86.18920898  74.31201172
  65.48522949  76.92041016  78.64953613  44.65026855  52.26269531]
[ 2023-03-18 13:59:17,249 ] 58 root - INFO - Real Train Data [ 52.  40.  65.  63.  93.  66.  84.  65.  86.  51.  50.  76.  53.  79.
  43.  57.  62.  51.  74.  54.  65.  53.  51.  68.  79.  67.  60.  97.
  68.  59.  67.  85.  71.  88.  85.  74.  62.  55.  74.  37.  68.  53.
  63.  87.  65.  43.  69.  91.  59.  59.  67.  79.  40.  87.  86.  71.
  65.  82.  69.  71.  62.  72.  66.  72.  44.  82.  66.  42.  97.  59.
  55.  71.  59.  64.  55. 100.  88.  62.  64.  88.  95.  75.  29.  88.
  39.  66.  85.  80.  72.  79.  79.  80.  52.  68.  75.  66.  78.  74.
  61.  69.  40.  48.  72.  79.  87.  88.  54.  81.  68.  78.  24.  54.
  63.  69.  88.  54.  18.  67.  61.  61.  87.  65.  76.  48.  65.  82.
  74.  68.  53.  71.  47.  61.  67.  58.  69.  87.  43.  70.  66.  88.
  73.  91.  69.  90.  60.  59.  97.  77.  27.  94.  85.  56.  77.  72.
  56.  64.  80.  81.  79.  70.  79.  73.  56.  66.  59.  78.  63.  58.
  69.  83.  70.  54.  86.  80.  79.  69.  58.  52.  78.  76.  77.  74.
  70.  74.  80.  29.  73.  87.  59.  62.  52.  71.  48.  89.  65.  67.
  75.  78.  46.  57.] and Predicted Train Data [ 51.10961914  46.51635742  62.21484375  60.03405762  90.67407227
  64.4119873   86.86999512  61.45068359  82.953125    51.1640625
  52.17346191  82.63891602  56.8848877   76.58947754  50.87316895
  52.84020996  70.87512207  61.14135742  72.07543945  54.72253418
  72.39733887  60.12634277  54.47167969  60.32348633  81.01403809
  67.78625488  62.41638184  94.37182617  69.68029785  49.22827148
  60.04614258  81.95593262  71.68029785  82.1394043   74.82580566
  69.33679199  64.34655762  59.75463867  72.70275879  40.84375
  54.54785156  53.53320312  52.08227539  88.2980957   71.39624023
  48.42614746  70.47583008  95.17199707  60.51806641  53.48425293
  73.91699219  88.76586914  44.20373535  85.81555176  90.05566406
  69.18920898  58.48876953  82.06787109  67.3203125   66.92687988
  57.94506836  72.54248047  71.30737305  68.25195312  52.95227051
  80.49475098  68.2890625   55.08166504  88.93115234  54.64941406
  60.66577148  76.72180176  54.10375977  63.97436523  59.87390137
 105.64697266  86.42468262  64.26330566  60.24560547  87.98510742
  84.32861328  78.83251953  35.21789551  82.75268555  52.04040527
  65.390625    82.97363281  81.95336914  64.72338867  80.51306152
  79.22094727  76.41699219  50.52001953  67.83679199  78.82080078
  67.55444336  85.05737305  73.2331543   52.94238281  67.27026367
  51.98474121  58.62109375  70.27526855  75.30578613  91.21899414
  82.25390625  54.16723633  89.38708496  62.0904541   76.46081543
  22.50744629  54.91564941  59.5703125   77.85986328  78.4005127
  58.36657715  21.53112793  62.74755859  68.56689453  64.03918457
  81.93066406  65.9296875   72.23095703  51.0579834   69.85083008
  84.51196289  74.59033203  65.38391113  58.33605957  72.85583496
  52.39453125  48.4822998   70.55737305  64.0246582   78.48754883
  85.91821289  44.11682129  64.44213867  61.1184082   77.47729492
  71.70361328  97.40551758  62.94995117  91.375       66.79138184
  57.87658691  88.82714844  67.57397461  40.13586426  89.42602539
  91.38989258  53.26086426  79.03173828  68.03735352  61.93212891
  52.11523438  68.82507324  75.64245605  70.83984375  74.4440918
  78.0871582   66.46203613  55.51477051  65.36376953  63.75646973
  73.25598145  66.37597656  56.86755371  70.48693848  79.70629883
  74.9732666   52.45812988  82.7220459   79.60473633  80.3795166
  73.5357666   57.66796875  57.99890137  85.37963867  78.47973633
  79.39916992  75.81604004  64.59094238  67.84448242  78.33422852
  30.72497559  67.19458008  82.47790527  70.65637207  63.77783203
  57.38989258  72.41540527  51.90307617  86.18920898  74.31201172
  65.48522949  76.92041016  78.64953613  44.65026855  52.26269531]
[ 2023-03-18 13:59:17,251 ] 65 root - INFO - Test model score : 0.877359822837107 
 Test Model Score: 0.8704023080124457
[ 2023-03-18 13:59:17,252 ] 67 root - INFO - Report Addded : {'Random Forest': 0.8444182482420366, 'Decision Tree': 0.7081667938503573, 'Gradient Boosting': 0.8564259692104372, 'Linear Regression': 0.8704023080124457}
[ 2023-03-18 13:59:17,252 ] 39 root - INFO - Evaluting Model: KNeighborsRegressor() on Params; {}
[ 2023-03-18 13:59:17,252 ] 43 root - INFO - GridSearchCV(cv=3, estimator=KNeighborsRegressor(), param_grid={})
[ 2023-03-18 13:59:17,480 ] 45 root - INFO - Doing Grid Search CV
[ 2023-03-18 13:59:17,481 ] 50 root - INFO - Model Trained With Hyper Parameter Tunning
[ 2023-03-18 13:59:17,531 ] 57 root - INFO - Real Train Data [ 73.  58.  55.  37.  74.  79.  53.  75.  47.  66.  53.  66.  38.  64.
  57.  85.  90.  68.  76.  64.  62.  62.  76.  63.  54.  81.  66.  62.
  67.  74.  77.  85.  55.  52.  62.  74.  38.  48.  92.  76.  50.  48.
  50.  75.  45.  75.  60.  73.  81.  79.  75.  57.  79.  57.  68.  70.
  59.  47.  59.  68.  65.  58.  86.  76.  57.  67.  80.  61.  62.  65.
  39.  81.  81.  79.  91.  74.  75.  61.  54.  52.  66.  81.  97.  53.
  74.  57.  38.  69.  69.  84.  91.  36.  72.  79.  53.  65.  83.  87.
  47.  59.  68.  52.  58.  68.  64.  35.  69.  73.  79.  65.  69.  29.
  65.  80.  42.  44.  65.  73.  53.  65.  72.  80.  71.  63.  53.  83.
  71.  62.  59.  72.  62.  46.  67.  85.  91.  59.  76.  66.  59.  79.
  98.  27.  73.  88.  73.  68.  69.  72.  62.  86.  69.  82.  87.  58.
  89.  84.  35.  77.  51.  63.  84.  64.  54.  42.  56.  94.  80.  70.
  49.  69.   8.  58.  73.  61.  47.  59.  65.  26.  64.  59.  76.  82.
  77.  91.  69.  74.  62.  69.  73.  69.  62.  80.  48.  86.  43.  50.
  49.  65.  55.  51.  73.  52.  43.  75.  44.  81.  64.  65.  71.  65.
  30.  83.  85.  66.  76.  58.  92.  37.  75.  60.  55.  66.  76.  96.
  50.  49.  83.  92.  96.  73.  82.  67.  67.  48.  22.  70.  77.  56.
  53.  65.  58.  89.  66.  74.  83.  62.  73.  81.  47.  87.  80.  62.
  53. 100.  63.   0.  85.  68.  61.  34.  58.  78.  70.  61.  79.  68.
  70.  51.  73.  74.  82.  62.  19.  67.  70.  87.  63.  65.  61.  62.
  65.  49.  54.  46.  50.  45.  86.  67.  64.  55.  64.  71.  80.  71.
  66.  82.  50.  33.  40.  70.  63.  86.  48.  92.  59.  65.  62.  93.
  53.  58.  71.  77.  74.  78.  71.  46.  53.  62.  64.  62.  88.  62.
  69.  90.  53.  88.  69.  81.  65.  61.  99.  71.  62.  52.  79.  90.
  72.  61.  63.  89.  35.  54.  74.  78.  76.  53.  68.  75.  67.  69.
  81.  63.  41.  57.  61.  84.  61.  59.  49.  49.  41.  58.  76.  76.
  53.  49.  48.  55.  32.  61.  68.  72.  44.  63.  60.  90.  77.  61.
  58.  49.  64.  98.  55.  94.  71.  53.  63.  55.  46.  63.  76.  58.
  90.  72.  76.  32.  64.  36.  61.  81.  55.  85.  60.  60.  59.  80.
  82.  50.  35.  52.  96.  77.  82.  71.  83.  85.  69.  62.  69.  44.
  50.  54.  67.  59.  47.  54.  80.  61.  64.  49.  62.  44.  89.  81.
  68.  77.  65.  77.  88.  83.  73.  69.  68.  69.  58.  46.  61.  57.
  49.  61.  49.  56.  75.  58.  63.  78.  41.  46.  54.  73.  64. 100.
  57.  50.  67.  49.  70.  84.  42.  75.  61.  59.  99.  78.  78.  40.
  74.  74.  82.  62.  58.  75.  63.  34.  69.  52.  63.  69. 100.  75.
  68.  58.  65.  94.  76.  84.  65.  72.  63.  76.  69.  78.  81. 100.
  70.  44.  30.  84.  68.  84.  50.  81.  70.  84.  59.  98.  67.  73.
  88.  50.  77.  40.  75.  77.  54.  90.  64.  41.  49.  85.  77.  57.
  39.  94.  71. 100.  71.  58.  45.  67.  81.  82.  71.  70.  51.  66.
  79.  50.  72.  63.  84.  59.  91.  47.  97.  65.  58.  63.  54.  60.
  39.  68.  58.  57.  82.  91.  65.  57.  99.  56.  70.  59.  52.  82.
  53.  70.  67.  71.  50.  74.  66.  47.  59.  66.  52.  81.  75.  90.
  69.  82.  65.  62.  62.  62.  28.  61.  40.  52.  72.  45.  68.  94.
  44.  55.  74.  71.  79.  80.  46.  41.  52.  48.  77.  55.  45.  65.
  71.  65.  49.  45.  75.  69.  60.  81.  42.  68.  75.  62.  64.  82.
  74.  66.  81.  40.  60.  75.  49.  61.  87.  79.  87.  53.  77.  59.
  76.  52.  95.  91.  54.  55.  65.  93.  53.  67.  53.  68.  71.  41.
  57.  45.  88.  60.  81.  77.  66.  49.  53.  61.  47.  89.  71.  94.
  59.  59.  58.  85.  74.  65.  54.  59.  66.  77.  71.  93.  55.  52.
  73.  71.  60.  69.  40.  76.  52.  47.  77.  45.  63.  51.  48.  60.
  59.  72.  55.  76.  73.  72.  56.  82.  63.  67.  62.  87.  44.  55.
  66.  63.  85.  57.  60.  88.  53.  87.  64.  77.  67.  65.  50.  40.
  57.  57.  23.  67.  79.  81.  77.  70.  78.  51.  54.  63.  35.  64.
  67.  92.  65.  46.  46.  37.  80.  42.  68.  58.  45.  75.  80.  49.
  74.  67.  61.  63.  77.  60.  56.  77.  60.  73.  73.  78.  73.  73.
  87.  62.  57.  46.  74.  92.  61.  81.  73.  72.  66.  73.  32.  82.
  68.  97.  51.  59. 100.  87.  62.  69.  51.  88.  58.  59.  61.  62.
  67.  73.] and Predicted Train Data [70.8 50.8 69.4 69.  79.4 57.  69.8 72.2 68.4 60.4 63.6 80.6 48.  67.
 56.8 60.8 68.4 77.6 57.6 53.2 75.6 55.2 52.6 60.8 73.4 68.  69.  79.4
 55.2 57.2 56.6 73.4 71.8 77.4 73.6 79.4 70.6 59.8 66.6 59.2 67.  62.6
 46.6 74.6 76.6 45.2 64.6 75.4 65.4 66.8 64.8 73.4 54.6 75.4 79.2 65.8
 52.8 76.  58.8 65.2 62.8 70.4 70.4 68.4 61.8 83.6 57.  61.2 73.6 60.8
 64.6 73.6 56.2 62.8 60.  87.  67.8 67.6 58.4 80.4 83.2 67.2 56.  77.2
 52.8 76.6 73.4 77.8 67.6 73.8 70.8 77.6 60.8 63.8 69.8 68.4 72.  64.6
 68.  60.  67.8 58.4 76.6 70.  83.8 74.  71.6 77.2 69.  74.2 32.2 57.8
 63.2 77.4 68.6 60.6 25.  73.4 72.4 64.6 68.  66.8 72.4 63.  68.2 63.
 66.  64.6 55.2 67.  59.6 62.8 65.6 67.6 77.4 79.  52.  60.8 61.2 72.4
 72.6 73.8 66.  79.2 67.6 57.6 69.8 68.8 61.2 73.6 83.6 45.2 75.6 68.8
 71.4 55.2 73.6 69.8 60.2 74.2 77.  74.2 67.  63.4 67.6 58.8 61.  62.6
 67.6 69.6 75.8 56.4 77.4 79.  63.2 72.4 56.8 63.2 84.8 76.4 64.2 66.
 68.  58.4 67.4 47.2 69.8 77.8 75.2 64.6 62.8 66.8 61.4 72.4 70.6 75.6
 75.2 68.6 54.2 63.2]
[ 2023-03-18 13:59:17,538 ] 58 root - INFO - Real Train Data [ 52.  40.  65.  63.  93.  66.  84.  65.  86.  51.  50.  76.  53.  79.
  43.  57.  62.  51.  74.  54.  65.  53.  51.  68.  79.  67.  60.  97.
  68.  59.  67.  85.  71.  88.  85.  74.  62.  55.  74.  37.  68.  53.
  63.  87.  65.  43.  69.  91.  59.  59.  67.  79.  40.  87.  86.  71.
  65.  82.  69.  71.  62.  72.  66.  72.  44.  82.  66.  42.  97.  59.
  55.  71.  59.  64.  55. 100.  88.  62.  64.  88.  95.  75.  29.  88.
  39.  66.  85.  80.  72.  79.  79.  80.  52.  68.  75.  66.  78.  74.
  61.  69.  40.  48.  72.  79.  87.  88.  54.  81.  68.  78.  24.  54.
  63.  69.  88.  54.  18.  67.  61.  61.  87.  65.  76.  48.  65.  82.
  74.  68.  53.  71.  47.  61.  67.  58.  69.  87.  43.  70.  66.  88.
  73.  91.  69.  90.  60.  59.  97.  77.  27.  94.  85.  56.  77.  72.
  56.  64.  80.  81.  79.  70.  79.  73.  56.  66.  59.  78.  63.  58.
  69.  83.  70.  54.  86.  80.  79.  69.  58.  52.  78.  76.  77.  74.
  70.  74.  80.  29.  73.  87.  59.  62.  52.  71.  48.  89.  65.  67.
  75.  78.  46.  57.] and Predicted Train Data [70.8 50.8 69.4 69.  79.4 57.  69.8 72.2 68.4 60.4 63.6 80.6 48.  67.
 56.8 60.8 68.4 77.6 57.6 53.2 75.6 55.2 52.6 60.8 73.4 68.  69.  79.4
 55.2 57.2 56.6 73.4 71.8 77.4 73.6 79.4 70.6 59.8 66.6 59.2 67.  62.6
 46.6 74.6 76.6 45.2 64.6 75.4 65.4 66.8 64.8 73.4 54.6 75.4 79.2 65.8
 52.8 76.  58.8 65.2 62.8 70.4 70.4 68.4 61.8 83.6 57.  61.2 73.6 60.8
 64.6 73.6 56.2 62.8 60.  87.  67.8 67.6 58.4 80.4 83.2 67.2 56.  77.2
 52.8 76.6 73.4 77.8 67.6 73.8 70.8 77.6 60.8 63.8 69.8 68.4 72.  64.6
 68.  60.  67.8 58.4 76.6 70.  83.8 74.  71.6 77.2 69.  74.2 32.2 57.8
 63.2 77.4 68.6 60.6 25.  73.4 72.4 64.6 68.  66.8 72.4 63.  68.2 63.
 66.  64.6 55.2 67.  59.6 62.8 65.6 67.6 77.4 79.  52.  60.8 61.2 72.4
 72.6 73.8 66.  79.2 67.6 57.6 69.8 68.8 61.2 73.6 83.6 45.2 75.6 68.8
 71.4 55.2 73.6 69.8 60.2 74.2 77.  74.2 67.  63.4 67.6 58.8 61.  62.6
 67.6 69.6 75.8 56.4 77.4 79.  63.2 72.4 56.8 63.2 84.8 76.4 64.2 66.
 68.  58.4 67.4 47.2 69.8 77.8 75.2 64.6 62.8 66.8 61.4 72.4 70.6 75.6
 75.2 68.6 54.2 63.2]
[ 2023-03-18 13:59:17,540 ] 65 root - INFO - Test model score : 0.6895078557486356 
 Test Model Score: 0.4981420508414579
[ 2023-03-18 13:59:17,540 ] 67 root - INFO - Report Addded : {'Random Forest': 0.8444182482420366, 'Decision Tree': 0.7081667938503573, 'Gradient Boosting': 0.8564259692104372, 'Linear Regression': 0.8704023080124457, 'K-Neighbors Regression': 0.4981420508414579}
[ 2023-03-18 13:59:17,542 ] 39 root - INFO - Evaluting Model: XGBRFRegressor(base_score=None, booster=None, callbacks=None,
               colsample_bylevel=None, colsample_bytree=None,
               early_stopping_rounds=None, enable_categorical=False,
               eval_metric=None, feature_types=None, gamma=None, gpu_id=None,
               grow_policy=None, importance_type=None,
               interaction_constraints=None, max_bin=None,
               max_cat_threshold=None, max_cat_to_onehot=None,
               max_delta_step=None, max_depth=None, max_leaves=None,
               min_child_weight=None, missing=nan, monotone_constraints=None,
               n_estimators=100, n_jobs=None, num_parallel_tree=None,
               objective='reg:squarederror', predictor=None, random_state=None,
               reg_alpha=None, ...) on Params; {'learning_rate': [0.1, 0.01, 0.05, 0.001], 'n_estimators': [8, 16, 32, 64, 128, 256]}
[ 2023-03-18 13:59:17,542 ] 43 root - INFO - GridSearchCV(cv=3,
             estimator=XGBRFRegressor(base_score=None, booster=None,
                                      callbacks=None, colsample_bylevel=None,
                                      colsample_bytree=None,
                                      early_stopping_rounds=None,
                                      enable_categorical=False,
                                      eval_metric=None, feature_types=None,
                                      gamma=None, gpu_id=None, grow_policy=None,
                                      importance_type=None,
                                      interaction_constraints=None,
                                      max_bin=None, max_cat_threshold=None,
                                      max_cat_to_onehot=None,
                                      max_delta_step=None, max_depth=None,
                                      max_leaves=None, min_child_weight=None,
                                      missing=nan, monotone_constraints=None,
                                      n_estimators=100, n_jobs=None,
                                      num_parallel_tree=None,
                                      objective='reg:squarederror',
                                      predictor=None, random_state=None,
                                      reg_alpha=None, ...),
             param_grid={'learning_rate': [0.1, 0.01, 0.05, 0.001],
                         'n_estimators': [8, 16, 32, 64, 128, 256]})
[ 2023-03-18 13:59:25,006 ] 45 root - INFO - Doing Grid Search CV
[ 2023-03-18 13:59:25,140 ] 50 root - INFO - Model Trained With Hyper Parameter Tunning
[ 2023-03-18 13:59:25,168 ] 57 root - INFO - Real Train Data [ 73.  58.  55.  37.  74.  79.  53.  75.  47.  66.  53.  66.  38.  64.
  57.  85.  90.  68.  76.  64.  62.  62.  76.  63.  54.  81.  66.  62.
  67.  74.  77.  85.  55.  52.  62.  74.  38.  48.  92.  76.  50.  48.
  50.  75.  45.  75.  60.  73.  81.  79.  75.  57.  79.  57.  68.  70.
  59.  47.  59.  68.  65.  58.  86.  76.  57.  67.  80.  61.  62.  65.
  39.  81.  81.  79.  91.  74.  75.  61.  54.  52.  66.  81.  97.  53.
  74.  57.  38.  69.  69.  84.  91.  36.  72.  79.  53.  65.  83.  87.
  47.  59.  68.  52.  58.  68.  64.  35.  69.  73.  79.  65.  69.  29.
  65.  80.  42.  44.  65.  73.  53.  65.  72.  80.  71.  63.  53.  83.
  71.  62.  59.  72.  62.  46.  67.  85.  91.  59.  76.  66.  59.  79.
  98.  27.  73.  88.  73.  68.  69.  72.  62.  86.  69.  82.  87.  58.
  89.  84.  35.  77.  51.  63.  84.  64.  54.  42.  56.  94.  80.  70.
  49.  69.   8.  58.  73.  61.  47.  59.  65.  26.  64.  59.  76.  82.
  77.  91.  69.  74.  62.  69.  73.  69.  62.  80.  48.  86.  43.  50.
  49.  65.  55.  51.  73.  52.  43.  75.  44.  81.  64.  65.  71.  65.
  30.  83.  85.  66.  76.  58.  92.  37.  75.  60.  55.  66.  76.  96.
  50.  49.  83.  92.  96.  73.  82.  67.  67.  48.  22.  70.  77.  56.
  53.  65.  58.  89.  66.  74.  83.  62.  73.  81.  47.  87.  80.  62.
  53. 100.  63.   0.  85.  68.  61.  34.  58.  78.  70.  61.  79.  68.
  70.  51.  73.  74.  82.  62.  19.  67.  70.  87.  63.  65.  61.  62.
  65.  49.  54.  46.  50.  45.  86.  67.  64.  55.  64.  71.  80.  71.
  66.  82.  50.  33.  40.  70.  63.  86.  48.  92.  59.  65.  62.  93.
  53.  58.  71.  77.  74.  78.  71.  46.  53.  62.  64.  62.  88.  62.
  69.  90.  53.  88.  69.  81.  65.  61.  99.  71.  62.  52.  79.  90.
  72.  61.  63.  89.  35.  54.  74.  78.  76.  53.  68.  75.  67.  69.
  81.  63.  41.  57.  61.  84.  61.  59.  49.  49.  41.  58.  76.  76.
  53.  49.  48.  55.  32.  61.  68.  72.  44.  63.  60.  90.  77.  61.
  58.  49.  64.  98.  55.  94.  71.  53.  63.  55.  46.  63.  76.  58.
  90.  72.  76.  32.  64.  36.  61.  81.  55.  85.  60.  60.  59.  80.
  82.  50.  35.  52.  96.  77.  82.  71.  83.  85.  69.  62.  69.  44.
  50.  54.  67.  59.  47.  54.  80.  61.  64.  49.  62.  44.  89.  81.
  68.  77.  65.  77.  88.  83.  73.  69.  68.  69.  58.  46.  61.  57.
  49.  61.  49.  56.  75.  58.  63.  78.  41.  46.  54.  73.  64. 100.
  57.  50.  67.  49.  70.  84.  42.  75.  61.  59.  99.  78.  78.  40.
  74.  74.  82.  62.  58.  75.  63.  34.  69.  52.  63.  69. 100.  75.
  68.  58.  65.  94.  76.  84.  65.  72.  63.  76.  69.  78.  81. 100.
  70.  44.  30.  84.  68.  84.  50.  81.  70.  84.  59.  98.  67.  73.
  88.  50.  77.  40.  75.  77.  54.  90.  64.  41.  49.  85.  77.  57.
  39.  94.  71. 100.  71.  58.  45.  67.  81.  82.  71.  70.  51.  66.
  79.  50.  72.  63.  84.  59.  91.  47.  97.  65.  58.  63.  54.  60.
  39.  68.  58.  57.  82.  91.  65.  57.  99.  56.  70.  59.  52.  82.
  53.  70.  67.  71.  50.  74.  66.  47.  59.  66.  52.  81.  75.  90.
  69.  82.  65.  62.  62.  62.  28.  61.  40.  52.  72.  45.  68.  94.
  44.  55.  74.  71.  79.  80.  46.  41.  52.  48.  77.  55.  45.  65.
  71.  65.  49.  45.  75.  69.  60.  81.  42.  68.  75.  62.  64.  82.
  74.  66.  81.  40.  60.  75.  49.  61.  87.  79.  87.  53.  77.  59.
  76.  52.  95.  91.  54.  55.  65.  93.  53.  67.  53.  68.  71.  41.
  57.  45.  88.  60.  81.  77.  66.  49.  53.  61.  47.  89.  71.  94.
  59.  59.  58.  85.  74.  65.  54.  59.  66.  77.  71.  93.  55.  52.
  73.  71.  60.  69.  40.  76.  52.  47.  77.  45.  63.  51.  48.  60.
  59.  72.  55.  76.  73.  72.  56.  82.  63.  67.  62.  87.  44.  55.
  66.  63.  85.  57.  60.  88.  53.  87.  64.  77.  67.  65.  50.  40.
  57.  57.  23.  67.  79.  81.  77.  70.  78.  51.  54.  63.  35.  64.
  67.  92.  65.  46.  46.  37.  80.  42.  68.  58.  45.  75.  80.  49.
  74.  67.  61.  63.  77.  60.  56.  77.  60.  73.  73.  78.  73.  73.
  87.  62.  57.  46.  74.  92.  61.  81.  73.  72.  66.  73.  32.  82.
  68.  97.  51.  59. 100.  87.  62.  69.  51.  88.  58.  59.  61.  62.
  67.  73.] and Predicted Train Data [ 5.6305394  5.1399546  6.6571712  6.387446   9.6645     6.7071967
  9.920974   6.7105436  8.727234   5.2535486  6.031873   8.855566
  6.3942304  8.013      5.553397   5.6295424  7.5332522  6.7975197
  7.6174383  6.1854978  7.4891295  6.3900566  6.140304   6.408806
  8.39824    7.3802705  6.617804   9.589703   7.456848   5.5195723
  6.5100813  8.891948   7.5136275  8.900744   7.7038856  7.217053
  6.545227   6.622004   7.4645047  4.403807   6.172368   5.755806
  5.5363946  8.745143   6.9920526  5.3515306  7.2726893 10.070361
  6.2802176  5.6705914  7.790132   9.393357   5.146484   8.846966
  9.020136   7.203833   6.226066   9.002462   7.360956   6.656781
  5.8849044  7.530376   7.542205   7.492195   5.599064   8.41749
  7.5391397  6.117765   9.651124   5.602213   6.6154366  8.582795
  5.771928   6.8381824  6.456427  10.066999   8.656005   7.17422
  6.5571685  9.6661825  8.830017   8.094609   4.7663574  8.522385
  5.455839   6.166642   8.967093   8.36696    6.8655686  8.254571
  8.737158   7.8239846  5.864312   7.3932886  8.015265   7.1756563
  8.919546   7.3048863  5.560288   7.090188   5.6386213  6.2462115
  7.3170605  8.210982   9.656701   8.882801   5.9502163  8.966447
  6.6865277  8.81989    2.5857966  6.0956373  6.0723214  8.071453
  8.398815   5.996749   2.787358   7.2073607  7.4173784  6.770246
  8.68945    7.0926905  7.535597   5.5137506  7.512233   8.957605
  8.281292   6.815496   6.393907   7.7076516  5.764918   5.45717
  7.50165    6.558086   8.067761   9.136156   5.005781   6.805766
  6.656901   8.260729   7.3212385 10.084671   6.8305745  9.588982
  6.9806795  6.248703   9.5788145  6.7049026  4.99821    9.466996
  9.310453   5.821018   8.063493   7.452844   6.64988    5.638345
  7.355411   7.7038856  7.378329   7.9380736  8.548054   7.351064
  6.2532396  6.565418   6.7673955  7.7088475  7.3829618  6.0609865
  7.3893137  8.078879   7.5869102  6.0192165  8.544551   8.6740055
  8.737226   7.3770747  5.9365926  6.1918073  8.981456   7.889539
  9.417809   7.605916   6.9490237  6.667973   8.231464   4.035999
  7.1365175  9.007433   7.584973   7.027806   5.829103   6.9079747
  5.5801973  9.479131   7.737815   6.844974   7.9590826  8.417761
  5.2327933  6.070298 ]
[ 2023-03-18 13:59:25,172 ] 58 root - INFO - Real Train Data [ 52.  40.  65.  63.  93.  66.  84.  65.  86.  51.  50.  76.  53.  79.
  43.  57.  62.  51.  74.  54.  65.  53.  51.  68.  79.  67.  60.  97.
  68.  59.  67.  85.  71.  88.  85.  74.  62.  55.  74.  37.  68.  53.
  63.  87.  65.  43.  69.  91.  59.  59.  67.  79.  40.  87.  86.  71.
  65.  82.  69.  71.  62.  72.  66.  72.  44.  82.  66.  42.  97.  59.
  55.  71.  59.  64.  55. 100.  88.  62.  64.  88.  95.  75.  29.  88.
  39.  66.  85.  80.  72.  79.  79.  80.  52.  68.  75.  66.  78.  74.
  61.  69.  40.  48.  72.  79.  87.  88.  54.  81.  68.  78.  24.  54.
  63.  69.  88.  54.  18.  67.  61.  61.  87.  65.  76.  48.  65.  82.
  74.  68.  53.  71.  47.  61.  67.  58.  69.  87.  43.  70.  66.  88.
  73.  91.  69.  90.  60.  59.  97.  77.  27.  94.  85.  56.  77.  72.
  56.  64.  80.  81.  79.  70.  79.  73.  56.  66.  59.  78.  63.  58.
  69.  83.  70.  54.  86.  80.  79.  69.  58.  52.  78.  76.  77.  74.
  70.  74.  80.  29.  73.  87.  59.  62.  52.  71.  48.  89.  65.  67.
  75.  78.  46.  57.] and Predicted Train Data [ 5.6305394  5.1399546  6.6571712  6.387446   9.6645     6.7071967
  9.920974   6.7105436  8.727234   5.2535486  6.031873   8.855566
  6.3942304  8.013      5.553397   5.6295424  7.5332522  6.7975197
  7.6174383  6.1854978  7.4891295  6.3900566  6.140304   6.408806
  8.39824    7.3802705  6.617804   9.589703   7.456848   5.5195723
  6.5100813  8.891948   7.5136275  8.900744   7.7038856  7.217053
  6.545227   6.622004   7.4645047  4.403807   6.172368   5.755806
  5.5363946  8.745143   6.9920526  5.3515306  7.2726893 10.070361
  6.2802176  5.6705914  7.790132   9.393357   5.146484   8.846966
  9.020136   7.203833   6.226066   9.002462   7.360956   6.656781
  5.8849044  7.530376   7.542205   7.492195   5.599064   8.41749
  7.5391397  6.117765   9.651124   5.602213   6.6154366  8.582795
  5.771928   6.8381824  6.456427  10.066999   8.656005   7.17422
  6.5571685  9.6661825  8.830017   8.094609   4.7663574  8.522385
  5.455839   6.166642   8.967093   8.36696    6.8655686  8.254571
  8.737158   7.8239846  5.864312   7.3932886  8.015265   7.1756563
  8.919546   7.3048863  5.560288   7.090188   5.6386213  6.2462115
  7.3170605  8.210982   9.656701   8.882801   5.9502163  8.966447
  6.6865277  8.81989    2.5857966  6.0956373  6.0723214  8.071453
  8.398815   5.996749   2.787358   7.2073607  7.4173784  6.770246
  8.68945    7.0926905  7.535597   5.5137506  7.512233   8.957605
  8.281292   6.815496   6.393907   7.7076516  5.764918   5.45717
  7.50165    6.558086   8.067761   9.136156   5.005781   6.805766
  6.656901   8.260729   7.3212385 10.084671   6.8305745  9.588982
  6.9806795  6.248703   9.5788145  6.7049026  4.99821    9.466996
  9.310453   5.821018   8.063493   7.452844   6.64988    5.638345
  7.355411   7.7038856  7.378329   7.9380736  8.548054   7.351064
  6.2532396  6.565418   6.7673955  7.7088475  7.3829618  6.0609865
  7.3893137  8.078879   7.5869102  6.0192165  8.544551   8.6740055
  8.737226   7.3770747  5.9365926  6.1918073  8.981456   7.889539
  9.417809   7.605916   6.9490237  6.667973   8.231464   4.035999
  7.1365175  9.007433   7.584973   7.027806   5.829103   6.9079747
  5.5801973  9.479131   7.737815   6.844974   7.9590826  8.417761
  5.2327933  6.070298 ]
[ 2023-03-18 13:59:25,174 ] 65 root - INFO - Test model score : -14.789162608721844 
 Test Model Score: -16.141455824371366
[ 2023-03-18 13:59:25,174 ] 67 root - INFO - Report Addded : {'Random Forest': 0.8444182482420366, 'Decision Tree': 0.7081667938503573, 'Gradient Boosting': 0.8564259692104372, 'Linear Regression': 0.8704023080124457, 'K-Neighbors Regression': 0.4981420508414579, 'XGBRegression': -16.141455824371366}
[ 2023-03-18 13:59:25,174 ] 39 root - INFO - Evaluting Model: <catboost.core.CatBoostRegressor object at 0x000001A815A3FB80> on Params; {'depth': [6, 8, 10], 'learning_rate': [0.01, 0.05, 0.1], 'iterations': [30, 50, 100]}
[ 2023-03-18 13:59:25,176 ] 43 root - INFO - GridSearchCV(cv=3,
             estimator=<catboost.core.CatBoostRegressor object at 0x000001A815A3FB80>,
             param_grid={'depth': [6, 8, 10], 'iterations': [30, 50, 100],
                         'learning_rate': [0.01, 0.05, 0.1]})
[ 2023-03-18 14:00:03,878 ] 45 root - INFO - Doing Grid Search CV
[ 2023-03-18 14:00:04,244 ] 50 root - INFO - Model Trained With Hyper Parameter Tunning
[ 2023-03-18 14:00:04,280 ] 57 root - INFO - Real Train Data [ 73.  58.  55.  37.  74.  79.  53.  75.  47.  66.  53.  66.  38.  64.
  57.  85.  90.  68.  76.  64.  62.  62.  76.  63.  54.  81.  66.  62.
  67.  74.  77.  85.  55.  52.  62.  74.  38.  48.  92.  76.  50.  48.
  50.  75.  45.  75.  60.  73.  81.  79.  75.  57.  79.  57.  68.  70.
  59.  47.  59.  68.  65.  58.  86.  76.  57.  67.  80.  61.  62.  65.
  39.  81.  81.  79.  91.  74.  75.  61.  54.  52.  66.  81.  97.  53.
  74.  57.  38.  69.  69.  84.  91.  36.  72.  79.  53.  65.  83.  87.
  47.  59.  68.  52.  58.  68.  64.  35.  69.  73.  79.  65.  69.  29.
  65.  80.  42.  44.  65.  73.  53.  65.  72.  80.  71.  63.  53.  83.
  71.  62.  59.  72.  62.  46.  67.  85.  91.  59.  76.  66.  59.  79.
  98.  27.  73.  88.  73.  68.  69.  72.  62.  86.  69.  82.  87.  58.
  89.  84.  35.  77.  51.  63.  84.  64.  54.  42.  56.  94.  80.  70.
  49.  69.   8.  58.  73.  61.  47.  59.  65.  26.  64.  59.  76.  82.
  77.  91.  69.  74.  62.  69.  73.  69.  62.  80.  48.  86.  43.  50.
  49.  65.  55.  51.  73.  52.  43.  75.  44.  81.  64.  65.  71.  65.
  30.  83.  85.  66.  76.  58.  92.  37.  75.  60.  55.  66.  76.  96.
  50.  49.  83.  92.  96.  73.  82.  67.  67.  48.  22.  70.  77.  56.
  53.  65.  58.  89.  66.  74.  83.  62.  73.  81.  47.  87.  80.  62.
  53. 100.  63.   0.  85.  68.  61.  34.  58.  78.  70.  61.  79.  68.
  70.  51.  73.  74.  82.  62.  19.  67.  70.  87.  63.  65.  61.  62.
  65.  49.  54.  46.  50.  45.  86.  67.  64.  55.  64.  71.  80.  71.
  66.  82.  50.  33.  40.  70.  63.  86.  48.  92.  59.  65.  62.  93.
  53.  58.  71.  77.  74.  78.  71.  46.  53.  62.  64.  62.  88.  62.
  69.  90.  53.  88.  69.  81.  65.  61.  99.  71.  62.  52.  79.  90.
  72.  61.  63.  89.  35.  54.  74.  78.  76.  53.  68.  75.  67.  69.
  81.  63.  41.  57.  61.  84.  61.  59.  49.  49.  41.  58.  76.  76.
  53.  49.  48.  55.  32.  61.  68.  72.  44.  63.  60.  90.  77.  61.
  58.  49.  64.  98.  55.  94.  71.  53.  63.  55.  46.  63.  76.  58.
  90.  72.  76.  32.  64.  36.  61.  81.  55.  85.  60.  60.  59.  80.
  82.  50.  35.  52.  96.  77.  82.  71.  83.  85.  69.  62.  69.  44.
  50.  54.  67.  59.  47.  54.  80.  61.  64.  49.  62.  44.  89.  81.
  68.  77.  65.  77.  88.  83.  73.  69.  68.  69.  58.  46.  61.  57.
  49.  61.  49.  56.  75.  58.  63.  78.  41.  46.  54.  73.  64. 100.
  57.  50.  67.  49.  70.  84.  42.  75.  61.  59.  99.  78.  78.  40.
  74.  74.  82.  62.  58.  75.  63.  34.  69.  52.  63.  69. 100.  75.
  68.  58.  65.  94.  76.  84.  65.  72.  63.  76.  69.  78.  81. 100.
  70.  44.  30.  84.  68.  84.  50.  81.  70.  84.  59.  98.  67.  73.
  88.  50.  77.  40.  75.  77.  54.  90.  64.  41.  49.  85.  77.  57.
  39.  94.  71. 100.  71.  58.  45.  67.  81.  82.  71.  70.  51.  66.
  79.  50.  72.  63.  84.  59.  91.  47.  97.  65.  58.  63.  54.  60.
  39.  68.  58.  57.  82.  91.  65.  57.  99.  56.  70.  59.  52.  82.
  53.  70.  67.  71.  50.  74.  66.  47.  59.  66.  52.  81.  75.  90.
  69.  82.  65.  62.  62.  62.  28.  61.  40.  52.  72.  45.  68.  94.
  44.  55.  74.  71.  79.  80.  46.  41.  52.  48.  77.  55.  45.  65.
  71.  65.  49.  45.  75.  69.  60.  81.  42.  68.  75.  62.  64.  82.
  74.  66.  81.  40.  60.  75.  49.  61.  87.  79.  87.  53.  77.  59.
  76.  52.  95.  91.  54.  55.  65.  93.  53.  67.  53.  68.  71.  41.
  57.  45.  88.  60.  81.  77.  66.  49.  53.  61.  47.  89.  71.  94.
  59.  59.  58.  85.  74.  65.  54.  59.  66.  77.  71.  93.  55.  52.
  73.  71.  60.  69.  40.  76.  52.  47.  77.  45.  63.  51.  48.  60.
  59.  72.  55.  76.  73.  72.  56.  82.  63.  67.  62.  87.  44.  55.
  66.  63.  85.  57.  60.  88.  53.  87.  64.  77.  67.  65.  50.  40.
  57.  57.  23.  67.  79.  81.  77.  70.  78.  51.  54.  63.  35.  64.
  67.  92.  65.  46.  46.  37.  80.  42.  68.  58.  45.  75.  80.  49.
  74.  67.  61.  63.  77.  60.  56.  77.  60.  73.  73.  78.  73.  73.
  87.  62.  57.  46.  74.  92.  61.  81.  73.  72.  66.  73.  32.  82.
  68.  97.  51.  59. 100.  87.  62.  69.  51.  88.  58.  59.  61.  62.
  67.  73.] and Predicted Train Data [54.22886097 48.47765141 63.59588431 59.515149   89.16765603 60.19724781
 88.22646181 59.62618108 82.5853617  51.14797675 49.9439819  81.49018056
 57.62488511 74.18244097 50.75567729 51.61445551 69.30430643 60.51956027
 73.52798077 54.16640828 70.68572616 60.03908195 53.1066051  56.55549359
 80.45849752 66.73100397 61.30560831 93.91666297 68.94240706 50.8340855
 59.99334568 83.59943054 71.25153822 84.20779385 74.89479221 70.81431449
 62.57260525 62.11160837 71.2082484  39.01442588 53.24129211 55.29640846
 49.30691674 86.90636893 70.81050747 49.39500042 68.37770936 96.54858552
 56.64394294 52.11917442 71.38595005 88.68517307 46.54264116 85.40155149
 86.653055   68.39229471 58.63373855 83.01175759 67.88714429 66.58069898
 55.78394102 71.38909433 71.54900626 66.8171259  52.90267927 83.53705863
 67.12871277 54.7480337  91.83059236 53.02439929 61.39076838 78.87559099
 54.44794776 63.58525761 60.31137496 98.41711206 82.89632855 64.00569577
 60.85435856 90.70293063 86.20636815 78.05833603 37.7353711  80.08412333
 52.72604908 62.5500601  83.28418226 81.74052801 65.1059472  80.92244748
 78.62914078 75.38209836 50.2731559  66.49986885 77.35374922 65.75386933
 84.42414356 70.58760621 51.43328824 67.00938767 52.14522148 58.58570419
 71.16390522 77.34267043 91.82733418 81.28885762 53.99424663 86.92965835
 61.58426654 79.43653869 17.38859472 53.54572977 59.32249149 77.66740425
 77.14647688 58.1380352  17.19261246 62.88347725 67.24583775 63.25899638
 81.85957578 63.63744435 70.83845838 50.44437783 69.91115213 84.23647574
 74.76142862 61.89355641 58.60115434 71.23367392 53.14870671 48.98104521
 68.01368163 61.93223967 77.57058928 87.90846783 45.1534719  62.98825564
 61.85730926 75.56934236 69.56094452 92.56832588 62.82155911 91.86343654
 66.53604831 55.33232774 90.56150971 64.20960183 42.75328861 91.31281586
 89.0874692  54.64480672 79.13035638 69.74306012 61.66524207 54.19719827
 69.00394739 73.83677276 69.1727589  75.21099841 78.02682122 67.56171135
 54.4797874  64.65809417 63.16433645 72.29681005 64.45192135 56.88369985
 71.18832139 78.77802254 76.51906645 52.30401956 82.96543059 82.48586654
 80.99583157 70.46784896 56.1684165  55.78766543 86.05115476 76.21303037
 84.30541266 70.07378877 62.73425613 67.19637017 78.24230825 34.338233
 63.95439814 85.54358096 70.66369885 65.10416297 54.6003201  67.65198165
 51.18877616 88.41556522 72.79660934 63.46253698 77.56653049 76.84936427
 46.96420699 55.3362364 ]
[ 2023-03-18 14:00:04,284 ] 58 root - INFO - Real Train Data [ 52.  40.  65.  63.  93.  66.  84.  65.  86.  51.  50.  76.  53.  79.
  43.  57.  62.  51.  74.  54.  65.  53.  51.  68.  79.  67.  60.  97.
  68.  59.  67.  85.  71.  88.  85.  74.  62.  55.  74.  37.  68.  53.
  63.  87.  65.  43.  69.  91.  59.  59.  67.  79.  40.  87.  86.  71.
  65.  82.  69.  71.  62.  72.  66.  72.  44.  82.  66.  42.  97.  59.
  55.  71.  59.  64.  55. 100.  88.  62.  64.  88.  95.  75.  29.  88.
  39.  66.  85.  80.  72.  79.  79.  80.  52.  68.  75.  66.  78.  74.
  61.  69.  40.  48.  72.  79.  87.  88.  54.  81.  68.  78.  24.  54.
  63.  69.  88.  54.  18.  67.  61.  61.  87.  65.  76.  48.  65.  82.
  74.  68.  53.  71.  47.  61.  67.  58.  69.  87.  43.  70.  66.  88.
  73.  91.  69.  90.  60.  59.  97.  77.  27.  94.  85.  56.  77.  72.
  56.  64.  80.  81.  79.  70.  79.  73.  56.  66.  59.  78.  63.  58.
  69.  83.  70.  54.  86.  80.  79.  69.  58.  52.  78.  76.  77.  74.
  70.  74.  80.  29.  73.  87.  59.  62.  52.  71.  48.  89.  65.  67.
  75.  78.  46.  57.] and Predicted Train Data [54.22886097 48.47765141 63.59588431 59.515149   89.16765603 60.19724781
 88.22646181 59.62618108 82.5853617  51.14797675 49.9439819  81.49018056
 57.62488511 74.18244097 50.75567729 51.61445551 69.30430643 60.51956027
 73.52798077 54.16640828 70.68572616 60.03908195 53.1066051  56.55549359
 80.45849752 66.73100397 61.30560831 93.91666297 68.94240706 50.8340855
 59.99334568 83.59943054 71.25153822 84.20779385 74.89479221 70.81431449
 62.57260525 62.11160837 71.2082484  39.01442588 53.24129211 55.29640846
 49.30691674 86.90636893 70.81050747 49.39500042 68.37770936 96.54858552
 56.64394294 52.11917442 71.38595005 88.68517307 46.54264116 85.40155149
 86.653055   68.39229471 58.63373855 83.01175759 67.88714429 66.58069898
 55.78394102 71.38909433 71.54900626 66.8171259  52.90267927 83.53705863
 67.12871277 54.7480337  91.83059236 53.02439929 61.39076838 78.87559099
 54.44794776 63.58525761 60.31137496 98.41711206 82.89632855 64.00569577
 60.85435856 90.70293063 86.20636815 78.05833603 37.7353711  80.08412333
 52.72604908 62.5500601  83.28418226 81.74052801 65.1059472  80.92244748
 78.62914078 75.38209836 50.2731559  66.49986885 77.35374922 65.75386933
 84.42414356 70.58760621 51.43328824 67.00938767 52.14522148 58.58570419
 71.16390522 77.34267043 91.82733418 81.28885762 53.99424663 86.92965835
 61.58426654 79.43653869 17.38859472 53.54572977 59.32249149 77.66740425
 77.14647688 58.1380352  17.19261246 62.88347725 67.24583775 63.25899638
 81.85957578 63.63744435 70.83845838 50.44437783 69.91115213 84.23647574
 74.76142862 61.89355641 58.60115434 71.23367392 53.14870671 48.98104521
 68.01368163 61.93223967 77.57058928 87.90846783 45.1534719  62.98825564
 61.85730926 75.56934236 69.56094452 92.56832588 62.82155911 91.86343654
 66.53604831 55.33232774 90.56150971 64.20960183 42.75328861 91.31281586
 89.0874692  54.64480672 79.13035638 69.74306012 61.66524207 54.19719827
 69.00394739 73.83677276 69.1727589  75.21099841 78.02682122 67.56171135
 54.4797874  64.65809417 63.16433645 72.29681005 64.45192135 56.88369985
 71.18832139 78.77802254 76.51906645 52.30401956 82.96543059 82.48586654
 80.99583157 70.46784896 56.1684165  55.78766543 86.05115476 76.21303037
 84.30541266 70.07378877 62.73425613 67.19637017 78.24230825 34.338233
 63.95439814 85.54358096 70.66369885 65.10416297 54.6003201  67.65198165
 51.18877616 88.41556522 72.79660934 63.46253698 77.56653049 76.84936427
 46.96420699 55.3362364 ]
[ 2023-03-18 14:00:04,286 ] 65 root - INFO - Test model score : 0.9084471448377421 
 Test Model Score: 0.8591183744875537
[ 2023-03-18 14:00:04,287 ] 67 root - INFO - Report Addded : {'Random Forest': 0.8444182482420366, 'Decision Tree': 0.7081667938503573, 'Gradient Boosting': 0.8564259692104372, 'Linear Regression': 0.8704023080124457, 'K-Neighbors Regression': 0.4981420508414579, 'XGBRegression': -16.141455824371366, 'CatBoosting Regression': 0.8591183744875537}
[ 2023-03-18 14:00:04,287 ] 39 root - INFO - Evaluting Model: AdaBoostRegressor() on Params; {'learning_rate': [0.1, 0.01, 0.5, 0.001], 'n_estimators': [8, 16, 32, 64, 128, 256]}
[ 2023-03-18 14:00:04,288 ] 43 root - INFO - GridSearchCV(cv=3, estimator=AdaBoostRegressor(),
             param_grid={'learning_rate': [0.1, 0.01, 0.5, 0.001],
                         'n_estimators': [8, 16, 32, 64, 128, 256]})
[ 2023-03-18 14:00:25,680 ] 45 root - INFO - Doing Grid Search CV
[ 2023-03-18 14:00:26,133 ] 50 root - INFO - Model Trained With Hyper Parameter Tunning
[ 2023-03-18 14:00:26,196 ] 57 root - INFO - Real Train Data [ 73.  58.  55.  37.  74.  79.  53.  75.  47.  66.  53.  66.  38.  64.
  57.  85.  90.  68.  76.  64.  62.  62.  76.  63.  54.  81.  66.  62.
  67.  74.  77.  85.  55.  52.  62.  74.  38.  48.  92.  76.  50.  48.
  50.  75.  45.  75.  60.  73.  81.  79.  75.  57.  79.  57.  68.  70.
  59.  47.  59.  68.  65.  58.  86.  76.  57.  67.  80.  61.  62.  65.
  39.  81.  81.  79.  91.  74.  75.  61.  54.  52.  66.  81.  97.  53.
  74.  57.  38.  69.  69.  84.  91.  36.  72.  79.  53.  65.  83.  87.
  47.  59.  68.  52.  58.  68.  64.  35.  69.  73.  79.  65.  69.  29.
  65.  80.  42.  44.  65.  73.  53.  65.  72.  80.  71.  63.  53.  83.
  71.  62.  59.  72.  62.  46.  67.  85.  91.  59.  76.  66.  59.  79.
  98.  27.  73.  88.  73.  68.  69.  72.  62.  86.  69.  82.  87.  58.
  89.  84.  35.  77.  51.  63.  84.  64.  54.  42.  56.  94.  80.  70.
  49.  69.   8.  58.  73.  61.  47.  59.  65.  26.  64.  59.  76.  82.
  77.  91.  69.  74.  62.  69.  73.  69.  62.  80.  48.  86.  43.  50.
  49.  65.  55.  51.  73.  52.  43.  75.  44.  81.  64.  65.  71.  65.
  30.  83.  85.  66.  76.  58.  92.  37.  75.  60.  55.  66.  76.  96.
  50.  49.  83.  92.  96.  73.  82.  67.  67.  48.  22.  70.  77.  56.
  53.  65.  58.  89.  66.  74.  83.  62.  73.  81.  47.  87.  80.  62.
  53. 100.  63.   0.  85.  68.  61.  34.  58.  78.  70.  61.  79.  68.
  70.  51.  73.  74.  82.  62.  19.  67.  70.  87.  63.  65.  61.  62.
  65.  49.  54.  46.  50.  45.  86.  67.  64.  55.  64.  71.  80.  71.
  66.  82.  50.  33.  40.  70.  63.  86.  48.  92.  59.  65.  62.  93.
  53.  58.  71.  77.  74.  78.  71.  46.  53.  62.  64.  62.  88.  62.
  69.  90.  53.  88.  69.  81.  65.  61.  99.  71.  62.  52.  79.  90.
  72.  61.  63.  89.  35.  54.  74.  78.  76.  53.  68.  75.  67.  69.
  81.  63.  41.  57.  61.  84.  61.  59.  49.  49.  41.  58.  76.  76.
  53.  49.  48.  55.  32.  61.  68.  72.  44.  63.  60.  90.  77.  61.
  58.  49.  64.  98.  55.  94.  71.  53.  63.  55.  46.  63.  76.  58.
  90.  72.  76.  32.  64.  36.  61.  81.  55.  85.  60.  60.  59.  80.
  82.  50.  35.  52.  96.  77.  82.  71.  83.  85.  69.  62.  69.  44.
  50.  54.  67.  59.  47.  54.  80.  61.  64.  49.  62.  44.  89.  81.
  68.  77.  65.  77.  88.  83.  73.  69.  68.  69.  58.  46.  61.  57.
  49.  61.  49.  56.  75.  58.  63.  78.  41.  46.  54.  73.  64. 100.
  57.  50.  67.  49.  70.  84.  42.  75.  61.  59.  99.  78.  78.  40.
  74.  74.  82.  62.  58.  75.  63.  34.  69.  52.  63.  69. 100.  75.
  68.  58.  65.  94.  76.  84.  65.  72.  63.  76.  69.  78.  81. 100.
  70.  44.  30.  84.  68.  84.  50.  81.  70.  84.  59.  98.  67.  73.
  88.  50.  77.  40.  75.  77.  54.  90.  64.  41.  49.  85.  77.  57.
  39.  94.  71. 100.  71.  58.  45.  67.  81.  82.  71.  70.  51.  66.
  79.  50.  72.  63.  84.  59.  91.  47.  97.  65.  58.  63.  54.  60.
  39.  68.  58.  57.  82.  91.  65.  57.  99.  56.  70.  59.  52.  82.
  53.  70.  67.  71.  50.  74.  66.  47.  59.  66.  52.  81.  75.  90.
  69.  82.  65.  62.  62.  62.  28.  61.  40.  52.  72.  45.  68.  94.
  44.  55.  74.  71.  79.  80.  46.  41.  52.  48.  77.  55.  45.  65.
  71.  65.  49.  45.  75.  69.  60.  81.  42.  68.  75.  62.  64.  82.
  74.  66.  81.  40.  60.  75.  49.  61.  87.  79.  87.  53.  77.  59.
  76.  52.  95.  91.  54.  55.  65.  93.  53.  67.  53.  68.  71.  41.
  57.  45.  88.  60.  81.  77.  66.  49.  53.  61.  47.  89.  71.  94.
  59.  59.  58.  85.  74.  65.  54.  59.  66.  77.  71.  93.  55.  52.
  73.  71.  60.  69.  40.  76.  52.  47.  77.  45.  63.  51.  48.  60.
  59.  72.  55.  76.  73.  72.  56.  82.  63.  67.  62.  87.  44.  55.
  66.  63.  85.  57.  60.  88.  53.  87.  64.  77.  67.  65.  50.  40.
  57.  57.  23.  67.  79.  81.  77.  70.  78.  51.  54.  63.  35.  64.
  67.  92.  65.  46.  46.  37.  80.  42.  68.  58.  45.  75.  80.  49.
  74.  67.  61.  63.  77.  60.  56.  77.  60.  73.  73.  78.  73.  73.
  87.  62.  57.  46.  74.  92.  61.  81.  73.  72.  66.  73.  32.  82.
  68.  97.  51.  59. 100.  87.  62.  69.  51.  88.  58.  59.  61.  62.
  67.  73.] and Predicted Train Data [49.3129771  50.24229075 61.         59.10150376 87.92857143 65.78947368
 88.11805556 64.225      80.20535714 48.5234375  55.76923077 78.54
 55.50277778 78.49689441 53.4382716  50.24229075 70.6835443  62.02857143
 75.1038961  52.81642512 75.32335329 56.85207101 53.22818792 63.21653543
 77.61878453 66.42702703 61.1171875  90.10084034 69.84782609 51.03030303
 58.77131783 87.3968254  73.52662722 88.46341463 76.80168776 66.42702703
 61.73643411 59.31360947 70.6835443  42.97530864 56.4741784  51.75690608
 48.60588235 80.8705036  70.37012987 49.45263158 69.83333333 92.64814815
 62.69902913 53.4382716  76.97297297 81.18248175 47.54945055 81.05882353
 83.84090909 68.35185185 55.375      79.52413793 69.83333333 60.17216117
 53.22818792 73.05511811 72.05797101 70.39285714 49.35887097 79.80689655
 70.37012987 56.4741784  90.18421053 49.38888889 59.69421488 76.60237389
 53.65853659 62.02857143 57.03846154 93.98275862 80.47368421 62.98837209
 57.08661417 91.28571429 88.5        77.61878453 41.38297872 77.72
 54.54205607 59.81751825 79.52413793 82.92957746 65.23913043 82.13592233
 79.12       74.97142857 52.33653846 64.84444444 80.36440678 67.4368932
 85.33333333 73.0531401  50.24229075 69.84782609 49.3129771  59.08361204
 69.8655914  80.1047619  91.02521008 88.46341463 58.26451613 82.92957746
 59.08361204 79.58156028 22.83870968 54.07619048 59.08361204 80.20535714
 78.63803681 57.38970588 22.83333333 62.03809524 65.15079365 61.58333333
 81.71544715 66.81333333 72.52439024 48.31007752 73.0531401  88.9109589
 76.657277   66.03030303 57.03846154 75.76878613 52.81642512 49.93820225
 75.1038961  64.225      78.54       80.83898305 46.75609756 65.76923077
 59.69421488 76.657277   70.28965517 92.57894737 61.92982456 88.40939597
 65.52808989 51.7414966  90.00917431 64.65168539 39.77272727 85.43537415
 84.5027933  53.57446809 80.36440678 70.39285714 63.85648148 49.60869565
 70.05454545 76.80168776 65.68421053 74.78723404 78.77272727 64.94059406
 56.49411765 60.17216117 61.58333333 76.23773585 67.93617021 52.05952381
 70.09333333 79.80686695 72.21917808 52.52040816 79.58156028 76.5858209
 81.05882353 72.23529412 57.31972789 59.21621622 82.92307692 74.5
 80.34210526 71.47715736 64.47674419 64.65168539 81.18248175 40.94047619
 67.26573427 80.40375587 73.0531401  64.5443787  52.63945578 66.03030303
 47.5433526  86.85123967 76.65359477 64.65168539 77.29319372 76.7611336
 47.61818182 52.33653846]
[ 2023-03-18 14:00:26,199 ] 58 root - INFO - Real Train Data [ 52.  40.  65.  63.  93.  66.  84.  65.  86.  51.  50.  76.  53.  79.
  43.  57.  62.  51.  74.  54.  65.  53.  51.  68.  79.  67.  60.  97.
  68.  59.  67.  85.  71.  88.  85.  74.  62.  55.  74.  37.  68.  53.
  63.  87.  65.  43.  69.  91.  59.  59.  67.  79.  40.  87.  86.  71.
  65.  82.  69.  71.  62.  72.  66.  72.  44.  82.  66.  42.  97.  59.
  55.  71.  59.  64.  55. 100.  88.  62.  64.  88.  95.  75.  29.  88.
  39.  66.  85.  80.  72.  79.  79.  80.  52.  68.  75.  66.  78.  74.
  61.  69.  40.  48.  72.  79.  87.  88.  54.  81.  68.  78.  24.  54.
  63.  69.  88.  54.  18.  67.  61.  61.  87.  65.  76.  48.  65.  82.
  74.  68.  53.  71.  47.  61.  67.  58.  69.  87.  43.  70.  66.  88.
  73.  91.  69.  90.  60.  59.  97.  77.  27.  94.  85.  56.  77.  72.
  56.  64.  80.  81.  79.  70.  79.  73.  56.  66.  59.  78.  63.  58.
  69.  83.  70.  54.  86.  80.  79.  69.  58.  52.  78.  76.  77.  74.
  70.  74.  80.  29.  73.  87.  59.  62.  52.  71.  48.  89.  65.  67.
  75.  78.  46.  57.] and Predicted Train Data [49.3129771  50.24229075 61.         59.10150376 87.92857143 65.78947368
 88.11805556 64.225      80.20535714 48.5234375  55.76923077 78.54
 55.50277778 78.49689441 53.4382716  50.24229075 70.6835443  62.02857143
 75.1038961  52.81642512 75.32335329 56.85207101 53.22818792 63.21653543
 77.61878453 66.42702703 61.1171875  90.10084034 69.84782609 51.03030303
 58.77131783 87.3968254  73.52662722 88.46341463 76.80168776 66.42702703
 61.73643411 59.31360947 70.6835443  42.97530864 56.4741784  51.75690608
 48.60588235 80.8705036  70.37012987 49.45263158 69.83333333 92.64814815
 62.69902913 53.4382716  76.97297297 81.18248175 47.54945055 81.05882353
 83.84090909 68.35185185 55.375      79.52413793 69.83333333 60.17216117
 53.22818792 73.05511811 72.05797101 70.39285714 49.35887097 79.80689655
 70.37012987 56.4741784  90.18421053 49.38888889 59.69421488 76.60237389
 53.65853659 62.02857143 57.03846154 93.98275862 80.47368421 62.98837209
 57.08661417 91.28571429 88.5        77.61878453 41.38297872 77.72
 54.54205607 59.81751825 79.52413793 82.92957746 65.23913043 82.13592233
 79.12       74.97142857 52.33653846 64.84444444 80.36440678 67.4368932
 85.33333333 73.0531401  50.24229075 69.84782609 49.3129771  59.08361204
 69.8655914  80.1047619  91.02521008 88.46341463 58.26451613 82.92957746
 59.08361204 79.58156028 22.83870968 54.07619048 59.08361204 80.20535714
 78.63803681 57.38970588 22.83333333 62.03809524 65.15079365 61.58333333
 81.71544715 66.81333333 72.52439024 48.31007752 73.0531401  88.9109589
 76.657277   66.03030303 57.03846154 75.76878613 52.81642512 49.93820225
 75.1038961  64.225      78.54       80.83898305 46.75609756 65.76923077
 59.69421488 76.657277   70.28965517 92.57894737 61.92982456 88.40939597
 65.52808989 51.7414966  90.00917431 64.65168539 39.77272727 85.43537415
 84.5027933  53.57446809 80.36440678 70.39285714 63.85648148 49.60869565
 70.05454545 76.80168776 65.68421053 74.78723404 78.77272727 64.94059406
 56.49411765 60.17216117 61.58333333 76.23773585 67.93617021 52.05952381
 70.09333333 79.80686695 72.21917808 52.52040816 79.58156028 76.5858209
 81.05882353 72.23529412 57.31972789 59.21621622 82.92307692 74.5
 80.34210526 71.47715736 64.47674419 64.65168539 81.18248175 40.94047619
 67.26573427 80.40375587 73.0531401  64.5443787  52.63945578 66.03030303
 47.5433526  86.85123967 76.65359477 64.65168539 77.29319372 76.7611336
 47.61818182 52.33653846]
[ 2023-03-18 14:00:26,200 ] 65 root - INFO - Test model score : 0.8607286918627934 
 Test Model Score: 0.8334518453032203
[ 2023-03-18 14:00:26,200 ] 67 root - INFO - Report Addded : {'Random Forest': 0.8444182482420366, 'Decision Tree': 0.7081667938503573, 'Gradient Boosting': 0.8564259692104372, 'Linear Regression': 0.8704023080124457, 'K-Neighbors Regression': 0.4981420508414579, 'XGBRegression': -16.141455824371366, 'CatBoosting Regression': 0.8591183744875537, 'AdaBoost Regression': 0.8334518453032203}
[ 2023-03-18 14:00:26,201 ] 103 root - INFO - Model Report Genrated : {'Random Forest': 0.8444182482420366, 'Decision Tree': 0.7081667938503573, 'Gradient Boosting': 0.8564259692104372, 'Linear Regression': 0.8704023080124457, 'K-Neighbors Regression': 0.4981420508414579, 'XGBRegression': -16.141455824371366, 'CatBoosting Regression': 0.8591183744875537, 'AdaBoost Regression': 0.8334518453032203}
[ 2023-03-18 14:00:26,201 ] 111 root - INFO - Best Model Score: 0.8704023080124457 Best Model Name: Linear Regression
[ 2023-03-18 14:00:26,201 ] 119 root - INFO - Best found model on both training and testing dataset
[ 2023-03-18 14:00:26,201 ] 121 root - INFO - Best Model  : LinearRegression()
[ 2023-03-18 14:00:26,201 ] 15 root - INFO - Saving object {obj} on file: {file_path} Started.
[ 2023-03-18 14:00:26,201 ] 18 root - INFO - Making Directory :artifact
[ 2023-03-18 14:00:26,202 ] 20 root - INFO - Directory Made
[ 2023-03-18 14:00:26,202 ] 21 root - INFO - Dumping object : LinearRegression()
[ 2023-03-18 14:00:26,205 ] 25 root - INFO - Dumping of obj LinearRegression() Successfull <_io.BufferedWriter name='artifact\\model.pkl'>
[ 2023-03-18 14:00:26,205 ] 128 root - INFO - Model Scussecfully Formed
[ 2023-03-18 14:00:26,208 ] 132 root - INFO - Prediction Completed : [ 51.10961914  46.51635742  62.21484375  60.03405762  90.67407227
  64.4119873   86.86999512  61.45068359  82.953125    51.1640625
  52.17346191  82.63891602  56.8848877   76.58947754  50.87316895
  52.84020996  70.87512207  61.14135742  72.07543945  54.72253418
  72.39733887  60.12634277  54.47167969  60.32348633  81.01403809
  67.78625488  62.41638184  94.37182617  69.68029785  49.22827148
  60.04614258  81.95593262  71.68029785  82.1394043   74.82580566
  69.33679199  64.34655762  59.75463867  72.70275879  40.84375
  54.54785156  53.53320312  52.08227539  88.2980957   71.39624023
  48.42614746  70.47583008  95.17199707  60.51806641  53.48425293
  73.91699219  88.76586914  44.20373535  85.81555176  90.05566406
  69.18920898  58.48876953  82.06787109  67.3203125   66.92687988
  57.94506836  72.54248047  71.30737305  68.25195312  52.95227051
  80.49475098  68.2890625   55.08166504  88.93115234  54.64941406
  60.66577148  76.72180176  54.10375977  63.97436523  59.87390137
 105.64697266  86.42468262  64.26330566  60.24560547  87.98510742
  84.32861328  78.83251953  35.21789551  82.75268555  52.04040527
  65.390625    82.97363281  81.95336914  64.72338867  80.51306152
  79.22094727  76.41699219  50.52001953  67.83679199  78.82080078
  67.55444336  85.05737305  73.2331543   52.94238281  67.27026367
  51.98474121  58.62109375  70.27526855  75.30578613  91.21899414
  82.25390625  54.16723633  89.38708496  62.0904541   76.46081543
  22.50744629  54.91564941  59.5703125   77.85986328  78.4005127
  58.36657715  21.53112793  62.74755859  68.56689453  64.03918457
  81.93066406  65.9296875   72.23095703  51.0579834   69.85083008
  84.51196289  74.59033203  65.38391113  58.33605957  72.85583496
  52.39453125  48.4822998   70.55737305  64.0246582   78.48754883
  85.91821289  44.11682129  64.44213867  61.1184082   77.47729492
  71.70361328  97.40551758  62.94995117  91.375       66.79138184
  57.87658691  88.82714844  67.57397461  40.13586426  89.42602539
  91.38989258  53.26086426  79.03173828  68.03735352  61.93212891
  52.11523438  68.82507324  75.64245605  70.83984375  74.4440918
  78.0871582   66.46203613  55.51477051  65.36376953  63.75646973
  73.25598145  66.37597656  56.86755371  70.48693848  79.70629883
  74.9732666   52.45812988  82.7220459   79.60473633  80.3795166
  73.5357666   57.66796875  57.99890137  85.37963867  78.47973633
  79.39916992  75.81604004  64.59094238  67.84448242  78.33422852
  30.72497559  67.19458008  82.47790527  70.65637207  63.77783203
  57.38989258  72.41540527  51.90307617  86.18920898  74.31201172
  65.48522949  76.92041016  78.64953613  44.65026855  52.26269531]
[ 2023-03-18 14:00:26,213 ] 70 root - INFO - R2_Score : 0.8704023080124457
