[ 2023-03-18 19:11:49,693 ] 26 root - INFO - Entered the data ingestion method or components
[ 2023-03-18 19:11:49,793 ] 29 root - INFO - Exported Read The Dataset as DataFrame
[ 2023-03-18 19:11:49,841 ] 35 root - INFO - Train Test Split Inititated
[ 2023-03-18 19:11:49,884 ] 41 root - INFO - Ingestion of Data is completed
[ 2023-03-18 19:11:49,885 ] 62 root - INFO - Train Data : artifact\train.csv, Test Data : artifact\test.csv
[ 2023-03-18 19:11:49,894 ] 85 root - INFO - Read train and test data completed
[ 2023-03-18 19:11:49,894 ] 87 root - INFO - Obtaining preprocessing object
[ 2023-03-18 19:11:49,894 ] 34 root - INFO - Entered the data transfomation method or components
[ 2023-03-18 19:11:49,894 ] 44 root - INFO - Categorical columns: ['gender', 'race_ethnicity', 'parental_level_of_education', 'lunch', 'test_preparation_course']
[ 2023-03-18 19:11:49,894 ] 45 root - INFO - Numerical columns: ['writing_score', 'reading_score']
[ 2023-03-18 19:11:49,926 ] 61 root - INFO - Categorical Pipeline: Pipeline(steps=[('imputer', SimpleImputer(strategy='most_frequent')),
                ('one_hot_encoder', OneHotEncoder()),
                ('scaler', StandardScaler(with_mean=False))])
[ 2023-03-18 19:11:49,927 ] 62 root - INFO - Numerical Pipline: Pipeline(steps=[('imputer', SimpleImputer(strategy='median')),
                ('scaler', StandardScaler(with_mean=False))])
[ 2023-03-18 19:11:49,927 ] 71 root - INFO - Categorical Pipline &Numerical Pipeline Excueted Scuceesully
[ 2023-03-18 19:11:49,939 ] 72 root - INFO - Preprocesssor is returned ColumnTransformer(transformers=[('num_pipeline',
                                 Pipeline(steps=[('imputer',
                                                  SimpleImputer(strategy='median')),
                                                 ('scaler',
                                                  StandardScaler(with_mean=False))]),
                                 ['writing_score', 'reading_score']),
                                ('cat_pipeline',
                                 Pipeline(steps=[('imputer',
                                                  SimpleImputer(strategy='most_frequent')),
                                                 ('one_hot_encoder',
                                                  OneHotEncoder()),
                                                 ('scaler',
                                                  StandardScaler(with_mean=False))]),
                                 ['gender', 'race_ethnicity',
                                  'parental_level_of_education', 'lunch',
                                  'test_preparation_course'])])
[ 2023-03-18 19:11:49,940 ] 103 root - INFO - Categorical columns: ['gender', 'race_ethnicity', 'parental_level_of_education', 'lunch', 'test_preparation_course']
[ 2023-03-18 19:11:49,940 ] 104 root - INFO - Numerical columns: ['writing_score', 'reading_score']
[ 2023-03-18 19:11:49,940 ] 105 root - INFO - Target columns: math_score
[ 2023-03-18 19:11:49,940 ] 107 root - INFO - Removing Target Columns from Train and Test Set
[ 2023-03-18 19:11:49,942 ] 116 root - INFO - Applying preprocessing object on training dataframe and testing dataframe.
[ 2023-03-18 19:11:49,996 ] 131 root - INFO - Data Transformation Complted.
[ 2023-03-18 19:11:49,997 ] 15 root - INFO - Saving object {obj} on file: {file_path} Started.
[ 2023-03-18 19:11:49,997 ] 18 root - INFO - Making Directory :artifact
[ 2023-03-18 19:11:49,997 ] 20 root - INFO - Directory Made
[ 2023-03-18 19:11:50,011 ] 21 root - INFO - Dumping object : ColumnTransformer(transformers=[('num_pipeline',
                                 Pipeline(steps=[('imputer',
                                                  SimpleImputer(strategy='median')),
                                                 ('scaler',
                                                  StandardScaler(with_mean=False))]),
                                 ['writing_score', 'reading_score']),
                                ('cat_pipeline',
                                 Pipeline(steps=[('imputer',
                                                  SimpleImputer(strategy='most_frequent')),
                                                 ('one_hot_encoder',
                                                  OneHotEncoder()),
                                                 ('scaler',
                                                  StandardScaler(with_mean=False))]),
                                 ['gender', 'race_ethnicity',
                                  'parental_level_of_education', 'lunch',
                                  'test_preparation_course'])])
[ 2023-03-18 19:11:50,032 ] 25 root - INFO - Dumping of obj ColumnTransformer(transformers=[('num_pipeline',
                                 Pipeline(steps=[('imputer',
                                                  SimpleImputer(strategy='median')),
                                                 ('scaler',
                                                  StandardScaler(with_mean=False))]),
                                 ['writing_score', 'reading_score']),
                                ('cat_pipeline',
                                 Pipeline(steps=[('imputer',
                                                  SimpleImputer(strategy='most_frequent')),
                                                 ('one_hot_encoder',
                                                  OneHotEncoder()),
                                                 ('scaler',
                                                  StandardScaler(with_mean=False))]),
                                 ['gender', 'race_ethnicity',
                                  'parental_level_of_education', 'lunch',
                                  'test_preparation_course'])]) Successfull <_io.BufferedWriter name='artifact\\preprocessor.pkl'>
[ 2023-03-18 19:11:50,032 ] 141 root - INFO - Saved preprocessing object as Pickle File.
[ 2023-03-18 19:11:50,033 ] 66 root - INFO - Train Array : [[ 4.30533129  4.62062258  0.         ...  0.          2.09830697
  73.        ]
 [ 4.37056358  4.75652325  2.0025047  ...  0.          2.09830697
  58.        ]
 [ 2.80498857  3.12571528  0.         ...  0.          2.09830697
  55.        ]
 ...
 [ 4.56626046  4.96037424  2.0025047  ...  0.          2.09830697
  62.        ]
 [ 5.47951255  5.36807623  2.0025047  ...  2.09830697  0.
  67.        ]
 [ 3.71824066  4.34882125  0.         ...  0.          2.09830697
  73.        ]],Test Array : [[ 3.00068544  3.32956627  0.         ...  2.09830697  0.
  52.        ]
 [ 3.32684691  4.00906959  2.0025047  ...  0.          2.09830697
  40.        ]
 [ 4.56626046  4.68857291  2.0025047  ...  0.          2.09830697
  65.        ]
 ...
 [ 5.21858338  5.23217557  0.         ...  2.09830697  0.
  78.        ]
 [ 3.78347295  3.66931793  2.0025047  ...  2.09830697  0.
  46.        ]
 [ 4.1748667   3.94111926  2.0025047  ...  2.09830697  0.
  57.        ]],Preprocessor Array : artifact\preprocessor.pkl
[ 2023-03-18 19:11:50,033 ] 38 root - INFO - Entered the Model Traineer method or components
[ 2023-03-18 19:11:50,033 ] 40 root - INFO - Split training and test input data
[ 2023-03-18 19:11:50,110 ] 31 root - INFO - Evaluting Model Started
[ 2023-03-18 19:11:50,111 ] 39 root - INFO - Evaluting Model: RandomForestRegressor() on Params; {'n_estimators': [8, 16, 32, 64, 128, 256]}
[ 2023-03-18 19:11:50,111 ] 43 root - INFO - GridSearchCV(cv=3, estimator=RandomForestRegressor(),
             param_grid={'n_estimators': [8, 16, 32, 64, 128, 256]})
[ 2023-03-18 19:11:57,047 ] 45 root - INFO - Doing Grid Search CV
[ 2023-03-18 19:11:58,096 ] 50 root - INFO - Model Trained With Hyper Parameter Tunning
[ 2023-03-18 19:11:58,179 ] 57 root - INFO - Real Train Data [ 73.  58.  55.  37.  74.  79.  53.  75.  47.  66.  53.  66.  38.  64.
  57.  85.  90.  68.  76.  64.  62.  62.  76.  63.  54.  81.  66.  62.
  67.  74.  77.  85.  55.  52.  62.  74.  38.  48.  92.  76.  50.  48.
  50.  75.  45.  75.  60.  73.  81.  79.  75.  57.  79.  57.  68.  70.
  59.  47.  59.  68.  65.  58.  86.  76.  57.  67.  80.  61.  62.  65.
  39.  81.  81.  79.  91.  74.  75.  61.  54.  52.  66.  81.  97.  53.
  74.  57.  38.  69.  69.  84.  91.  36.  72.  79.  53.  65.  83.  87.
  47.  59.  68.  52.  58.  68.  64.  35.  69.  73.  79.  65.  69.  29.
  65.  80.  42.  44.  65.  73.  53.  65.  72.  80.  71.  63.  53.  83.
  71.  62.  59.  72.  62.  46.  67.  85.  91.  59.  76.  66.  59.  79.
  98.  27.  73.  88.  73.  68.  69.  72.  62.  86.  69.  82.  87.  58.
  89.  84.  35.  77.  51.  63.  84.  64.  54.  42.  56.  94.  80.  70.
  49.  69.   8.  58.  73.  61.  47.  59.  65.  26.  64.  59.  76.  82.
  77.  91.  69.  74.  62.  69.  73.  69.  62.  80.  48.  86.  43.  50.
  49.  65.  55.  51.  73.  52.  43.  75.  44.  81.  64.  65.  71.  65.
  30.  83.  85.  66.  76.  58.  92.  37.  75.  60.  55.  66.  76.  96.
  50.  49.  83.  92.  96.  73.  82.  67.  67.  48.  22.  70.  77.  56.
  53.  65.  58.  89.  66.  74.  83.  62.  73.  81.  47.  87.  80.  62.
  53. 100.  63.   0.  85.  68.  61.  34.  58.  78.  70.  61.  79.  68.
  70.  51.  73.  74.  82.  62.  19.  67.  70.  87.  63.  65.  61.  62.
  65.  49.  54.  46.  50.  45.  86.  67.  64.  55.  64.  71.  80.  71.
  66.  82.  50.  33.  40.  70.  63.  86.  48.  92.  59.  65.  62.  93.
  53.  58.  71.  77.  74.  78.  71.  46.  53.  62.  64.  62.  88.  62.
  69.  90.  53.  88.  69.  81.  65.  61.  99.  71.  62.  52.  79.  90.
  72.  61.  63.  89.  35.  54.  74.  78.  76.  53.  68.  75.  67.  69.
  81.  63.  41.  57.  61.  84.  61.  59.  49.  49.  41.  58.  76.  76.
  53.  49.  48.  55.  32.  61.  68.  72.  44.  63.  60.  90.  77.  61.
  58.  49.  64.  98.  55.  94.  71.  53.  63.  55.  46.  63.  76.  58.
  90.  72.  76.  32.  64.  36.  61.  81.  55.  85.  60.  60.  59.  80.
  82.  50.  35.  52.  96.  77.  82.  71.  83.  85.  69.  62.  69.  44.
  50.  54.  67.  59.  47.  54.  80.  61.  64.  49.  62.  44.  89.  81.
  68.  77.  65.  77.  88.  83.  73.  69.  68.  69.  58.  46.  61.  57.
  49.  61.  49.  56.  75.  58.  63.  78.  41.  46.  54.  73.  64. 100.
  57.  50.  67.  49.  70.  84.  42.  75.  61.  59.  99.  78.  78.  40.
  74.  74.  82.  62.  58.  75.  63.  34.  69.  52.  63.  69. 100.  75.
  68.  58.  65.  94.  76.  84.  65.  72.  63.  76.  69.  78.  81. 100.
  70.  44.  30.  84.  68.  84.  50.  81.  70.  84.  59.  98.  67.  73.
  88.  50.  77.  40.  75.  77.  54.  90.  64.  41.  49.  85.  77.  57.
  39.  94.  71. 100.  71.  58.  45.  67.  81.  82.  71.  70.  51.  66.
  79.  50.  72.  63.  84.  59.  91.  47.  97.  65.  58.  63.  54.  60.
  39.  68.  58.  57.  82.  91.  65.  57.  99.  56.  70.  59.  52.  82.
  53.  70.  67.  71.  50.  74.  66.  47.  59.  66.  52.  81.  75.  90.
  69.  82.  65.  62.  62.  62.  28.  61.  40.  52.  72.  45.  68.  94.
  44.  55.  74.  71.  79.  80.  46.  41.  52.  48.  77.  55.  45.  65.
  71.  65.  49.  45.  75.  69.  60.  81.  42.  68.  75.  62.  64.  82.
  74.  66.  81.  40.  60.  75.  49.  61.  87.  79.  87.  53.  77.  59.
  76.  52.  95.  91.  54.  55.  65.  93.  53.  67.  53.  68.  71.  41.
  57.  45.  88.  60.  81.  77.  66.  49.  53.  61.  47.  89.  71.  94.
  59.  59.  58.  85.  74.  65.  54.  59.  66.  77.  71.  93.  55.  52.
  73.  71.  60.  69.  40.  76.  52.  47.  77.  45.  63.  51.  48.  60.
  59.  72.  55.  76.  73.  72.  56.  82.  63.  67.  62.  87.  44.  55.
  66.  63.  85.  57.  60.  88.  53.  87.  64.  77.  67.  65.  50.  40.
  57.  57.  23.  67.  79.  81.  77.  70.  78.  51.  54.  63.  35.  64.
  67.  92.  65.  46.  46.  37.  80.  42.  68.  58.  45.  75.  80.  49.
  74.  67.  61.  63.  77.  60.  56.  77.  60.  73.  73.  78.  73.  73.
  87.  62.  57.  46.  74.  92.  61.  81.  73.  72.  66.  73.  32.  82.
  68.  97.  51.  59. 100.  87.  62.  69.  51.  88.  58.  59.  61.  62.
  67.  73.] and Predicted Train Data [52.1484375  47.1875     61.58203125 58.         92.26171875 61.03515625
 93.21875    60.07421875 83.09570312 49.51953125 51.48828125 84.22265625
 60.04296875 75.5078125  47.6796875  51.51953125 68.38671875 61.28515625
 73.015625   57.0234375  71.41796875 58.67578125 56.84765625 58.31640625
 79.6484375  70.64453125 61.1640625  92.546875   69.359375   51.5078125
 60.9765625  84.37890625 70.15625    85.40234375 74.38671875 67.97265625
 62.59765625 62.14453125 69.21875    40.26953125 55.30078125 50.234375
 50.875      83.18359375 67.0625     49.55078125 68.21484375 95.92578125
 59.4140625  50.91796875 73.3671875  89.5234375  45.5390625  86.30078125
 86.66992188 70.78515625 56.01953125 86.171875   73.3046875  63.84375
 55.40234375 71.96484375 73.01171875 67.38671875 51.12109375 79.92994792
 68.05859375 53.34765625 92.375      50.28125    62.59765625 79.94140625
 51.5234375  62.87890625 60.6953125  97.25390625 85.47916667 68.54296875
 64.1015625  91.55208333 83.68359375 78.73828125 42.4453125  84.76953125
 50.30859375 59.12890625 86.18359375 80.2890625  66.33984375 79.43359375
 81.4453125  77.03125    52.8515625  71.30859375 76.70703125 66.68359375
 82.75585938 67.125      49.6953125  65.3203125  51.296875   56.6875
 70.05078125 76.88567708 94.5078125  83.828125   54.09765625 85.49192708
 64.7265625  84.23046875 21.63997396 54.73828125 57.4140625  74.87890625
 79.93359375 56.69921875 24.12630208 65.51171875 72.11328125 62.5546875
 84.1796875  65.45703125 73.18359375 50.703125   69.6640625  85.37890625
 77.859375   61.6328125  58.9453125  71.9296875  52.30078125 48.01171875
 66.8046875  61.01171875 78.88671875 87.49609375 45.890625   62.80078125
 63.5703125  77.53515625 69.30078125 95.78125    66.01171875 92.3984375
 65.5703125  57.8984375  90.43652344 62.484375   46.05859375 90.94921875
 89.52682292 52.31640625 79.         72.7734375  61.05859375 52.58984375
 69.33984375 71.6171875  71.31640625 75.3203125  81.20703125 68.9453125
 56.046875   63.98828125 61.953125   74.27734375 67.14453125 55.5234375
 69.51171875 75.78515625 71.9140625  55.6796875  81.85416667 82.44140625
 81.02734375 73.73828125 53.87109375 55.515625   84.05078125 77.02734375
 89.95638021 70.9296875  65.3828125  64.06640625 78.83203125 33.81705729
 64.125      85.15234375 71.3046875  62.41015625 54.078125   65.17578125
 52.18359375 91.15625    76.05859375 63.3359375  76.046875   80.375
 48.796875   53.625     ]
[ 2023-03-18 19:11:58,181 ] 58 root - INFO - Real Train Data [ 52.  40.  65.  63.  93.  66.  84.  65.  86.  51.  50.  76.  53.  79.
  43.  57.  62.  51.  74.  54.  65.  53.  51.  68.  79.  67.  60.  97.
  68.  59.  67.  85.  71.  88.  85.  74.  62.  55.  74.  37.  68.  53.
  63.  87.  65.  43.  69.  91.  59.  59.  67.  79.  40.  87.  86.  71.
  65.  82.  69.  71.  62.  72.  66.  72.  44.  82.  66.  42.  97.  59.
  55.  71.  59.  64.  55. 100.  88.  62.  64.  88.  95.  75.  29.  88.
  39.  66.  85.  80.  72.  79.  79.  80.  52.  68.  75.  66.  78.  74.
  61.  69.  40.  48.  72.  79.  87.  88.  54.  81.  68.  78.  24.  54.
  63.  69.  88.  54.  18.  67.  61.  61.  87.  65.  76.  48.  65.  82.
  74.  68.  53.  71.  47.  61.  67.  58.  69.  87.  43.  70.  66.  88.
  73.  91.  69.  90.  60.  59.  97.  77.  27.  94.  85.  56.  77.  72.
  56.  64.  80.  81.  79.  70.  79.  73.  56.  66.  59.  78.  63.  58.
  69.  83.  70.  54.  86.  80.  79.  69.  58.  52.  78.  76.  77.  74.
  70.  74.  80.  29.  73.  87.  59.  62.  52.  71.  48.  89.  65.  67.
  75.  78.  46.  57.] and Predicted Train Data [52.1484375  47.1875     61.58203125 58.         92.26171875 61.03515625
 93.21875    60.07421875 83.09570312 49.51953125 51.48828125 84.22265625
 60.04296875 75.5078125  47.6796875  51.51953125 68.38671875 61.28515625
 73.015625   57.0234375  71.41796875 58.67578125 56.84765625 58.31640625
 79.6484375  70.64453125 61.1640625  92.546875   69.359375   51.5078125
 60.9765625  84.37890625 70.15625    85.40234375 74.38671875 67.97265625
 62.59765625 62.14453125 69.21875    40.26953125 55.30078125 50.234375
 50.875      83.18359375 67.0625     49.55078125 68.21484375 95.92578125
 59.4140625  50.91796875 73.3671875  89.5234375  45.5390625  86.30078125
 86.66992188 70.78515625 56.01953125 86.171875   73.3046875  63.84375
 55.40234375 71.96484375 73.01171875 67.38671875 51.12109375 79.92994792
 68.05859375 53.34765625 92.375      50.28125    62.59765625 79.94140625
 51.5234375  62.87890625 60.6953125  97.25390625 85.47916667 68.54296875
 64.1015625  91.55208333 83.68359375 78.73828125 42.4453125  84.76953125
 50.30859375 59.12890625 86.18359375 80.2890625  66.33984375 79.43359375
 81.4453125  77.03125    52.8515625  71.30859375 76.70703125 66.68359375
 82.75585938 67.125      49.6953125  65.3203125  51.296875   56.6875
 70.05078125 76.88567708 94.5078125  83.828125   54.09765625 85.49192708
 64.7265625  84.23046875 21.63997396 54.73828125 57.4140625  74.87890625
 79.93359375 56.69921875 24.12630208 65.51171875 72.11328125 62.5546875
 84.1796875  65.45703125 73.18359375 50.703125   69.6640625  85.37890625
 77.859375   61.6328125  58.9453125  71.9296875  52.30078125 48.01171875
 66.8046875  61.01171875 78.88671875 87.49609375 45.890625   62.80078125
 63.5703125  77.53515625 69.30078125 95.78125    66.01171875 92.3984375
 65.5703125  57.8984375  90.43652344 62.484375   46.05859375 90.94921875
 89.52682292 52.31640625 79.         72.7734375  61.05859375 52.58984375
 69.33984375 71.6171875  71.31640625 75.3203125  81.20703125 68.9453125
 56.046875   63.98828125 61.953125   74.27734375 67.14453125 55.5234375
 69.51171875 75.78515625 71.9140625  55.6796875  81.85416667 82.44140625
 81.02734375 73.73828125 53.87109375 55.515625   84.05078125 77.02734375
 89.95638021 70.9296875  65.3828125  64.06640625 78.83203125 33.81705729
 64.125      85.15234375 71.3046875  62.41015625 54.078125   65.17578125
 52.18359375 91.15625    76.05859375 63.3359375  76.046875   80.375
 48.796875   53.625     ]
[ 2023-03-18 19:11:58,182 ] 65 root - INFO - Test model score : 0.9766409053193932 
 Test Model Score: 0.8453765798061734
[ 2023-03-18 19:11:58,182 ] 67 root - INFO - Report Addded : {'Random Forest': 0.8453765798061734}
[ 2023-03-18 19:11:58,183 ] 39 root - INFO - Evaluting Model: DecisionTreeRegressor() on Params; {'criterion': ['squared_error', 'friedman_mse', 'absolute_error', 'poisson']}
[ 2023-03-18 19:11:58,184 ] 43 root - INFO - GridSearchCV(cv=3, estimator=DecisionTreeRegressor(),
             param_grid={'criterion': ['squared_error', 'friedman_mse',
                                       'absolute_error', 'poisson']})
[ 2023-03-18 19:11:58,329 ] 45 root - INFO - Doing Grid Search CV
[ 2023-03-18 19:11:58,334 ] 50 root - INFO - Model Trained With Hyper Parameter Tunning
[ 2023-03-18 19:11:58,340 ] 57 root - INFO - Real Train Data [ 73.  58.  55.  37.  74.  79.  53.  75.  47.  66.  53.  66.  38.  64.
  57.  85.  90.  68.  76.  64.  62.  62.  76.  63.  54.  81.  66.  62.
  67.  74.  77.  85.  55.  52.  62.  74.  38.  48.  92.  76.  50.  48.
  50.  75.  45.  75.  60.  73.  81.  79.  75.  57.  79.  57.  68.  70.
  59.  47.  59.  68.  65.  58.  86.  76.  57.  67.  80.  61.  62.  65.
  39.  81.  81.  79.  91.  74.  75.  61.  54.  52.  66.  81.  97.  53.
  74.  57.  38.  69.  69.  84.  91.  36.  72.  79.  53.  65.  83.  87.
  47.  59.  68.  52.  58.  68.  64.  35.  69.  73.  79.  65.  69.  29.
  65.  80.  42.  44.  65.  73.  53.  65.  72.  80.  71.  63.  53.  83.
  71.  62.  59.  72.  62.  46.  67.  85.  91.  59.  76.  66.  59.  79.
  98.  27.  73.  88.  73.  68.  69.  72.  62.  86.  69.  82.  87.  58.
  89.  84.  35.  77.  51.  63.  84.  64.  54.  42.  56.  94.  80.  70.
  49.  69.   8.  58.  73.  61.  47.  59.  65.  26.  64.  59.  76.  82.
  77.  91.  69.  74.  62.  69.  73.  69.  62.  80.  48.  86.  43.  50.
  49.  65.  55.  51.  73.  52.  43.  75.  44.  81.  64.  65.  71.  65.
  30.  83.  85.  66.  76.  58.  92.  37.  75.  60.  55.  66.  76.  96.
  50.  49.  83.  92.  96.  73.  82.  67.  67.  48.  22.  70.  77.  56.
  53.  65.  58.  89.  66.  74.  83.  62.  73.  81.  47.  87.  80.  62.
  53. 100.  63.   0.  85.  68.  61.  34.  58.  78.  70.  61.  79.  68.
  70.  51.  73.  74.  82.  62.  19.  67.  70.  87.  63.  65.  61.  62.
  65.  49.  54.  46.  50.  45.  86.  67.  64.  55.  64.  71.  80.  71.
  66.  82.  50.  33.  40.  70.  63.  86.  48.  92.  59.  65.  62.  93.
  53.  58.  71.  77.  74.  78.  71.  46.  53.  62.  64.  62.  88.  62.
  69.  90.  53.  88.  69.  81.  65.  61.  99.  71.  62.  52.  79.  90.
  72.  61.  63.  89.  35.  54.  74.  78.  76.  53.  68.  75.  67.  69.
  81.  63.  41.  57.  61.  84.  61.  59.  49.  49.  41.  58.  76.  76.
  53.  49.  48.  55.  32.  61.  68.  72.  44.  63.  60.  90.  77.  61.
  58.  49.  64.  98.  55.  94.  71.  53.  63.  55.  46.  63.  76.  58.
  90.  72.  76.  32.  64.  36.  61.  81.  55.  85.  60.  60.  59.  80.
  82.  50.  35.  52.  96.  77.  82.  71.  83.  85.  69.  62.  69.  44.
  50.  54.  67.  59.  47.  54.  80.  61.  64.  49.  62.  44.  89.  81.
  68.  77.  65.  77.  88.  83.  73.  69.  68.  69.  58.  46.  61.  57.
  49.  61.  49.  56.  75.  58.  63.  78.  41.  46.  54.  73.  64. 100.
  57.  50.  67.  49.  70.  84.  42.  75.  61.  59.  99.  78.  78.  40.
  74.  74.  82.  62.  58.  75.  63.  34.  69.  52.  63.  69. 100.  75.
  68.  58.  65.  94.  76.  84.  65.  72.  63.  76.  69.  78.  81. 100.
  70.  44.  30.  84.  68.  84.  50.  81.  70.  84.  59.  98.  67.  73.
  88.  50.  77.  40.  75.  77.  54.  90.  64.  41.  49.  85.  77.  57.
  39.  94.  71. 100.  71.  58.  45.  67.  81.  82.  71.  70.  51.  66.
  79.  50.  72.  63.  84.  59.  91.  47.  97.  65.  58.  63.  54.  60.
  39.  68.  58.  57.  82.  91.  65.  57.  99.  56.  70.  59.  52.  82.
  53.  70.  67.  71.  50.  74.  66.  47.  59.  66.  52.  81.  75.  90.
  69.  82.  65.  62.  62.  62.  28.  61.  40.  52.  72.  45.  68.  94.
  44.  55.  74.  71.  79.  80.  46.  41.  52.  48.  77.  55.  45.  65.
  71.  65.  49.  45.  75.  69.  60.  81.  42.  68.  75.  62.  64.  82.
  74.  66.  81.  40.  60.  75.  49.  61.  87.  79.  87.  53.  77.  59.
  76.  52.  95.  91.  54.  55.  65.  93.  53.  67.  53.  68.  71.  41.
  57.  45.  88.  60.  81.  77.  66.  49.  53.  61.  47.  89.  71.  94.
  59.  59.  58.  85.  74.  65.  54.  59.  66.  77.  71.  93.  55.  52.
  73.  71.  60.  69.  40.  76.  52.  47.  77.  45.  63.  51.  48.  60.
  59.  72.  55.  76.  73.  72.  56.  82.  63.  67.  62.  87.  44.  55.
  66.  63.  85.  57.  60.  88.  53.  87.  64.  77.  67.  65.  50.  40.
  57.  57.  23.  67.  79.  81.  77.  70.  78.  51.  54.  63.  35.  64.
  67.  92.  65.  46.  46.  37.  80.  42.  68.  58.  45.  75.  80.  49.
  74.  67.  61.  63.  77.  60.  56.  77.  60.  73.  73.  78.  73.  73.
  87.  62.  57.  46.  74.  92.  61.  81.  73.  72.  66.  73.  32.  82.
  68.  97.  51.  59. 100.  87.  62.  69.  51.  88.  58.  59.  61.  62.
  67.  73.] and Predicted Train Data [ 58.  49.  65.  58.  98.  62.  91.  55.  85.  49.  57.  84.  62.  77.
  44.  60.  61.  58.  77.  65.  63.  60.  55.  60.  79.  75.  57.  92.
  62.  53.  40.  77.  73.  88.  80.  67.  68.  62.  77.  41.  59.  58.
  49.  86.  65.  52.  73. 100.  60.  51.  73.  94.  40.  81.  83.  74.
  65.  89.  74.  57.  58.  73.  70.  61.  58.  80.  69.  45.  88.  53.
  69.  89.  52.  66.  60.  87.  92.  69.  69.  93.  87.  80.  44.  91.
  49.  59.  89.  80.  74.  82.  78.  81.  54.  69.  73.  68.  85.  81.
  45.  63.  49.  52.  69.  75.  99.  77.  53.  82.  69.  89.  23.  65.
  54.  77.  79.  54.  23.  63.  71.  66.  81.  67.  71.  54.  61.  83.
  80.  67.  61.  65.  49.  47.  65.  60.  90.  88.  48.  59.  69.  82.
  81. 100.  72.  93.  67.  69.  88.  65.  45.  99.  82.  53.  82.  81.
  60.  49.  72.  73.  69.  68.  85.  72.  59.  44.  61.  78.  67.  64.
  54.  72.  72.  59.  81.  89.  78.  80.  64.  53.  84.  76. 100.  62.
  71.  57.  80.  32.  62.  90.  70.  68.  58.  71.  45.  94.  78.  59.
  74.  80.  35.  62.]
[ 2023-03-18 19:11:58,342 ] 58 root - INFO - Real Train Data [ 52.  40.  65.  63.  93.  66.  84.  65.  86.  51.  50.  76.  53.  79.
  43.  57.  62.  51.  74.  54.  65.  53.  51.  68.  79.  67.  60.  97.
  68.  59.  67.  85.  71.  88.  85.  74.  62.  55.  74.  37.  68.  53.
  63.  87.  65.  43.  69.  91.  59.  59.  67.  79.  40.  87.  86.  71.
  65.  82.  69.  71.  62.  72.  66.  72.  44.  82.  66.  42.  97.  59.
  55.  71.  59.  64.  55. 100.  88.  62.  64.  88.  95.  75.  29.  88.
  39.  66.  85.  80.  72.  79.  79.  80.  52.  68.  75.  66.  78.  74.
  61.  69.  40.  48.  72.  79.  87.  88.  54.  81.  68.  78.  24.  54.
  63.  69.  88.  54.  18.  67.  61.  61.  87.  65.  76.  48.  65.  82.
  74.  68.  53.  71.  47.  61.  67.  58.  69.  87.  43.  70.  66.  88.
  73.  91.  69.  90.  60.  59.  97.  77.  27.  94.  85.  56.  77.  72.
  56.  64.  80.  81.  79.  70.  79.  73.  56.  66.  59.  78.  63.  58.
  69.  83.  70.  54.  86.  80.  79.  69.  58.  52.  78.  76.  77.  74.
  70.  74.  80.  29.  73.  87.  59.  62.  52.  71.  48.  89.  65.  67.
  75.  78.  46.  57.] and Predicted Train Data [ 58.  49.  65.  58.  98.  62.  91.  55.  85.  49.  57.  84.  62.  77.
  44.  60.  61.  58.  77.  65.  63.  60.  55.  60.  79.  75.  57.  92.
  62.  53.  40.  77.  73.  88.  80.  67.  68.  62.  77.  41.  59.  58.
  49.  86.  65.  52.  73. 100.  60.  51.  73.  94.  40.  81.  83.  74.
  65.  89.  74.  57.  58.  73.  70.  61.  58.  80.  69.  45.  88.  53.
  69.  89.  52.  66.  60.  87.  92.  69.  69.  93.  87.  80.  44.  91.
  49.  59.  89.  80.  74.  82.  78.  81.  54.  69.  73.  68.  85.  81.
  45.  63.  49.  52.  69.  75.  99.  77.  53.  82.  69.  89.  23.  65.
  54.  77.  79.  54.  23.  63.  71.  66.  81.  67.  71.  54.  61.  83.
  80.  67.  61.  65.  49.  47.  65.  60.  90.  88.  48.  59.  69.  82.
  81. 100.  72.  93.  67.  69.  88.  65.  45.  99.  82.  53.  82.  81.
  60.  49.  72.  73.  69.  68.  85.  72.  59.  44.  61.  78.  67.  64.
  54.  72.  72.  59.  81.  89.  78.  80.  64.  53.  84.  76. 100.  62.
  71.  57.  80.  32.  62.  90.  70.  68.  58.  71.  45.  94.  78.  59.
  74.  80.  35.  62.]
[ 2023-03-18 19:11:58,344 ] 65 root - INFO - Test model score : 0.9989538037152753 
 Test Model Score: 0.7332700083069628
[ 2023-03-18 19:11:58,344 ] 67 root - INFO - Report Addded : {'Random Forest': 0.8453765798061734, 'Decision Tree': 0.7332700083069628}
[ 2023-03-18 19:11:58,344 ] 39 root - INFO - Evaluting Model: GradientBoostingRegressor() on Params; {'learning_rate': [0.1, 0.01, 0.05, 0.001], 'subsample': [0.6, 0.7, 0.75, 0.8, 0.85, 0.9], 'n_estimators': [8, 16, 32, 64, 128, 256]}
[ 2023-03-18 19:11:58,345 ] 43 root - INFO - GridSearchCV(cv=3, estimator=GradientBoostingRegressor(),
             param_grid={'learning_rate': [0.1, 0.01, 0.05, 0.001],
                         'n_estimators': [8, 16, 32, 64, 128, 256],
                         'subsample': [0.6, 0.7, 0.75, 0.8, 0.85, 0.9]})
[ 2023-03-18 19:12:43,626 ] 45 root - INFO - Doing Grid Search CV
[ 2023-03-18 19:12:43,714 ] 50 root - INFO - Model Trained With Hyper Parameter Tunning
[ 2023-03-18 19:12:43,723 ] 57 root - INFO - Real Train Data [ 73.  58.  55.  37.  74.  79.  53.  75.  47.  66.  53.  66.  38.  64.
  57.  85.  90.  68.  76.  64.  62.  62.  76.  63.  54.  81.  66.  62.
  67.  74.  77.  85.  55.  52.  62.  74.  38.  48.  92.  76.  50.  48.
  50.  75.  45.  75.  60.  73.  81.  79.  75.  57.  79.  57.  68.  70.
  59.  47.  59.  68.  65.  58.  86.  76.  57.  67.  80.  61.  62.  65.
  39.  81.  81.  79.  91.  74.  75.  61.  54.  52.  66.  81.  97.  53.
  74.  57.  38.  69.  69.  84.  91.  36.  72.  79.  53.  65.  83.  87.
  47.  59.  68.  52.  58.  68.  64.  35.  69.  73.  79.  65.  69.  29.
  65.  80.  42.  44.  65.  73.  53.  65.  72.  80.  71.  63.  53.  83.
  71.  62.  59.  72.  62.  46.  67.  85.  91.  59.  76.  66.  59.  79.
  98.  27.  73.  88.  73.  68.  69.  72.  62.  86.  69.  82.  87.  58.
  89.  84.  35.  77.  51.  63.  84.  64.  54.  42.  56.  94.  80.  70.
  49.  69.   8.  58.  73.  61.  47.  59.  65.  26.  64.  59.  76.  82.
  77.  91.  69.  74.  62.  69.  73.  69.  62.  80.  48.  86.  43.  50.
  49.  65.  55.  51.  73.  52.  43.  75.  44.  81.  64.  65.  71.  65.
  30.  83.  85.  66.  76.  58.  92.  37.  75.  60.  55.  66.  76.  96.
  50.  49.  83.  92.  96.  73.  82.  67.  67.  48.  22.  70.  77.  56.
  53.  65.  58.  89.  66.  74.  83.  62.  73.  81.  47.  87.  80.  62.
  53. 100.  63.   0.  85.  68.  61.  34.  58.  78.  70.  61.  79.  68.
  70.  51.  73.  74.  82.  62.  19.  67.  70.  87.  63.  65.  61.  62.
  65.  49.  54.  46.  50.  45.  86.  67.  64.  55.  64.  71.  80.  71.
  66.  82.  50.  33.  40.  70.  63.  86.  48.  92.  59.  65.  62.  93.
  53.  58.  71.  77.  74.  78.  71.  46.  53.  62.  64.  62.  88.  62.
  69.  90.  53.  88.  69.  81.  65.  61.  99.  71.  62.  52.  79.  90.
  72.  61.  63.  89.  35.  54.  74.  78.  76.  53.  68.  75.  67.  69.
  81.  63.  41.  57.  61.  84.  61.  59.  49.  49.  41.  58.  76.  76.
  53.  49.  48.  55.  32.  61.  68.  72.  44.  63.  60.  90.  77.  61.
  58.  49.  64.  98.  55.  94.  71.  53.  63.  55.  46.  63.  76.  58.
  90.  72.  76.  32.  64.  36.  61.  81.  55.  85.  60.  60.  59.  80.
  82.  50.  35.  52.  96.  77.  82.  71.  83.  85.  69.  62.  69.  44.
  50.  54.  67.  59.  47.  54.  80.  61.  64.  49.  62.  44.  89.  81.
  68.  77.  65.  77.  88.  83.  73.  69.  68.  69.  58.  46.  61.  57.
  49.  61.  49.  56.  75.  58.  63.  78.  41.  46.  54.  73.  64. 100.
  57.  50.  67.  49.  70.  84.  42.  75.  61.  59.  99.  78.  78.  40.
  74.  74.  82.  62.  58.  75.  63.  34.  69.  52.  63.  69. 100.  75.
  68.  58.  65.  94.  76.  84.  65.  72.  63.  76.  69.  78.  81. 100.
  70.  44.  30.  84.  68.  84.  50.  81.  70.  84.  59.  98.  67.  73.
  88.  50.  77.  40.  75.  77.  54.  90.  64.  41.  49.  85.  77.  57.
  39.  94.  71. 100.  71.  58.  45.  67.  81.  82.  71.  70.  51.  66.
  79.  50.  72.  63.  84.  59.  91.  47.  97.  65.  58.  63.  54.  60.
  39.  68.  58.  57.  82.  91.  65.  57.  99.  56.  70.  59.  52.  82.
  53.  70.  67.  71.  50.  74.  66.  47.  59.  66.  52.  81.  75.  90.
  69.  82.  65.  62.  62.  62.  28.  61.  40.  52.  72.  45.  68.  94.
  44.  55.  74.  71.  79.  80.  46.  41.  52.  48.  77.  55.  45.  65.
  71.  65.  49.  45.  75.  69.  60.  81.  42.  68.  75.  62.  64.  82.
  74.  66.  81.  40.  60.  75.  49.  61.  87.  79.  87.  53.  77.  59.
  76.  52.  95.  91.  54.  55.  65.  93.  53.  67.  53.  68.  71.  41.
  57.  45.  88.  60.  81.  77.  66.  49.  53.  61.  47.  89.  71.  94.
  59.  59.  58.  85.  74.  65.  54.  59.  66.  77.  71.  93.  55.  52.
  73.  71.  60.  69.  40.  76.  52.  47.  77.  45.  63.  51.  48.  60.
  59.  72.  55.  76.  73.  72.  56.  82.  63.  67.  62.  87.  44.  55.
  66.  63.  85.  57.  60.  88.  53.  87.  64.  77.  67.  65.  50.  40.
  57.  57.  23.  67.  79.  81.  77.  70.  78.  51.  54.  63.  35.  64.
  67.  92.  65.  46.  46.  37.  80.  42.  68.  58.  45.  75.  80.  49.
  74.  67.  61.  63.  77.  60.  56.  77.  60.  73.  73.  78.  73.  73.
  87.  62.  57.  46.  74.  92.  61.  81.  73.  72.  66.  73.  32.  82.
  68.  97.  51.  59. 100.  87.  62.  69.  51.  88.  58.  59.  61.  62.
  67.  73.] and Predicted Train Data [ 51.58355027  47.0261731   61.55751932  59.0618502   89.10299472
  61.17894125  89.29814167  59.77897072  83.08777974  50.25824753
  53.84209696  83.0733165   59.01600539  75.76956942  51.35339145
  53.2407043   68.73289078  61.0341055   69.98339791  54.13627344
  69.86347138  58.96867306  55.46865448  58.06704497  79.33953004
  65.01309802  61.47947545  94.70978081  70.83752841  51.73500449
  59.43789004  83.33191748  70.90597969  83.65778731  73.43155561
  68.71589497  63.8597463   60.6999765   70.37445578  43.03567851
  52.79831001  53.36156252  50.8461916   86.02507453  70.32195221
  48.89515715  68.40891357  97.37059818  57.98884653  51.88564542
  73.12804953  88.78334861  44.79218198  84.74398182  86.98408103
  67.52909579  57.14395939  81.87788102  67.8111984   66.90755749
  55.87570098  70.9649839   71.17458318  67.27588886  51.06304897
  82.37260265  67.60929987  54.04402145  89.97832354  51.88716288
  61.89072452  77.97629055  55.71434513  62.63956162  61.52141153
 103.65112342  84.0112593   67.00170062  59.46458213  90.28378475
  85.43309941  78.60233881  40.19370721  81.20091605  53.92445591
  62.42645028  82.2764578   80.94864446  66.01929485  79.93022675
  80.58199822  74.81005923  51.61114763  68.24585657  77.97032941
  65.99756023  83.25047258  69.45124924  51.79041595  66.81945791
  51.42417493  57.86454599  67.97121151  76.88063447  94.69899073
  82.64134994  53.71011491  87.32638736  60.64515378  77.65982023
  22.28388845  54.98373707  58.44244537  77.25006076  78.46109212
  58.12352092  20.62750649  64.1749028   68.4140364   63.66836215
  81.61337428  63.2433883   69.71666863  49.36290855  69.30302016
  83.82321777  75.51585627  62.82781421  59.39770133  71.11682393
  52.61153726  50.77516101  69.71445482  62.75881509  79.31555745
  87.03576575  45.53246933  63.15053488  62.09703643  76.72602542
  69.05966812  94.78195105  63.19827036  93.58135441  66.671894
  58.27894615  91.52490821  64.91524441  43.59346798  92.12926293
  87.24978076  54.59862529  78.32464413  69.08803953  61.72085833
  52.42220143  69.65099217  73.33643939  67.79164317  75.70637468
  79.00738943  64.7406317   54.13387009  63.67416241  64.15608102
  71.74972507  66.34472973  57.04645459  71.36299195  78.13998396
  74.97255552  52.82402066  83.30794601  79.25894266  80.60167572
  70.43785455  56.19027784  55.91011658  87.05555195  75.33452229
  85.37235784  74.82136168  62.73738805  67.4881128   77.81431448
  34.45646749  66.29134236  84.83247676  71.59386474  64.43808506
  54.23783944  67.87141172  49.90340937  88.25703945  73.69549062
  63.62764997  76.30110747  79.00839173  46.35866648  53.66596835]
[ 2023-03-18 19:12:43,725 ] 58 root - INFO - Real Train Data [ 52.  40.  65.  63.  93.  66.  84.  65.  86.  51.  50.  76.  53.  79.
  43.  57.  62.  51.  74.  54.  65.  53.  51.  68.  79.  67.  60.  97.
  68.  59.  67.  85.  71.  88.  85.  74.  62.  55.  74.  37.  68.  53.
  63.  87.  65.  43.  69.  91.  59.  59.  67.  79.  40.  87.  86.  71.
  65.  82.  69.  71.  62.  72.  66.  72.  44.  82.  66.  42.  97.  59.
  55.  71.  59.  64.  55. 100.  88.  62.  64.  88.  95.  75.  29.  88.
  39.  66.  85.  80.  72.  79.  79.  80.  52.  68.  75.  66.  78.  74.
  61.  69.  40.  48.  72.  79.  87.  88.  54.  81.  68.  78.  24.  54.
  63.  69.  88.  54.  18.  67.  61.  61.  87.  65.  76.  48.  65.  82.
  74.  68.  53.  71.  47.  61.  67.  58.  69.  87.  43.  70.  66.  88.
  73.  91.  69.  90.  60.  59.  97.  77.  27.  94.  85.  56.  77.  72.
  56.  64.  80.  81.  79.  70.  79.  73.  56.  66.  59.  78.  63.  58.
  69.  83.  70.  54.  86.  80.  79.  69.  58.  52.  78.  76.  77.  74.
  70.  74.  80.  29.  73.  87.  59.  62.  52.  71.  48.  89.  65.  67.
  75.  78.  46.  57.] and Predicted Train Data [ 51.58355027  47.0261731   61.55751932  59.0618502   89.10299472
  61.17894125  89.29814167  59.77897072  83.08777974  50.25824753
  53.84209696  83.0733165   59.01600539  75.76956942  51.35339145
  53.2407043   68.73289078  61.0341055   69.98339791  54.13627344
  69.86347138  58.96867306  55.46865448  58.06704497  79.33953004
  65.01309802  61.47947545  94.70978081  70.83752841  51.73500449
  59.43789004  83.33191748  70.90597969  83.65778731  73.43155561
  68.71589497  63.8597463   60.6999765   70.37445578  43.03567851
  52.79831001  53.36156252  50.8461916   86.02507453  70.32195221
  48.89515715  68.40891357  97.37059818  57.98884653  51.88564542
  73.12804953  88.78334861  44.79218198  84.74398182  86.98408103
  67.52909579  57.14395939  81.87788102  67.8111984   66.90755749
  55.87570098  70.9649839   71.17458318  67.27588886  51.06304897
  82.37260265  67.60929987  54.04402145  89.97832354  51.88716288
  61.89072452  77.97629055  55.71434513  62.63956162  61.52141153
 103.65112342  84.0112593   67.00170062  59.46458213  90.28378475
  85.43309941  78.60233881  40.19370721  81.20091605  53.92445591
  62.42645028  82.2764578   80.94864446  66.01929485  79.93022675
  80.58199822  74.81005923  51.61114763  68.24585657  77.97032941
  65.99756023  83.25047258  69.45124924  51.79041595  66.81945791
  51.42417493  57.86454599  67.97121151  76.88063447  94.69899073
  82.64134994  53.71011491  87.32638736  60.64515378  77.65982023
  22.28388845  54.98373707  58.44244537  77.25006076  78.46109212
  58.12352092  20.62750649  64.1749028   68.4140364   63.66836215
  81.61337428  63.2433883   69.71666863  49.36290855  69.30302016
  83.82321777  75.51585627  62.82781421  59.39770133  71.11682393
  52.61153726  50.77516101  69.71445482  62.75881509  79.31555745
  87.03576575  45.53246933  63.15053488  62.09703643  76.72602542
  69.05966812  94.78195105  63.19827036  93.58135441  66.671894
  58.27894615  91.52490821  64.91524441  43.59346798  92.12926293
  87.24978076  54.59862529  78.32464413  69.08803953  61.72085833
  52.42220143  69.65099217  73.33643939  67.79164317  75.70637468
  79.00738943  64.7406317   54.13387009  63.67416241  64.15608102
  71.74972507  66.34472973  57.04645459  71.36299195  78.13998396
  74.97255552  52.82402066  83.30794601  79.25894266  80.60167572
  70.43785455  56.19027784  55.91011658  87.05555195  75.33452229
  85.37235784  74.82136168  62.73738805  67.4881128   77.81431448
  34.45646749  66.29134236  84.83247676  71.59386474  64.43808506
  54.23783944  67.87141172  49.90340937  88.25703945  73.69549062
  63.62764997  76.30110747  79.00839173  46.35866648  53.66596835]
[ 2023-03-18 19:12:43,726 ] 65 root - INFO - Test model score : 0.9004291489130266 
 Test Model Score: 0.8546464351395278
[ 2023-03-18 19:12:43,726 ] 67 root - INFO - Report Addded : {'Random Forest': 0.8453765798061734, 'Decision Tree': 0.7332700083069628, 'Gradient Boosting': 0.8546464351395278}
[ 2023-03-18 19:12:43,726 ] 39 root - INFO - Evaluting Model: LinearRegression() on Params; {}
[ 2023-03-18 19:12:43,726 ] 43 root - INFO - GridSearchCV(cv=3, estimator=LinearRegression(), param_grid={})
[ 2023-03-18 19:12:43,994 ] 45 root - INFO - Doing Grid Search CV
[ 2023-03-18 19:12:43,998 ] 50 root - INFO - Model Trained With Hyper Parameter Tunning
[ 2023-03-18 19:12:44,006 ] 57 root - INFO - Real Train Data [ 73.  58.  55.  37.  74.  79.  53.  75.  47.  66.  53.  66.  38.  64.
  57.  85.  90.  68.  76.  64.  62.  62.  76.  63.  54.  81.  66.  62.
  67.  74.  77.  85.  55.  52.  62.  74.  38.  48.  92.  76.  50.  48.
  50.  75.  45.  75.  60.  73.  81.  79.  75.  57.  79.  57.  68.  70.
  59.  47.  59.  68.  65.  58.  86.  76.  57.  67.  80.  61.  62.  65.
  39.  81.  81.  79.  91.  74.  75.  61.  54.  52.  66.  81.  97.  53.
  74.  57.  38.  69.  69.  84.  91.  36.  72.  79.  53.  65.  83.  87.
  47.  59.  68.  52.  58.  68.  64.  35.  69.  73.  79.  65.  69.  29.
  65.  80.  42.  44.  65.  73.  53.  65.  72.  80.  71.  63.  53.  83.
  71.  62.  59.  72.  62.  46.  67.  85.  91.  59.  76.  66.  59.  79.
  98.  27.  73.  88.  73.  68.  69.  72.  62.  86.  69.  82.  87.  58.
  89.  84.  35.  77.  51.  63.  84.  64.  54.  42.  56.  94.  80.  70.
  49.  69.   8.  58.  73.  61.  47.  59.  65.  26.  64.  59.  76.  82.
  77.  91.  69.  74.  62.  69.  73.  69.  62.  80.  48.  86.  43.  50.
  49.  65.  55.  51.  73.  52.  43.  75.  44.  81.  64.  65.  71.  65.
  30.  83.  85.  66.  76.  58.  92.  37.  75.  60.  55.  66.  76.  96.
  50.  49.  83.  92.  96.  73.  82.  67.  67.  48.  22.  70.  77.  56.
  53.  65.  58.  89.  66.  74.  83.  62.  73.  81.  47.  87.  80.  62.
  53. 100.  63.   0.  85.  68.  61.  34.  58.  78.  70.  61.  79.  68.
  70.  51.  73.  74.  82.  62.  19.  67.  70.  87.  63.  65.  61.  62.
  65.  49.  54.  46.  50.  45.  86.  67.  64.  55.  64.  71.  80.  71.
  66.  82.  50.  33.  40.  70.  63.  86.  48.  92.  59.  65.  62.  93.
  53.  58.  71.  77.  74.  78.  71.  46.  53.  62.  64.  62.  88.  62.
  69.  90.  53.  88.  69.  81.  65.  61.  99.  71.  62.  52.  79.  90.
  72.  61.  63.  89.  35.  54.  74.  78.  76.  53.  68.  75.  67.  69.
  81.  63.  41.  57.  61.  84.  61.  59.  49.  49.  41.  58.  76.  76.
  53.  49.  48.  55.  32.  61.  68.  72.  44.  63.  60.  90.  77.  61.
  58.  49.  64.  98.  55.  94.  71.  53.  63.  55.  46.  63.  76.  58.
  90.  72.  76.  32.  64.  36.  61.  81.  55.  85.  60.  60.  59.  80.
  82.  50.  35.  52.  96.  77.  82.  71.  83.  85.  69.  62.  69.  44.
  50.  54.  67.  59.  47.  54.  80.  61.  64.  49.  62.  44.  89.  81.
  68.  77.  65.  77.  88.  83.  73.  69.  68.  69.  58.  46.  61.  57.
  49.  61.  49.  56.  75.  58.  63.  78.  41.  46.  54.  73.  64. 100.
  57.  50.  67.  49.  70.  84.  42.  75.  61.  59.  99.  78.  78.  40.
  74.  74.  82.  62.  58.  75.  63.  34.  69.  52.  63.  69. 100.  75.
  68.  58.  65.  94.  76.  84.  65.  72.  63.  76.  69.  78.  81. 100.
  70.  44.  30.  84.  68.  84.  50.  81.  70.  84.  59.  98.  67.  73.
  88.  50.  77.  40.  75.  77.  54.  90.  64.  41.  49.  85.  77.  57.
  39.  94.  71. 100.  71.  58.  45.  67.  81.  82.  71.  70.  51.  66.
  79.  50.  72.  63.  84.  59.  91.  47.  97.  65.  58.  63.  54.  60.
  39.  68.  58.  57.  82.  91.  65.  57.  99.  56.  70.  59.  52.  82.
  53.  70.  67.  71.  50.  74.  66.  47.  59.  66.  52.  81.  75.  90.
  69.  82.  65.  62.  62.  62.  28.  61.  40.  52.  72.  45.  68.  94.
  44.  55.  74.  71.  79.  80.  46.  41.  52.  48.  77.  55.  45.  65.
  71.  65.  49.  45.  75.  69.  60.  81.  42.  68.  75.  62.  64.  82.
  74.  66.  81.  40.  60.  75.  49.  61.  87.  79.  87.  53.  77.  59.
  76.  52.  95.  91.  54.  55.  65.  93.  53.  67.  53.  68.  71.  41.
  57.  45.  88.  60.  81.  77.  66.  49.  53.  61.  47.  89.  71.  94.
  59.  59.  58.  85.  74.  65.  54.  59.  66.  77.  71.  93.  55.  52.
  73.  71.  60.  69.  40.  76.  52.  47.  77.  45.  63.  51.  48.  60.
  59.  72.  55.  76.  73.  72.  56.  82.  63.  67.  62.  87.  44.  55.
  66.  63.  85.  57.  60.  88.  53.  87.  64.  77.  67.  65.  50.  40.
  57.  57.  23.  67.  79.  81.  77.  70.  78.  51.  54.  63.  35.  64.
  67.  92.  65.  46.  46.  37.  80.  42.  68.  58.  45.  75.  80.  49.
  74.  67.  61.  63.  77.  60.  56.  77.  60.  73.  73.  78.  73.  73.
  87.  62.  57.  46.  74.  92.  61.  81.  73.  72.  66.  73.  32.  82.
  68.  97.  51.  59. 100.  87.  62.  69.  51.  88.  58.  59.  61.  62.
  67.  73.] and Predicted Train Data [ 51.10961914  46.51635742  62.21484375  60.03405762  90.67407227
  64.4119873   86.86999512  61.45068359  82.953125    51.1640625
  52.17346191  82.63891602  56.8848877   76.58947754  50.87316895
  52.84020996  70.87512207  61.14135742  72.07543945  54.72253418
  72.39733887  60.12634277  54.47167969  60.32348633  81.01403809
  67.78625488  62.41638184  94.37182617  69.68029785  49.22827148
  60.04614258  81.95593262  71.68029785  82.1394043   74.82580566
  69.33679199  64.34655762  59.75463867  72.70275879  40.84375
  54.54785156  53.53320312  52.08227539  88.2980957   71.39624023
  48.42614746  70.47583008  95.17199707  60.51806641  53.48425293
  73.91699219  88.76586914  44.20373535  85.81555176  90.05566406
  69.18920898  58.48876953  82.06787109  67.3203125   66.92687988
  57.94506836  72.54248047  71.30737305  68.25195312  52.95227051
  80.49475098  68.2890625   55.08166504  88.93115234  54.64941406
  60.66577148  76.72180176  54.10375977  63.97436523  59.87390137
 105.64697266  86.42468262  64.26330566  60.24560547  87.98510742
  84.32861328  78.83251953  35.21789551  82.75268555  52.04040527
  65.390625    82.97363281  81.95336914  64.72338867  80.51306152
  79.22094727  76.41699219  50.52001953  67.83679199  78.82080078
  67.55444336  85.05737305  73.2331543   52.94238281  67.27026367
  51.98474121  58.62109375  70.27526855  75.30578613  91.21899414
  82.25390625  54.16723633  89.38708496  62.0904541   76.46081543
  22.50744629  54.91564941  59.5703125   77.85986328  78.4005127
  58.36657715  21.53112793  62.74755859  68.56689453  64.03918457
  81.93066406  65.9296875   72.23095703  51.0579834   69.85083008
  84.51196289  74.59033203  65.38391113  58.33605957  72.85583496
  52.39453125  48.4822998   70.55737305  64.0246582   78.48754883
  85.91821289  44.11682129  64.44213867  61.1184082   77.47729492
  71.70361328  97.40551758  62.94995117  91.375       66.79138184
  57.87658691  88.82714844  67.57397461  40.13586426  89.42602539
  91.38989258  53.26086426  79.03173828  68.03735352  61.93212891
  52.11523438  68.82507324  75.64245605  70.83984375  74.4440918
  78.0871582   66.46203613  55.51477051  65.36376953  63.75646973
  73.25598145  66.37597656  56.86755371  70.48693848  79.70629883
  74.9732666   52.45812988  82.7220459   79.60473633  80.3795166
  73.5357666   57.66796875  57.99890137  85.37963867  78.47973633
  79.39916992  75.81604004  64.59094238  67.84448242  78.33422852
  30.72497559  67.19458008  82.47790527  70.65637207  63.77783203
  57.38989258  72.41540527  51.90307617  86.18920898  74.31201172
  65.48522949  76.92041016  78.64953613  44.65026855  52.26269531]
[ 2023-03-18 19:12:44,008 ] 58 root - INFO - Real Train Data [ 52.  40.  65.  63.  93.  66.  84.  65.  86.  51.  50.  76.  53.  79.
  43.  57.  62.  51.  74.  54.  65.  53.  51.  68.  79.  67.  60.  97.
  68.  59.  67.  85.  71.  88.  85.  74.  62.  55.  74.  37.  68.  53.
  63.  87.  65.  43.  69.  91.  59.  59.  67.  79.  40.  87.  86.  71.
  65.  82.  69.  71.  62.  72.  66.  72.  44.  82.  66.  42.  97.  59.
  55.  71.  59.  64.  55. 100.  88.  62.  64.  88.  95.  75.  29.  88.
  39.  66.  85.  80.  72.  79.  79.  80.  52.  68.  75.  66.  78.  74.
  61.  69.  40.  48.  72.  79.  87.  88.  54.  81.  68.  78.  24.  54.
  63.  69.  88.  54.  18.  67.  61.  61.  87.  65.  76.  48.  65.  82.
  74.  68.  53.  71.  47.  61.  67.  58.  69.  87.  43.  70.  66.  88.
  73.  91.  69.  90.  60.  59.  97.  77.  27.  94.  85.  56.  77.  72.
  56.  64.  80.  81.  79.  70.  79.  73.  56.  66.  59.  78.  63.  58.
  69.  83.  70.  54.  86.  80.  79.  69.  58.  52.  78.  76.  77.  74.
  70.  74.  80.  29.  73.  87.  59.  62.  52.  71.  48.  89.  65.  67.
  75.  78.  46.  57.] and Predicted Train Data [ 51.10961914  46.51635742  62.21484375  60.03405762  90.67407227
  64.4119873   86.86999512  61.45068359  82.953125    51.1640625
  52.17346191  82.63891602  56.8848877   76.58947754  50.87316895
  52.84020996  70.87512207  61.14135742  72.07543945  54.72253418
  72.39733887  60.12634277  54.47167969  60.32348633  81.01403809
  67.78625488  62.41638184  94.37182617  69.68029785  49.22827148
  60.04614258  81.95593262  71.68029785  82.1394043   74.82580566
  69.33679199  64.34655762  59.75463867  72.70275879  40.84375
  54.54785156  53.53320312  52.08227539  88.2980957   71.39624023
  48.42614746  70.47583008  95.17199707  60.51806641  53.48425293
  73.91699219  88.76586914  44.20373535  85.81555176  90.05566406
  69.18920898  58.48876953  82.06787109  67.3203125   66.92687988
  57.94506836  72.54248047  71.30737305  68.25195312  52.95227051
  80.49475098  68.2890625   55.08166504  88.93115234  54.64941406
  60.66577148  76.72180176  54.10375977  63.97436523  59.87390137
 105.64697266  86.42468262  64.26330566  60.24560547  87.98510742
  84.32861328  78.83251953  35.21789551  82.75268555  52.04040527
  65.390625    82.97363281  81.95336914  64.72338867  80.51306152
  79.22094727  76.41699219  50.52001953  67.83679199  78.82080078
  67.55444336  85.05737305  73.2331543   52.94238281  67.27026367
  51.98474121  58.62109375  70.27526855  75.30578613  91.21899414
  82.25390625  54.16723633  89.38708496  62.0904541   76.46081543
  22.50744629  54.91564941  59.5703125   77.85986328  78.4005127
  58.36657715  21.53112793  62.74755859  68.56689453  64.03918457
  81.93066406  65.9296875   72.23095703  51.0579834   69.85083008
  84.51196289  74.59033203  65.38391113  58.33605957  72.85583496
  52.39453125  48.4822998   70.55737305  64.0246582   78.48754883
  85.91821289  44.11682129  64.44213867  61.1184082   77.47729492
  71.70361328  97.40551758  62.94995117  91.375       66.79138184
  57.87658691  88.82714844  67.57397461  40.13586426  89.42602539
  91.38989258  53.26086426  79.03173828  68.03735352  61.93212891
  52.11523438  68.82507324  75.64245605  70.83984375  74.4440918
  78.0871582   66.46203613  55.51477051  65.36376953  63.75646973
  73.25598145  66.37597656  56.86755371  70.48693848  79.70629883
  74.9732666   52.45812988  82.7220459   79.60473633  80.3795166
  73.5357666   57.66796875  57.99890137  85.37963867  78.47973633
  79.39916992  75.81604004  64.59094238  67.84448242  78.33422852
  30.72497559  67.19458008  82.47790527  70.65637207  63.77783203
  57.38989258  72.41540527  51.90307617  86.18920898  74.31201172
  65.48522949  76.92041016  78.64953613  44.65026855  52.26269531]
[ 2023-03-18 19:12:44,009 ] 65 root - INFO - Test model score : 0.877359822837107 
 Test Model Score: 0.8704023080124457
[ 2023-03-18 19:12:44,009 ] 67 root - INFO - Report Addded : {'Random Forest': 0.8453765798061734, 'Decision Tree': 0.7332700083069628, 'Gradient Boosting': 0.8546464351395278, 'Linear Regression': 0.8704023080124457}
[ 2023-03-18 19:12:44,009 ] 39 root - INFO - Evaluting Model: KNeighborsRegressor() on Params; {}
[ 2023-03-18 19:12:44,009 ] 43 root - INFO - GridSearchCV(cv=3, estimator=KNeighborsRegressor(), param_grid={})
[ 2023-03-18 19:12:44,252 ] 45 root - INFO - Doing Grid Search CV
[ 2023-03-18 19:12:44,253 ] 50 root - INFO - Model Trained With Hyper Parameter Tunning
[ 2023-03-18 19:12:44,292 ] 57 root - INFO - Real Train Data [ 73.  58.  55.  37.  74.  79.  53.  75.  47.  66.  53.  66.  38.  64.
  57.  85.  90.  68.  76.  64.  62.  62.  76.  63.  54.  81.  66.  62.
  67.  74.  77.  85.  55.  52.  62.  74.  38.  48.  92.  76.  50.  48.
  50.  75.  45.  75.  60.  73.  81.  79.  75.  57.  79.  57.  68.  70.
  59.  47.  59.  68.  65.  58.  86.  76.  57.  67.  80.  61.  62.  65.
  39.  81.  81.  79.  91.  74.  75.  61.  54.  52.  66.  81.  97.  53.
  74.  57.  38.  69.  69.  84.  91.  36.  72.  79.  53.  65.  83.  87.
  47.  59.  68.  52.  58.  68.  64.  35.  69.  73.  79.  65.  69.  29.
  65.  80.  42.  44.  65.  73.  53.  65.  72.  80.  71.  63.  53.  83.
  71.  62.  59.  72.  62.  46.  67.  85.  91.  59.  76.  66.  59.  79.
  98.  27.  73.  88.  73.  68.  69.  72.  62.  86.  69.  82.  87.  58.
  89.  84.  35.  77.  51.  63.  84.  64.  54.  42.  56.  94.  80.  70.
  49.  69.   8.  58.  73.  61.  47.  59.  65.  26.  64.  59.  76.  82.
  77.  91.  69.  74.  62.  69.  73.  69.  62.  80.  48.  86.  43.  50.
  49.  65.  55.  51.  73.  52.  43.  75.  44.  81.  64.  65.  71.  65.
  30.  83.  85.  66.  76.  58.  92.  37.  75.  60.  55.  66.  76.  96.
  50.  49.  83.  92.  96.  73.  82.  67.  67.  48.  22.  70.  77.  56.
  53.  65.  58.  89.  66.  74.  83.  62.  73.  81.  47.  87.  80.  62.
  53. 100.  63.   0.  85.  68.  61.  34.  58.  78.  70.  61.  79.  68.
  70.  51.  73.  74.  82.  62.  19.  67.  70.  87.  63.  65.  61.  62.
  65.  49.  54.  46.  50.  45.  86.  67.  64.  55.  64.  71.  80.  71.
  66.  82.  50.  33.  40.  70.  63.  86.  48.  92.  59.  65.  62.  93.
  53.  58.  71.  77.  74.  78.  71.  46.  53.  62.  64.  62.  88.  62.
  69.  90.  53.  88.  69.  81.  65.  61.  99.  71.  62.  52.  79.  90.
  72.  61.  63.  89.  35.  54.  74.  78.  76.  53.  68.  75.  67.  69.
  81.  63.  41.  57.  61.  84.  61.  59.  49.  49.  41.  58.  76.  76.
  53.  49.  48.  55.  32.  61.  68.  72.  44.  63.  60.  90.  77.  61.
  58.  49.  64.  98.  55.  94.  71.  53.  63.  55.  46.  63.  76.  58.
  90.  72.  76.  32.  64.  36.  61.  81.  55.  85.  60.  60.  59.  80.
  82.  50.  35.  52.  96.  77.  82.  71.  83.  85.  69.  62.  69.  44.
  50.  54.  67.  59.  47.  54.  80.  61.  64.  49.  62.  44.  89.  81.
  68.  77.  65.  77.  88.  83.  73.  69.  68.  69.  58.  46.  61.  57.
  49.  61.  49.  56.  75.  58.  63.  78.  41.  46.  54.  73.  64. 100.
  57.  50.  67.  49.  70.  84.  42.  75.  61.  59.  99.  78.  78.  40.
  74.  74.  82.  62.  58.  75.  63.  34.  69.  52.  63.  69. 100.  75.
  68.  58.  65.  94.  76.  84.  65.  72.  63.  76.  69.  78.  81. 100.
  70.  44.  30.  84.  68.  84.  50.  81.  70.  84.  59.  98.  67.  73.
  88.  50.  77.  40.  75.  77.  54.  90.  64.  41.  49.  85.  77.  57.
  39.  94.  71. 100.  71.  58.  45.  67.  81.  82.  71.  70.  51.  66.
  79.  50.  72.  63.  84.  59.  91.  47.  97.  65.  58.  63.  54.  60.
  39.  68.  58.  57.  82.  91.  65.  57.  99.  56.  70.  59.  52.  82.
  53.  70.  67.  71.  50.  74.  66.  47.  59.  66.  52.  81.  75.  90.
  69.  82.  65.  62.  62.  62.  28.  61.  40.  52.  72.  45.  68.  94.
  44.  55.  74.  71.  79.  80.  46.  41.  52.  48.  77.  55.  45.  65.
  71.  65.  49.  45.  75.  69.  60.  81.  42.  68.  75.  62.  64.  82.
  74.  66.  81.  40.  60.  75.  49.  61.  87.  79.  87.  53.  77.  59.
  76.  52.  95.  91.  54.  55.  65.  93.  53.  67.  53.  68.  71.  41.
  57.  45.  88.  60.  81.  77.  66.  49.  53.  61.  47.  89.  71.  94.
  59.  59.  58.  85.  74.  65.  54.  59.  66.  77.  71.  93.  55.  52.
  73.  71.  60.  69.  40.  76.  52.  47.  77.  45.  63.  51.  48.  60.
  59.  72.  55.  76.  73.  72.  56.  82.  63.  67.  62.  87.  44.  55.
  66.  63.  85.  57.  60.  88.  53.  87.  64.  77.  67.  65.  50.  40.
  57.  57.  23.  67.  79.  81.  77.  70.  78.  51.  54.  63.  35.  64.
  67.  92.  65.  46.  46.  37.  80.  42.  68.  58.  45.  75.  80.  49.
  74.  67.  61.  63.  77.  60.  56.  77.  60.  73.  73.  78.  73.  73.
  87.  62.  57.  46.  74.  92.  61.  81.  73.  72.  66.  73.  32.  82.
  68.  97.  51.  59. 100.  87.  62.  69.  51.  88.  58.  59.  61.  62.
  67.  73.] and Predicted Train Data [70.8 50.8 69.4 69.  79.4 57.  69.8 72.2 68.4 60.4 63.6 80.6 48.  67.
 56.8 60.8 68.4 77.6 57.6 53.2 75.6 55.2 52.6 60.8 73.4 68.  69.  79.4
 55.2 57.2 56.6 73.4 71.8 77.4 73.6 79.4 70.6 59.8 66.6 59.2 67.  62.6
 46.6 74.6 76.6 45.2 64.6 75.4 65.4 66.8 64.8 73.4 54.6 75.4 79.2 65.8
 52.8 76.  58.8 65.2 62.8 70.4 70.4 68.4 61.8 83.6 57.  61.2 73.6 60.8
 64.6 73.6 56.2 62.8 60.  87.  67.8 67.6 58.4 80.4 83.2 67.2 56.  77.2
 52.8 76.6 73.4 77.8 67.6 73.8 70.8 77.6 60.8 63.8 69.8 68.4 72.  64.6
 68.  60.  67.8 58.4 76.6 70.  83.8 74.  71.6 77.2 69.  74.2 32.2 57.8
 63.2 77.4 68.6 60.6 25.  73.4 72.4 64.6 68.  66.8 72.4 63.  68.2 63.
 66.  64.6 55.2 67.  59.6 62.8 65.6 67.6 77.4 79.  52.  60.8 61.2 72.4
 72.6 73.8 66.  79.2 67.6 57.6 69.8 68.8 61.2 73.6 83.6 45.2 75.6 68.8
 71.4 55.2 73.6 69.8 60.2 74.2 77.  74.2 67.  63.4 67.6 58.8 61.  62.6
 67.6 69.6 75.8 56.4 77.4 79.  63.2 72.4 56.8 63.2 84.8 76.4 64.2 66.
 68.  58.4 67.4 47.2 69.8 77.8 75.2 64.6 62.8 66.8 61.4 72.4 70.6 75.6
 75.2 68.6 54.2 63.2]
[ 2023-03-18 19:12:44,294 ] 58 root - INFO - Real Train Data [ 52.  40.  65.  63.  93.  66.  84.  65.  86.  51.  50.  76.  53.  79.
  43.  57.  62.  51.  74.  54.  65.  53.  51.  68.  79.  67.  60.  97.
  68.  59.  67.  85.  71.  88.  85.  74.  62.  55.  74.  37.  68.  53.
  63.  87.  65.  43.  69.  91.  59.  59.  67.  79.  40.  87.  86.  71.
  65.  82.  69.  71.  62.  72.  66.  72.  44.  82.  66.  42.  97.  59.
  55.  71.  59.  64.  55. 100.  88.  62.  64.  88.  95.  75.  29.  88.
  39.  66.  85.  80.  72.  79.  79.  80.  52.  68.  75.  66.  78.  74.
  61.  69.  40.  48.  72.  79.  87.  88.  54.  81.  68.  78.  24.  54.
  63.  69.  88.  54.  18.  67.  61.  61.  87.  65.  76.  48.  65.  82.
  74.  68.  53.  71.  47.  61.  67.  58.  69.  87.  43.  70.  66.  88.
  73.  91.  69.  90.  60.  59.  97.  77.  27.  94.  85.  56.  77.  72.
  56.  64.  80.  81.  79.  70.  79.  73.  56.  66.  59.  78.  63.  58.
  69.  83.  70.  54.  86.  80.  79.  69.  58.  52.  78.  76.  77.  74.
  70.  74.  80.  29.  73.  87.  59.  62.  52.  71.  48.  89.  65.  67.
  75.  78.  46.  57.] and Predicted Train Data [70.8 50.8 69.4 69.  79.4 57.  69.8 72.2 68.4 60.4 63.6 80.6 48.  67.
 56.8 60.8 68.4 77.6 57.6 53.2 75.6 55.2 52.6 60.8 73.4 68.  69.  79.4
 55.2 57.2 56.6 73.4 71.8 77.4 73.6 79.4 70.6 59.8 66.6 59.2 67.  62.6
 46.6 74.6 76.6 45.2 64.6 75.4 65.4 66.8 64.8 73.4 54.6 75.4 79.2 65.8
 52.8 76.  58.8 65.2 62.8 70.4 70.4 68.4 61.8 83.6 57.  61.2 73.6 60.8
 64.6 73.6 56.2 62.8 60.  87.  67.8 67.6 58.4 80.4 83.2 67.2 56.  77.2
 52.8 76.6 73.4 77.8 67.6 73.8 70.8 77.6 60.8 63.8 69.8 68.4 72.  64.6
 68.  60.  67.8 58.4 76.6 70.  83.8 74.  71.6 77.2 69.  74.2 32.2 57.8
 63.2 77.4 68.6 60.6 25.  73.4 72.4 64.6 68.  66.8 72.4 63.  68.2 63.
 66.  64.6 55.2 67.  59.6 62.8 65.6 67.6 77.4 79.  52.  60.8 61.2 72.4
 72.6 73.8 66.  79.2 67.6 57.6 69.8 68.8 61.2 73.6 83.6 45.2 75.6 68.8
 71.4 55.2 73.6 69.8 60.2 74.2 77.  74.2 67.  63.4 67.6 58.8 61.  62.6
 67.6 69.6 75.8 56.4 77.4 79.  63.2 72.4 56.8 63.2 84.8 76.4 64.2 66.
 68.  58.4 67.4 47.2 69.8 77.8 75.2 64.6 62.8 66.8 61.4 72.4 70.6 75.6
 75.2 68.6 54.2 63.2]
[ 2023-03-18 19:12:44,295 ] 65 root - INFO - Test model score : 0.6895078557486356 
 Test Model Score: 0.4981420508414579
[ 2023-03-18 19:12:44,295 ] 67 root - INFO - Report Addded : {'Random Forest': 0.8453765798061734, 'Decision Tree': 0.7332700083069628, 'Gradient Boosting': 0.8546464351395278, 'Linear Regression': 0.8704023080124457, 'K-Neighbors Regression': 0.4981420508414579}
[ 2023-03-18 19:12:44,298 ] 39 root - INFO - Evaluting Model: XGBRFRegressor(base_score=None, booster=None, callbacks=None,
               colsample_bylevel=None, colsample_bytree=None,
               early_stopping_rounds=None, enable_categorical=False,
               eval_metric=None, feature_types=None, gamma=None, gpu_id=None,
               grow_policy=None, importance_type=None,
               interaction_constraints=None, max_bin=None,
               max_cat_threshold=None, max_cat_to_onehot=None,
               max_delta_step=None, max_depth=None, max_leaves=None,
               min_child_weight=None, missing=nan, monotone_constraints=None,
               n_estimators=100, n_jobs=None, num_parallel_tree=None,
               objective='reg:squarederror', predictor=None, random_state=None,
               reg_alpha=None, ...) on Params; {'learning_rate': [0.1, 0.01, 0.05, 0.001], 'n_estimators': [8, 16, 32, 64, 128, 256]}
[ 2023-03-18 19:12:44,298 ] 43 root - INFO - GridSearchCV(cv=3,
             estimator=XGBRFRegressor(base_score=None, booster=None,
                                      callbacks=None, colsample_bylevel=None,
                                      colsample_bytree=None,
                                      early_stopping_rounds=None,
                                      enable_categorical=False,
                                      eval_metric=None, feature_types=None,
                                      gamma=None, gpu_id=None, grow_policy=None,
                                      importance_type=None,
                                      interaction_constraints=None,
                                      max_bin=None, max_cat_threshold=None,
                                      max_cat_to_onehot=None,
                                      max_delta_step=None, max_depth=None,
                                      max_leaves=None, min_child_weight=None,
                                      missing=nan, monotone_constraints=None,
                                      n_estimators=100, n_jobs=None,
                                      num_parallel_tree=None,
                                      objective='reg:squarederror',
                                      predictor=None, random_state=None,
                                      reg_alpha=None, ...),
             param_grid={'learning_rate': [0.1, 0.01, 0.05, 0.001],
                         'n_estimators': [8, 16, 32, 64, 128, 256]})
[ 2023-03-18 19:12:48,919 ] 45 root - INFO - Doing Grid Search CV
[ 2023-03-18 19:12:48,964 ] 50 root - INFO - Model Trained With Hyper Parameter Tunning
[ 2023-03-18 19:12:48,976 ] 57 root - INFO - Real Train Data [ 73.  58.  55.  37.  74.  79.  53.  75.  47.  66.  53.  66.  38.  64.
  57.  85.  90.  68.  76.  64.  62.  62.  76.  63.  54.  81.  66.  62.
  67.  74.  77.  85.  55.  52.  62.  74.  38.  48.  92.  76.  50.  48.
  50.  75.  45.  75.  60.  73.  81.  79.  75.  57.  79.  57.  68.  70.
  59.  47.  59.  68.  65.  58.  86.  76.  57.  67.  80.  61.  62.  65.
  39.  81.  81.  79.  91.  74.  75.  61.  54.  52.  66.  81.  97.  53.
  74.  57.  38.  69.  69.  84.  91.  36.  72.  79.  53.  65.  83.  87.
  47.  59.  68.  52.  58.  68.  64.  35.  69.  73.  79.  65.  69.  29.
  65.  80.  42.  44.  65.  73.  53.  65.  72.  80.  71.  63.  53.  83.
  71.  62.  59.  72.  62.  46.  67.  85.  91.  59.  76.  66.  59.  79.
  98.  27.  73.  88.  73.  68.  69.  72.  62.  86.  69.  82.  87.  58.
  89.  84.  35.  77.  51.  63.  84.  64.  54.  42.  56.  94.  80.  70.
  49.  69.   8.  58.  73.  61.  47.  59.  65.  26.  64.  59.  76.  82.
  77.  91.  69.  74.  62.  69.  73.  69.  62.  80.  48.  86.  43.  50.
  49.  65.  55.  51.  73.  52.  43.  75.  44.  81.  64.  65.  71.  65.
  30.  83.  85.  66.  76.  58.  92.  37.  75.  60.  55.  66.  76.  96.
  50.  49.  83.  92.  96.  73.  82.  67.  67.  48.  22.  70.  77.  56.
  53.  65.  58.  89.  66.  74.  83.  62.  73.  81.  47.  87.  80.  62.
  53. 100.  63.   0.  85.  68.  61.  34.  58.  78.  70.  61.  79.  68.
  70.  51.  73.  74.  82.  62.  19.  67.  70.  87.  63.  65.  61.  62.
  65.  49.  54.  46.  50.  45.  86.  67.  64.  55.  64.  71.  80.  71.
  66.  82.  50.  33.  40.  70.  63.  86.  48.  92.  59.  65.  62.  93.
  53.  58.  71.  77.  74.  78.  71.  46.  53.  62.  64.  62.  88.  62.
  69.  90.  53.  88.  69.  81.  65.  61.  99.  71.  62.  52.  79.  90.
  72.  61.  63.  89.  35.  54.  74.  78.  76.  53.  68.  75.  67.  69.
  81.  63.  41.  57.  61.  84.  61.  59.  49.  49.  41.  58.  76.  76.
  53.  49.  48.  55.  32.  61.  68.  72.  44.  63.  60.  90.  77.  61.
  58.  49.  64.  98.  55.  94.  71.  53.  63.  55.  46.  63.  76.  58.
  90.  72.  76.  32.  64.  36.  61.  81.  55.  85.  60.  60.  59.  80.
  82.  50.  35.  52.  96.  77.  82.  71.  83.  85.  69.  62.  69.  44.
  50.  54.  67.  59.  47.  54.  80.  61.  64.  49.  62.  44.  89.  81.
  68.  77.  65.  77.  88.  83.  73.  69.  68.  69.  58.  46.  61.  57.
  49.  61.  49.  56.  75.  58.  63.  78.  41.  46.  54.  73.  64. 100.
  57.  50.  67.  49.  70.  84.  42.  75.  61.  59.  99.  78.  78.  40.
  74.  74.  82.  62.  58.  75.  63.  34.  69.  52.  63.  69. 100.  75.
  68.  58.  65.  94.  76.  84.  65.  72.  63.  76.  69.  78.  81. 100.
  70.  44.  30.  84.  68.  84.  50.  81.  70.  84.  59.  98.  67.  73.
  88.  50.  77.  40.  75.  77.  54.  90.  64.  41.  49.  85.  77.  57.
  39.  94.  71. 100.  71.  58.  45.  67.  81.  82.  71.  70.  51.  66.
  79.  50.  72.  63.  84.  59.  91.  47.  97.  65.  58.  63.  54.  60.
  39.  68.  58.  57.  82.  91.  65.  57.  99.  56.  70.  59.  52.  82.
  53.  70.  67.  71.  50.  74.  66.  47.  59.  66.  52.  81.  75.  90.
  69.  82.  65.  62.  62.  62.  28.  61.  40.  52.  72.  45.  68.  94.
  44.  55.  74.  71.  79.  80.  46.  41.  52.  48.  77.  55.  45.  65.
  71.  65.  49.  45.  75.  69.  60.  81.  42.  68.  75.  62.  64.  82.
  74.  66.  81.  40.  60.  75.  49.  61.  87.  79.  87.  53.  77.  59.
  76.  52.  95.  91.  54.  55.  65.  93.  53.  67.  53.  68.  71.  41.
  57.  45.  88.  60.  81.  77.  66.  49.  53.  61.  47.  89.  71.  94.
  59.  59.  58.  85.  74.  65.  54.  59.  66.  77.  71.  93.  55.  52.
  73.  71.  60.  69.  40.  76.  52.  47.  77.  45.  63.  51.  48.  60.
  59.  72.  55.  76.  73.  72.  56.  82.  63.  67.  62.  87.  44.  55.
  66.  63.  85.  57.  60.  88.  53.  87.  64.  77.  67.  65.  50.  40.
  57.  57.  23.  67.  79.  81.  77.  70.  78.  51.  54.  63.  35.  64.
  67.  92.  65.  46.  46.  37.  80.  42.  68.  58.  45.  75.  80.  49.
  74.  67.  61.  63.  77.  60.  56.  77.  60.  73.  73.  78.  73.  73.
  87.  62.  57.  46.  74.  92.  61.  81.  73.  72.  66.  73.  32.  82.
  68.  97.  51.  59. 100.  87.  62.  69.  51.  88.  58.  59.  61.  62.
  67.  73.] and Predicted Train Data [ 5.6305394  5.1399546  6.6571712  6.387446   9.6645     6.7071967
  9.920974   6.7105436  8.727234   5.2535486  6.031873   8.855566
  6.3942304  8.013      5.553397   5.6295424  7.5332522  6.7975197
  7.6174383  6.1854978  7.4891295  6.3900566  6.140304   6.408806
  8.39824    7.3802705  6.617804   9.589703   7.456848   5.5195723
  6.5100813  8.891948   7.5136275  8.900744   7.7038856  7.217053
  6.545227   6.622004   7.4645047  4.403807   6.172368   5.755806
  5.5363946  8.745143   6.9920526  5.3515306  7.2726893 10.070361
  6.2802176  5.6705914  7.790132   9.393357   5.146484   8.846966
  9.020136   7.203833   6.226066   9.002462   7.360956   6.656781
  5.8849044  7.530376   7.542205   7.492195   5.599064   8.41749
  7.5391397  6.117765   9.651124   5.602213   6.6154366  8.582795
  5.771928   6.8381824  6.456427  10.066999   8.656005   7.17422
  6.5571685  9.6661825  8.830017   8.094609   4.7663574  8.522385
  5.455839   6.166642   8.967093   8.36696    6.8655686  8.254571
  8.737158   7.8239846  5.864312   7.3932886  8.015265   7.1756563
  8.919546   7.3048863  5.560288   7.090188   5.6386213  6.2462115
  7.3170605  8.210982   9.656701   8.882801   5.9502163  8.966447
  6.6865277  8.81989    2.5857966  6.0956373  6.0723214  8.071453
  8.398815   5.996749   2.787358   7.2073607  7.4173784  6.770246
  8.68945    7.0926905  7.535597   5.5137506  7.512233   8.957605
  8.281292   6.815496   6.393907   7.7076516  5.764918   5.45717
  7.50165    6.558086   8.067761   9.136156   5.005781   6.805766
  6.656901   8.260729   7.3212385 10.084671   6.8305745  9.588982
  6.9806795  6.248703   9.5788145  6.7049026  4.99821    9.466996
  9.310453   5.821018   8.063493   7.452844   6.64988    5.638345
  7.355411   7.7038856  7.378329   7.9380736  8.548054   7.351064
  6.2532396  6.565418   6.7673955  7.7088475  7.3829618  6.0609865
  7.3893137  8.078879   7.5869102  6.0192165  8.544551   8.6740055
  8.737226   7.3770747  5.9365926  6.1918073  8.981456   7.889539
  9.417809   7.605916   6.9490237  6.667973   8.231464   4.035999
  7.1365175  9.007433   7.584973   7.027806   5.829103   6.9079747
  5.5801973  9.479131   7.737815   6.844974   7.9590826  8.417761
  5.2327933  6.070298 ]
[ 2023-03-18 19:12:48,981 ] 58 root - INFO - Real Train Data [ 52.  40.  65.  63.  93.  66.  84.  65.  86.  51.  50.  76.  53.  79.
  43.  57.  62.  51.  74.  54.  65.  53.  51.  68.  79.  67.  60.  97.
  68.  59.  67.  85.  71.  88.  85.  74.  62.  55.  74.  37.  68.  53.
  63.  87.  65.  43.  69.  91.  59.  59.  67.  79.  40.  87.  86.  71.
  65.  82.  69.  71.  62.  72.  66.  72.  44.  82.  66.  42.  97.  59.
  55.  71.  59.  64.  55. 100.  88.  62.  64.  88.  95.  75.  29.  88.
  39.  66.  85.  80.  72.  79.  79.  80.  52.  68.  75.  66.  78.  74.
  61.  69.  40.  48.  72.  79.  87.  88.  54.  81.  68.  78.  24.  54.
  63.  69.  88.  54.  18.  67.  61.  61.  87.  65.  76.  48.  65.  82.
  74.  68.  53.  71.  47.  61.  67.  58.  69.  87.  43.  70.  66.  88.
  73.  91.  69.  90.  60.  59.  97.  77.  27.  94.  85.  56.  77.  72.
  56.  64.  80.  81.  79.  70.  79.  73.  56.  66.  59.  78.  63.  58.
  69.  83.  70.  54.  86.  80.  79.  69.  58.  52.  78.  76.  77.  74.
  70.  74.  80.  29.  73.  87.  59.  62.  52.  71.  48.  89.  65.  67.
  75.  78.  46.  57.] and Predicted Train Data [ 5.6305394  5.1399546  6.6571712  6.387446   9.6645     6.7071967
  9.920974   6.7105436  8.727234   5.2535486  6.031873   8.855566
  6.3942304  8.013      5.553397   5.6295424  7.5332522  6.7975197
  7.6174383  6.1854978  7.4891295  6.3900566  6.140304   6.408806
  8.39824    7.3802705  6.617804   9.589703   7.456848   5.5195723
  6.5100813  8.891948   7.5136275  8.900744   7.7038856  7.217053
  6.545227   6.622004   7.4645047  4.403807   6.172368   5.755806
  5.5363946  8.745143   6.9920526  5.3515306  7.2726893 10.070361
  6.2802176  5.6705914  7.790132   9.393357   5.146484   8.846966
  9.020136   7.203833   6.226066   9.002462   7.360956   6.656781
  5.8849044  7.530376   7.542205   7.492195   5.599064   8.41749
  7.5391397  6.117765   9.651124   5.602213   6.6154366  8.582795
  5.771928   6.8381824  6.456427  10.066999   8.656005   7.17422
  6.5571685  9.6661825  8.830017   8.094609   4.7663574  8.522385
  5.455839   6.166642   8.967093   8.36696    6.8655686  8.254571
  8.737158   7.8239846  5.864312   7.3932886  8.015265   7.1756563
  8.919546   7.3048863  5.560288   7.090188   5.6386213  6.2462115
  7.3170605  8.210982   9.656701   8.882801   5.9502163  8.966447
  6.6865277  8.81989    2.5857966  6.0956373  6.0723214  8.071453
  8.398815   5.996749   2.787358   7.2073607  7.4173784  6.770246
  8.68945    7.0926905  7.535597   5.5137506  7.512233   8.957605
  8.281292   6.815496   6.393907   7.7076516  5.764918   5.45717
  7.50165    6.558086   8.067761   9.136156   5.005781   6.805766
  6.656901   8.260729   7.3212385 10.084671   6.8305745  9.588982
  6.9806795  6.248703   9.5788145  6.7049026  4.99821    9.466996
  9.310453   5.821018   8.063493   7.452844   6.64988    5.638345
  7.355411   7.7038856  7.378329   7.9380736  8.548054   7.351064
  6.2532396  6.565418   6.7673955  7.7088475  7.3829618  6.0609865
  7.3893137  8.078879   7.5869102  6.0192165  8.544551   8.6740055
  8.737226   7.3770747  5.9365926  6.1918073  8.981456   7.889539
  9.417809   7.605916   6.9490237  6.667973   8.231464   4.035999
  7.1365175  9.007433   7.584973   7.027806   5.829103   6.9079747
  5.5801973  9.479131   7.737815   6.844974   7.9590826  8.417761
  5.2327933  6.070298 ]
[ 2023-03-18 19:12:48,982 ] 65 root - INFO - Test model score : -14.789162608721844 
 Test Model Score: -16.141455824371366
[ 2023-03-18 19:12:48,982 ] 67 root - INFO - Report Addded : {'Random Forest': 0.8453765798061734, 'Decision Tree': 0.7332700083069628, 'Gradient Boosting': 0.8546464351395278, 'Linear Regression': 0.8704023080124457, 'K-Neighbors Regression': 0.4981420508414579, 'XGBRegression': -16.141455824371366}
[ 2023-03-18 19:12:48,982 ] 39 root - INFO - Evaluting Model: <catboost.core.CatBoostRegressor object at 0x000002B764133C10> on Params; {'depth': [6, 8, 10], 'learning_rate': [0.01, 0.05, 0.1], 'iterations': [30, 50, 100]}
[ 2023-03-18 19:12:48,982 ] 43 root - INFO - GridSearchCV(cv=3,
             estimator=<catboost.core.CatBoostRegressor object at 0x000002B764133C10>,
             param_grid={'depth': [6, 8, 10], 'iterations': [30, 50, 100],
                         'learning_rate': [0.01, 0.05, 0.1]})
[ 2023-03-18 19:13:18,861 ] 45 root - INFO - Doing Grid Search CV
[ 2023-03-18 19:13:19,227 ] 50 root - INFO - Model Trained With Hyper Parameter Tunning
[ 2023-03-18 19:13:19,257 ] 57 root - INFO - Real Train Data [ 73.  58.  55.  37.  74.  79.  53.  75.  47.  66.  53.  66.  38.  64.
  57.  85.  90.  68.  76.  64.  62.  62.  76.  63.  54.  81.  66.  62.
  67.  74.  77.  85.  55.  52.  62.  74.  38.  48.  92.  76.  50.  48.
  50.  75.  45.  75.  60.  73.  81.  79.  75.  57.  79.  57.  68.  70.
  59.  47.  59.  68.  65.  58.  86.  76.  57.  67.  80.  61.  62.  65.
  39.  81.  81.  79.  91.  74.  75.  61.  54.  52.  66.  81.  97.  53.
  74.  57.  38.  69.  69.  84.  91.  36.  72.  79.  53.  65.  83.  87.
  47.  59.  68.  52.  58.  68.  64.  35.  69.  73.  79.  65.  69.  29.
  65.  80.  42.  44.  65.  73.  53.  65.  72.  80.  71.  63.  53.  83.
  71.  62.  59.  72.  62.  46.  67.  85.  91.  59.  76.  66.  59.  79.
  98.  27.  73.  88.  73.  68.  69.  72.  62.  86.  69.  82.  87.  58.
  89.  84.  35.  77.  51.  63.  84.  64.  54.  42.  56.  94.  80.  70.
  49.  69.   8.  58.  73.  61.  47.  59.  65.  26.  64.  59.  76.  82.
  77.  91.  69.  74.  62.  69.  73.  69.  62.  80.  48.  86.  43.  50.
  49.  65.  55.  51.  73.  52.  43.  75.  44.  81.  64.  65.  71.  65.
  30.  83.  85.  66.  76.  58.  92.  37.  75.  60.  55.  66.  76.  96.
  50.  49.  83.  92.  96.  73.  82.  67.  67.  48.  22.  70.  77.  56.
  53.  65.  58.  89.  66.  74.  83.  62.  73.  81.  47.  87.  80.  62.
  53. 100.  63.   0.  85.  68.  61.  34.  58.  78.  70.  61.  79.  68.
  70.  51.  73.  74.  82.  62.  19.  67.  70.  87.  63.  65.  61.  62.
  65.  49.  54.  46.  50.  45.  86.  67.  64.  55.  64.  71.  80.  71.
  66.  82.  50.  33.  40.  70.  63.  86.  48.  92.  59.  65.  62.  93.
  53.  58.  71.  77.  74.  78.  71.  46.  53.  62.  64.  62.  88.  62.
  69.  90.  53.  88.  69.  81.  65.  61.  99.  71.  62.  52.  79.  90.
  72.  61.  63.  89.  35.  54.  74.  78.  76.  53.  68.  75.  67.  69.
  81.  63.  41.  57.  61.  84.  61.  59.  49.  49.  41.  58.  76.  76.
  53.  49.  48.  55.  32.  61.  68.  72.  44.  63.  60.  90.  77.  61.
  58.  49.  64.  98.  55.  94.  71.  53.  63.  55.  46.  63.  76.  58.
  90.  72.  76.  32.  64.  36.  61.  81.  55.  85.  60.  60.  59.  80.
  82.  50.  35.  52.  96.  77.  82.  71.  83.  85.  69.  62.  69.  44.
  50.  54.  67.  59.  47.  54.  80.  61.  64.  49.  62.  44.  89.  81.
  68.  77.  65.  77.  88.  83.  73.  69.  68.  69.  58.  46.  61.  57.
  49.  61.  49.  56.  75.  58.  63.  78.  41.  46.  54.  73.  64. 100.
  57.  50.  67.  49.  70.  84.  42.  75.  61.  59.  99.  78.  78.  40.
  74.  74.  82.  62.  58.  75.  63.  34.  69.  52.  63.  69. 100.  75.
  68.  58.  65.  94.  76.  84.  65.  72.  63.  76.  69.  78.  81. 100.
  70.  44.  30.  84.  68.  84.  50.  81.  70.  84.  59.  98.  67.  73.
  88.  50.  77.  40.  75.  77.  54.  90.  64.  41.  49.  85.  77.  57.
  39.  94.  71. 100.  71.  58.  45.  67.  81.  82.  71.  70.  51.  66.
  79.  50.  72.  63.  84.  59.  91.  47.  97.  65.  58.  63.  54.  60.
  39.  68.  58.  57.  82.  91.  65.  57.  99.  56.  70.  59.  52.  82.
  53.  70.  67.  71.  50.  74.  66.  47.  59.  66.  52.  81.  75.  90.
  69.  82.  65.  62.  62.  62.  28.  61.  40.  52.  72.  45.  68.  94.
  44.  55.  74.  71.  79.  80.  46.  41.  52.  48.  77.  55.  45.  65.
  71.  65.  49.  45.  75.  69.  60.  81.  42.  68.  75.  62.  64.  82.
  74.  66.  81.  40.  60.  75.  49.  61.  87.  79.  87.  53.  77.  59.
  76.  52.  95.  91.  54.  55.  65.  93.  53.  67.  53.  68.  71.  41.
  57.  45.  88.  60.  81.  77.  66.  49.  53.  61.  47.  89.  71.  94.
  59.  59.  58.  85.  74.  65.  54.  59.  66.  77.  71.  93.  55.  52.
  73.  71.  60.  69.  40.  76.  52.  47.  77.  45.  63.  51.  48.  60.
  59.  72.  55.  76.  73.  72.  56.  82.  63.  67.  62.  87.  44.  55.
  66.  63.  85.  57.  60.  88.  53.  87.  64.  77.  67.  65.  50.  40.
  57.  57.  23.  67.  79.  81.  77.  70.  78.  51.  54.  63.  35.  64.
  67.  92.  65.  46.  46.  37.  80.  42.  68.  58.  45.  75.  80.  49.
  74.  67.  61.  63.  77.  60.  56.  77.  60.  73.  73.  78.  73.  73.
  87.  62.  57.  46.  74.  92.  61.  81.  73.  72.  66.  73.  32.  82.
  68.  97.  51.  59. 100.  87.  62.  69.  51.  88.  58.  59.  61.  62.
  67.  73.] and Predicted Train Data [54.22886097 48.47765141 63.59588431 59.515149   89.16765603 60.19724781
 88.22646181 59.62618108 82.5853617  51.14797675 49.9439819  81.49018056
 57.62488511 74.18244097 50.75567729 51.61445551 69.30430643 60.51956027
 73.52798077 54.16640828 70.68572616 60.03908195 53.1066051  56.55549359
 80.45849752 66.73100397 61.30560831 93.91666297 68.94240706 50.8340855
 59.99334568 83.59943054 71.25153822 84.20779385 74.89479221 70.81431449
 62.57260525 62.11160837 71.2082484  39.01442588 53.24129211 55.29640846
 49.30691674 86.90636893 70.81050747 49.39500042 68.37770936 96.54858552
 56.64394294 52.11917442 71.38595005 88.68517307 46.54264116 85.40155149
 86.653055   68.39229471 58.63373855 83.01175759 67.88714429 66.58069898
 55.78394102 71.38909433 71.54900626 66.8171259  52.90267927 83.53705863
 67.12871277 54.7480337  91.83059236 53.02439929 61.39076838 78.87559099
 54.44794776 63.58525761 60.31137496 98.41711206 82.89632855 64.00569577
 60.85435856 90.70293063 86.20636815 78.05833603 37.7353711  80.08412333
 52.72604908 62.5500601  83.28418226 81.74052801 65.1059472  80.92244748
 78.62914078 75.38209836 50.2731559  66.49986885 77.35374922 65.75386933
 84.42414356 70.58760621 51.43328824 67.00938767 52.14522148 58.58570419
 71.16390522 77.34267043 91.82733418 81.28885762 53.99424663 86.92965835
 61.58426654 79.43653869 17.38859472 53.54572977 59.32249149 77.66740425
 77.14647688 58.1380352  17.19261246 62.88347725 67.24583775 63.25899638
 81.85957578 63.63744435 70.83845838 50.44437783 69.91115213 84.23647574
 74.76142862 61.89355641 58.60115434 71.23367392 53.14870671 48.98104521
 68.01368163 61.93223967 77.57058928 87.90846783 45.1534719  62.98825564
 61.85730926 75.56934236 69.56094452 92.56832588 62.82155911 91.86343654
 66.53604831 55.33232774 90.56150971 64.20960183 42.75328861 91.31281586
 89.0874692  54.64480672 79.13035638 69.74306012 61.66524207 54.19719827
 69.00394739 73.83677276 69.1727589  75.21099841 78.02682122 67.56171135
 54.4797874  64.65809417 63.16433645 72.29681005 64.45192135 56.88369985
 71.18832139 78.77802254 76.51906645 52.30401956 82.96543059 82.48586654
 80.99583157 70.46784896 56.1684165  55.78766543 86.05115476 76.21303037
 84.30541266 70.07378877 62.73425613 67.19637017 78.24230825 34.338233
 63.95439814 85.54358096 70.66369885 65.10416297 54.6003201  67.65198165
 51.18877616 88.41556522 72.79660934 63.46253698 77.56653049 76.84936427
 46.96420699 55.3362364 ]
[ 2023-03-18 19:13:19,260 ] 58 root - INFO - Real Train Data [ 52.  40.  65.  63.  93.  66.  84.  65.  86.  51.  50.  76.  53.  79.
  43.  57.  62.  51.  74.  54.  65.  53.  51.  68.  79.  67.  60.  97.
  68.  59.  67.  85.  71.  88.  85.  74.  62.  55.  74.  37.  68.  53.
  63.  87.  65.  43.  69.  91.  59.  59.  67.  79.  40.  87.  86.  71.
  65.  82.  69.  71.  62.  72.  66.  72.  44.  82.  66.  42.  97.  59.
  55.  71.  59.  64.  55. 100.  88.  62.  64.  88.  95.  75.  29.  88.
  39.  66.  85.  80.  72.  79.  79.  80.  52.  68.  75.  66.  78.  74.
  61.  69.  40.  48.  72.  79.  87.  88.  54.  81.  68.  78.  24.  54.
  63.  69.  88.  54.  18.  67.  61.  61.  87.  65.  76.  48.  65.  82.
  74.  68.  53.  71.  47.  61.  67.  58.  69.  87.  43.  70.  66.  88.
  73.  91.  69.  90.  60.  59.  97.  77.  27.  94.  85.  56.  77.  72.
  56.  64.  80.  81.  79.  70.  79.  73.  56.  66.  59.  78.  63.  58.
  69.  83.  70.  54.  86.  80.  79.  69.  58.  52.  78.  76.  77.  74.
  70.  74.  80.  29.  73.  87.  59.  62.  52.  71.  48.  89.  65.  67.
  75.  78.  46.  57.] and Predicted Train Data [54.22886097 48.47765141 63.59588431 59.515149   89.16765603 60.19724781
 88.22646181 59.62618108 82.5853617  51.14797675 49.9439819  81.49018056
 57.62488511 74.18244097 50.75567729 51.61445551 69.30430643 60.51956027
 73.52798077 54.16640828 70.68572616 60.03908195 53.1066051  56.55549359
 80.45849752 66.73100397 61.30560831 93.91666297 68.94240706 50.8340855
 59.99334568 83.59943054 71.25153822 84.20779385 74.89479221 70.81431449
 62.57260525 62.11160837 71.2082484  39.01442588 53.24129211 55.29640846
 49.30691674 86.90636893 70.81050747 49.39500042 68.37770936 96.54858552
 56.64394294 52.11917442 71.38595005 88.68517307 46.54264116 85.40155149
 86.653055   68.39229471 58.63373855 83.01175759 67.88714429 66.58069898
 55.78394102 71.38909433 71.54900626 66.8171259  52.90267927 83.53705863
 67.12871277 54.7480337  91.83059236 53.02439929 61.39076838 78.87559099
 54.44794776 63.58525761 60.31137496 98.41711206 82.89632855 64.00569577
 60.85435856 90.70293063 86.20636815 78.05833603 37.7353711  80.08412333
 52.72604908 62.5500601  83.28418226 81.74052801 65.1059472  80.92244748
 78.62914078 75.38209836 50.2731559  66.49986885 77.35374922 65.75386933
 84.42414356 70.58760621 51.43328824 67.00938767 52.14522148 58.58570419
 71.16390522 77.34267043 91.82733418 81.28885762 53.99424663 86.92965835
 61.58426654 79.43653869 17.38859472 53.54572977 59.32249149 77.66740425
 77.14647688 58.1380352  17.19261246 62.88347725 67.24583775 63.25899638
 81.85957578 63.63744435 70.83845838 50.44437783 69.91115213 84.23647574
 74.76142862 61.89355641 58.60115434 71.23367392 53.14870671 48.98104521
 68.01368163 61.93223967 77.57058928 87.90846783 45.1534719  62.98825564
 61.85730926 75.56934236 69.56094452 92.56832588 62.82155911 91.86343654
 66.53604831 55.33232774 90.56150971 64.20960183 42.75328861 91.31281586
 89.0874692  54.64480672 79.13035638 69.74306012 61.66524207 54.19719827
 69.00394739 73.83677276 69.1727589  75.21099841 78.02682122 67.56171135
 54.4797874  64.65809417 63.16433645 72.29681005 64.45192135 56.88369985
 71.18832139 78.77802254 76.51906645 52.30401956 82.96543059 82.48586654
 80.99583157 70.46784896 56.1684165  55.78766543 86.05115476 76.21303037
 84.30541266 70.07378877 62.73425613 67.19637017 78.24230825 34.338233
 63.95439814 85.54358096 70.66369885 65.10416297 54.6003201  67.65198165
 51.18877616 88.41556522 72.79660934 63.46253698 77.56653049 76.84936427
 46.96420699 55.3362364 ]
[ 2023-03-18 19:13:19,261 ] 65 root - INFO - Test model score : 0.9084471448377421 
 Test Model Score: 0.8591183744875537
[ 2023-03-18 19:13:19,261 ] 67 root - INFO - Report Addded : {'Random Forest': 0.8453765798061734, 'Decision Tree': 0.7332700083069628, 'Gradient Boosting': 0.8546464351395278, 'Linear Regression': 0.8704023080124457, 'K-Neighbors Regression': 0.4981420508414579, 'XGBRegression': -16.141455824371366, 'CatBoosting Regression': 0.8591183744875537}
[ 2023-03-18 19:13:19,261 ] 39 root - INFO - Evaluting Model: AdaBoostRegressor() on Params; {'learning_rate': [0.1, 0.01, 0.5, 0.001], 'n_estimators': [8, 16, 32, 64, 128, 256]}
[ 2023-03-18 19:13:19,262 ] 43 root - INFO - GridSearchCV(cv=3, estimator=AdaBoostRegressor(),
             param_grid={'learning_rate': [0.1, 0.01, 0.5, 0.001],
                         'n_estimators': [8, 16, 32, 64, 128, 256]})
[ 2023-03-18 19:13:34,527 ] 45 root - INFO - Doing Grid Search CV
[ 2023-03-18 19:13:35,117 ] 50 root - INFO - Model Trained With Hyper Parameter Tunning
[ 2023-03-18 19:13:35,196 ] 57 root - INFO - Real Train Data [ 73.  58.  55.  37.  74.  79.  53.  75.  47.  66.  53.  66.  38.  64.
  57.  85.  90.  68.  76.  64.  62.  62.  76.  63.  54.  81.  66.  62.
  67.  74.  77.  85.  55.  52.  62.  74.  38.  48.  92.  76.  50.  48.
  50.  75.  45.  75.  60.  73.  81.  79.  75.  57.  79.  57.  68.  70.
  59.  47.  59.  68.  65.  58.  86.  76.  57.  67.  80.  61.  62.  65.
  39.  81.  81.  79.  91.  74.  75.  61.  54.  52.  66.  81.  97.  53.
  74.  57.  38.  69.  69.  84.  91.  36.  72.  79.  53.  65.  83.  87.
  47.  59.  68.  52.  58.  68.  64.  35.  69.  73.  79.  65.  69.  29.
  65.  80.  42.  44.  65.  73.  53.  65.  72.  80.  71.  63.  53.  83.
  71.  62.  59.  72.  62.  46.  67.  85.  91.  59.  76.  66.  59.  79.
  98.  27.  73.  88.  73.  68.  69.  72.  62.  86.  69.  82.  87.  58.
  89.  84.  35.  77.  51.  63.  84.  64.  54.  42.  56.  94.  80.  70.
  49.  69.   8.  58.  73.  61.  47.  59.  65.  26.  64.  59.  76.  82.
  77.  91.  69.  74.  62.  69.  73.  69.  62.  80.  48.  86.  43.  50.
  49.  65.  55.  51.  73.  52.  43.  75.  44.  81.  64.  65.  71.  65.
  30.  83.  85.  66.  76.  58.  92.  37.  75.  60.  55.  66.  76.  96.
  50.  49.  83.  92.  96.  73.  82.  67.  67.  48.  22.  70.  77.  56.
  53.  65.  58.  89.  66.  74.  83.  62.  73.  81.  47.  87.  80.  62.
  53. 100.  63.   0.  85.  68.  61.  34.  58.  78.  70.  61.  79.  68.
  70.  51.  73.  74.  82.  62.  19.  67.  70.  87.  63.  65.  61.  62.
  65.  49.  54.  46.  50.  45.  86.  67.  64.  55.  64.  71.  80.  71.
  66.  82.  50.  33.  40.  70.  63.  86.  48.  92.  59.  65.  62.  93.
  53.  58.  71.  77.  74.  78.  71.  46.  53.  62.  64.  62.  88.  62.
  69.  90.  53.  88.  69.  81.  65.  61.  99.  71.  62.  52.  79.  90.
  72.  61.  63.  89.  35.  54.  74.  78.  76.  53.  68.  75.  67.  69.
  81.  63.  41.  57.  61.  84.  61.  59.  49.  49.  41.  58.  76.  76.
  53.  49.  48.  55.  32.  61.  68.  72.  44.  63.  60.  90.  77.  61.
  58.  49.  64.  98.  55.  94.  71.  53.  63.  55.  46.  63.  76.  58.
  90.  72.  76.  32.  64.  36.  61.  81.  55.  85.  60.  60.  59.  80.
  82.  50.  35.  52.  96.  77.  82.  71.  83.  85.  69.  62.  69.  44.
  50.  54.  67.  59.  47.  54.  80.  61.  64.  49.  62.  44.  89.  81.
  68.  77.  65.  77.  88.  83.  73.  69.  68.  69.  58.  46.  61.  57.
  49.  61.  49.  56.  75.  58.  63.  78.  41.  46.  54.  73.  64. 100.
  57.  50.  67.  49.  70.  84.  42.  75.  61.  59.  99.  78.  78.  40.
  74.  74.  82.  62.  58.  75.  63.  34.  69.  52.  63.  69. 100.  75.
  68.  58.  65.  94.  76.  84.  65.  72.  63.  76.  69.  78.  81. 100.
  70.  44.  30.  84.  68.  84.  50.  81.  70.  84.  59.  98.  67.  73.
  88.  50.  77.  40.  75.  77.  54.  90.  64.  41.  49.  85.  77.  57.
  39.  94.  71. 100.  71.  58.  45.  67.  81.  82.  71.  70.  51.  66.
  79.  50.  72.  63.  84.  59.  91.  47.  97.  65.  58.  63.  54.  60.
  39.  68.  58.  57.  82.  91.  65.  57.  99.  56.  70.  59.  52.  82.
  53.  70.  67.  71.  50.  74.  66.  47.  59.  66.  52.  81.  75.  90.
  69.  82.  65.  62.  62.  62.  28.  61.  40.  52.  72.  45.  68.  94.
  44.  55.  74.  71.  79.  80.  46.  41.  52.  48.  77.  55.  45.  65.
  71.  65.  49.  45.  75.  69.  60.  81.  42.  68.  75.  62.  64.  82.
  74.  66.  81.  40.  60.  75.  49.  61.  87.  79.  87.  53.  77.  59.
  76.  52.  95.  91.  54.  55.  65.  93.  53.  67.  53.  68.  71.  41.
  57.  45.  88.  60.  81.  77.  66.  49.  53.  61.  47.  89.  71.  94.
  59.  59.  58.  85.  74.  65.  54.  59.  66.  77.  71.  93.  55.  52.
  73.  71.  60.  69.  40.  76.  52.  47.  77.  45.  63.  51.  48.  60.
  59.  72.  55.  76.  73.  72.  56.  82.  63.  67.  62.  87.  44.  55.
  66.  63.  85.  57.  60.  88.  53.  87.  64.  77.  67.  65.  50.  40.
  57.  57.  23.  67.  79.  81.  77.  70.  78.  51.  54.  63.  35.  64.
  67.  92.  65.  46.  46.  37.  80.  42.  68.  58.  45.  75.  80.  49.
  74.  67.  61.  63.  77.  60.  56.  77.  60.  73.  73.  78.  73.  73.
  87.  62.  57.  46.  74.  92.  61.  81.  73.  72.  66.  73.  32.  82.
  68.  97.  51.  59. 100.  87.  62.  69.  51.  88.  58.  59.  61.  62.
  67.  73.] and Predicted Train Data [50.90816327 49.75886525 59.94983278 57.13069909 88.6875     65.98571429
 88.44347826 64.67428571 83.15238095 48.8061674  55.78414097 78.77669903
 55.08823529 78.79166667 53.98355263 51.11640212 72.64383562 61.38636364
 73.68421053 52.90990991 74.89726027 56.62790698 53.76136364 63.83181818
 78.57232704 67.75757576 59.52490421 89.72463768 68.83950617 51.78481013
 58.7987013  84.36842105 74.11111111 87.87234043 77.24683544 67.47747748
 62.65567766 58.48958333 71.65445026 42.02298851 56.13131313 52.
 47.73       82.89156627 71.09395973 50.0125     70.58585859 92.72972973
 62.65567766 54.58558559 76.91851852 81.46666667 46.66666667 81.82608696
 85.82089552 68.7        55.36734694 78.33333333 69.94701987 59.91578947
 53.0242915  73.4954955  71.81818182 72.15508021 48.61660079 80.33136095
 70.06428571 56.14460784 89.375      50.48181818 59.32133676 77.56164384
 54.19504644 61.84651163 56.74       93.69014085 81.33939394 62.81884058
 57.36503856 91.96296296 90.01315789 77.83116883 40.82417582 77.93137255
 54.8678501  60.7752809  78.44137931 82.12550607 65.975      82.11111111
 78.04964539 75.25892857 53.84       64.89622642 80.74757282 67.125
 87.87234043 73.51497006 51.11640212 68.98795181 50.48181818 58.32520325
 69.94701987 80.48295455 90.075      88.72661871 58.4017094  84.
 58.7987013  78.57232704 23.43478261 54.9950495  58.97590361 79.98305085
 78.39795918 57.21296296 23.11111111 59.56193353 64.89622642 61.40659341
 78.81060606 66.9266055  72.98895028 47.70689655 72.12903226 89.70833333
 75.95833333 65.86206897 56.76829268 74.89726027 53.22619048 51.11640212
 74.2327044  65.13397129 78.41630901 82.12550607 45.22916667 65.52
 59.46       77.34146341 70.06428571 92.56716418 61.75378788 88.72661871
 66.03684211 52.31428571 89.72463768 65.58659218 38.97058824 85.76041667
 84.53684211 54.04615385 80.76760563 71.31491713 64.23243243 50.99671053
 68.99038462 77.24683544 65.17985612 75.66666667 78.18269231 65.52
 56.14460784 60.9301676  61.11428571 76.22222222 67.24747475 52.29533679
 68.82417582 80.33136095 74.11111111 53.98355263 79.47368421 76.55263158
 82.72815534 73.37662338 57.3271028  58.81818182 84.50925926 75.95833333
 78.96875    71.8877551  65.02836879 66.57466063 79.97457627 40.56862745
 67.1497006  80.09615385 72.23076923 65.58659218 52.54085603 70.06428571
 47.70689655 85.19444444 77.12941176 65.5125     77.56603774 76.3125
 47.44217687 53.29787234]
[ 2023-03-18 19:13:35,198 ] 58 root - INFO - Real Train Data [ 52.  40.  65.  63.  93.  66.  84.  65.  86.  51.  50.  76.  53.  79.
  43.  57.  62.  51.  74.  54.  65.  53.  51.  68.  79.  67.  60.  97.
  68.  59.  67.  85.  71.  88.  85.  74.  62.  55.  74.  37.  68.  53.
  63.  87.  65.  43.  69.  91.  59.  59.  67.  79.  40.  87.  86.  71.
  65.  82.  69.  71.  62.  72.  66.  72.  44.  82.  66.  42.  97.  59.
  55.  71.  59.  64.  55. 100.  88.  62.  64.  88.  95.  75.  29.  88.
  39.  66.  85.  80.  72.  79.  79.  80.  52.  68.  75.  66.  78.  74.
  61.  69.  40.  48.  72.  79.  87.  88.  54.  81.  68.  78.  24.  54.
  63.  69.  88.  54.  18.  67.  61.  61.  87.  65.  76.  48.  65.  82.
  74.  68.  53.  71.  47.  61.  67.  58.  69.  87.  43.  70.  66.  88.
  73.  91.  69.  90.  60.  59.  97.  77.  27.  94.  85.  56.  77.  72.
  56.  64.  80.  81.  79.  70.  79.  73.  56.  66.  59.  78.  63.  58.
  69.  83.  70.  54.  86.  80.  79.  69.  58.  52.  78.  76.  77.  74.
  70.  74.  80.  29.  73.  87.  59.  62.  52.  71.  48.  89.  65.  67.
  75.  78.  46.  57.] and Predicted Train Data [50.90816327 49.75886525 59.94983278 57.13069909 88.6875     65.98571429
 88.44347826 64.67428571 83.15238095 48.8061674  55.78414097 78.77669903
 55.08823529 78.79166667 53.98355263 51.11640212 72.64383562 61.38636364
 73.68421053 52.90990991 74.89726027 56.62790698 53.76136364 63.83181818
 78.57232704 67.75757576 59.52490421 89.72463768 68.83950617 51.78481013
 58.7987013  84.36842105 74.11111111 87.87234043 77.24683544 67.47747748
 62.65567766 58.48958333 71.65445026 42.02298851 56.13131313 52.
 47.73       82.89156627 71.09395973 50.0125     70.58585859 92.72972973
 62.65567766 54.58558559 76.91851852 81.46666667 46.66666667 81.82608696
 85.82089552 68.7        55.36734694 78.33333333 69.94701987 59.91578947
 53.0242915  73.4954955  71.81818182 72.15508021 48.61660079 80.33136095
 70.06428571 56.14460784 89.375      50.48181818 59.32133676 77.56164384
 54.19504644 61.84651163 56.74       93.69014085 81.33939394 62.81884058
 57.36503856 91.96296296 90.01315789 77.83116883 40.82417582 77.93137255
 54.8678501  60.7752809  78.44137931 82.12550607 65.975      82.11111111
 78.04964539 75.25892857 53.84       64.89622642 80.74757282 67.125
 87.87234043 73.51497006 51.11640212 68.98795181 50.48181818 58.32520325
 69.94701987 80.48295455 90.075      88.72661871 58.4017094  84.
 58.7987013  78.57232704 23.43478261 54.9950495  58.97590361 79.98305085
 78.39795918 57.21296296 23.11111111 59.56193353 64.89622642 61.40659341
 78.81060606 66.9266055  72.98895028 47.70689655 72.12903226 89.70833333
 75.95833333 65.86206897 56.76829268 74.89726027 53.22619048 51.11640212
 74.2327044  65.13397129 78.41630901 82.12550607 45.22916667 65.52
 59.46       77.34146341 70.06428571 92.56716418 61.75378788 88.72661871
 66.03684211 52.31428571 89.72463768 65.58659218 38.97058824 85.76041667
 84.53684211 54.04615385 80.76760563 71.31491713 64.23243243 50.99671053
 68.99038462 77.24683544 65.17985612 75.66666667 78.18269231 65.52
 56.14460784 60.9301676  61.11428571 76.22222222 67.24747475 52.29533679
 68.82417582 80.33136095 74.11111111 53.98355263 79.47368421 76.55263158
 82.72815534 73.37662338 57.3271028  58.81818182 84.50925926 75.95833333
 78.96875    71.8877551  65.02836879 66.57466063 79.97457627 40.56862745
 67.1497006  80.09615385 72.23076923 65.58659218 52.54085603 70.06428571
 47.70689655 85.19444444 77.12941176 65.5125     77.56603774 76.3125
 47.44217687 53.29787234]
[ 2023-03-18 19:13:35,199 ] 65 root - INFO - Test model score : 0.8603872793956704 
 Test Model Score: 0.8379955074067833
[ 2023-03-18 19:13:35,199 ] 67 root - INFO - Report Addded : {'Random Forest': 0.8453765798061734, 'Decision Tree': 0.7332700083069628, 'Gradient Boosting': 0.8546464351395278, 'Linear Regression': 0.8704023080124457, 'K-Neighbors Regression': 0.4981420508414579, 'XGBRegression': -16.141455824371366, 'CatBoosting Regression': 0.8591183744875537, 'AdaBoost Regression': 0.8379955074067833}
[ 2023-03-18 19:13:35,199 ] 103 root - INFO - Model Report Genrated : {'Random Forest': 0.8453765798061734, 'Decision Tree': 0.7332700083069628, 'Gradient Boosting': 0.8546464351395278, 'Linear Regression': 0.8704023080124457, 'K-Neighbors Regression': 0.4981420508414579, 'XGBRegression': -16.141455824371366, 'CatBoosting Regression': 0.8591183744875537, 'AdaBoost Regression': 0.8379955074067833}
[ 2023-03-18 19:13:35,199 ] 111 root - INFO - Best Model Score: 0.8704023080124457 Best Model Name: Linear Regression
[ 2023-03-18 19:13:35,199 ] 119 root - INFO - Best found model on both training and testing dataset
[ 2023-03-18 19:13:35,200 ] 121 root - INFO - Best Model  : LinearRegression()
[ 2023-03-18 19:13:35,200 ] 15 root - INFO - Saving object {obj} on file: {file_path} Started.
[ 2023-03-18 19:13:35,200 ] 18 root - INFO - Making Directory :artifact
[ 2023-03-18 19:13:35,200 ] 20 root - INFO - Directory Made
[ 2023-03-18 19:13:35,200 ] 21 root - INFO - Dumping object : LinearRegression()
[ 2023-03-18 19:13:35,202 ] 25 root - INFO - Dumping of obj LinearRegression() Successfull <_io.BufferedWriter name='artifact\\model.pkl'>
[ 2023-03-18 19:13:35,202 ] 128 root - INFO - Model Scussecfully Formed
[ 2023-03-18 19:13:35,205 ] 132 root - INFO - Prediction Completed : [ 51.10961914  46.51635742  62.21484375  60.03405762  90.67407227
  64.4119873   86.86999512  61.45068359  82.953125    51.1640625
  52.17346191  82.63891602  56.8848877   76.58947754  50.87316895
  52.84020996  70.87512207  61.14135742  72.07543945  54.72253418
  72.39733887  60.12634277  54.47167969  60.32348633  81.01403809
  67.78625488  62.41638184  94.37182617  69.68029785  49.22827148
  60.04614258  81.95593262  71.68029785  82.1394043   74.82580566
  69.33679199  64.34655762  59.75463867  72.70275879  40.84375
  54.54785156  53.53320312  52.08227539  88.2980957   71.39624023
  48.42614746  70.47583008  95.17199707  60.51806641  53.48425293
  73.91699219  88.76586914  44.20373535  85.81555176  90.05566406
  69.18920898  58.48876953  82.06787109  67.3203125   66.92687988
  57.94506836  72.54248047  71.30737305  68.25195312  52.95227051
  80.49475098  68.2890625   55.08166504  88.93115234  54.64941406
  60.66577148  76.72180176  54.10375977  63.97436523  59.87390137
 105.64697266  86.42468262  64.26330566  60.24560547  87.98510742
  84.32861328  78.83251953  35.21789551  82.75268555  52.04040527
  65.390625    82.97363281  81.95336914  64.72338867  80.51306152
  79.22094727  76.41699219  50.52001953  67.83679199  78.82080078
  67.55444336  85.05737305  73.2331543   52.94238281  67.27026367
  51.98474121  58.62109375  70.27526855  75.30578613  91.21899414
  82.25390625  54.16723633  89.38708496  62.0904541   76.46081543
  22.50744629  54.91564941  59.5703125   77.85986328  78.4005127
  58.36657715  21.53112793  62.74755859  68.56689453  64.03918457
  81.93066406  65.9296875   72.23095703  51.0579834   69.85083008
  84.51196289  74.59033203  65.38391113  58.33605957  72.85583496
  52.39453125  48.4822998   70.55737305  64.0246582   78.48754883
  85.91821289  44.11682129  64.44213867  61.1184082   77.47729492
  71.70361328  97.40551758  62.94995117  91.375       66.79138184
  57.87658691  88.82714844  67.57397461  40.13586426  89.42602539
  91.38989258  53.26086426  79.03173828  68.03735352  61.93212891
  52.11523438  68.82507324  75.64245605  70.83984375  74.4440918
  78.0871582   66.46203613  55.51477051  65.36376953  63.75646973
  73.25598145  66.37597656  56.86755371  70.48693848  79.70629883
  74.9732666   52.45812988  82.7220459   79.60473633  80.3795166
  73.5357666   57.66796875  57.99890137  85.37963867  78.47973633
  79.39916992  75.81604004  64.59094238  67.84448242  78.33422852
  30.72497559  67.19458008  82.47790527  70.65637207  63.77783203
  57.38989258  72.41540527  51.90307617  86.18920898  74.31201172
  65.48522949  76.92041016  78.64953613  44.65026855  52.26269531]
[ 2023-03-18 19:13:35,209 ] 70 root - INFO - R2_Score : 0.8704023080124457
