[ 2023-03-17 18:19:58,616 ] 24 root - INFO - Entered the data ingestion method or components
[ 2023-03-17 18:19:58,624 ] 27 root - INFO - Exported Read The Dataset as DataFrame
[ 2023-03-17 18:19:58,633 ] 33 root - INFO - Train Test Split Inititated
[ 2023-03-17 18:19:58,649 ] 39 root - INFO - Ingestion of Data is completed
[ 2023-03-17 18:19:58,658 ] 84 root - INFO - Read train and test data completed
[ 2023-03-17 18:19:58,658 ] 86 root - INFO - Obtaining preprocessing object
[ 2023-03-17 18:19:58,659 ] 43 root - INFO - Categorical columns: ['gender', 'race_ethnicity', 'parental_level_of_education', 'lunch', 'test_preparation_course']
[ 2023-03-17 18:19:58,659 ] 44 root - INFO - Numerical columns: ['writing_score', 'reading_score']
[ 2023-03-17 18:19:58,663 ] 60 root - INFO - Categorical Pipeline: Pipeline(steps=[('imputer', SimpleImputer(strategy='most_frequent')),
                ('one_hot_encoder', OneHotEncoder()),
                ('scaler', StandardScaler())])
[ 2023-03-17 18:19:58,664 ] 61 root - INFO - Numerical Pipline: Pipeline(steps=[('imputer', SimpleImputer(strategy='median')),
                ('scaler', StandardScaler())])
[ 2023-03-17 18:19:58,664 ] 70 root - INFO - Categorical Pipline &Numerical Pipeline Excueted Scuceesully
[ 2023-03-17 18:19:58,679 ] 71 root - INFO - Preprocesssor is returned ColumnTransformer(transformers=[('num_pipeline',
                                 Pipeline(steps=[('imputer',
                                                  SimpleImputer(strategy='median')),
                                                 ('scaler', StandardScaler())]),
                                 ['writing_score', 'reading_score']),
                                ('cat_pipeline',
                                 Pipeline(steps=[('imputer',
                                                  SimpleImputer(strategy='most_frequent')),
                                                 ('one_hot_encoder',
                                                  OneHotEncoder()),
                                                 ('scaler', StandardScaler())]),
                                 ['gender', 'race_ethnicity',
                                  'parental_level_of_education', 'lunch',
                                  'test_preparation_course'])])
[ 2023-03-17 18:19:58,679 ] 102 root - INFO - Categorical columns: ['gender', 'race_ethnicity', 'parental_level_of_education', 'lunch', 'test_preparation_course']
[ 2023-03-17 18:19:58,680 ] 103 root - INFO - Numerical columns: ['writing_score', 'reading_score']
[ 2023-03-17 18:19:58,680 ] 104 root - INFO - Target columns: math_score
[ 2023-03-17 18:19:58,680 ] 106 root - INFO - Removing Target Columns from Train and Test Set
[ 2023-03-17 18:19:58,681 ] 115 root - INFO - Applying preprocessing object on training dataframe and testing dataframe.
[ 2023-03-17 18:19:58,682 ] 18 root - INFO - tuple index out of range
